Log file open, 03/10/20 09:40:11
LogWindows: Failed to load 'aqProf.dll' (GetLastError=126)
LogWindows: File 'aqProf.dll' does not exist
LogWindows: Failed to load 'VtuneApi.dll' (GetLastError=126)
LogWindows: File 'VtuneApi.dll' does not exist
LogWindows: Failed to load 'VtuneApi32e.dll' (GetLastError=126)
LogWindows: File 'VtuneApi32e.dll' does not exist
LogConsoleResponse: Display: Failed to find resolution value strings in scalability ini. Falling back to default.
LogInit: Display: Running engine for game: MyProject2
LogPakFile: Registered encryption key '00000000000000000000000000000000': 0 pak files mounted, 0 remain pending
LogPlatformFile: Not using cached read wrapper
LogTaskGraph: Started task graph with 5 named threads and 14 total threads with 3 sets of task threads.
LogStats: Stats thread started at 0.218240
LogD3D11RHI: Loaded GFSDK_Aftermath_Lib.x64.dll
LogICUInternationalization: ICU TimeZone Detection - Raw Offset: +0:00, Platform Override: ''
LogPluginManager: Mounting plugin Paper2D
LogPluginManager: Mounting plugin AISupport
LogPluginManager: Mounting plugin LightPropagationVolume
LogPluginManager: Mounting plugin ActorLayerUtilities
LogPluginManager: Mounting plugin CLionSourceCodeAccess
LogPluginManager: Mounting plugin CodeLiteSourceCodeAccess
LogPluginManager: Mounting plugin GitSourceControl
LogPluginManager: Mounting plugin KDevelopSourceCodeAccess
LogPluginManager: Mounting plugin NullSourceCodeAccess
LogPluginManager: Mounting plugin PerforceSourceControl
LogPluginManager: Mounting plugin SubversionSourceControl
LogPluginManager: Mounting plugin UObjectPlugin
LogPluginManager: Mounting plugin VisualStudioCodeSourceCodeAccess
LogPluginManager: Mounting plugin VisualStudioSourceCodeAccess
LogPluginManager: Mounting plugin XCodeSourceCodeAccess
LogPluginManager: Mounting plugin AssetManagerEditor
LogPluginManager: Mounting plugin CryptoKeys
LogPluginManager: Mounting plugin DataValidation
LogPluginManager: Mounting plugin FacialAnimation
LogPluginManager: Mounting plugin GameplayTagsEditor
LogPluginManager: Mounting plugin MacGraphicsSwitching
LogPluginManager: Mounting plugin MeshEditor
LogPluginManager: Mounting plugin MobileLauncherProfileWizard
LogPluginManager: Mounting plugin PluginBrowser
LogPluginManager: Mounting plugin SpeedTreeImporter
LogPluginManager: Mounting plugin DatasmithContent
LogPluginManager: Mounting plugin VariantManagerContent
LogPluginManager: Mounting plugin AlembicImporter
LogPluginManager: Mounting plugin AppleImageUtils
LogPluginManager: Mounting plugin AppleVision
LogPluginManager: Mounting plugin BackChannel
LogPluginManager: Mounting plugin CharacterAI
LogPluginManager: Mounting plugin GeometryCache
LogPluginManager: Mounting plugin HTML5Networking
LogPluginManager: Mounting plugin ProxyLODPlugin
LogPluginManager: Mounting plugin MagicLeap
LogPluginManager: Mounting plugin MagicLeapMedia
LogPluginManager: Mounting plugin Substance
LogPluginManager: Mounting plugin AndroidMedia
LogPluginManager: Mounting plugin AvfMedia
LogPluginManager: Mounting plugin ImgMedia
LogPluginManager: Mounting plugin LinearTimecode
LogPluginManager: Mounting plugin MediaCompositing
LogPluginManager: Mounting plugin MediaPlayerEditor
LogPluginManager: Mounting plugin WebMMedia
LogPluginManager: Mounting plugin WmfMedia
LogPluginManager: Mounting plugin TcpMessaging
LogPluginManager: Mounting plugin UdpMessaging
LogPluginManager: Mounting plugin ActorSequence
LogPluginManager: Mounting plugin LevelSequenceEditor
LogPluginManager: Mounting plugin MatineeToLevelSequence
LogPluginManager: Mounting plugin NetcodeUnitTest
LogPluginManager: Mounting plugin NUTUnrealEngine4
LogPluginManager: Mounting plugin OnlineSubsystemGooglePlay
LogPluginManager: Mounting plugin OnlineSubsystemIOS
LogPluginManager: Mounting plugin OnlineSubsystem
LogPluginManager: Mounting plugin OnlineSubsystemNull
LogPluginManager: Mounting plugin OnlineSubsystemUtils
LogPluginManager: Mounting plugin LauncherChunkInstaller
LogPluginManager: Mounting plugin AndroidDeviceProfileSelector
LogPluginManager: Mounting plugin AndroidMoviePlayer
LogPluginManager: Mounting plugin AndroidPermission
LogPluginManager: Mounting plugin ApexDestruction
LogPluginManager: Mounting plugin AppleMoviePlayer
LogPluginManager: Mounting plugin ArchVisCharacter
LogPluginManager: Mounting plugin AudioCapture
LogPluginManager: Mounting plugin CableComponent
LogPluginManager: Mounting plugin CustomMeshComponent
LogPluginManager: Mounting plugin EditableMesh
LogPluginManager: Mounting plugin ExampleDeviceProfileSelector
LogPluginManager: Mounting plugin Firebase
LogPluginManager: Mounting plugin GoogleCloudMessaging
LogPluginManager: Mounting plugin IOSDeviceProfileSelector
LogPluginManager: Mounting plugin LinuxDeviceProfileSelector
LogPluginManager: Mounting plugin LocationServicesBPLibrary
LogPluginManager: Mounting plugin MobilePatchingUtils
LogPluginManager: Mounting plugin OculusVR
LogPluginManager: Mounting plugin PhysXVehicles
LogPluginManager: Mounting plugin ProceduralMeshComponent
LogPluginManager: Mounting plugin RuntimePhysXCooking
LogPluginManager: Mounting plugin SteamVR
LogPluginManager: Mounting plugin WebMMoviePlayer
LogPluginManager: Mounting plugin WindowsMoviePlayer
LogStreaming: Display: Took  0.151s to configure plugins.
LogInit: Using libcurl 7.55.1-DEV
LogInit:  - built for x86_64-pc-win32
LogInit:  - supports SSL with OpenSSL/1.0.2h
LogInit:  - supports HTTP deflate (compression) using libz 1.2.8
LogInit:  - other features:
LogInit:      CURL_VERSION_SSL
LogInit:      CURL_VERSION_LIBZ
LogInit:      CURL_VERSION_IPV6
LogInit:      CURL_VERSION_ASYNCHDNS
LogInit:      CURL_VERSION_LARGEFILE
LogInit:      CURL_VERSION_IDN
LogInit:  CurlRequestOptions (configurable via config and command line):
LogInit:  - bVerifyPeer = true  - Libcurl will verify peer certificate
LogInit:  - bUseHttpProxy = false  - Libcurl will NOT use HTTP proxy
LogInit:  - bDontReuseConnections = false  - Libcurl will reuse connections
LogInit:  - MaxHostConnections = 16  - Libcurl will limit the number of connections to a host
LogInit:  - LocalHostAddr = Default
LogInit:  - BufferSize = 65536
LogInit: WinSock: version 1.1 (2.2), MaxSocks=32767, MaxUdp=65467
LogInit: Build: ++UE4+Release-4.21-CL-4753647
LogInit: Engine Version: 4.21.2-4753647+++UE4+Release-4.21
LogInit: Compatible Engine Version: 4.21.0-4541578+++UE4+Release-4.21
LogInit: Net CL: 4541578
LogInit: OS: Windows 10 (), CPU: Intel(R) Xeon(R) CPU E5-1603 v4 @ 2.80GHz, GPU: NVIDIA GeForce GTX 1070
LogInit: Compiled (64-bit): Jan 19 2019 02:07:31
LogInit: Compiled with Visual C++: 19.13.26129.00
LogInit: Build Configuration: Development
LogInit: Branch Name: ++UE4+Release-4.21
LogInit: Command Line: 
LogInit: Base Directory: C:/Program Files/Epic Games/UE_4.21/Engine/Binaries/Win64/
LogInit: Installed Engine Build: 1
LogDevObjectVersion: Number of dev versions registered: 22
LogDevObjectVersion:   Dev-Blueprints (B0D832E4-1F89-4F0D-ACCF-7EB736FD4AA2): 10
LogDevObjectVersion:   Dev-Build (E1C64328-A22C-4D53-A36C-8E866417BD8C): 0
LogDevObjectVersion:   Dev-Core (375EC13C-06E4-48FB-B500-84F0262A717E): 2
LogDevObjectVersion:   Dev-Editor (E4B068ED-F494-42E9-A231-DA0B2E46BB41): 26
LogDevObjectVersion:   Dev-Framework (CFFC743F-43B0-4480-9391-14DF171D2073): 34
LogDevObjectVersion:   Dev-Mobile (B02B49B5-BB20-44E9-A304-32B752E40360): 2
LogDevObjectVersion:   Dev-Networking (A4E4105C-59A1-49B5-A7C5-40C4547EDFEE): 0
LogDevObjectVersion:   Dev-Online (39C831C9-5AE6-47DC-9A44-9C173E1C8E7C): 0
LogDevObjectVersion:   Dev-Physics (78F01B33-EBEA-4F98-B9B4-84EACCB95AA2): 0
LogDevObjectVersion:   Dev-Platform (6631380F-2D4D-43E0-8009-CF276956A95A): 0
LogDevObjectVersion:   Dev-Rendering (12F88B9F-8875-4AFC-A67C-D90C383ABD29): 27
LogDevObjectVersion:   Dev-Sequencer (7B5AE74C-D270-4C10-A958-57980B212A5A): 9
LogDevObjectVersion:   Dev-VR (D7296918-1DD6-4BDD-9DE2-64A83CC13884): 2
LogDevObjectVersion:   Dev-LoadTimes (C2A15278-BFE7-4AFE-6C17-90FF531DF755): 1
LogDevObjectVersion:   Private-Geometry (6EACA3D4-40EC-4CC1-B786-8BED09428FC5): 3
LogDevObjectVersion:   Dev-AnimPhys (29E575DD-E0A3-4627-9D10-D276232CDCEA): 17
LogDevObjectVersion:   Dev-Anim (AF43A65D-7FD3-4947-9873-3E8ED9C1BB05): 2
LogDevObjectVersion:   Dev-ReflectionCapture (6B266CEC-1EC7-4B8F-A30B-E4D90942FC07): 1
LogDevObjectVersion:   Dev-Automation (0DF73D61-A23F-47EA-B727-89E90C41499A): 1
LogDevObjectVersion:   FortniteMain (601D1886-AC64-4F84-AA16-D3DE0DEAC7D6): 17
LogDevObjectVersion:   Dev-Enterprise (9DFFBCD6-494F-0158-E221-12823C92A888): 4
LogDevObjectVersion:   Dev-Niagara (F2AED0AC-9AFE-416F-8664-AA7FFA26D6FC): 1
LogStreaming: Display: Took  0.006s to delete old logs.
LogInit: Presizing for max 8388607 objects, including 0 objects not considered by GC, pre-allocating 0 bytes for permanent pool.
LogInit: Object subsystem initialized
LogConfig: Setting CVar [[con.DebugEarlyDefault:1]]
LogConfig: Setting CVar [[r.setres:1280x720]]
[2020.03.10-09.40.11:578][  0]LogConfig: Setting CVar [[r.VSync:0]]
[2020.03.10-09.40.11:578][  0]LogConfig: Setting CVar [[r.RHICmdBypass:0]]
[2020.03.10-09.40.11:578][  0]LogConfig: Applying CVar settings from Section [/Script/Engine.RendererSettings] File [C:/Users/v8015944/Documents/GitHub/Hybrid-Games---Untitled-cybersled-game/Example project/Saved/Config/Windows/Engine.ini]
[2020.03.10-09.40.11:578][  0]LogConfig: Setting CVar [[r.GPUCrashDebugging:0]]
[2020.03.10-09.40.11:578][  0]LogConfig: Applying CVar settings from Section [/Script/Engine.RendererOverrideSettings] File [C:/Users/v8015944/Documents/GitHub/Hybrid-Games---Untitled-cybersled-game/Example project/Saved/Config/Windows/Engine.ini]
[2020.03.10-09.40.11:578][  0]LogConfig: Applying CVar settings from Section [/Script/Engine.StreamingSettings] File [C:/Users/v8015944/Documents/GitHub/Hybrid-Games---Untitled-cybersled-game/Example project/Saved/Config/Windows/Engine.ini]
[2020.03.10-09.40.11:578][  0]LogConfig: Setting CVar [[s.MinBulkDataSizeForAsyncLoading:131072]]
[2020.03.10-09.40.11:578][  0]LogConfig: Setting CVar [[s.AsyncLoadingThreadEnabled:0]]
[2020.03.10-09.40.11:578][  0]LogConfig: Setting CVar [[s.EventDrivenLoaderEnabled:1]]
[2020.03.10-09.40.11:578][  0]LogConfig: Setting CVar [[s.WarnIfTimeLimitExceeded:0]]
[2020.03.10-09.40.11:578][  0]LogConfig: Setting CVar [[s.TimeLimitExceededMultiplier:1.5]]
[2020.03.10-09.40.11:578][  0]LogConfig: Setting CVar [[s.TimeLimitExceededMinTime:0.005]]
[2020.03.10-09.40.11:578][  0]LogConfig: Setting CVar [[s.UseBackgroundLevelStreaming:1]]
[2020.03.10-09.40.11:578][  0]LogConfig: Setting CVar [[s.PriorityAsyncLoadingExtraTime:15.0]]
[2020.03.10-09.40.11:578][  0]LogConfig: Setting CVar [[s.LevelStreamingActorsUpdateTimeLimit:5.0]]
[2020.03.10-09.40.11:578][  0]LogConfig: Setting CVar [[s.PriorityLevelStreamingActorsUpdateExtraTime:5.0]]
[2020.03.10-09.40.11:578][  0]LogConfig: Setting CVar [[s.LevelStreamingComponentsRegistrationGranularity:10]]
[2020.03.10-09.40.11:578][  0]LogConfig: Setting CVar [[s.UnregisterComponentsTimeLimit:1.0]]
[2020.03.10-09.40.11:578][  0]LogConfig: Setting CVar [[s.LevelStreamingComponentsUnregistrationGranularity:5]]
[2020.03.10-09.40.11:578][  0]LogConfig: Applying CVar settings from Section [/Script/Engine.GarbageCollectionSettings] File [C:/Users/v8015944/Documents/GitHub/Hybrid-Games---Untitled-cybersled-game/Example project/Saved/Config/Windows/Engine.ini]
[2020.03.10-09.40.11:578][  0]LogConfig: Setting CVar [[gc.MaxObjectsNotConsideredByGC:1]]
[2020.03.10-09.40.11:578][  0]LogConfig: Setting CVar [[gc.SizeOfPermanentObjectPool:0]]
[2020.03.10-09.40.11:578][  0]LogConfig: Setting CVar [[gc.FlushStreamingOnGC:0]]
[2020.03.10-09.40.11:578][  0]LogConfig: Setting CVar [[gc.NumRetriesBeforeForcingGC:10]]
[2020.03.10-09.40.11:578][  0]LogConfig: Setting CVar [[gc.AllowParallelGC:1]]
[2020.03.10-09.40.11:578][  0]LogConfig: Setting CVar [[gc.TimeBetweenPurgingPendingKillObjects:61.1]]
[2020.03.10-09.40.11:578][  0]LogConfig: Setting CVar [[gc.MaxObjectsInEditor:8388607]]
[2020.03.10-09.40.11:578][  0]LogConfig: Setting CVar [[gc.IncrementalBeginDestroyEnabled:1]]
[2020.03.10-09.40.11:578][  0]LogConfig: Setting CVar [[gc.CreateGCClusters:1]]
[2020.03.10-09.40.11:578][  0]LogConfig: Setting CVar [[gc.MergeGCClusters:0]]
[2020.03.10-09.40.11:578][  0]LogConfig: Setting CVar [[gc.MinGCClusterSize:5]]
[2020.03.10-09.40.11:578][  0]LogConfig: Setting CVar [[gc.ActorClusteringEnabled:0]]
[2020.03.10-09.40.11:578][  0]LogConfig: Setting CVar [[gc.BlueprintClusteringEnabled:0]]
[2020.03.10-09.40.11:578][  0]LogConfig: Setting CVar [[gc.UseDisregardForGCOnDedicatedServers:0]]
[2020.03.10-09.40.11:578][  0]LogConfig: Applying CVar settings from Section [/Script/Engine.NetworkSettings] File [C:/Users/v8015944/Documents/GitHub/Hybrid-Games---Untitled-cybersled-game/Example project/Saved/Config/Windows/Engine.ini]
[2020.03.10-09.40.11:578][  0]LogConfig: Applying CVar settings from Section [/Script/UnrealEd.CookerSettings] File [C:/Users/v8015944/Documents/GitHub/Hybrid-Games---Untitled-cybersled-game/Example project/Saved/Config/Windows/Engine.ini]
[2020.03.10-09.40.11:586][  0]LogConfig: Applying CVar settings from Section [ViewDistanceQuality@3] File [C:/Users/v8015944/Documents/GitHub/Hybrid-Games---Untitled-cybersled-game/Example project/Saved/Config/Windows/Scalability.ini]
[2020.03.10-09.40.11:586][  0]LogConfig: Setting CVar [[r.SkeletalMeshLODBias:0]]
[2020.03.10-09.40.11:586][  0]LogConfig: Setting CVar [[r.ViewDistanceScale:1.0]]
[2020.03.10-09.40.11:586][  0]LogConfig: Applying CVar settings from Section [AntiAliasingQuality@3] File [C:/Users/v8015944/Documents/GitHub/Hybrid-Games---Untitled-cybersled-game/Example project/Saved/Config/Windows/Scalability.ini]
[2020.03.10-09.40.11:586][  0]LogConfig: Setting CVar [[r.PostProcessAAQuality:4]]
[2020.03.10-09.40.11:586][  0]LogConfig: Applying CVar settings from Section [ShadowQuality@3] File [C:/Users/v8015944/Documents/GitHub/Hybrid-Games---Untitled-cybersled-game/Example project/Saved/Config/Windows/Scalability.ini]
[2020.03.10-09.40.11:586][  0]LogConfig: Setting CVar [[r.LightFunctionQuality:1]]
[2020.03.10-09.40.11:586][  0]LogConfig: Setting CVar [[r.ShadowQuality:5]]
[2020.03.10-09.40.11:586][  0]LogConfig: Setting CVar [[r.Shadow.CSM.MaxCascades:10]]
[2020.03.10-09.40.11:586][  0]LogConfig: Setting CVar [[r.Shadow.MaxResolution:2048]]
[2020.03.10-09.40.11:586][  0]LogConfig: Setting CVar [[r.Shadow.MaxCSMResolution:2048]]
[2020.03.10-09.40.11:586][  0]LogConfig: Setting CVar [[r.Shadow.RadiusThreshold:0.01]]
[2020.03.10-09.40.11:586][  0]LogConfig: Setting CVar [[r.Shadow.DistanceScale:1.0]]
[2020.03.10-09.40.11:586][  0]LogConfig: Setting CVar [[r.Shadow.CSM.TransitionScale:1.0]]
[2020.03.10-09.40.11:586][  0]LogConfig: Setting CVar [[r.Shadow.PreShadowResolutionFactor:1.0]]
[2020.03.10-09.40.11:586][  0]LogConfig: Setting CVar [[r.DistanceFieldShadowing:1]]
[2020.03.10-09.40.11:586][  0]LogConfig: Setting CVar [[r.DistanceFieldAO:1]]
[2020.03.10-09.40.11:586][  0]LogConfig: Setting CVar [[r.AOQuality:2]]
[2020.03.10-09.40.11:586][  0]LogConfig: Setting CVar [[r.VolumetricFog:1]]
[2020.03.10-09.40.11:586][  0]LogConfig: Setting CVar [[r.VolumetricFog.GridPixelSize:8]]
[2020.03.10-09.40.11:586][  0]LogConfig: Setting CVar [[r.VolumetricFog.GridSizeZ:128]]
[2020.03.10-09.40.11:586][  0]LogConfig: Setting CVar [[r.VolumetricFog.HistoryMissSupersampleCount:4]]
[2020.03.10-09.40.11:586][  0]LogConfig: Setting CVar [[r.LightMaxDrawDistanceScale:1]]
[2020.03.10-09.40.11:586][  0]LogConfig: Setting CVar [[r.CapsuleShadows:1]]
[2020.03.10-09.40.11:586][  0]LogConfig: Applying CVar settings from Section [PostProcessQuality@3] File [C:/Users/v8015944/Documents/GitHub/Hybrid-Games---Untitled-cybersled-game/Example project/Saved/Config/Windows/Scalability.ini]
[2020.03.10-09.40.11:586][  0]LogConfig: Setting CVar [[r.MotionBlurQuality:4]]
[2020.03.10-09.40.11:586][  0]LogConfig: Setting CVar [[r.AmbientOcclusionMipLevelFactor:0.4]]
[2020.03.10-09.40.11:586][  0]LogConfig: Setting CVar [[r.AmbientOcclusionMaxQuality:100]]
[2020.03.10-09.40.11:586][  0]LogConfig: Setting CVar [[r.AmbientOcclusionLevels:-1]]
[2020.03.10-09.40.11:586][  0]LogConfig: Setting CVar [[r.AmbientOcclusionRadiusScale:1.0]]
[2020.03.10-09.40.11:586][  0]LogConfig: Setting CVar [[r.DepthOfFieldQuality:2]]
[2020.03.10-09.40.11:586][  0]LogConfig: Setting CVar [[r.RenderTargetPoolMin:400]]
[2020.03.10-09.40.11:586][  0]LogConfig: Setting CVar [[r.LensFlareQuality:2]]
[2020.03.10-09.40.11:586][  0]LogConfig: Setting CVar [[r.SceneColorFringeQuality:1]]
[2020.03.10-09.40.11:586][  0]LogConfig: Setting CVar [[r.EyeAdaptationQuality:2]]
[2020.03.10-09.40.11:586][  0]LogConfig: Setting CVar [[r.BloomQuality:5]]
[2020.03.10-09.40.11:586][  0]LogConfig: Setting CVar [[r.FastBlurThreshold:100]]
[2020.03.10-09.40.11:586][  0]LogConfig: Setting CVar [[r.Upscale.Quality:3]]
[2020.03.10-09.40.11:586][  0]LogConfig: Setting CVar [[r.Tonemapper.GrainQuantization:1]]
[2020.03.10-09.40.11:586][  0]LogConfig: Setting CVar [[r.LightShaftQuality:1]]
[2020.03.10-09.40.11:586][  0]LogConfig: Setting CVar [[r.Filter.SizeScale:1]]
[2020.03.10-09.40.11:586][  0]LogConfig: Setting CVar [[r.Tonemapper.Quality:5]]
[2020.03.10-09.40.11:586][  0]LogConfig: Setting CVar [[r.DOF.Gather.AccumulatorQuality:1        ; higher gathering accumulator quality]]
[2020.03.10-09.40.11:586][  0]LogConfig: Setting CVar [[r.DOF.Gather.PostfilterMethod:1          ; Median3x3 postfilering method]]
[2020.03.10-09.40.11:586][  0]LogConfig: Setting CVar [[r.DOF.Gather.EnableBokehSettings:0       ; no bokeh simulation when gathering]]
[2020.03.10-09.40.11:586][  0]LogConfig: Setting CVar [[r.DOF.Gather.RingCount:4                 ; medium number of samples when gathering]]
[2020.03.10-09.40.11:586][  0]LogConfig: Setting CVar [[r.DOF.Scatter.ForegroundCompositing:1    ; additive foreground scattering]]
[2020.03.10-09.40.11:586][  0]LogConfig: Setting CVar [[r.DOF.Scatter.BackgroundCompositing:2    ; additive background scattering]]
[2020.03.10-09.40.11:586][  0]LogConfig: Setting CVar [[r.DOF.Scatter.EnableBokehSettings:1      ; bokeh simulation when scattering]]
[2020.03.10-09.40.11:586][  0]LogConfig: Setting CVar [[r.DOF.Scatter.MaxSpriteRatio:0.1         ; only a maximum of 10% of scattered bokeh]]
[2020.03.10-09.40.11:586][  0]LogConfig: Setting CVar [[r.DOF.Recombine.Quality:1                ; cheap slight out of focus]]
[2020.03.10-09.40.11:586][  0]LogConfig: Setting CVar [[r.DOF.Recombine.EnableBokehSettings:0    ; no bokeh simulation on slight out of focus]]
[2020.03.10-09.40.11:586][  0]LogConfig: Setting CVar [[r.DOF.TemporalAAQuality:1                ; more stable temporal accumulation]]
[2020.03.10-09.40.11:586][  0]LogConfig: Setting CVar [[r.DOF.Kernel.MaxForegroundRadius:0.025]]
[2020.03.10-09.40.11:586][  0]LogConfig: Setting CVar [[r.DOF.Kernel.MaxBackgroundRadius:0.025]]
[2020.03.10-09.40.11:586][  0]LogConfig: Applying CVar settings from Section [TextureQuality@3] File [C:/Users/v8015944/Documents/GitHub/Hybrid-Games---Untitled-cybersled-game/Example project/Saved/Config/Windows/Scalability.ini]
[2020.03.10-09.40.11:586][  0]LogConfig: Setting CVar [[r.Streaming.MipBias:0]]
[2020.03.10-09.40.11:586][  0]LogConfig: Setting CVar [[r.Streaming.AmortizeCPUToGPUCopy:0]]
[2020.03.10-09.40.11:586][  0]LogConfig: Setting CVar [[r.Streaming.MaxNumTexturesToStreamPerFrame:0]]
[2020.03.10-09.40.11:586][  0]LogConfig: Setting CVar [[r.Streaming.Boost:1]]
[2020.03.10-09.40.11:587][  0]LogConfig: Setting CVar [[r.MaxAnisotropy:8]]
[2020.03.10-09.40.11:587][  0]LogConfig: Setting CVar [[r.Streaming.LimitPoolSizeToVRAM:0]]
[2020.03.10-09.40.11:587][  0]LogConfig: Setting CVar [[r.Streaming.PoolSize:1000]]
[2020.03.10-09.40.11:587][  0]LogConfig: Setting CVar [[r.Streaming.MaxEffectiveScreenSize:0]]
[2020.03.10-09.40.11:587][  0]LogConfig: Applying CVar settings from Section [EffectsQuality@3] File [C:/Users/v8015944/Documents/GitHub/Hybrid-Games---Untitled-cybersled-game/Example project/Saved/Config/Windows/Scalability.ini]
[2020.03.10-09.40.11:587][  0]LogConfig: Setting CVar [[r.TranslucencyLightingVolumeDim:64]]
[2020.03.10-09.40.11:587][  0]LogConfig: Setting CVar [[r.RefractionQuality:2]]
[2020.03.10-09.40.11:587][  0]LogConfig: Setting CVar [[r.SSR.Quality:3]]
[2020.03.10-09.40.11:587][  0]LogConfig: Setting CVar [[r.SceneColorFormat:4]]
[2020.03.10-09.40.11:587][  0]LogConfig: Setting CVar [[r.DetailMode:2]]
[2020.03.10-09.40.11:587][  0]LogConfig: Setting CVar [[r.TranslucencyVolumeBlur:1]]
[2020.03.10-09.40.11:587][  0]LogConfig: Setting CVar [[r.MaterialQualityLevel:1 ; High quality]]
[2020.03.10-09.40.11:587][  0]LogConfig: Setting CVar [[r.SSS.Scale:1]]
[2020.03.10-09.40.11:587][  0]LogConfig: Setting CVar [[r.SSS.SampleSet:2]]
[2020.03.10-09.40.11:587][  0]LogConfig: Setting CVar [[r.SSS.Quality:1]]
[2020.03.10-09.40.11:587][  0]LogConfig: Setting CVar [[r.SSS.HalfRes:1]]
[2020.03.10-09.40.11:587][  0]LogConfig: Setting CVar [[r.EmitterSpawnRateScale:1.0]]
[2020.03.10-09.40.11:587][  0]LogConfig: Setting CVar [[r.ParticleLightQuality:2]]
[2020.03.10-09.40.11:587][  0]LogConfig: Applying CVar settings from Section [FoliageQuality@3] File [C:/Users/v8015944/Documents/GitHub/Hybrid-Games---Untitled-cybersled-game/Example project/Saved/Config/Windows/Scalability.ini]
[2020.03.10-09.40.11:587][  0]LogConfig: Setting CVar [[foliage.DensityScale:1.0]]
[2020.03.10-09.40.11:587][  0]LogConfig: Setting CVar [[grass.DensityScale:1.0]]
[2020.03.10-09.40.11:587][  0]LogInit: Selected Device Profile: [Windows]
[2020.03.10-09.40.11:587][  0]LogInit: Applying CVar settings loaded from the selected device profile: [Windows]
[2020.03.10-09.40.11:613][  0]LogHAL: Display: Platform has ~ 32 GB [34272022528 / 34359738368 / 32], which maps to Largest [LargestMinGB=32, LargerMinGB=12, DefaultMinGB=8, SmallerMinGB=6, SmallestMinGB=0)
[2020.03.10-09.40.11:613][  0]LogConfig: Setting CVar [[r.Vulkan.UseRealUBs:1]]
[2020.03.10-09.40.11:613][  0]LogInit: Going up to parent DeviceProfile []
[2020.03.10-09.40.11:613][  0]LogConfig: Applying CVar settings from Section [ViewDistanceQuality@3] File [C:/Users/v8015944/Documents/GitHub/Hybrid-Games---Untitled-cybersled-game/Example project/Saved/Config/Windows/Scalability.ini]
[2020.03.10-09.40.11:613][  0]LogConfig: Setting CVar [[r.SkeletalMeshLODBias:0]]
[2020.03.10-09.40.11:613][  0]LogConfig: Setting CVar [[r.ViewDistanceScale:1.0]]
[2020.03.10-09.40.11:613][  0]LogConfig: Applying CVar settings from Section [AntiAliasingQuality@3] File [C:/Users/v8015944/Documents/GitHub/Hybrid-Games---Untitled-cybersled-game/Example project/Saved/Config/Windows/Scalability.ini]
[2020.03.10-09.40.11:613][  0]LogConfig: Setting CVar [[r.PostProcessAAQuality:4]]
[2020.03.10-09.40.11:613][  0]LogConfig: Applying CVar settings from Section [ShadowQuality@3] File [C:/Users/v8015944/Documents/GitHub/Hybrid-Games---Untitled-cybersled-game/Example project/Saved/Config/Windows/Scalability.ini]
[2020.03.10-09.40.11:613][  0]LogConfig: Setting CVar [[r.LightFunctionQuality:1]]
[2020.03.10-09.40.11:613][  0]LogConfig: Setting CVar [[r.ShadowQuality:5]]
[2020.03.10-09.40.11:613][  0]LogConfig: Setting CVar [[r.Shadow.CSM.MaxCascades:10]]
[2020.03.10-09.40.11:613][  0]LogConfig: Setting CVar [[r.Shadow.MaxResolution:2048]]
[2020.03.10-09.40.11:613][  0]LogConfig: Setting CVar [[r.Shadow.MaxCSMResolution:2048]]
[2020.03.10-09.40.11:613][  0]LogConfig: Setting CVar [[r.Shadow.RadiusThreshold:0.01]]
[2020.03.10-09.40.11:613][  0]LogConfig: Setting CVar [[r.Shadow.DistanceScale:1.0]]
[2020.03.10-09.40.11:613][  0]LogConfig: Setting CVar [[r.Shadow.CSM.TransitionScale:1.0]]
[2020.03.10-09.40.11:613][  0]LogConfig: Setting CVar [[r.Shadow.PreShadowResolutionFactor:1.0]]
[2020.03.10-09.40.11:613][  0]LogConfig: Setting CVar [[r.DistanceFieldShadowing:1]]
[2020.03.10-09.40.11:613][  0]LogConfig: Setting CVar [[r.DistanceFieldAO:1]]
[2020.03.10-09.40.11:613][  0]LogConfig: Setting CVar [[r.AOQuality:2]]
[2020.03.10-09.40.11:613][  0]LogConfig: Setting CVar [[r.VolumetricFog:1]]
[2020.03.10-09.40.11:613][  0]LogConfig: Setting CVar [[r.VolumetricFog.GridPixelSize:8]]
[2020.03.10-09.40.11:613][  0]LogConfig: Setting CVar [[r.VolumetricFog.GridSizeZ:128]]
[2020.03.10-09.40.11:613][  0]LogConfig: Setting CVar [[r.VolumetricFog.HistoryMissSupersampleCount:4]]
[2020.03.10-09.40.11:613][  0]LogConfig: Setting CVar [[r.LightMaxDrawDistanceScale:1]]
[2020.03.10-09.40.11:613][  0]LogConfig: Setting CVar [[r.CapsuleShadows:1]]
[2020.03.10-09.40.11:613][  0]LogConfig: Applying CVar settings from Section [PostProcessQuality@3] File [C:/Users/v8015944/Documents/GitHub/Hybrid-Games---Untitled-cybersled-game/Example project/Saved/Config/Windows/Scalability.ini]
[2020.03.10-09.40.11:613][  0]LogConfig: Setting CVar [[r.MotionBlurQuality:4]]
[2020.03.10-09.40.11:613][  0]LogConfig: Setting CVar [[r.AmbientOcclusionMipLevelFactor:0.4]]
[2020.03.10-09.40.11:613][  0]LogConfig: Setting CVar [[r.AmbientOcclusionMaxQuality:100]]
[2020.03.10-09.40.11:613][  0]LogConfig: Setting CVar [[r.AmbientOcclusionLevels:-1]]
[2020.03.10-09.40.11:613][  0]LogConfig: Setting CVar [[r.AmbientOcclusionRadiusScale:1.0]]
[2020.03.10-09.40.11:613][  0]LogConfig: Setting CVar [[r.DepthOfFieldQuality:2]]
[2020.03.10-09.40.11:613][  0]LogConfig: Setting CVar [[r.RenderTargetPoolMin:400]]
[2020.03.10-09.40.11:613][  0]LogConfig: Setting CVar [[r.LensFlareQuality:2]]
[2020.03.10-09.40.11:613][  0]LogConfig: Setting CVar [[r.SceneColorFringeQuality:1]]
[2020.03.10-09.40.11:613][  0]LogConfig: Setting CVar [[r.EyeAdaptationQuality:2]]
[2020.03.10-09.40.11:613][  0]LogConfig: Setting CVar [[r.BloomQuality:5]]
[2020.03.10-09.40.11:613][  0]LogConfig: Setting CVar [[r.FastBlurThreshold:100]]
[2020.03.10-09.40.11:613][  0]LogConfig: Setting CVar [[r.Upscale.Quality:3]]
[2020.03.10-09.40.11:613][  0]LogConfig: Setting CVar [[r.Tonemapper.GrainQuantization:1]]
[2020.03.10-09.40.11:613][  0]LogConfig: Setting CVar [[r.LightShaftQuality:1]]
[2020.03.10-09.40.11:613][  0]LogConfig: Setting CVar [[r.Filter.SizeScale:1]]
[2020.03.10-09.40.11:613][  0]LogConfig: Setting CVar [[r.Tonemapper.Quality:5]]
[2020.03.10-09.40.11:613][  0]LogConfig: Setting CVar [[r.DOF.Gather.AccumulatorQuality:1        ; higher gathering accumulator quality]]
[2020.03.10-09.40.11:613][  0]LogConfig: Setting CVar [[r.DOF.Gather.PostfilterMethod:1          ; Median3x3 postfilering method]]
[2020.03.10-09.40.11:613][  0]LogConfig: Setting CVar [[r.DOF.Gather.EnableBokehSettings:0       ; no bokeh simulation when gathering]]
[2020.03.10-09.40.11:613][  0]LogConfig: Setting CVar [[r.DOF.Gather.RingCount:4                 ; medium number of samples when gathering]]
[2020.03.10-09.40.11:613][  0]LogConfig: Setting CVar [[r.DOF.Scatter.ForegroundCompositing:1    ; additive foreground scattering]]
[2020.03.10-09.40.11:613][  0]LogConfig: Setting CVar [[r.DOF.Scatter.BackgroundCompositing:2    ; additive background scattering]]
[2020.03.10-09.40.11:613][  0]LogConfig: Setting CVar [[r.DOF.Scatter.EnableBokehSettings:1      ; bokeh simulation when scattering]]
[2020.03.10-09.40.11:613][  0]LogConfig: Setting CVar [[r.DOF.Scatter.MaxSpriteRatio:0.1         ; only a maximum of 10% of scattered bokeh]]
[2020.03.10-09.40.11:613][  0]LogConfig: Setting CVar [[r.DOF.Recombine.Quality:1                ; cheap slight out of focus]]
[2020.03.10-09.40.11:613][  0]LogConfig: Setting CVar [[r.DOF.Recombine.EnableBokehSettings:0    ; no bokeh simulation on slight out of focus]]
[2020.03.10-09.40.11:614][  0]LogConfig: Setting CVar [[r.DOF.TemporalAAQuality:1                ; more stable temporal accumulation]]
[2020.03.10-09.40.11:614][  0]LogConfig: Setting CVar [[r.DOF.Kernel.MaxForegroundRadius:0.025]]
[2020.03.10-09.40.11:614][  0]LogConfig: Setting CVar [[r.DOF.Kernel.MaxBackgroundRadius:0.025]]
[2020.03.10-09.40.11:614][  0]LogConfig: Applying CVar settings from Section [TextureQuality@3] File [C:/Users/v8015944/Documents/GitHub/Hybrid-Games---Untitled-cybersled-game/Example project/Saved/Config/Windows/Scalability.ini]
[2020.03.10-09.40.11:614][  0]LogConfig: Setting CVar [[r.Streaming.MipBias:0]]
[2020.03.10-09.40.11:614][  0]LogConfig: Setting CVar [[r.Streaming.AmortizeCPUToGPUCopy:0]]
[2020.03.10-09.40.11:614][  0]LogConfig: Setting CVar [[r.Streaming.MaxNumTexturesToStreamPerFrame:0]]
[2020.03.10-09.40.11:614][  0]LogConfig: Setting CVar [[r.Streaming.Boost:1]]
[2020.03.10-09.40.11:614][  0]LogConfig: Setting CVar [[r.MaxAnisotropy:8]]
[2020.03.10-09.40.11:614][  0]LogConfig: Setting CVar [[r.Streaming.LimitPoolSizeToVRAM:0]]
[2020.03.10-09.40.11:614][  0]LogConfig: Setting CVar [[r.Streaming.PoolSize:1000]]
[2020.03.10-09.40.11:614][  0]LogConfig: Setting CVar [[r.Streaming.MaxEffectiveScreenSize:0]]
[2020.03.10-09.40.11:614][  0]LogConfig: Applying CVar settings from Section [EffectsQuality@3] File [C:/Users/v8015944/Documents/GitHub/Hybrid-Games---Untitled-cybersled-game/Example project/Saved/Config/Windows/Scalability.ini]
[2020.03.10-09.40.11:614][  0]LogConfig: Setting CVar [[r.TranslucencyLightingVolumeDim:64]]
[2020.03.10-09.40.11:614][  0]LogConfig: Setting CVar [[r.RefractionQuality:2]]
[2020.03.10-09.40.11:614][  0]LogConfig: Setting CVar [[r.SSR.Quality:3]]
[2020.03.10-09.40.11:614][  0]LogConfig: Setting CVar [[r.SceneColorFormat:4]]
[2020.03.10-09.40.11:614][  0]LogConfig: Setting CVar [[r.DetailMode:2]]
[2020.03.10-09.40.11:614][  0]LogConfig: Setting CVar [[r.TranslucencyVolumeBlur:1]]
[2020.03.10-09.40.11:614][  0]LogConfig: Setting CVar [[r.MaterialQualityLevel:1 ; High quality]]
[2020.03.10-09.40.11:614][  0]LogConfig: Setting CVar [[r.SSS.Scale:1]]
[2020.03.10-09.40.11:614][  0]LogConfig: Setting CVar [[r.SSS.SampleSet:2]]
[2020.03.10-09.40.11:614][  0]LogConfig: Setting CVar [[r.SSS.Quality:1]]
[2020.03.10-09.40.11:614][  0]LogConfig: Setting CVar [[r.SSS.HalfRes:1]]
[2020.03.10-09.40.11:614][  0]LogConfig: Setting CVar [[r.EmitterSpawnRateScale:1.0]]
[2020.03.10-09.40.11:614][  0]LogConfig: Setting CVar [[r.ParticleLightQuality:2]]
[2020.03.10-09.40.11:614][  0]LogConfig: Applying CVar settings from Section [FoliageQuality@3] File [C:/Users/v8015944/Documents/GitHub/Hybrid-Games---Untitled-cybersled-game/Example project/Saved/Config/Windows/Scalability.ini]
[2020.03.10-09.40.11:614][  0]LogConfig: Setting CVar [[foliage.DensityScale:1.0]]
[2020.03.10-09.40.11:614][  0]LogConfig: Setting CVar [[grass.DensityScale:1.0]]
[2020.03.10-09.40.11:614][  0]LogConfig: Applying CVar settings from Section [Startup] File [../../../Engine/Config/ConsoleVariables.ini]
[2020.03.10-09.40.11:614][  0]LogConfig: Setting CVar [[net.UseAdaptiveNetUpdateFrequency:0]]
[2020.03.10-09.40.11:614][  0]LogConfig: Applying CVar settings from Section [ConsoleVariables] File [C:/Users/v8015944/Documents/GitHub/Hybrid-Games---Untitled-cybersled-game/Example project/Saved/Config/Windows/Engine.ini]
[2020.03.10-09.40.11:614][  0]LogInit: Computer: TU46941
[2020.03.10-09.40.11:614][  0]LogInit: User: V8015944
[2020.03.10-09.40.11:614][  0]LogInit: CPU Page size=4096, Cores=4
[2020.03.10-09.40.11:614][  0]LogInit: High frequency timer resolution =10.000000 MHz
[2020.03.10-09.40.11:615][  0]LogMemory: Memory total: Physical=31.9GB (32GB approx)
[2020.03.10-09.40.11:615][  0]LogMemory: Platform Memory Stats for Windows
[2020.03.10-09.40.11:615][  0]LogMemory: Process Physical Memory: 104.51 MB used, 104.52 MB peak
[2020.03.10-09.40.11:615][  0]LogMemory: Process Virtual Memory: 96.81 MB used, 96.81 MB peak
[2020.03.10-09.40.11:615][  0]LogMemory: Physical Memory: 5878.92 MB used,  26805.43 MB free, 32684.35 MB total
[2020.03.10-09.40.11:615][  0]LogMemory: Virtual Memory: 4639.07 MB used,  134213088.00 MB free, 134217728.00 MB total
[2020.03.10-09.40.11:636][  0]LogInit: Using OS detected language (en-GB).
[2020.03.10-09.40.11:636][  0]LogInit: Using OS detected locale (en-GB).
[2020.03.10-09.40.11:638][  0]LogTextLocalizationManager: No specific localization for 'en-GB' exists, so the 'en' localization will be used.
[2020.03.10-09.40.12:133][  0]LogStreaming: Display: Took  0.500s to InitEngineTextLocalization.
[2020.03.10-09.40.12:133][  0]LogInit: Setting process to per monitor DPI aware
[2020.03.10-09.40.12:179][  0]LogSlate: New Slate User Created.  User Index 0, Is Virtual User: 0
[2020.03.10-09.40.12:179][  0]LogSlate: Slate User Registered.  User Index 0, Is Virtual User: 0
[2020.03.10-09.40.12:453][  0]LogHMD: Failed to initialize OpenVR with code 110
[2020.03.10-09.40.12:453][  0]LogD3D11RHI: D3D11 adapters:
[2020.03.10-09.40.12:526][  0]LogD3D11RHI:    0. 'NVIDIA GeForce GTX 1070' (Feature Level 11_0)
[2020.03.10-09.40.12:526][  0]LogD3D11RHI:       8088/0/16342 MB DedicatedVideo/DedicatedSystem/SharedSystem, Outputs:2, VendorId:0x10de
[2020.03.10-09.40.12:529][  0]LogD3D11RHI:    1. 'Microsoft Basic Render Driver' (Feature Level 11_0)
[2020.03.10-09.40.12:529][  0]LogD3D11RHI:       0/0/16342 MB DedicatedVideo/DedicatedSystem/SharedSystem, Outputs:0, VendorId:0x1414
[2020.03.10-09.40.12:529][  0]LogD3D11RHI: Chosen D3D11 Adapter: 0
[2020.03.10-09.40.12:542][  0]LogD3D11RHI: Creating new Direct3DDevice
[2020.03.10-09.40.12:542][  0]LogD3D11RHI:     GPU DeviceId: 0x1b81 (for the marketing name, search the web for "GPU Device Id")
[2020.03.10-09.40.12:542][  0]LogWindows: EnumDisplayDevices:
[2020.03.10-09.40.12:542][  0]LogWindows:    0. 'NVIDIA GeForce GTX 1070' (P:1 D:1)
[2020.03.10-09.40.12:543][  0]LogWindows:    1. 'NVIDIA GeForce GTX 1070' (P:0 D:1)
[2020.03.10-09.40.12:544][  0]LogWindows:    2. 'NVIDIA GeForce GTX 1070' (P:0 D:0)
[2020.03.10-09.40.12:545][  0]LogWindows:    3. 'NVIDIA GeForce GTX 1070' (P:0 D:0)
[2020.03.10-09.40.12:546][  0]LogWindows: DebugString: FoundDriverCount:4 
[2020.03.10-09.40.12:546][  0]LogD3D11RHI:     Adapter Name: NVIDIA GeForce GTX 1070
[2020.03.10-09.40.12:546][  0]LogD3D11RHI:   Driver Version: 431.70 (internal:26.21.14.3170, unified:431.70)
[2020.03.10-09.40.12:546][  0]LogD3D11RHI:      Driver Date: 7-24-2019
[2020.03.10-09.40.12:546][  0]LogRHI: Texture pool is 5661 MB (70% of 8088 MB)
[2020.03.10-09.40.12:599][  0]LogD3D11RHI: Async texture creation enabled
[2020.03.10-09.40.12:612][  0]LogD3D11RHI: GPU Timing Frequency: 1000.000000 (Debug: 2 1)
[2020.03.10-09.40.13:137][  0]LogTemp: Display: Loaded TP AllDesktopTargetPlatform
[2020.03.10-09.40.13:154][  0]LogTemp: Display: Loaded TP MacClientTargetPlatform
[2020.03.10-09.40.13:171][  0]LogTemp: Display: Loaded TP MacNoEditorTargetPlatform
[2020.03.10-09.40.13:188][  0]LogTemp: Display: Loaded TP MacServerTargetPlatform
[2020.03.10-09.40.13:205][  0]LogTemp: Display: Loaded TP MacTargetPlatform
[2020.03.10-09.40.13:223][  0]LogTemp: Display: Loaded TP WindowsClientTargetPlatform
[2020.03.10-09.40.13:240][  0]LogTemp: Display: Loaded TP WindowsNoEditorTargetPlatform
[2020.03.10-09.40.13:257][  0]LogTemp: Display: Loaded TP WindowsServerTargetPlatform
[2020.03.10-09.40.13:265][  0]LogTemp: Display: Loaded TP WindowsTargetPlatform
[2020.03.10-09.40.13:363][  0]LogTemp: Display: Loaded TP AndroidTargetPlatform
[2020.03.10-09.40.13:363][  0]LogTemp: Display: Loaded TP AndroidTargetPlatform
[2020.03.10-09.40.13:363][  0]LogTemp: Display: Loaded TP AndroidTargetPlatform
[2020.03.10-09.40.13:363][  0]LogTemp: Display: Loaded TP AndroidTargetPlatform
[2020.03.10-09.40.13:363][  0]LogTemp: Display: Loaded TP AndroidTargetPlatform
[2020.03.10-09.40.13:363][  0]LogTemp: Display: Loaded TP AndroidTargetPlatform
[2020.03.10-09.40.13:363][  0]LogTemp: Display: Loaded TP AndroidTargetPlatform
[2020.03.10-09.40.13:363][  0]LogTemp: Display: Loaded TP AndroidTargetPlatform
[2020.03.10-09.40.13:363][  0]LogTemp: Display: Loaded TP AndroidTargetPlatform
[2020.03.10-09.40.13:363][  0]LogTemp: Display: Loaded TP AndroidTargetPlatform
[2020.03.10-09.40.13:363][  0]LogTemp: Display: Loaded TP AndroidTargetPlatform
[2020.03.10-09.40.13:363][  0]LogTemp: Display: Loaded TP AndroidTargetPlatform
[2020.03.10-09.40.13:363][  0]LogTemp: Display: Loaded TP AndroidTargetPlatform
[2020.03.10-09.40.13:363][  0]LogTemp: Display: Loaded TP AndroidTargetPlatform
[2020.03.10-09.40.13:363][  0]LogTemp: Display: Loaded TP AndroidTargetPlatform
[2020.03.10-09.40.13:363][  0]LogTemp: Display: Loaded TP AndroidTargetPlatform
[2020.03.10-09.40.13:363][  0]LogTemp: Display: Loaded TP AndroidTargetPlatform
[2020.03.10-09.40.13:363][  0]LogTemp: Display: Loaded TP AndroidTargetPlatform
[2020.03.10-09.40.13:365][  0]LogTemp: Display: Loaded TP HTML5TargetPlatform
[2020.03.10-09.40.13:431][  0]LogTemp: Display: Loaded TP IOSTargetPlatform
[2020.03.10-09.40.13:431][  0]LogTemp: Display: Loaded TP IOSTargetPlatform
[2020.03.10-09.40.13:460][  0]LogTemp: Display: Loaded TP TVOSTargetPlatform
[2020.03.10-09.40.13:460][  0]LogTemp: Display: Loaded TP TVOSTargetPlatform
[2020.03.10-09.40.13:475][  0]LogTemp: Display: Loaded TP LinuxClientTargetPlatform
[2020.03.10-09.40.13:490][  0]LogTemp: Display: Loaded TP LinuxNoEditorTargetPlatform
[2020.03.10-09.40.13:506][  0]LogTemp: Display: Loaded TP LinuxServerTargetPlatform
[2020.03.10-09.40.13:522][  0]LogTemp: Display: Loaded TP LinuxTargetPlatform
[2020.03.10-09.40.13:580][  0]LogTemp: Display: Loaded TP LuminTargetPlatform
[2020.03.10-09.40.13:580][  0]LogTemp: Display: Loaded TP LuminTargetPlatform
[2020.03.10-09.40.13:580][  0]LogTargetPlatformManager: Display: Building Assets For Windows
[2020.03.10-09.40.13:655][  0]LogShaderCompilers: Guid format shader working directory is -55 characters bigger than the processId version (../../../../../../Users/v8015944/Documents/GitHub/Hybrid-Games---Untitled-cybersled-game/Example project/Intermediate/Shaders/WorkingDirectory/7500/).
[2020.03.10-09.40.13:655][  0]LogShaderCompilers: Cleaned the shader compiler working directory 'C:/Users/v8015944/AppData/Local/Temp/UnrealShaderWorkingDir/8E99C60A4CE1E1198736458E2659FFF5/'.
[2020.03.10-09.40.13:658][  0]LogXGEController: Cannot use XGE Controller as Incredibuild is not installed on this machine.
[2020.03.10-09.40.13:658][  0]LogShaderCompilers: Cannot use XGE Shader Compiler as Incredibuild is not installed on this machine.
[2020.03.10-09.40.13:658][  0]LogShaderCompilers: Display: Using Local Shader Compiler.
[2020.03.10-09.40.14:330][  0]LogDerivedDataCache: Display: Max Cache Size: 512 MB
[2020.03.10-09.40.14:398][  0]LogDerivedDataCache: Loaded boot cache 0.07s 86MB C:/Users/v8015944/AppData/Local/UnrealEngine/4.21/DerivedDataCache/Boot.ddc.
[2020.03.10-09.40.14:398][  0]LogDerivedDataCache: Display: Loaded Boot cache: C:/Users/v8015944/AppData/Local/UnrealEngine/4.21/DerivedDataCache/Boot.ddc
[2020.03.10-09.40.14:399][  0]LogDerivedDataCache: FDerivedDataBackendGraph:  Pak pak cache file ../../../../../../Users/v8015944/Documents/GitHub/Hybrid-Games---Untitled-cybersled-game/Example project/DerivedDataCache/DDC.ddp not found, will not use a pak cache.
[2020.03.10-09.40.14:399][  0]LogDerivedDataCache: Unable to find inner node Pak for hierarchical cache Hierarchy.
[2020.03.10-09.40.14:399][  0]LogDerivedDataCache: FDerivedDataBackendGraph:  CompressedPak pak cache file ../../../../../../Users/v8015944/Documents/GitHub/Hybrid-Games---Untitled-cybersled-game/Example project/DerivedDataCache/Compressed.ddp not found, will not use a pak cache.
[2020.03.10-09.40.14:399][  0]LogDerivedDataCache: Unable to find inner node CompressedPak for hierarchical cache Hierarchy.
[2020.03.10-09.40.14:419][  0]LogDerivedDataCache: Display: Pak cache opened for reading ../../../Engine/DerivedDataCache/Compressed.ddp.
[2020.03.10-09.40.14:419][  0]LogDerivedDataCache: FDerivedDataBackendGraph:  EnterprisePak pak cache file ../../../Enterprise/DerivedDataCache/Compressed.ddp not found, will not use a pak cache.
[2020.03.10-09.40.14:419][  0]LogDerivedDataCache: Unable to find inner node EnterprisePak for hierarchical cache Hierarchy.
[2020.03.10-09.40.14:431][  0]LogDerivedDataCache: Using Local data cache path C:/Users/v8015944/AppData/Local/UnrealEngine/Common/DerivedDataCache: Writable
[2020.03.10-09.40.14:431][  0]LogDerivedDataCache: Shared data cache path not found in *engine.ini, will not use an Shared cache.
[2020.03.10-09.40.14:431][  0]LogDerivedDataCache: Unable to find inner node Shared for hierarchical cache Hierarchy.
[2020.03.10-09.40.14:457][  0]LogMaterial: Verifying Global Shaders for PCD3D_SM5
[2020.03.10-09.40.14:459][  0]LogSlate: Using FreeType 2.6.0
[2020.03.10-09.40.14:460][  0]LogSlate: SlateFontServices - WITH_FREETYPE: 1, WITH_HARFBUZZ: 1
[2020.03.10-09.40.14:560][  0]LogAssetRegistry: FAssetRegistry took 0.0370 seconds to start up
[2020.03.10-09.40.14:958][  0]LogInit: Selected Device Profile: [Windows]
[2020.03.10-09.40.15:146][  0]LogSimplygon: Simplygon DLL not present - disabling.
[2020.03.10-09.40.15:151][  0]LogMeshReduction: Using SimplygonSwarm for distributed automatic mesh merging
[2020.03.10-09.40.15:151][  0]LogMeshReduction: Using ProxyLODMeshReduction for automatic mesh merging
[2020.03.10-09.40.15:151][  0]LogMeshReduction: Using QuadricMeshReduction for automatic static mesh reduction
[2020.03.10-09.40.15:151][  0]LogMeshReduction: No automatic skeletal mesh reduction module available
[2020.03.10-09.40.15:165][  0]LogNetVersion: MyProject2 1.0.0, NetCL: 4541578, EngineNetVer: 5, GameNetVer: 0 (Checksum: 2078931443)
[2020.03.10-09.40.15:798][  0]LogPackageLocalizationCache: Processed 11 localized package path(s) for 2 prioritized culture(s) in 0.127280 seconds
[2020.03.10-09.40.15:805][  0]LogUObjectArray: 39775 objects as part of root set at end of initial load.
[2020.03.10-09.40.15:805][  0]LogUObjectAllocator: 6914656 out of 0 bytes used by permanent object pool.
[2020.03.10-09.40.15:805][  0]LogUObjectArray: CloseDisregardForGC: 0/0 objects in disregard for GC pool
[2020.03.10-09.40.16:850][  0]LogSubstanceCoreModule: Substance [CPU] Engine Loaded, Max Texture Size = 2048
[2020.03.10-09.40.16:855][  0]LogTcpMessaging: Initializing TcpMessaging bridge
[2020.03.10-09.40.16:869][  0]LogUdpMessaging: Initializing bridge on interface 0.0.0.0:0 to multicast group 230.0.0.1:6666.
[2020.03.10-09.40.17:692][  0]SourceControl: Source control is disabled
[2020.03.10-09.40.17:692][  0]SourceControl: Source control is disabled
[2020.03.10-09.40.17:693][  0]SourceControl: Source control is disabled
[2020.03.10-09.40.17:694][  0]SourceControl: Source control is disabled
[2020.03.10-09.40.17:871][  0]LogAndroidPermission: UAndroidPermissionCallbackProxy::GetInstance
[2020.03.10-09.40.17:986][  0]LogOcInput: OculusInput pre-init called
[2020.03.10-09.40.18:223][  0]LogEngine: Initializing Engine...
[2020.03.10-09.40.18:224][  0]LogHMD: Failed to initialize OpenVR with code 110
[2020.03.10-09.40.18:226][  0]LogStats: UGameplayTagsManager::ConstructGameplayTagTree: ImportINI prefixes -  0.000 s
[2020.03.10-09.40.18:226][  0]LogStats: UGameplayTagsManager::ConstructGameplayTagTree: Construct from data asset -  0.000 s
[2020.03.10-09.40.18:226][  0]LogStats: UGameplayTagsManager::ConstructGameplayTagTree: ImportINI -  0.000 s
[2020.03.10-09.40.18:226][  0]LogStats: UGameplayTagsManager::ConstructGameplayTagTree: GameplayTagTreeChangedEvent.Broadcast -  0.000 s
[2020.03.10-09.40.18:511][  0]LogInit: Initializing FReadOnlyCVARCache
[2020.03.10-09.40.18:526][  0]LogAIModule: Creating AISystem for world Untitled
[2020.03.10-09.40.18:557][  0]LogInit: XAudio2 using 'Speakers (Realtek High Definition Audio)' : 2 channels at 48 kHz using 32 bits per sample (channel mask 0x3)
[2020.03.10-09.40.18:616][  0]LogInit: FAudioDevice initialized.
[2020.03.10-09.40.18:616][  0]LogNetVersion: Set ProjectVersion to 1.0.0.0. Version Checksum will be recalculated on next use.
[2020.03.10-09.40.18:691][  0]LogDerivedDataCache: Saved boot cache 0.07s 71MB C:/Users/v8015944/AppData/Local/UnrealEngine/4.21/DerivedDataCache/Boot.ddc.
[2020.03.10-09.40.18:703][  0]LogInit: Texture streaming: Enabled
[2020.03.10-09.40.18:742][  0]LogEngineSessionManager: EngineSessionManager initialized
[2020.03.10-09.40.18:772][  0]LogInit: Transaction tracking system initialized
[2020.03.10-09.40.18:800][  0]BlueprintLog: New page: Editor Load
[2020.03.10-09.40.18:893][  0]LocalizationService: Localization service is disabled
[2020.03.10-09.40.19:486][  0]LogFileCache: Scanning file cache for directory 'C:/Users/v8015944/Documents/GitHub/Hybrid-Games---Untitled-cybersled-game/Example project/Content/' took 0.02s
[2020.03.10-09.40.19:486][  0]LogCook: Display: Max memory allowance for cook 16384mb min free memory 0mb
[2020.03.10-09.40.19:486][  0]LogCook: Display: Mobile HDR setting 1
[2020.03.10-09.40.19:486][  0]LogGameplayTags: Display: UGameplayTagsManager::DoneAddingNativeTags. DelegateIsBound: 0
[2020.03.10-09.40.19:486][  0]LogStats: UGameplayTagsManager::ConstructGameplayTagTree: ImportINI prefixes -  0.000 s
[2020.03.10-09.40.19:486][  0]LogStats: UGameplayTagsManager::ConstructGameplayTagTree: Construct from data asset -  0.000 s
[2020.03.10-09.40.19:486][  0]LogStats: UGameplayTagsManager::ConstructGameplayTagTree: ImportINI -  0.000 s
[2020.03.10-09.40.19:486][  0]LogStats: UGameplayTagsManager::ConstructGameplayTagTree: GameplayTagTreeChangedEvent.Broadcast -  0.000 s
[2020.03.10-09.40.19:647][  0]SourceControl: Source control is disabled
[2020.03.10-09.40.19:647][  0]Cmd: MAP LOAD FILE="../../../../../../Users/v8015944/Documents/GitHub/Hybrid-Games---Untitled-cybersled-game/Example project/Content/Prototype/Arena.umap" TEMPLATE=0 SHOWPROGRESS=1 FEATURELEVEL=3
[2020.03.10-09.40.19:648][  0]LightingResults: New page: Lighting Build
[2020.03.10-09.40.19:650][  0]MapCheck: New page: Map Check
[2020.03.10-09.40.19:650][  0]LightingResults: New page: Lighting Build
[2020.03.10-09.40.19:800][  0]LogLinker: Warning: Can't find file '/Game/Lennon/Character/Lights'
[2020.03.10-09.40.19:800][  0]LogLinker: Warning: Can't find file for asset '/Game/Lennon/Character/Lights' while loading ../../../../../../Users/v8015944/Documents/GitHub/Hybrid-Games---Untitled-cybersled-game/Example project/Content/Ethan/BPs/M_GunBullet.uasset.
[2020.03.10-09.40.19:800][  0]LoadErrors: Error: /Game/Ethan/BPs/M_GunBullet : Can't find file for asset. /Game/Lennon/Character/Lights
[2020.03.10-09.40.19:801][  0]LogLinker: Warning: Can't find file '/Game/Lennon/Character/Lights'
[2020.03.10-09.40.19:801][  0]LogLinker: Warning: Can't find file for asset '/Game/Lennon/Character/Lights' while loading ../../../../../../Users/v8015944/Documents/GitHub/Hybrid-Games---Untitled-cybersled-game/Example project/Content/Ethan/BPs/M_GunBullet.uasset.
[2020.03.10-09.40.19:801][  0]LoadErrors: Error: /Game/Ethan/BPs/M_GunBullet : Can't find file for asset. /Game/Lennon/Character/Lights
[2020.03.10-09.40.19:812][  0]LogLinker: Warning: Can't find file '/Game/Lennon/Character/Lights'
[2020.03.10-09.40.19:812][  0]LogLinker: Warning: Can't find file for asset '/Game/Lennon/Character/Lights' while loading ../../../../../../Users/v8015944/Documents/GitHub/Hybrid-Games---Untitled-cybersled-game/Example project/Content/PlayerCharacter.uasset.
[2020.03.10-09.40.19:812][  0]LoadErrors: Error: /Game/PlayerCharacter : Can't find file for asset. /Game/Lennon/Character/Lights
[2020.03.10-09.40.19:812][  0]LogLinker: Warning: Can't find file '/Game/Lennon/Character/Lights'
[2020.03.10-09.40.19:812][  0]LogLinker: Warning: Can't find file for asset '/Game/Lennon/Character/Lights' while loading ../../../../../../Users/v8015944/Documents/GitHub/Hybrid-Games---Untitled-cybersled-game/Example project/Content/PlayerCharacter.uasset.
[2020.03.10-09.40.19:812][  0]LoadErrors: Error: /Game/PlayerCharacter : Can't find file for asset. /Game/Lennon/Character/Lights
[2020.03.10-09.40.19:814][  0]LogLinker: Warning: Can't find file '/Game/Lennon/Character/Lights'
[2020.03.10-09.40.19:814][  0]LoadErrors: Failed to load /Game/Lennon/Character/Lights.Lights Referenced by Sphere_GEN_VARIABLE
[2020.03.10-09.40.19:814][  0]LogLinker: Warning: Can't find file for asset '/Game/Lennon/Character/Lights' while loading ../../../../../../Users/v8015944/Documents/GitHub/Hybrid-Games---Untitled-cybersled-game/Example project/Content/PlayerCharacter.uasset.
[2020.03.10-09.40.19:814][  0]LoadErrors: Failed to load /Game/Lennon/Character/Lights.Lights Referenced by Sphere_GEN_VARIABLE
[2020.03.10-09.40.19:814][  0]LoadErrors: Error: /Game/PlayerCharacter : Can't find file for asset. /Game/Lennon/Character/Lights
[2020.03.10-09.40.19:926][  0]LogBlueprint: Warning: Timeline SlowTime Track TimeDilation in /Engine/Transient.REINST_PlayerCharacter_C_15 has an invalid curve.  Please fix!
[2020.03.10-09.40.19:926][  0]LogBlueprint: Warning: Timeline SlowTime Track Blend in /Engine/Transient.REINST_PlayerCharacter_C_15 has an invalid curve.  Please fix!
[2020.03.10-09.40.20:093][  0]LogLinker: Warning: Can't find file '/Game/Lennon/Character/Shield'
[2020.03.10-09.40.20:094][  0]LogLinker: Warning: Can't find file for asset '/Game/Lennon/Character/Shield' while loading ../../../../../../Users/v8015944/Documents/GitHub/Hybrid-Games---Untitled-cybersled-game/Example project/Content/Prototype/Arena.umap.
[2020.03.10-09.40.20:094][  0]LoadErrors: Error: /Game/Prototype/Arena : Can't find file for asset. /Game/Lennon/Character/Shield
[2020.03.10-09.40.20:101][  0]LogLinker: Warning: Can't find file '/Game/Lennon/Character/Shield'
[2020.03.10-09.40.20:101][  0]LogLinker: Warning: Can't find file for asset '/Game/Lennon/Character/Shield' while loading ../../../../../../Users/v8015944/Documents/GitHub/Hybrid-Games---Untitled-cybersled-game/Example project/Content/Prototype/Arena.umap.
[2020.03.10-09.40.20:101][  0]LoadErrors: Error: /Game/Prototype/Arena : Can't find file for asset. /Game/Lennon/Character/Shield
[2020.03.10-09.40.20:106][  0]LogLinker: Warning: Can't find file '/Game/Lennon/Character/Shield'
[2020.03.10-09.40.20:106][  0]LogLinker: Warning: Can't find file for asset '/Game/Lennon/Character/Shield' while loading NULL.
[2020.03.10-09.40.20:106][  0]LogLinker: Warning: Can't find file '/Game/Lennon/Character/Shield'
[2020.03.10-09.40.20:106][  0]LogLinker: Warning: Can't find file for asset '/Game/Lennon/Character/Shield' while loading NULL.
[2020.03.10-09.40.20:135][  0]LogLinker: Warning: Can't find file '/Game/Lennon/Character/Shield'
[2020.03.10-09.40.20:135][  0]LoadErrors: Failed to load /Game/Lennon/Character/Shield.Shield Referenced by StaticMeshComponent0
[2020.03.10-09.40.20:135][  0]LogLinker: Warning: Can't find file for asset '/Game/Lennon/Character/Shield' while loading NULL.
[2020.03.10-09.40.20:135][  0]LoadErrors: Failed to load /Game/Lennon/Character/Shield.Shield Referenced by StaticMeshComponent0
[2020.03.10-09.40.20:289][  0]LogTexture: Display: Building textures: HQ_Lightmap0_1 (AutoDXT, 128X128)
[2020.03.10-09.40.20:289][  0]LogTexture: Display: Building textures: HQ_Lightmap0_2 (AutoDXT, 128X128)
[2020.03.10-09.40.20:289][  0]LogTexture: Display: Building textures: HQ_Lightmap0_3 (AutoDXT, 64X64)
[2020.03.10-09.40.20:289][  0]LogTexture: Display: Building textures: LQ_Lightmap_0_1 (DXT1, 128X128)
[2020.03.10-09.40.20:289][  0]LogTexture: Display: Building textures: LQ_Lightmap_0_2 (DXT1, 128X128)
[2020.03.10-09.40.20:289][  0]LogTexture: Display: Building textures: LQ_Lightmap_0_3 (DXT1, 64X64)
[2020.03.10-09.40.20:289][  0]LogTexture: Display: Building textures: ShadowMapTexture2D_0 (BGRA8, 64X64)
[2020.03.10-09.40.20:289][  0]LogTexture: Display: Building textures: ShadowMapTexture2D_1 (BGRA8, 64X64)
[2020.03.10-09.40.20:289][  0]LogTexture: Display: Building textures: ShadowMapTexture2D_2 (G8, 64X32)
[2020.03.10-09.40.20:440][  0]LogMaterial: Display: Missing cached shader map for material Recycle_The_Elderly_Mat, compiling. 
[2020.03.10-09.40.20:519][  0]LogMaterial: Display: Missing cached shader map for material Broccoli_milk_Mat, compiling. 
[2020.03.10-09.40.20:638][  0]LogShaderCompilers: Display: Shaders left to compile 31
[2020.03.10-09.40.20:638][  0]LogShaderCompilers: Display: Shaders left to compile 21
[2020.03.10-09.40.20:638][  0]LogShaderCompilers: Display: Shaders left to compile 11
[2020.03.10-09.40.20:638][  0]LogMaterial: Display: Missing cached shader map for material ShipSteel, compiling. 
[2020.03.10-09.40.20:679][  0]LogStaticMesh: Building static mesh ShipWithShield...
[2020.03.10-09.40.20:767][  0]LogStaticMesh: Built static mesh [0.09s] /Game/Lennon/RedCharacter/ShipWithShield.ShipWithShield
[2020.03.10-09.40.20:783][  0]LogStaticMesh: Building static mesh ShieldMesh...
[2020.03.10-09.40.20:808][  0]LogStaticMesh: Built static mesh [0.03s] /Game/Lennon/RedCharacter/Shield/ShieldMesh.ShieldMesh
[2020.03.10-09.40.20:813][  0]LogMaterial: Display: Missing cached shader map for material Shield, compiling. 
[2020.03.10-09.40.20:926][  0]LogSkeletalMesh: Building Skeletal Mesh ShieldMesh_DM...
[2020.03.10-09.40.20:950][  0]LogSkeletalMesh: Built Skeletal Mesh [0.02s] /Game/Lennon/RedCharacter/Shield/ShieldMesh_DM.ShieldMesh_DM
[2020.03.10-09.40.21:110][  0]LogAIModule: Creating AISystem for world Arena
[2020.03.10-09.40.21:129][  0]LogEditorServer: Finished looking for orphan Actors (0.000 secs)
[2020.03.10-09.40.21:177][  0]Cmd: MAP CHECKDEP NOCLEARLOG
[2020.03.10-09.40.21:177][  0]MapCheck: Map check complete: 0 Error(s), 0 Warning(s), took 0.182ms to complete.
[2020.03.10-09.40.21:178][  0]LogFileHelpers: Loading map 'Arena' took 1.537
[2020.03.10-09.40.21:287][  0]LogSlate: Updating window title bar state: overlay mode, drag disabled, window buttons hidden, title bar hidden
[2020.03.10-09.40.21:295][  0]LogSlate: Updating window title bar state: overlay mode, drag disabled, window buttons hidden, title bar hidden
[2020.03.10-09.40.21:302][  0]LogSlate: Updating window title bar state: overlay mode, drag disabled, window buttons hidden, title bar hidden
[2020.03.10-09.40.21:311][  0]LogSlate: Updating window title bar state: overlay mode, drag disabled, window buttons hidden, title bar hidden
[2020.03.10-09.40.21:318][  0]LogCollectionManager: Loaded 0 collections in 0.002056 seconds
[2020.03.10-09.40.21:358][  0]LogFileCache: Scanning file cache for directory 'C:/Users/v8015944/Documents/GitHub/Hybrid-Games---Untitled-cybersled-game/Example project/Saved/Collections/' took 0.01s
[2020.03.10-09.40.21:358][  0]LogFileCache: Scanning file cache for directory 'C:/Users/v8015944/Documents/GitHub/Hybrid-Games---Untitled-cybersled-game/Example project/Content/Developers/V8015944/Collections/' took 0.01s
[2020.03.10-09.40.21:358][  0]LogFileCache: Scanning file cache for directory 'C:/Users/v8015944/Documents/GitHub/Hybrid-Games---Untitled-cybersled-game/Example project/Content/Collections/' took 0.01s
[2020.03.10-09.40.21:358][  0]LogCollectionManager: Rebuilt the GUID cache for 0 collections in 0.000000 seconds
[2020.03.10-09.40.21:368][  0]LogContentBrowser: Native class hierarchy populated in 0.0102 seconds. Added 2674 classes and 631 folders.
[2020.03.10-09.40.21:376][  0]LogContentBrowser: Native class hierarchy updated for 'WidgetCarousel' in 0.0003 seconds. Added 0 classes and 0 folders.
[2020.03.10-09.40.21:378][  0]LogPakFile: Registered encryption key '00000000000000000000000000000000': 0 pak files mounted, 0 remain pending
[2020.03.10-09.40.21:379][  0]LogPakFile: Registered encryption key '00000000000000000000000000000000': 0 pak files mounted, 0 remain pending
[2020.03.10-09.40.21:380][  0]LogPakFile: Registered encryption key '00000000000000000000000000000000': 0 pak files mounted, 0 remain pending
[2020.03.10-09.40.21:380][  0]LogPakFile: Registered encryption key '00000000000000000000000000000000': 0 pak files mounted, 0 remain pending
[2020.03.10-09.40.21:381][  0]LogPakFile: Registered encryption key '00000000000000000000000000000000': 0 pak files mounted, 0 remain pending
[2020.03.10-09.40.21:382][  0]LogPakFile: Registered encryption key '00000000000000000000000000000000': 0 pak files mounted, 0 remain pending
[2020.03.10-09.40.21:382][  0]LogPakFile: Registered encryption key '00000000000000000000000000000000': 0 pak files mounted, 0 remain pending
[2020.03.10-09.40.21:383][  0]LogPakFile: Registered encryption key '00000000000000000000000000000000': 0 pak files mounted, 0 remain pending
[2020.03.10-09.40.21:384][  0]LogPakFile: Registered encryption key '00000000000000000000000000000000': 0 pak files mounted, 0 remain pending
[2020.03.10-09.40.21:384][  0]LogPakFile: Registered encryption key '00000000000000000000000000000000': 0 pak files mounted, 0 remain pending
[2020.03.10-09.40.21:385][  0]LogPakFile: Registered encryption key '00000000000000000000000000000000': 0 pak files mounted, 0 remain pending
[2020.03.10-09.40.21:385][  0]LogPakFile: Registered encryption key '00000000000000000000000000000000': 0 pak files mounted, 0 remain pending
[2020.03.10-09.40.21:386][  0]LogPakFile: Registered encryption key '00000000000000000000000000000000': 0 pak files mounted, 0 remain pending
[2020.03.10-09.40.21:387][  0]LogPakFile: Registered encryption key '00000000000000000000000000000000': 0 pak files mounted, 0 remain pending
[2020.03.10-09.40.21:387][  0]LogPakFile: Registered encryption key '00000000000000000000000000000000': 0 pak files mounted, 0 remain pending
[2020.03.10-09.40.21:388][  0]LogPakFile: Registered encryption key '00000000000000000000000000000000': 0 pak files mounted, 0 remain pending
[2020.03.10-09.40.21:389][  0]LogPakFile: Registered encryption key '00000000000000000000000000000000': 0 pak files mounted, 0 remain pending
[2020.03.10-09.40.21:389][  0]LogPakFile: Registered encryption key '00000000000000000000000000000000': 0 pak files mounted, 0 remain pending
[2020.03.10-09.40.21:390][  0]LogPakFile: Registered encryption key '00000000000000000000000000000000': 0 pak files mounted, 0 remain pending
[2020.03.10-09.40.21:391][  0]LogPakFile: Registered encryption key '00000000000000000000000000000000': 0 pak files mounted, 0 remain pending
[2020.03.10-09.40.21:392][  0]LogPakFile: Registered encryption key '00000000000000000000000000000000': 0 pak files mounted, 0 remain pending
[2020.03.10-09.40.21:392][  0]LogPakFile: Registered encryption key '00000000000000000000000000000000': 0 pak files mounted, 0 remain pending
[2020.03.10-09.40.21:393][  0]LogPakFile: Registered encryption key '00000000000000000000000000000000': 0 pak files mounted, 0 remain pending
[2020.03.10-09.40.21:394][  0]LogPakFile: Registered encryption key '00000000000000000000000000000000': 0 pak files mounted, 0 remain pending
[2020.03.10-09.40.21:394][  0]LogPakFile: Registered encryption key '00000000000000000000000000000000': 0 pak files mounted, 0 remain pending
[2020.03.10-09.40.21:395][  0]LogPakFile: Registered encryption key '00000000000000000000000000000000': 0 pak files mounted, 0 remain pending
[2020.03.10-09.40.21:447][  0]LogContentBrowser: Native class hierarchy updated for 'AddContentDialog' in 0.0003 seconds. Added 0 classes and 0 folders.
[2020.03.10-09.40.21:453][  0]LogContentBrowser: Native class hierarchy updated for 'SceneOutliner' in 0.0003 seconds. Added 1 classes and 2 folders.
[2020.03.10-09.40.21:469][  0]LogSlate: Took 0.000212 seconds to synchronously load lazily loaded font '../../../Engine/Content/Slate/Fonts/Roboto-Regular.ttf' (155K)
[2020.03.10-09.40.21:470][  0]LogSlate: Took 0.000163 seconds to synchronously load lazily loaded font '../../../Engine/Content/Slate/Fonts/Roboto-Bold.ttf' (160K)
[2020.03.10-09.40.21:475][  0]LogSlate: Took 0.000305 seconds to synchronously load lazily loaded font '../../../Engine/Content/Editor/Slate/Fonts/FontAwesome.ttf' (139K)
[2020.03.10-09.40.21:572][  0]LogRenderer: Reallocating scene render targets to support 1208x652 Format 10 NumSamples 1 (Frame:1).
[2020.03.10-09.40.21:628][  0]LogSlate: Took 0.000214 seconds to synchronously load lazily loaded font '../../../Engine/Content/Slate/Fonts/Roboto-Light.ttf' (167K)
[2020.03.10-09.40.21:782][  0]LogSlate: FSceneViewport::OnFocusLost() reason 2
[2020.03.10-09.40.21:802][  0]LogSlate: Window 'Tutorials' being destroyed
[2020.03.10-09.40.21:832][  0]LogContentBrowser: Native class hierarchy updated for 'HierarchicalLODOutliner' in 0.0003 seconds. Added 0 classes and 0 folders.
[2020.03.10-09.40.21:833][  0]LogLoad: (Engine Initialization) Total time: 12.87 seconds
[2020.03.10-09.40.21:833][  0]LogLoad: (Engine Initialization) Total Blueprint compile time: 0.00 seconds
[2020.03.10-09.40.21:908][  0]LogContentStreaming: Texture pool size now 1000 MB
[2020.03.10-09.40.21:909][  0]LogSlate: FSceneViewport::OnFocusLost() reason 2
[2020.03.10-09.40.21:946][  1]LogSubstanceLiveLink: Warning: Unable to send data along socket, closing connection
[2020.03.10-09.40.22:130][  4]LogAssetRegistry: Asset discovery search completed in 7.6245 seconds
[2020.03.10-09.40.22:132][  4]LogCollectionManager: Rebuilt the object cache for 0 collections in 0.000000 seconds (found 0 objects)
[2020.03.10-09.40.22:132][  4]LogCollectionManager: Fixed up redirectors for 0 collections in 0.000055 seconds (updated 0 objects)
[2020.03.10-09.40.29:377][824]LogShaderCompilers: Display: Shaders left to compile 168
[2020.03.10-09.40.30:458][951]LogShaderCompilers: Display: Shaders left to compile 158
[2020.03.10-09.40.33:463][305]LogShaderCompilers: Display: Shaders left to compile 148
[2020.03.10-09.40.40:680][138]LogShaderCompilers: Display: Shaders left to compile 138
[2020.03.10-09.40.45:441][686]LogShaderCompilers: Display: Shaders left to compile 128
[2020.03.10-09.40.47:407][916]LogShaderCompilers: Display: Shaders left to compile 118
[2020.03.10-09.40.55:543][868]LogShaderCompilers: Display: Shaders left to compile 108
[2020.03.10-09.40.58:593][224]LogShaderCompilers: Display: Shaders left to compile 98
[2020.03.10-09.41.01:041][512]LogShaderCompilers: Display: Shaders left to compile 88
[2020.03.10-09.41.02:831][726]LogShaderCompilers: Display: Shaders left to compile 78
[2020.03.10-09.41.11:389][735]LogSlate: Window 'Message Log' being destroyed
[2020.03.10-09.41.11:517][750]LogShaderCompilers: Display: Shaders left to compile 68
[2020.03.10-09.41.12:134][819]LogSlate: FSceneViewport::OnFocusLost() reason 0
[2020.03.10-09.41.14:152][  6]LogShaderCompilers: Display: Shaders left to compile 58
[2020.03.10-09.41.14:349][  6]LogShaderCompilers: Display: Shaders left to compile 48
[2020.03.10-09.41.16:876][  6]LogShaderCompilers: Display: Shaders left to compile 38
[2020.03.10-09.41.17:887][  6]LogShaderCompilers: Display: Shaders left to compile 28
[2020.03.10-09.41.18:604][  6]LogShaderCompilers: Display: Shaders left to compile 18
[2020.03.10-09.41.18:792][  6]LogSlate: Took 0.000273 seconds to synchronously load lazily loaded font '../../../Engine/Content/Slate/Fonts/Roboto-Light.ttf' (167K)
[2020.03.10-09.41.20:017][  8]LogShaderCompilers: Display: Shaders left to compile 8
[2020.03.10-09.42.08:742][682]LogAssetEditorManager: Opening Asset editor for Blueprint /Game/PlayerCharacter.PlayerCharacter
[2020.03.10-09.42.09:235][682]LogContentBrowser: Native class hierarchy updated for 'BlueprintGraph' in 0.0007 seconds. Added 117 classes and 0 folders.
[2020.03.10-09.42.10:145][682]LogSlate: Took 0.000247 seconds to synchronously load lazily loaded font '../../../Engine/Content/Slate/Fonts/Roboto-BoldCondensed.ttf' (158K)
[2020.03.10-09.42.10:575][683]LogSlate: Took 0.000241 seconds to synchronously load lazily loaded font '../../../Engine/Content/Slate/Fonts/Roboto-Italic.ttf' (157K)
[2020.03.10-09.42.10:589][683]LogPropertyNode: Warning: Clamp Min (1000000000000000000) >= Clamp Max (1000000000000000000) for Ranged Numeric property /Game/PlayerCharacter.PlayerCharacter_C:MGAmmo
[2020.03.10-09.42.10:589][683]LogPropertyNode: Warning: UI Min (1000000000000000000) >= UI Max (1000000000000000000) for Ranged Numeric property /Game/PlayerCharacter.PlayerCharacter_C:MGAmmo
[2020.03.10-09.44.17:334][948]LogSlate: Window 'MyProject2 - Unreal Editor' being destroyed
[2020.03.10-09.44.17:335][948]LogWindowsTextInputMethodSystem: Display: IME system now deactivated.
[2020.03.10-09.44.17:527][949]Cmd: QUIT_EDITOR
[2020.03.10-09.44.17:572][949]LogExit: Preparing to exit.
[2020.03.10-09.44.18:181][949]LogExit: Editor shut down
[2020.03.10-09.44.18:181][949]LogExit: Transaction tracking system shut down
[2020.03.10-09.44.18:493][949]LogExit: Object subsystem successfully closed.
[2020.03.10-09.44.18:517][949]LogShaderCompilers: Display: Shaders left to compile 0
[2020.03.10-09.44.18:523][949]LogD3D11RHI: Shutdown
[2020.03.10-09.44.18:523][949]LogD3D11RHI: CleanupD3DDevice
[2020.03.10-09.44.18:525][949]LogD3D11RHI: ~FD3D11DynamicRHI
[2020.03.10-09.44.18:567][949]LogModuleManager: Shutting down and abandoning module BlueprintGraph (638)
[2020.03.10-09.44.18:567][949]LogModuleManager: Shutting down and abandoning module HierarchicalLODOutliner (636)
[2020.03.10-09.44.18:567][949]LogModuleManager: Shutting down and abandoning module SceneOutliner (634)
[2020.03.10-09.44.18:567][949]LogModuleManager: Shutting down and abandoning module AddContentDialog (632)
[2020.03.10-09.44.18:573][949]LogModuleManager: Shutting down and abandoning module WidgetCarousel (631)
[2020.03.10-09.44.18:573][949]LogModuleManager: Shutting down and abandoning module EditorWidgets (628)
[2020.03.10-09.44.18:573][949]LogModuleManager: Shutting down and abandoning module CollectionManager (626)
[2020.03.10-09.44.18:574][949]LogModuleManager: Shutting down and abandoning module MeshBuilder (624)
[2020.03.10-09.44.18:574][949]LogModuleManager: Shutting down and abandoning module StatsViewer (622)
[2020.03.10-09.44.18:574][949]LogModuleManager: Shutting down and abandoning module FoliageEdit (620)
[2020.03.10-09.44.18:574][949]LogModuleManager: Shutting down and abandoning module LandscapeEditor (618)
[2020.03.10-09.44.18:574][949]LogModuleManager: Shutting down and abandoning module MeshPaintMode (616)
[2020.03.10-09.44.18:574][949]LogModuleManager: Shutting down and abandoning module SceneDepthPickerMode (614)
[2020.03.10-09.44.18:574][949]LogModuleManager: Shutting down and abandoning module ActorPickerMode (612)
[2020.03.10-09.44.18:574][949]LogModuleManager: Shutting down and abandoning module GeometryMode (610)
[2020.03.10-09.44.18:574][949]LogModuleManager: Shutting down and abandoning module TextureAlignMode (608)
[2020.03.10-09.44.18:574][949]LogModuleManager: Shutting down and abandoning module BspMode (606)
[2020.03.10-09.44.18:574][949]LogModuleManager: Shutting down and abandoning module PIEPreviewDeviceProfileSelector (604)
[2020.03.10-09.44.18:574][949]LogModuleManager: Shutting down and abandoning module SequenceRecorderSections (602)
[2020.03.10-09.44.18:574][949]LogModuleManager: Shutting down and abandoning module AutomationWorker (600)
[2020.03.10-09.44.18:574][949]LogModuleManager: Shutting down and abandoning module AudioCaptureEditor (598)
[2020.03.10-09.44.18:574][949]LogModuleManager: Shutting down and abandoning module MatineeToLevelSequence (596)
[2020.03.10-09.44.18:574][949]LogModuleManager: Shutting down and abandoning module LevelSequenceEditor (594)
[2020.03.10-09.44.18:574][949]LogModuleManager: Shutting down and abandoning module PlacementMode (593)
[2020.03.10-09.44.18:574][949]LogModuleManager: Shutting down and abandoning module MaterialEditor (592)
[2020.03.10-09.44.18:574][949]LogModuleManager: Shutting down and abandoning module WmfMediaFactory (588)
[2020.03.10-09.44.18:574][949]LogModuleManager: Shutting down and abandoning module WmfMediaEditor (586)
[2020.03.10-09.44.18:574][949]LogModuleManager: Shutting down and abandoning module WebMMediaFactory (584)
[2020.03.10-09.44.18:574][949]LogModuleManager: Shutting down and abandoning module WebMMediaEditor (582)
[2020.03.10-09.44.18:574][949]LogModuleManager: Shutting down and abandoning module WebMMedia (580)
[2020.03.10-09.44.18:574][949]LogModuleManager: Shutting down and abandoning module MediaPlayerEditor (578)
[2020.03.10-09.44.18:574][949]LogModuleManager: Shutting down and abandoning module MediaCompositingEditor (576)
[2020.03.10-09.44.18:574][949]LogModuleManager: Shutting down and abandoning module SequenceRecorder (575)
[2020.03.10-09.44.18:574][949]LogModuleManager: Shutting down and abandoning module OpenExrWrapper (572)
[2020.03.10-09.44.18:574][949]LogModuleManager: Shutting down and abandoning module ImgMediaFactory (570)
[2020.03.10-09.44.18:574][949]LogModuleManager: Shutting down and abandoning module ImgMediaEditor (568)
[2020.03.10-09.44.18:575][949]LogModuleManager: Shutting down and abandoning module AvfMediaFactory (566)
[2020.03.10-09.44.18:575][949]LogModuleManager: Shutting down and abandoning module AvfMediaEditor (564)
[2020.03.10-09.44.18:575][949]LogModuleManager: Shutting down and abandoning module AndroidMediaFactory (562)
[2020.03.10-09.44.18:575][949]LogModuleManager: Shutting down and abandoning module AndroidMediaEditor (560)
[2020.03.10-09.44.18:575][949]LogModuleManager: Shutting down and abandoning module MagicLeapCameraPreviewFactory (558)
[2020.03.10-09.44.18:575][949]LogModuleManager: Shutting down and abandoning module MagicLeapMediaFactory (556)
[2020.03.10-09.44.18:575][949]LogModuleManager: Shutting down and abandoning module MagicLeapMediaEditor (554)
[2020.03.10-09.44.18:575][949]LogModuleManager: Shutting down and abandoning module CharacterAI (552)
[2020.03.10-09.44.18:575][949]LogModuleManager: Shutting down and abandoning module SmartSnapping (550)
[2020.03.10-09.44.18:575][949]LogModuleManager: Shutting down and abandoning module SessionServices (548)
[2020.03.10-09.44.18:575][949]LogModuleManager: Shutting down and abandoning module ViewportSnapping (546)
[2020.03.10-09.44.18:575][949]LogModuleManager: Shutting down and abandoning module ViewportInteraction (544)
[2020.03.10-09.44.18:575][949]LogModuleManager: Shutting down and abandoning module ClothPainter (542)
[2020.03.10-09.44.18:575][949]LogModuleManager: Shutting down and abandoning module SkeletalMeshEditor (541)
[2020.03.10-09.44.18:575][949]LogModuleManager: Shutting down and abandoning module LogVisualizer (538)
[2020.03.10-09.44.18:575][949]LogModuleManager: Shutting down and abandoning module IntroTutorials (536)
[2020.03.10-09.44.18:575][949]LogModuleManager: Shutting down and abandoning module GameProjectGeneration (535)
[2020.03.10-09.44.18:575][949]LogModuleManager: Shutting down and abandoning module LuminPlatformEditor (532)
[2020.03.10-09.44.18:575][949]LogModuleManager: Shutting down and abandoning module IOSPlatformEditor (530)
[2020.03.10-09.44.18:575][949]LogModuleManager: Shutting down and abandoning module HTML5PlatformEditor (528)
[2020.03.10-09.44.18:575][949]LogModuleManager: Shutting down and abandoning module AndroidPlatformEditor (526)
[2020.03.10-09.44.18:575][949]LogModuleManager: Shutting down and abandoning module AndroidDeviceDetection (525)
[2020.03.10-09.44.19:560][949]LogModuleManager: Shutting down and abandoning module WindowsPlatformEditor (522)
[2020.03.10-09.44.19:560][949]LogModuleManager: Shutting down and abandoning module LuminRuntimeSettings (520)
[2020.03.10-09.44.19:560][949]LogModuleManager: Shutting down and abandoning module IOSRuntimeSettings (518)
[2020.03.10-09.44.19:560][949]LogModuleManager: Shutting down and abandoning module AndroidRuntimeSettings (516)
[2020.03.10-09.44.19:560][949]LogModuleManager: Shutting down and abandoning module TimeManagementEditor (514)
[2020.03.10-09.44.19:560][949]LogModuleManager: Shutting down and abandoning module InputBindingEditor (512)
[2020.03.10-09.44.19:560][949]LogModuleManager: Shutting down and abandoning module MergeActors (510)
[2020.03.10-09.44.19:560][949]LogModuleManager: Shutting down and abandoning module LocalizationDashboard (508)
[2020.03.10-09.44.19:560][949]LogModuleManager: Shutting down and abandoning module LocalizationService (507)
[2020.03.10-09.44.19:560][949]LogModuleManager: Shutting down and abandoning module HardwareTargeting (504)
[2020.03.10-09.44.19:560][949]LogModuleManager: Shutting down and abandoning module DeviceProfileEditor (502)
[2020.03.10-09.44.19:561][949]LogModuleManager: Shutting down and abandoning module UndoHistory (500)
[2020.03.10-09.44.19:561][949]LogModuleManager: Shutting down and abandoning module XmlParser (498)
[2020.03.10-09.44.19:561][949]LogModuleManager: Shutting down and abandoning module Blutility (496)
[2020.03.10-09.44.19:561][949]LogModuleManager: Shutting down and abandoning module ProjectSettingsViewer (494)
[2020.03.10-09.44.19:561][949]LogModuleManager: Shutting down and abandoning module ProjectTargetPlatformEditor (493)
[2020.03.10-09.44.19:561][949]LogModuleManager: Shutting down and abandoning module EditorSettingsViewer (490)
[2020.03.10-09.44.19:561][949]LogModuleManager: Shutting down and abandoning module SettingsEditor (488)
[2020.03.10-09.44.19:561][949]LogModuleManager: Shutting down and abandoning module ProjectLauncher (486)
[2020.03.10-09.44.19:561][949]LogModuleManager: Shutting down and abandoning module SessionFrontend (484)
[2020.03.10-09.44.19:561][949]LogModuleManager: Shutting down and abandoning module ProfilerClient (482)
[2020.03.10-09.44.19:561][949]LogModuleManager: Shutting down and abandoning module DeviceManager (480)
[2020.03.10-09.44.19:561][949]LogModuleManager: Shutting down and abandoning module TargetDeviceServices (479)
[2020.03.10-09.44.19:637][949]LogModuleManager: Shutting down and abandoning module AutomationController (476)
[2020.03.10-09.44.19:637][949]LogModuleManager: Shutting down and abandoning module AutomationWindow (474)
[2020.03.10-09.44.19:637][949]LogModuleManager: Shutting down and abandoning module Layers (472)
[2020.03.10-09.44.19:637][949]LogModuleManager: Shutting down and abandoning module ComponentVisualizers (470)
[2020.03.10-09.44.19:637][949]LogModuleManager: Shutting down and abandoning module DetailCustomizations (468)
[2020.03.10-09.44.19:637][949]LogModuleManager: Shutting down and abandoning module PackagesDialog (466)
[2020.03.10-09.44.19:637][949]LogModuleManager: Shutting down and abandoning module Persona (464)
[2020.03.10-09.44.19:637][949]LogModuleManager: Shutting down and abandoning module AdvancedPreviewScene (463)
[2020.03.10-09.44.19:637][949]LogModuleManager: Shutting down and abandoning module AnimGraph (461)
[2020.03.10-09.44.19:637][949]LogModuleManager: Shutting down and abandoning module Kismet (458)
[2020.03.10-09.44.19:643][949]LogModuleManager: Shutting down and abandoning module GraphEditor (456)
[2020.03.10-09.44.19:643][949]LogModuleManager: Shutting down and abandoning module ClassViewer (454)
[2020.03.10-09.44.19:643][949]LogModuleManager: Shutting down and abandoning module Toolbox (452)
[2020.03.10-09.44.19:643][949]LogModuleManager: Shutting down and abandoning module ModuleUI (450)
[2020.03.10-09.44.19:643][949]LogModuleManager: Shutting down and abandoning module MovieSceneTools (448)
[2020.03.10-09.44.19:643][949]LogModuleManager: Shutting down and abandoning module OutputLog (446)
[2020.03.10-09.44.19:643][949]LogModuleManager: Shutting down and abandoning module GammaUI (444)
[2020.03.10-09.44.19:643][949]LogModuleManager: Shutting down and abandoning module Documentation (442)
[2020.03.10-09.44.19:643][949]LogModuleManager: Shutting down and abandoning module MovieSceneTracks (440)
[2020.03.10-09.44.19:643][949]LogModuleManager: Shutting down and abandoning module MovieScene (438)
[2020.03.10-09.44.19:643][949]LogModuleManager: Shutting down and abandoning module StreamingPauseRendering (436)
[2020.03.10-09.44.19:643][949]LogModuleManager: Shutting down and abandoning module LauncherPlatform (434)
[2020.03.10-09.44.19:643][949]LogModuleManager: Shutting down and abandoning module AnalyticsET (432)
[2020.03.10-09.44.19:643][949]LogModuleManager: Shutting down and abandoning module PortalServices (430)
[2020.03.10-09.44.19:643][949]LogModuleManager: Shutting down and abandoning module PortalRpc (428)
[2020.03.10-09.44.19:643][949]LogModuleManager: Shutting down and abandoning module MessagingRpc (426)
[2020.03.10-09.44.19:643][949]LogModuleManager: Shutting down and abandoning module AIModule (424)
[2020.03.10-09.44.19:643][949]LogModuleManager: Shutting down and abandoning module GameplayDebugger (423)
[2020.03.10-09.44.19:644][949]LogModuleManager: Shutting down and abandoning module AITestSuite (421)
[2020.03.10-09.44.19:644][949]LogModuleManager: Shutting down and abandoning module NavigationSystem (419)
[2020.03.10-09.44.19:644][949]LogModuleManager: Shutting down and abandoning module DesktopPlatform (416)
[2020.03.10-09.44.19:644][949]LogModuleManager: Shutting down and abandoning module ImageWriteQueue (414)
[2020.03.10-09.44.19:646][949]LogModuleManager: Shutting down and abandoning module ProfilerService (412)
[2020.03.10-09.44.19:798][949]LogModuleManager: Shutting down and abandoning module TaskGraph (410)
[2020.03.10-09.44.19:798][949]LogModuleManager: Shutting down and abandoning module SubstanceLiveLink (408)
[2020.03.10-09.44.19:798][949]LogModuleManager: Shutting down and abandoning module SubstanceSource (406)
[2020.03.10-09.44.19:798][949]LogModuleManager: Shutting down and abandoning module SubstanceEditor (404)
[2020.03.10-09.44.19:798][949]LogModuleManager: Shutting down and abandoning module SteamVRController (402)
[2020.03.10-09.44.19:798][949]LogModuleManager: Shutting down and abandoning module ProceduralMeshComponentEditor (400)
[2020.03.10-09.44.19:799][949]LogModuleManager: Shutting down and abandoning module ProceduralMeshComponent (398)
[2020.03.10-09.44.19:799][949]LogModuleManager: Shutting down and abandoning module OculusInput (396)
[2020.03.10-09.44.19:799][949]LogModuleManager: Shutting down and abandoning module MobilePatchingUtils (394)
[2020.03.10-09.44.19:799][949]LogModuleManager: Shutting down and abandoning module EditableMesh (392)
[2020.03.10-09.44.19:799][949]LogModuleManager: Shutting down and abandoning module CustomMeshComponent (390)
[2020.03.10-09.44.19:799][949]LogModuleManager: Shutting down and abandoning module CableComponent (388)
[2020.03.10-09.44.19:799][949]LogModuleManager: Shutting down and abandoning module AudioCapture (386)
[2020.03.10-09.44.19:799][949]LogModuleManager: Shutting down and abandoning module ArchVisCharacter (384)
[2020.03.10-09.44.19:799][949]LogModuleManager: Shutting down and abandoning module AndroidPermission (382)
[2020.03.10-09.44.19:799][949]LogModuleManager: Shutting down and abandoning module NUTUnrealEngine4 (380)
[2020.03.10-09.44.19:799][949]LogModuleManager: Shutting down and abandoning module NetcodeUnitTest (378)
[2020.03.10-09.44.19:799][949]LogModuleManager: Shutting down and abandoning module MediaCompositing (376)
[2020.03.10-09.44.19:799][949]LogModuleManager: Shutting down and abandoning module LinearTimecode (374)
[2020.03.10-09.44.19:799][949]LogModuleManager: Shutting down and abandoning module ImgMedia (372)
[2020.03.10-09.44.19:812][949]LogModuleManager: Shutting down and abandoning module HTML5Networking (370)
[2020.03.10-09.44.19:812][949]LogModuleManager: Shutting down and abandoning module GeometryCacheTracks (368)
[2020.03.10-09.44.19:813][949]LogModuleManager: Shutting down and abandoning module GeometryCacheSequencer (366)
[2020.03.10-09.44.19:813][949]LogModuleManager: Shutting down and abandoning module BackChannel (364)
[2020.03.10-09.44.19:813][949]LogModuleManager: Shutting down and abandoning module AppleVision (362)
[2020.03.10-09.44.19:813][949]LogModuleManager: Shutting down and abandoning module AppleImageUtilsBlueprintSupport (360)
[2020.03.10-09.44.19:813][949]LogModuleManager: Shutting down and abandoning module AppleImageUtils (358)
[2020.03.10-09.44.19:813][949]LogModuleManager: Shutting down and abandoning module AlembicImporter (356)
[2020.03.10-09.44.19:813][949]LogModuleManager: Shutting down and abandoning module AlembicLibrary (355)
[2020.03.10-09.44.19:813][949]LogModuleManager: Shutting down and abandoning module GeometryCache (354)
[2020.03.10-09.44.19:813][949]LogModuleManager: Shutting down and abandoning module GeometryCacheEd (353)
[2020.03.10-09.44.19:813][949]LogModuleManager: Shutting down and abandoning module VariantManagerContent (348)
[2020.03.10-09.44.19:813][949]LogModuleManager: Shutting down and abandoning module DatasmithContentEditor (346)
[2020.03.10-09.44.19:813][949]LogModuleManager: Shutting down and abandoning module SpeedTreeImporter (344)
[2020.03.10-09.44.19:813][949]LogModuleManager: Shutting down and abandoning module PluginBrowser (342)
[2020.03.10-09.44.19:813][949]LogModuleManager: Shutting down and abandoning module MobileLauncherProfileWizard (340)
[2020.03.10-09.44.19:813][949]LogModuleManager: Shutting down and abandoning module PolygonModeling (338)
[2020.03.10-09.44.19:813][949]LogModuleManager: Shutting down and abandoning module MeshEditor (336)
[2020.03.10-09.44.19:813][949]LogModuleManager: Shutting down and abandoning module CryptoKeysOpenSSL (334)
[2020.03.10-09.44.19:813][949]LogModuleManager: Shutting down and abandoning module CryptoKeys (332)
[2020.03.10-09.44.19:813][949]LogModuleManager: Shutting down and abandoning module VisualStudioSourceCodeAccess (330)
[2020.03.10-09.44.19:813][949]LogModuleManager: Shutting down and abandoning module VisualStudioCodeSourceCodeAccess (328)
[2020.03.10-09.44.19:813][949]LogModuleManager: Shutting down and abandoning module UObjectPlugin (326)
[2020.03.10-09.44.19:813][949]LogModuleManager: Shutting down and abandoning module SubversionSourceControl (324)
[2020.03.10-09.44.19:813][949]LogModuleManager: Shutting down and abandoning module PerforceSourceControl (322)
[2020.03.10-09.44.19:813][949]LogModuleManager: Shutting down and abandoning module GitSourceControl (320)
[2020.03.10-09.44.19:813][949]LogModuleManager: Shutting down and abandoning module SourceControl (319)
[2020.03.10-09.44.19:813][949]LogModuleManager: Shutting down and abandoning module CLionSourceCodeAccess (316)
[2020.03.10-09.44.19:813][949]LogModuleManager: Shutting down and abandoning module ActorLayerUtilitiesEditor (314)
[2020.03.10-09.44.19:813][949]LogModuleManager: Shutting down and abandoning module ActorLayerUtilities (312)
[2020.03.10-09.44.19:813][949]LogModuleManager: Shutting down and abandoning module LightPropagationVolumeEditor (310)
[2020.03.10-09.44.19:813][949]LogModuleManager: Shutting down and abandoning module PaperTiledImporter (308)
[2020.03.10-09.44.19:813][949]LogModuleManager: Shutting down and abandoning module PaperSpriteSheetImporter (306)
[2020.03.10-09.44.19:813][949]LogModuleManager: Shutting down and abandoning module Paper2DEditor (304)
[2020.03.10-09.44.19:813][949]LogModuleManager: Shutting down and abandoning module MeshPaint (303)
[2020.03.10-09.44.19:813][949]LogModuleManager: Shutting down and abandoning module RuntimePhysXCooking (300)
[2020.03.10-09.44.19:813][949]LogModuleManager: Shutting down and abandoning module PhysXVehiclesEditor (298)
[2020.03.10-09.44.19:813][949]LogModuleManager: Shutting down and abandoning module PhysXVehicles (296)
[2020.03.10-09.44.19:813][949]LogModuleManager: Shutting down and abandoning module OculusEditor (294)
[2020.03.10-09.44.19:814][949]LogModuleManager: Shutting down and abandoning module LocationServicesBPLibrary (292)
[2020.03.10-09.44.19:814][949]LogModuleManager: Shutting down and abandoning module ApexDestructionEditor (290)
[2020.03.10-09.44.19:814][949]LogModuleManager: Shutting down and abandoning module ApexDestruction (288)
[2020.03.10-09.44.19:814][949]LogModuleManager: Shutting down and abandoning module ActorSequence (286)
[2020.03.10-09.44.19:814][949]LogModuleManager: Shutting down and abandoning module UdpMessaging (284)
[2020.03.10-09.44.19:954][949]LogModuleManager: Shutting down and abandoning module TcpMessaging (282)
[2020.03.10-09.44.20:061][949]LogModuleManager: Shutting down and abandoning module SubstanceCore (280)
[2020.03.10-09.44.20:062][949]LogModuleManager: Shutting down and abandoning module MagicLeapAudio (278)
[2020.03.10-09.44.20:062][949]LogModuleManager: Shutting down and abandoning module GameplayTagsEditor (276)
[2020.03.10-09.44.20:062][949]LogModuleManager: Shutting down and abandoning module FacialAnimationEditor (274)
[2020.03.10-09.44.20:062][949]LogModuleManager: Shutting down and abandoning module FacialAnimation (272)
[2020.03.10-09.44.20:062][949]LogModuleManager: Shutting down and abandoning module DataValidation (270)
[2020.03.10-09.44.20:062][949]LogModuleManager: Shutting down and abandoning module AssetManagerEditor (268)
[2020.03.10-09.44.20:062][949]LogModuleManager: Shutting down and abandoning module LevelEditor (267)
[2020.03.10-09.44.20:062][949]LogModuleManager: Shutting down and abandoning module PixelInspectorModule (266)
[2020.03.10-09.44.20:063][949]LogModuleManager: Shutting down and abandoning module CommonMenuExtensions (264)
[2020.03.10-09.44.20:063][949]LogModuleManager: Shutting down and abandoning module MainFrame (262)
[2020.03.10-09.44.20:063][949]LogModuleManager: Shutting down and abandoning module HotReload (261)
[2020.03.10-09.44.20:063][949]LogModuleManager: Shutting down and abandoning module ContentBrowser (257)
[2020.03.10-09.44.20:064][949]LogModuleManager: Shutting down and abandoning module TreeMap (255)
[2020.03.10-09.44.20:064][949]LogModuleManager: Shutting down and abandoning module LightPropagationVolumeRuntime (252)
[2020.03.10-09.44.20:064][949]LogModuleManager: Shutting down and abandoning module AISupportModule (250)
[2020.03.10-09.44.20:064][949]LogModuleManager: Shutting down and abandoning module Paper2D (248)
[2020.03.10-09.44.20:065][949]LogModuleManager: Shutting down and abandoning module WindowsMoviePlayer (246)
[2020.03.10-09.44.20:065][949]LogModuleManager: Shutting down and abandoning module WebMMoviePlayer (244)
[2020.03.10-09.44.20:065][949]LogModuleManager: Shutting down and abandoning module WmfMedia (242)
[2020.03.10-09.44.20:066][949]LogModuleManager: Shutting down and abandoning module Media (241)
[2020.03.10-09.44.20:092][949]LogModuleManager: Shutting down and abandoning module PacketHandler (238)
[2020.03.10-09.44.20:092][949]LogModuleManager: Shutting down and abandoning module ClothingSystemEditor (236)
[2020.03.10-09.44.20:092][949]LogModuleManager: Shutting down and abandoning module ClothingSystemRuntime (234)
[2020.03.10-09.44.20:092][949]LogModuleManager: Shutting down and abandoning module MediaAssets (232)
[2020.03.10-09.44.20:092][949]LogModuleManager: Shutting down and abandoning module Overlay (230)
[2020.03.10-09.44.20:092][949]LogModuleManager: Shutting down and abandoning module OverlayEditor (229)
[2020.03.10-09.44.20:092][949]LogModuleManager: Shutting down and abandoning module VREditor (226)
[2020.03.10-09.44.20:093][949]LogModuleManager: Shutting down and abandoning module StringTableEditor (224)
[2020.03.10-09.44.20:093][949]LogModuleManager: Shutting down and abandoning module GameplayTasksEditor (222)
[2020.03.10-09.44.20:093][949]LogModuleManager: Shutting down and abandoning module BehaviorTreeEditor (220)
[2020.03.10-09.44.20:093][949]LogModuleManager: Shutting down and abandoning module FunctionalTesting (218)
[2020.03.10-09.44.20:093][949]LogModuleManager: Shutting down and abandoning module CollisionAnalyzer (216)
[2020.03.10-09.44.20:093][949]LogModuleManager: Shutting down and abandoning module WorkspaceMenuStructure (215)
[2020.03.10-09.44.20:093][949]LogModuleManager: Shutting down and abandoning module UMG (212)
[2020.03.10-09.44.20:093][949]LogModuleManager: Shutting down and abandoning module UMGEditor (211)
[2020.03.10-09.44.20:093][949]LogModuleManager: Shutting down and abandoning module Sequencer (210)
[2020.03.10-09.44.20:093][949]LogModuleManager: Shutting down and abandoning module MessageLog (207)
[2020.03.10-09.44.20:093][949]LogModuleManager: Shutting down and abandoning module SlateReflector (202)
[2020.03.10-09.44.20:093][949]LogModuleManager: Shutting down and abandoning module Slate (200)
[2020.03.10-09.44.20:093][949]LogModuleManager: Shutting down and abandoning module EditorStyle (198)
[2020.03.10-09.44.20:102][949]LogModuleManager: Shutting down and abandoning module MRMesh (196)
[2020.03.10-09.44.20:102][949]LogModuleManager: Shutting down and abandoning module SourceCodeAccess (194)
[2020.03.10-09.44.20:103][949]LogModuleManager: Shutting down and abandoning module HeadMountedDisplay (192)
[2020.03.10-09.44.20:103][949]LogModuleManager: Shutting down and abandoning module XAudio2 (190)
[2020.03.10-09.44.20:103][949]LogModuleManager: Shutting down and abandoning module Networking (188)
[2020.03.10-09.44.20:103][949]LogModuleManager: Shutting down and abandoning module Core (186)
[2020.03.10-09.44.20:103][949]LogModuleManager: Shutting down and abandoning module LevelSequence (184)
[2020.03.10-09.44.20:103][949]LogModuleManager: Shutting down and abandoning module KismetCompiler (182)
[2020.03.10-09.44.20:103][949]LogModuleManager: Shutting down and abandoning module MeshUtilities (180)
[2020.03.10-09.44.20:103][949]LogModuleManager: Shutting down and abandoning module MeshMergeUtilities (179)
[2020.03.10-09.44.20:103][949]LogModuleManager: Shutting down and abandoning module MeshReductionInterface (178)
[2020.03.10-09.44.20:103][949]LogModuleManager: Shutting down and abandoning module SimplygonSwarm (177)
[2020.03.10-09.44.20:103][949]LogModuleManager: Shutting down and abandoning module ProxyLODMeshReduction (175)
[2020.03.10-09.44.20:103][949]LogModuleManager: Shutting down and abandoning module SimplygonMeshReduction (173)
[2020.03.10-09.44.20:103][949]LogModuleManager: Shutting down and abandoning module QuadricMeshReduction (171)
[2020.03.10-09.44.20:103][949]LogModuleManager: Shutting down and abandoning module MaterialBaking (167)
[2020.03.10-09.44.20:103][949]LogModuleManager: Shutting down and abandoning module DirectoryWatcher (163)
[2020.03.10-09.44.20:103][949]LogModuleManager: Shutting down and abandoning module DerivedDataCache (160)
[2020.03.10-09.44.20:163][949]LogDerivedDataCache: Shutdown
[2020.03.10-09.44.20:163][949]LogModuleManager: Shutting down and abandoning module XGEController (158)
[2020.03.10-09.44.20:163][949]LogModuleManager: Shutting down and abandoning module TargetPlatform (156)
[2020.03.10-09.44.20:163][949]LogModuleManager: Shutting down and abandoning module VulkanShaderFormat (155)
[2020.03.10-09.44.20:163][949]LogModuleManager: Shutting down and abandoning module ShaderFormatVectorVM (153)
[2020.03.10-09.44.20:163][949]LogModuleManager: Shutting down and abandoning module ShaderFormatOpenGL (151)
[2020.03.10-09.44.20:163][949]LogModuleManager: Shutting down and abandoning module ShaderFormatD3D (149)
[2020.03.10-09.44.20:163][949]LogModuleManager: Shutting down and abandoning module MetalShaderFormat (147)
[2020.03.10-09.44.20:163][949]LogModuleManager: Shutting down and abandoning module TextureFormatUncompressed (145)
[2020.03.10-09.44.20:163][949]LogModuleManager: Shutting down and abandoning module TextureFormatPVR (143)
[2020.03.10-09.44.20:163][949]LogModuleManager: Shutting down and abandoning module TextureFormatDXT (141)
[2020.03.10-09.44.20:164][949]LogModuleManager: Shutting down and abandoning module TextureFormatIntelISPCTexComp (139)
[2020.03.10-09.44.20:164][949]LogModuleManager: Shutting down and abandoning module TextureFormatASTC (137)
[2020.03.10-09.44.20:164][949]LogModuleManager: Shutting down and abandoning module ImageWrapper (136)
[2020.03.10-09.44.20:164][949]LogModuleManager: Shutting down and abandoning module TextureFormatAndroid (133)
[2020.03.10-09.44.20:164][949]LogModuleManager: Shutting down and abandoning module AudioFormatOpus (131)
[2020.03.10-09.44.20:164][949]LogModuleManager: Shutting down and abandoning module AudioFormatOgg (129)
[2020.03.10-09.44.20:164][949]LogModuleManager: Shutting down and abandoning module AudioFormatADPCM (127)
[2020.03.10-09.44.20:164][949]LogModuleManager: Shutting down and abandoning module LuminTargetPlatform (125)
[2020.03.10-09.44.20:165][949]LogModuleManager: Shutting down and abandoning module LinuxTargetPlatform (123)
[2020.03.10-09.44.20:165][949]LogModuleManager: Shutting down and abandoning module LinuxServerTargetPlatform (121)
[2020.03.10-09.44.20:165][949]LogModuleManager: Shutting down and abandoning module LinuxNoEditorTargetPlatform (119)
[2020.03.10-09.44.20:165][949]LogModuleManager: Shutting down and abandoning module LinuxClientTargetPlatform (117)
[2020.03.10-09.44.20:165][949]LogModuleManager: Shutting down and abandoning module TVOSTargetPlatform (115)
[2020.03.10-09.44.20:166][949]LogModuleManager: Shutting down and abandoning module Messaging (113)
[2020.03.10-09.44.20:166][949]LogModuleManager: Shutting down and abandoning module IOSTargetPlatform (111)
[2020.03.10-09.44.20:167][949]LogModuleManager: Shutting down and abandoning module HTML5TargetPlatform (109)
[2020.03.10-09.44.20:167][949]LogModuleManager: Shutting down and abandoning module AndroidTargetPlatform (107)
[2020.03.10-09.44.20:173][949]LogModuleManager: Shutting down and abandoning module WindowsTargetPlatform (105)
[2020.03.10-09.44.20:173][949]LogModuleManager: Shutting down and abandoning module WindowsServerTargetPlatform (103)
[2020.03.10-09.44.20:173][949]LogModuleManager: Shutting down and abandoning module WindowsNoEditorTargetPlatform (101)
[2020.03.10-09.44.20:173][949]LogModuleManager: Shutting down and abandoning module WindowsClientTargetPlatform (99)
[2020.03.10-09.44.20:173][949]LogModuleManager: Shutting down and abandoning module MacTargetPlatform (97)
[2020.03.10-09.44.20:173][949]LogModuleManager: Shutting down and abandoning module MacServerTargetPlatform (95)
[2020.03.10-09.44.20:173][949]LogModuleManager: Shutting down and abandoning module MacNoEditorTargetPlatform (93)
[2020.03.10-09.44.20:174][949]LogModuleManager: Shutting down and abandoning module MacClientTargetPlatform (91)
[2020.03.10-09.44.20:174][949]LogModuleManager: Shutting down and abandoning module AllDesktopTargetPlatform (89)
[2020.03.10-09.44.20:174][949]LogModuleManager: Shutting down and abandoning module InputCore (86)
[2020.03.10-09.44.20:174][949]LogModuleManager: Shutting down and abandoning module Settings (84)
[2020.03.10-09.44.20:174][949]LogModuleManager: Shutting down and abandoning module PhysXCooking (82)
[2020.03.10-09.44.20:174][949]LogModuleManager: Shutting down and abandoning module SteamVR (80)
[2020.03.10-09.44.20:174][949]LogHMD: Freeing OpenVRDLLHandle.
[2020.03.10-09.44.20:174][949]LogModuleManager: Shutting down and abandoning module OculusHMD (78)
[2020.03.10-09.44.20:174][949]LogModuleManager: Shutting down and abandoning module ExampleDeviceProfileSelector (76)
[2020.03.10-09.44.20:174][949]LogModuleManager: Shutting down and abandoning module LauncherChunkInstaller (74)
[2020.03.10-09.44.20:174][949]LogModuleManager: Shutting down and abandoning module OnlineBlueprintSupport (72)
[2020.03.10-09.44.20:174][949]LogModuleManager: Shutting down and abandoning module OnlineSubsystem (68)
[2020.03.10-09.44.20:174][949]LogModuleManager: Shutting down and abandoning module XMPP (63)
[2020.03.10-09.44.20:175][949]LogModuleManager: Shutting down and abandoning module WebSockets (62)
[2020.03.10-09.44.20:197][949]LogModuleManager: Shutting down and abandoning module HTTP (59)
[2020.03.10-09.44.20:198][949]LogHttp: Display: Http module shutting down, but needs to wait on 1 outstanding Http requests:
[2020.03.10-09.44.20:198][949]LogHttp: Display: 	verb=[POST] url=[https://datarouter.ol.epicgames.com/datarouter/api/v1/public/data?SessionID=%7B3B1CD96D-4AF8-280D-EE15-D78299CC8863%7D&AppID=UEEditor.Rocket.Release&AppVersion=4.21.2-4753647%2B%2B%2BUE4%2BRelease-4.21&UserID=280da7e94371a7fd246ed68d6be9d78a%7C%7C2f08729d-2b80-4ee6-b52e-4a40ca40436e&AppEnvironment=datacollector-binary&UploadType=eteventstream] status=Processing
[2020.03.10-09.44.20:200][949]LogModuleManager: Shutting down and abandoning module SSL (58)
[2020.03.10-09.44.20:201][949]LogModuleManager: Shutting down and abandoning module MagicLeapIdentity (54)
[2020.03.10-09.44.20:201][949]LogModuleManager: Shutting down and abandoning module MagicLeapHelperVulkan (52)
[2020.03.10-09.44.20:201][949]LogModuleManager: Shutting down and abandoning module MagicLeapHelperOpenGL (50)
[2020.03.10-09.44.20:201][949]LogModuleManager: Shutting down and abandoning module MagicLeapSecureStorage (48)
[2020.03.10-09.44.20:201][949]LogModuleManager: Shutting down and abandoning module MagicLeapHandTracking (46)
[2020.03.10-09.44.20:201][949]LogModuleManager: Shutting down and abandoning module MagicLeapEyeTracker (44)
[2020.03.10-09.44.20:201][949]LogModuleManager: Shutting down and abandoning module MagicLeapController (42)
[2020.03.10-09.44.20:201][949]LogSlate: Slate User Destroyed.  User Index 0, Is Virtual User: 0
[2020.03.10-09.44.20:201][949]LogModuleManager: Shutting down and abandoning module MagicLeap (40)
[2020.03.10-09.44.20:201][949]LogModuleManager: Shutting down and abandoning module DatasmithContent (38)
[2020.03.10-09.44.20:202][949]LogModuleManager: Shutting down and abandoning module AnimationModifiers (36)
[2020.03.10-09.44.20:202][949]LogModuleManager: Shutting down and abandoning module PropertyEditor (35)
[2020.03.10-09.44.20:202][949]LogModuleManager: Shutting down and abandoning module AudioEditor (32)
[2020.03.10-09.44.20:202][949]LogModuleManager: Shutting down and abandoning module TextureCompressor (30)
[2020.03.10-09.44.20:202][949]LogModuleManager: Shutting down and abandoning module ShaderCore (28)
[2020.03.10-09.44.20:202][949]LogModuleManager: Shutting down and abandoning module Landscape (26)
[2020.03.10-09.44.20:202][949]LogModuleManager: Shutting down and abandoning module SlateRHIRenderer (24)
[2020.03.10-09.44.20:203][949]LogModuleManager: Shutting down and abandoning module OpenGLDrv (22)
[2020.03.10-09.44.20:203][949]LogModuleManager: Shutting down and abandoning module D3D11RHI (20)
[2020.03.10-09.44.20:203][949]LogModuleManager: Shutting down and abandoning module AnimGraphRuntime (18)
[2020.03.10-09.44.20:203][949]LogModuleManager: Shutting down and abandoning module Renderer (16)
[2020.03.10-09.44.20:203][949]LogModuleManager: Shutting down and abandoning module Engine (14)
[2020.03.10-09.44.20:203][949]LogModuleManager: Shutting down and abandoning module CoreUObject (12)
[2020.03.10-09.44.20:203][949]LogModuleManager: Shutting down and abandoning module NetworkFile (10)
[2020.03.10-09.44.20:203][949]LogModuleManager: Shutting down and abandoning module CookedIterativeFile (8)
[2020.03.10-09.44.20:203][949]LogModuleManager: Shutting down and abandoning module StreamingFile (6)
[2020.03.10-09.44.20:203][949]LogModuleManager: Shutting down and abandoning module SandboxFile (4)
[2020.03.10-09.44.20:203][949]LogModuleManager: Shutting down and abandoning module PakFile (2)
[2020.03.10-09.44.20:207][949]LogExit: Exiting.
[2020.03.10-09.44.20:210][949]Log file closed, 03/10/20 09:44:20
