Log file open, 02/28/20 10:24:36
LogWindows: Failed to load 'aqProf.dll' (GetLastError=126)
LogWindows: File 'aqProf.dll' does not exist
LogWindows: Failed to load 'VtuneApi.dll' (GetLastError=126)
LogWindows: File 'VtuneApi.dll' does not exist
LogWindows: Failed to load 'VtuneApi32e.dll' (GetLastError=126)
LogWindows: File 'VtuneApi32e.dll' does not exist
LogConsoleResponse: Display: Failed to find resolution value strings in scalability ini. Falling back to default.
LogInit: Display: Running engine for game: MyProject2
LogPakFile: Registered encryption key '00000000000000000000000000000000': 0 pak files mounted, 0 remain pending
LogPlatformFile: Not using cached read wrapper
LogTaskGraph: Started task graph with 5 named threads and 26 total threads with 3 sets of task threads.
LogStats: Stats thread started at 0.286241
LogD3D11RHI: Loaded GFSDK_Aftermath_Lib.x64.dll
LogICUInternationalization: ICU TimeZone Detection - Raw Offset: +0:00, Platform Override: ''
LogPluginManager: Mounting plugin Paper2D
LogPluginManager: Mounting plugin AISupport
LogPluginManager: Mounting plugin LightPropagationVolume
LogPluginManager: Mounting plugin ActorLayerUtilities
LogPluginManager: Mounting plugin CLionSourceCodeAccess
LogPluginManager: Mounting plugin CodeLiteSourceCodeAccess
LogPluginManager: Mounting plugin GitSourceControl
LogPluginManager: Mounting plugin KDevelopSourceCodeAccess
LogPluginManager: Mounting plugin NullSourceCodeAccess
LogPluginManager: Mounting plugin PerforceSourceControl
LogPluginManager: Mounting plugin SubversionSourceControl
LogPluginManager: Mounting plugin UObjectPlugin
LogPluginManager: Mounting plugin VisualStudioCodeSourceCodeAccess
LogPluginManager: Mounting plugin VisualStudioSourceCodeAccess
LogPluginManager: Mounting plugin XCodeSourceCodeAccess
LogPluginManager: Mounting plugin AssetManagerEditor
LogPluginManager: Mounting plugin CryptoKeys
LogPluginManager: Mounting plugin DataValidation
LogPluginManager: Mounting plugin FacialAnimation
LogPluginManager: Mounting plugin GameplayTagsEditor
LogPluginManager: Mounting plugin MacGraphicsSwitching
LogPluginManager: Mounting plugin MeshEditor
LogPluginManager: Mounting plugin MobileLauncherProfileWizard
LogPluginManager: Mounting plugin PluginBrowser
LogPluginManager: Mounting plugin SpeedTreeImporter
LogPluginManager: Mounting plugin DatasmithContent
LogPluginManager: Mounting plugin VariantManagerContent
LogPluginManager: Mounting plugin AlembicImporter
LogPluginManager: Mounting plugin AppleImageUtils
LogPluginManager: Mounting plugin AppleVision
LogPluginManager: Mounting plugin BackChannel
LogPluginManager: Mounting plugin CharacterAI
LogPluginManager: Mounting plugin GeometryCache
LogPluginManager: Mounting plugin HTML5Networking
LogPluginManager: Mounting plugin ProxyLODPlugin
LogPluginManager: Mounting plugin MagicLeap
LogPluginManager: Mounting plugin MagicLeapMedia
LogPluginManager: Mounting plugin AndroidMedia
LogPluginManager: Mounting plugin AvfMedia
LogPluginManager: Mounting plugin ImgMedia
LogPluginManager: Mounting plugin LinearTimecode
LogPluginManager: Mounting plugin MediaCompositing
LogPluginManager: Mounting plugin MediaPlayerEditor
LogPluginManager: Mounting plugin WebMMedia
LogPluginManager: Mounting plugin WmfMedia
LogPluginManager: Mounting plugin TcpMessaging
LogPluginManager: Mounting plugin UdpMessaging
LogPluginManager: Mounting plugin ActorSequence
LogPluginManager: Mounting plugin LevelSequenceEditor
LogPluginManager: Mounting plugin MatineeToLevelSequence
LogPluginManager: Mounting plugin NetcodeUnitTest
LogPluginManager: Mounting plugin NUTUnrealEngine4
LogPluginManager: Mounting plugin OnlineSubsystemGooglePlay
LogPluginManager: Mounting plugin OnlineSubsystemIOS
LogPluginManager: Mounting plugin OnlineSubsystem
LogPluginManager: Mounting plugin OnlineSubsystemNull
LogPluginManager: Mounting plugin OnlineSubsystemUtils
LogPluginManager: Mounting plugin LauncherChunkInstaller
LogPluginManager: Mounting plugin AndroidDeviceProfileSelector
LogPluginManager: Mounting plugin AndroidMoviePlayer
LogPluginManager: Mounting plugin AndroidPermission
LogPluginManager: Mounting plugin AppleMoviePlayer
LogPluginManager: Mounting plugin ArchVisCharacter
LogPluginManager: Mounting plugin AudioCapture
LogPluginManager: Mounting plugin CableComponent
LogPluginManager: Mounting plugin CustomMeshComponent
LogPluginManager: Mounting plugin EditableMesh
LogPluginManager: Mounting plugin ExampleDeviceProfileSelector
LogPluginManager: Mounting plugin Firebase
LogPluginManager: Mounting plugin GoogleCloudMessaging
LogPluginManager: Mounting plugin IOSDeviceProfileSelector
LogPluginManager: Mounting plugin LinuxDeviceProfileSelector
LogPluginManager: Mounting plugin LocationServicesBPLibrary
LogPluginManager: Mounting plugin MobilePatchingUtils
LogPluginManager: Mounting plugin OculusVR
LogPluginManager: Mounting plugin PhysXVehicles
LogPluginManager: Mounting plugin ProceduralMeshComponent
LogPluginManager: Mounting plugin RuntimePhysXCooking
LogPluginManager: Mounting plugin SteamVR
LogPluginManager: Mounting plugin WebMMoviePlayer
LogPluginManager: Mounting plugin WindowsMoviePlayer
LogStreaming: Display: Took  0.042s to configure plugins.
LogInit: Using libcurl 7.55.1-DEV
LogInit:  - built for x86_64-pc-win32
LogInit:  - supports SSL with OpenSSL/1.0.2h
LogInit:  - supports HTTP deflate (compression) using libz 1.2.8
LogInit:  - other features:
LogInit:      CURL_VERSION_SSL
LogInit:      CURL_VERSION_LIBZ
LogInit:      CURL_VERSION_IPV6
LogInit:      CURL_VERSION_ASYNCHDNS
LogInit:      CURL_VERSION_LARGEFILE
LogInit:      CURL_VERSION_IDN
LogInit:  CurlRequestOptions (configurable via config and command line):
LogInit:  - bVerifyPeer = true  - Libcurl will verify peer certificate
LogInit:  - bUseHttpProxy = false  - Libcurl will NOT use HTTP proxy
LogInit:  - bDontReuseConnections = false  - Libcurl will reuse connections
LogInit:  - MaxHostConnections = 16  - Libcurl will limit the number of connections to a host
LogInit:  - LocalHostAddr = Default
LogInit:  - BufferSize = 65536
LogInit: WinSock: version 1.1 (2.2), MaxSocks=32767, MaxUdp=65467
LogInit: Build: ++UE4+Release-4.21-CL-4753647
LogInit: Engine Version: 4.21.2-4753647+++UE4+Release-4.21
LogInit: Compatible Engine Version: 4.21.0-4541578+++UE4+Release-4.21
LogInit: Net CL: 4541578
LogInit: OS: Windows 10 (), CPU: Intel(R) Core(TM) i7-9700K CPU @ 3.60GHz, GPU: NVIDIA GeForce RTX 2080
LogInit: Compiled (64-bit): Jan 19 2019 02:07:31
LogInit: Compiled with Visual C++: 19.13.26129.00
LogInit: Build Configuration: Development
LogInit: Branch Name: ++UE4+Release-4.21
LogInit: Command Line:  /Game/MainMenu -game -PIEVIACONSOLE -ResX=1280 -ResY=720 -Multiprocess -messaging -SessionName="Play in Standalone Game" -nohmd -windowed
LogInit: Base Directory: G:/UE_4.21/Engine/Binaries/Win64/
LogInit: Installed Engine Build: 1
LogDevObjectVersion: Number of dev versions registered: 22
LogDevObjectVersion:   Dev-Blueprints (B0D832E4-1F89-4F0D-ACCF-7EB736FD4AA2): 10
LogDevObjectVersion:   Dev-Build (E1C64328-A22C-4D53-A36C-8E866417BD8C): 0
LogDevObjectVersion:   Dev-Core (375EC13C-06E4-48FB-B500-84F0262A717E): 2
LogDevObjectVersion:   Dev-Editor (E4B068ED-F494-42E9-A231-DA0B2E46BB41): 26
LogDevObjectVersion:   Dev-Framework (CFFC743F-43B0-4480-9391-14DF171D2073): 34
LogDevObjectVersion:   Dev-Mobile (B02B49B5-BB20-44E9-A304-32B752E40360): 2
LogDevObjectVersion:   Dev-Networking (A4E4105C-59A1-49B5-A7C5-40C4547EDFEE): 0
LogDevObjectVersion:   Dev-Online (39C831C9-5AE6-47DC-9A44-9C173E1C8E7C): 0
LogDevObjectVersion:   Dev-Physics (78F01B33-EBEA-4F98-B9B4-84EACCB95AA2): 0
LogDevObjectVersion:   Dev-Platform (6631380F-2D4D-43E0-8009-CF276956A95A): 0
LogDevObjectVersion:   Dev-Rendering (12F88B9F-8875-4AFC-A67C-D90C383ABD29): 27
LogDevObjectVersion:   Dev-Sequencer (7B5AE74C-D270-4C10-A958-57980B212A5A): 9
LogDevObjectVersion:   Dev-VR (D7296918-1DD6-4BDD-9DE2-64A83CC13884): 2
LogDevObjectVersion:   Dev-LoadTimes (C2A15278-BFE7-4AFE-6C17-90FF531DF755): 1
LogDevObjectVersion:   Private-Geometry (6EACA3D4-40EC-4CC1-B786-8BED09428FC5): 3
LogDevObjectVersion:   Dev-AnimPhys (29E575DD-E0A3-4627-9D10-D276232CDCEA): 17
LogDevObjectVersion:   Dev-Anim (AF43A65D-7FD3-4947-9873-3E8ED9C1BB05): 2
LogDevObjectVersion:   Dev-ReflectionCapture (6B266CEC-1EC7-4B8F-A30B-E4D90942FC07): 1
LogDevObjectVersion:   Dev-Automation (0DF73D61-A23F-47EA-B727-89E90C41499A): 1
LogDevObjectVersion:   FortniteMain (601D1886-AC64-4F84-AA16-D3DE0DEAC7D6): 17
LogDevObjectVersion:   Dev-Enterprise (9DFFBCD6-494F-0158-E221-12823C92A888): 4
LogDevObjectVersion:   Dev-Niagara (F2AED0AC-9AFE-416F-8664-AA7FFA26D6FC): 1
LogStreaming: Display: Took  0.001s to delete old logs.
LogInit: Presizing for max 8388607 objects, including 0 objects not considered by GC, pre-allocating 0 bytes for permanent pool.
LogInit: Object subsystem initialized
LogConfig: Setting CVar [[con.DebugEarlyDefault:1]]
LogConfig: Setting CVar [[r.setres:1280x720]]
[2020.02.28-10.24.36:357][  0]LogConfig: Setting CVar [[con.DebugEarlyDefault:1]]
[2020.02.28-10.24.36:357][  0]LogConfig: Setting CVar [[r.setres:1280x720]]
[2020.02.28-10.24.36:357][  0]LogConfig: Applying CVar settings from Section [/Script/Engine.RendererSettings] File [D:/Uni Work/Game Jam/Hybrid-Games---Untitled-cybersled-game/Example project/Saved/Config/Windows/Engine.ini]
[2020.02.28-10.24.36:357][  0]LogConfig: Setting CVar [[r.GPUCrashDebugging:0]]
[2020.02.28-10.24.36:357][  0]LogConfig: Applying CVar settings from Section [/Script/Engine.RendererOverrideSettings] File [D:/Uni Work/Game Jam/Hybrid-Games---Untitled-cybersled-game/Example project/Saved/Config/Windows/Engine.ini]
[2020.02.28-10.24.36:357][  0]LogConfig: Applying CVar settings from Section [/Script/Engine.StreamingSettings] File [D:/Uni Work/Game Jam/Hybrid-Games---Untitled-cybersled-game/Example project/Saved/Config/Windows/Engine.ini]
[2020.02.28-10.24.36:357][  0]LogConfig: Setting CVar [[s.MinBulkDataSizeForAsyncLoading:131072]]
[2020.02.28-10.24.36:357][  0]LogConfig: Setting CVar [[s.AsyncLoadingThreadEnabled:0]]
[2020.02.28-10.24.36:357][  0]LogConfig: Setting CVar [[s.EventDrivenLoaderEnabled:1]]
[2020.02.28-10.24.36:357][  0]LogConfig: Setting CVar [[s.WarnIfTimeLimitExceeded:0]]
[2020.02.28-10.24.36:357][  0]LogConfig: Setting CVar [[s.TimeLimitExceededMultiplier:1.5]]
[2020.02.28-10.24.36:357][  0]LogConfig: Setting CVar [[s.TimeLimitExceededMinTime:0.005]]
[2020.02.28-10.24.36:357][  0]LogConfig: Setting CVar [[s.UseBackgroundLevelStreaming:1]]
[2020.02.28-10.24.36:357][  0]LogConfig: Setting CVar [[s.PriorityAsyncLoadingExtraTime:15.0]]
[2020.02.28-10.24.36:357][  0]LogConfig: Setting CVar [[s.LevelStreamingActorsUpdateTimeLimit:5.0]]
[2020.02.28-10.24.36:357][  0]LogConfig: Setting CVar [[s.PriorityLevelStreamingActorsUpdateExtraTime:5.0]]
[2020.02.28-10.24.36:357][  0]LogConfig: Setting CVar [[s.LevelStreamingComponentsRegistrationGranularity:10]]
[2020.02.28-10.24.36:357][  0]LogConfig: Setting CVar [[s.UnregisterComponentsTimeLimit:1.0]]
[2020.02.28-10.24.36:357][  0]LogConfig: Setting CVar [[s.LevelStreamingComponentsUnregistrationGranularity:5]]
[2020.02.28-10.24.36:357][  0]LogConfig: Applying CVar settings from Section [/Script/Engine.GarbageCollectionSettings] File [D:/Uni Work/Game Jam/Hybrid-Games---Untitled-cybersled-game/Example project/Saved/Config/Windows/Engine.ini]
[2020.02.28-10.24.36:357][  0]LogConfig: Setting CVar [[gc.MaxObjectsNotConsideredByGC:1]]
[2020.02.28-10.24.36:357][  0]LogConfig: Setting CVar [[gc.SizeOfPermanentObjectPool:0]]
[2020.02.28-10.24.36:357][  0]LogConfig: Setting CVar [[gc.FlushStreamingOnGC:0]]
[2020.02.28-10.24.36:357][  0]LogConfig: Setting CVar [[gc.NumRetriesBeforeForcingGC:10]]
[2020.02.28-10.24.36:357][  0]LogConfig: Setting CVar [[gc.AllowParallelGC:1]]
[2020.02.28-10.24.36:357][  0]LogConfig: Setting CVar [[gc.TimeBetweenPurgingPendingKillObjects:61.1]]
[2020.02.28-10.24.36:357][  0]LogConfig: Setting CVar [[gc.MaxObjectsInEditor:8388607]]
[2020.02.28-10.24.36:357][  0]LogConfig: Setting CVar [[gc.IncrementalBeginDestroyEnabled:1]]
[2020.02.28-10.24.36:357][  0]LogConfig: Setting CVar [[gc.CreateGCClusters:1]]
[2020.02.28-10.24.36:357][  0]LogConfig: Setting CVar [[gc.MergeGCClusters:0]]
[2020.02.28-10.24.36:357][  0]LogConfig: Setting CVar [[gc.MinGCClusterSize:5]]
[2020.02.28-10.24.36:357][  0]LogConfig: Setting CVar [[gc.ActorClusteringEnabled:0]]
[2020.02.28-10.24.36:357][  0]LogConfig: Setting CVar [[gc.BlueprintClusteringEnabled:0]]
[2020.02.28-10.24.36:357][  0]LogConfig: Setting CVar [[gc.UseDisregardForGCOnDedicatedServers:0]]
[2020.02.28-10.24.36:357][  0]LogConfig: Applying CVar settings from Section [/Script/Engine.NetworkSettings] File [D:/Uni Work/Game Jam/Hybrid-Games---Untitled-cybersled-game/Example project/Saved/Config/Windows/Engine.ini]
[2020.02.28-10.24.36:357][  0]LogConfig: Applying CVar settings from Section [/Script/UnrealEd.CookerSettings] File [D:/Uni Work/Game Jam/Hybrid-Games---Untitled-cybersled-game/Example project/Saved/Config/Windows/Engine.ini]
[2020.02.28-10.24.36:359][  0]LogConfig: Applying CVar settings from Section [ViewDistanceQuality@3] File [D:/Uni Work/Game Jam/Hybrid-Games---Untitled-cybersled-game/Example project/Saved/Config/Windows/Scalability.ini]
[2020.02.28-10.24.36:359][  0]LogConfig: Setting CVar [[r.SkeletalMeshLODBias:0]]
[2020.02.28-10.24.36:359][  0]LogConfig: Setting CVar [[r.ViewDistanceScale:1.0]]
[2020.02.28-10.24.36:359][  0]LogConfig: Applying CVar settings from Section [AntiAliasingQuality@3] File [D:/Uni Work/Game Jam/Hybrid-Games---Untitled-cybersled-game/Example project/Saved/Config/Windows/Scalability.ini]
[2020.02.28-10.24.36:359][  0]LogConfig: Setting CVar [[r.PostProcessAAQuality:4]]
[2020.02.28-10.24.36:359][  0]LogConfig: Applying CVar settings from Section [ShadowQuality@3] File [D:/Uni Work/Game Jam/Hybrid-Games---Untitled-cybersled-game/Example project/Saved/Config/Windows/Scalability.ini]
[2020.02.28-10.24.36:359][  0]LogConfig: Setting CVar [[r.LightFunctionQuality:1]]
[2020.02.28-10.24.36:359][  0]LogConfig: Setting CVar [[r.ShadowQuality:5]]
[2020.02.28-10.24.36:359][  0]LogConfig: Setting CVar [[r.Shadow.CSM.MaxCascades:10]]
[2020.02.28-10.24.36:359][  0]LogConfig: Setting CVar [[r.Shadow.MaxResolution:2048]]
[2020.02.28-10.24.36:359][  0]LogConfig: Setting CVar [[r.Shadow.MaxCSMResolution:2048]]
[2020.02.28-10.24.36:359][  0]LogConfig: Setting CVar [[r.Shadow.RadiusThreshold:0.01]]
[2020.02.28-10.24.36:359][  0]LogConfig: Setting CVar [[r.Shadow.DistanceScale:1.0]]
[2020.02.28-10.24.36:359][  0]LogConfig: Setting CVar [[r.Shadow.CSM.TransitionScale:1.0]]
[2020.02.28-10.24.36:359][  0]LogConfig: Setting CVar [[r.Shadow.PreShadowResolutionFactor:1.0]]
[2020.02.28-10.24.36:359][  0]LogConfig: Setting CVar [[r.DistanceFieldShadowing:1]]
[2020.02.28-10.24.36:359][  0]LogConfig: Setting CVar [[r.DistanceFieldAO:1]]
[2020.02.28-10.24.36:359][  0]LogConfig: Setting CVar [[r.AOQuality:2]]
[2020.02.28-10.24.36:359][  0]LogConfig: Setting CVar [[r.VolumetricFog:1]]
[2020.02.28-10.24.36:359][  0]LogConfig: Setting CVar [[r.VolumetricFog.GridPixelSize:8]]
[2020.02.28-10.24.36:359][  0]LogConfig: Setting CVar [[r.VolumetricFog.GridSizeZ:128]]
[2020.02.28-10.24.36:359][  0]LogConfig: Setting CVar [[r.VolumetricFog.HistoryMissSupersampleCount:4]]
[2020.02.28-10.24.36:359][  0]LogConfig: Setting CVar [[r.LightMaxDrawDistanceScale:1]]
[2020.02.28-10.24.36:359][  0]LogConfig: Setting CVar [[r.CapsuleShadows:1]]
[2020.02.28-10.24.36:359][  0]LogConfig: Applying CVar settings from Section [PostProcessQuality@3] File [D:/Uni Work/Game Jam/Hybrid-Games---Untitled-cybersled-game/Example project/Saved/Config/Windows/Scalability.ini]
[2020.02.28-10.24.36:359][  0]LogConfig: Setting CVar [[r.MotionBlurQuality:4]]
[2020.02.28-10.24.36:359][  0]LogConfig: Setting CVar [[r.AmbientOcclusionMipLevelFactor:0.4]]
[2020.02.28-10.24.36:359][  0]LogConfig: Setting CVar [[r.AmbientOcclusionMaxQuality:100]]
[2020.02.28-10.24.36:359][  0]LogConfig: Setting CVar [[r.AmbientOcclusionLevels:-1]]
[2020.02.28-10.24.36:359][  0]LogConfig: Setting CVar [[r.AmbientOcclusionRadiusScale:1.0]]
[2020.02.28-10.24.36:359][  0]LogConfig: Setting CVar [[r.DepthOfFieldQuality:2]]
[2020.02.28-10.24.36:359][  0]LogConfig: Setting CVar [[r.RenderTargetPoolMin:400]]
[2020.02.28-10.24.36:359][  0]LogConfig: Setting CVar [[r.LensFlareQuality:2]]
[2020.02.28-10.24.36:359][  0]LogConfig: Setting CVar [[r.SceneColorFringeQuality:1]]
[2020.02.28-10.24.36:359][  0]LogConfig: Setting CVar [[r.EyeAdaptationQuality:2]]
[2020.02.28-10.24.36:359][  0]LogConfig: Setting CVar [[r.BloomQuality:5]]
[2020.02.28-10.24.36:359][  0]LogConfig: Setting CVar [[r.FastBlurThreshold:100]]
[2020.02.28-10.24.36:359][  0]LogConfig: Setting CVar [[r.Upscale.Quality:3]]
[2020.02.28-10.24.36:359][  0]LogConfig: Setting CVar [[r.Tonemapper.GrainQuantization:1]]
[2020.02.28-10.24.36:359][  0]LogConfig: Setting CVar [[r.LightShaftQuality:1]]
[2020.02.28-10.24.36:359][  0]LogConfig: Setting CVar [[r.Filter.SizeScale:1]]
[2020.02.28-10.24.36:359][  0]LogConfig: Setting CVar [[r.Tonemapper.Quality:5]]
[2020.02.28-10.24.36:359][  0]LogConfig: Setting CVar [[r.DOF.Gather.AccumulatorQuality:1        ; higher gathering accumulator quality]]
[2020.02.28-10.24.36:359][  0]LogConfig: Setting CVar [[r.DOF.Gather.PostfilterMethod:1          ; Median3x3 postfilering method]]
[2020.02.28-10.24.36:359][  0]LogConfig: Setting CVar [[r.DOF.Gather.EnableBokehSettings:0       ; no bokeh simulation when gathering]]
[2020.02.28-10.24.36:359][  0]LogConfig: Setting CVar [[r.DOF.Gather.RingCount:4                 ; medium number of samples when gathering]]
[2020.02.28-10.24.36:359][  0]LogConfig: Setting CVar [[r.DOF.Scatter.ForegroundCompositing:1    ; additive foreground scattering]]
[2020.02.28-10.24.36:359][  0]LogConfig: Setting CVar [[r.DOF.Scatter.BackgroundCompositing:2    ; additive background scattering]]
[2020.02.28-10.24.36:359][  0]LogConfig: Setting CVar [[r.DOF.Scatter.EnableBokehSettings:1      ; bokeh simulation when scattering]]
[2020.02.28-10.24.36:359][  0]LogConfig: Setting CVar [[r.DOF.Scatter.MaxSpriteRatio:0.1         ; only a maximum of 10% of scattered bokeh]]
[2020.02.28-10.24.36:359][  0]LogConfig: Setting CVar [[r.DOF.Recombine.Quality:1                ; cheap slight out of focus]]
[2020.02.28-10.24.36:359][  0]LogConfig: Setting CVar [[r.DOF.Recombine.EnableBokehSettings:0    ; no bokeh simulation on slight out of focus]]
[2020.02.28-10.24.36:359][  0]LogConfig: Setting CVar [[r.DOF.TemporalAAQuality:1                ; more stable temporal accumulation]]
[2020.02.28-10.24.36:359][  0]LogConfig: Setting CVar [[r.DOF.Kernel.MaxForegroundRadius:0.025]]
[2020.02.28-10.24.36:360][  0]LogConfig: Setting CVar [[r.DOF.Kernel.MaxBackgroundRadius:0.025]]
[2020.02.28-10.24.36:360][  0]LogConfig: Applying CVar settings from Section [TextureQuality@3] File [D:/Uni Work/Game Jam/Hybrid-Games---Untitled-cybersled-game/Example project/Saved/Config/Windows/Scalability.ini]
[2020.02.28-10.24.36:360][  0]LogConfig: Setting CVar [[r.Streaming.MipBias:0]]
[2020.02.28-10.24.36:360][  0]LogConfig: Setting CVar [[r.Streaming.AmortizeCPUToGPUCopy:0]]
[2020.02.28-10.24.36:360][  0]LogConfig: Setting CVar [[r.Streaming.MaxNumTexturesToStreamPerFrame:0]]
[2020.02.28-10.24.36:360][  0]LogConfig: Setting CVar [[r.Streaming.Boost:1]]
[2020.02.28-10.24.36:360][  0]LogConfig: Setting CVar [[r.MaxAnisotropy:8]]
[2020.02.28-10.24.36:360][  0]LogConfig: Setting CVar [[r.Streaming.LimitPoolSizeToVRAM:0]]
[2020.02.28-10.24.36:360][  0]LogConfig: Setting CVar [[r.Streaming.PoolSize:1000]]
[2020.02.28-10.24.36:360][  0]LogConfig: Setting CVar [[r.Streaming.MaxEffectiveScreenSize:0]]
[2020.02.28-10.24.36:360][  0]LogConfig: Applying CVar settings from Section [EffectsQuality@3] File [D:/Uni Work/Game Jam/Hybrid-Games---Untitled-cybersled-game/Example project/Saved/Config/Windows/Scalability.ini]
[2020.02.28-10.24.36:360][  0]LogConfig: Setting CVar [[r.TranslucencyLightingVolumeDim:64]]
[2020.02.28-10.24.36:360][  0]LogConfig: Setting CVar [[r.RefractionQuality:2]]
[2020.02.28-10.24.36:360][  0]LogConfig: Setting CVar [[r.SSR.Quality:3]]
[2020.02.28-10.24.36:360][  0]LogConfig: Setting CVar [[r.SceneColorFormat:4]]
[2020.02.28-10.24.36:360][  0]LogConfig: Setting CVar [[r.DetailMode:2]]
[2020.02.28-10.24.36:360][  0]LogConfig: Setting CVar [[r.TranslucencyVolumeBlur:1]]
[2020.02.28-10.24.36:360][  0]LogConfig: Setting CVar [[r.MaterialQualityLevel:1 ; High quality]]
[2020.02.28-10.24.36:360][  0]LogConfig: Setting CVar [[r.SSS.Scale:1]]
[2020.02.28-10.24.36:360][  0]LogConfig: Setting CVar [[r.SSS.SampleSet:2]]
[2020.02.28-10.24.36:360][  0]LogConfig: Setting CVar [[r.SSS.Quality:1]]
[2020.02.28-10.24.36:360][  0]LogConfig: Setting CVar [[r.SSS.HalfRes:1]]
[2020.02.28-10.24.36:360][  0]LogConfig: Setting CVar [[r.EmitterSpawnRateScale:1.0]]
[2020.02.28-10.24.36:360][  0]LogConfig: Setting CVar [[r.ParticleLightQuality:2]]
[2020.02.28-10.24.36:360][  0]LogConfig: Applying CVar settings from Section [FoliageQuality@3] File [D:/Uni Work/Game Jam/Hybrid-Games---Untitled-cybersled-game/Example project/Saved/Config/Windows/Scalability.ini]
[2020.02.28-10.24.36:360][  0]LogConfig: Setting CVar [[foliage.DensityScale:1.0]]
[2020.02.28-10.24.36:360][  0]LogConfig: Setting CVar [[grass.DensityScale:1.0]]
[2020.02.28-10.24.36:360][  0]LogInit: Selected Device Profile: [Windows]
[2020.02.28-10.24.36:360][  0]LogInit: Applying CVar settings loaded from the selected device profile: [Windows]
[2020.02.28-10.24.36:362][  0]LogHAL: Display: Platform has ~ 16 GB [17115348992 / 17179869184 / 16], which maps to Larger [LargestMinGB=32, LargerMinGB=12, DefaultMinGB=8, SmallerMinGB=6, SmallestMinGB=0)
[2020.02.28-10.24.36:362][  0]LogConfig: Setting CVar [[r.Vulkan.UseRealUBs:1]]
[2020.02.28-10.24.36:362][  0]LogInit: Going up to parent DeviceProfile []
[2020.02.28-10.24.36:363][  0]LogConfig: Applying CVar settings from Section [ViewDistanceQuality@3] File [D:/Uni Work/Game Jam/Hybrid-Games---Untitled-cybersled-game/Example project/Saved/Config/Windows/Scalability.ini]
[2020.02.28-10.24.36:363][  0]LogConfig: Setting CVar [[r.SkeletalMeshLODBias:0]]
[2020.02.28-10.24.36:363][  0]LogConfig: Setting CVar [[r.ViewDistanceScale:1.0]]
[2020.02.28-10.24.36:363][  0]LogConfig: Applying CVar settings from Section [AntiAliasingQuality@3] File [D:/Uni Work/Game Jam/Hybrid-Games---Untitled-cybersled-game/Example project/Saved/Config/Windows/Scalability.ini]
[2020.02.28-10.24.36:363][  0]LogConfig: Setting CVar [[r.PostProcessAAQuality:4]]
[2020.02.28-10.24.36:363][  0]LogConfig: Applying CVar settings from Section [ShadowQuality@3] File [D:/Uni Work/Game Jam/Hybrid-Games---Untitled-cybersled-game/Example project/Saved/Config/Windows/Scalability.ini]
[2020.02.28-10.24.36:363][  0]LogConfig: Setting CVar [[r.LightFunctionQuality:1]]
[2020.02.28-10.24.36:363][  0]LogConfig: Setting CVar [[r.ShadowQuality:5]]
[2020.02.28-10.24.36:363][  0]LogConfig: Setting CVar [[r.Shadow.CSM.MaxCascades:10]]
[2020.02.28-10.24.36:363][  0]LogConfig: Setting CVar [[r.Shadow.MaxResolution:2048]]
[2020.02.28-10.24.36:363][  0]LogConfig: Setting CVar [[r.Shadow.MaxCSMResolution:2048]]
[2020.02.28-10.24.36:363][  0]LogConfig: Setting CVar [[r.Shadow.RadiusThreshold:0.01]]
[2020.02.28-10.24.36:363][  0]LogConfig: Setting CVar [[r.Shadow.DistanceScale:1.0]]
[2020.02.28-10.24.36:363][  0]LogConfig: Setting CVar [[r.Shadow.CSM.TransitionScale:1.0]]
[2020.02.28-10.24.36:363][  0]LogConfig: Setting CVar [[r.Shadow.PreShadowResolutionFactor:1.0]]
[2020.02.28-10.24.36:363][  0]LogConfig: Setting CVar [[r.DistanceFieldShadowing:1]]
[2020.02.28-10.24.36:363][  0]LogConfig: Setting CVar [[r.DistanceFieldAO:1]]
[2020.02.28-10.24.36:363][  0]LogConfig: Setting CVar [[r.AOQuality:2]]
[2020.02.28-10.24.36:363][  0]LogConfig: Setting CVar [[r.VolumetricFog:1]]
[2020.02.28-10.24.36:363][  0]LogConfig: Setting CVar [[r.VolumetricFog.GridPixelSize:8]]
[2020.02.28-10.24.36:363][  0]LogConfig: Setting CVar [[r.VolumetricFog.GridSizeZ:128]]
[2020.02.28-10.24.36:363][  0]LogConfig: Setting CVar [[r.VolumetricFog.HistoryMissSupersampleCount:4]]
[2020.02.28-10.24.36:363][  0]LogConfig: Setting CVar [[r.LightMaxDrawDistanceScale:1]]
[2020.02.28-10.24.36:363][  0]LogConfig: Setting CVar [[r.CapsuleShadows:1]]
[2020.02.28-10.24.36:363][  0]LogConfig: Applying CVar settings from Section [PostProcessQuality@3] File [D:/Uni Work/Game Jam/Hybrid-Games---Untitled-cybersled-game/Example project/Saved/Config/Windows/Scalability.ini]
[2020.02.28-10.24.36:363][  0]LogConfig: Setting CVar [[r.MotionBlurQuality:4]]
[2020.02.28-10.24.36:363][  0]LogConfig: Setting CVar [[r.AmbientOcclusionMipLevelFactor:0.4]]
[2020.02.28-10.24.36:363][  0]LogConfig: Setting CVar [[r.AmbientOcclusionMaxQuality:100]]
[2020.02.28-10.24.36:363][  0]LogConfig: Setting CVar [[r.AmbientOcclusionLevels:-1]]
[2020.02.28-10.24.36:363][  0]LogConfig: Setting CVar [[r.AmbientOcclusionRadiusScale:1.0]]
[2020.02.28-10.24.36:363][  0]LogConfig: Setting CVar [[r.DepthOfFieldQuality:2]]
[2020.02.28-10.24.36:363][  0]LogConfig: Setting CVar [[r.RenderTargetPoolMin:400]]
[2020.02.28-10.24.36:363][  0]LogConfig: Setting CVar [[r.LensFlareQuality:2]]
[2020.02.28-10.24.36:363][  0]LogConfig: Setting CVar [[r.SceneColorFringeQuality:1]]
[2020.02.28-10.24.36:363][  0]LogConfig: Setting CVar [[r.EyeAdaptationQuality:2]]
[2020.02.28-10.24.36:363][  0]LogConfig: Setting CVar [[r.BloomQuality:5]]
[2020.02.28-10.24.36:363][  0]LogConfig: Setting CVar [[r.FastBlurThreshold:100]]
[2020.02.28-10.24.36:363][  0]LogConfig: Setting CVar [[r.Upscale.Quality:3]]
[2020.02.28-10.24.36:363][  0]LogConfig: Setting CVar [[r.Tonemapper.GrainQuantization:1]]
[2020.02.28-10.24.36:363][  0]LogConfig: Setting CVar [[r.LightShaftQuality:1]]
[2020.02.28-10.24.36:363][  0]LogConfig: Setting CVar [[r.Filter.SizeScale:1]]
[2020.02.28-10.24.36:363][  0]LogConfig: Setting CVar [[r.Tonemapper.Quality:5]]
[2020.02.28-10.24.36:363][  0]LogConfig: Setting CVar [[r.DOF.Gather.AccumulatorQuality:1        ; higher gathering accumulator quality]]
[2020.02.28-10.24.36:363][  0]LogConfig: Setting CVar [[r.DOF.Gather.PostfilterMethod:1          ; Median3x3 postfilering method]]
[2020.02.28-10.24.36:363][  0]LogConfig: Setting CVar [[r.DOF.Gather.EnableBokehSettings:0       ; no bokeh simulation when gathering]]
[2020.02.28-10.24.36:363][  0]LogConfig: Setting CVar [[r.DOF.Gather.RingCount:4                 ; medium number of samples when gathering]]
[2020.02.28-10.24.36:363][  0]LogConfig: Setting CVar [[r.DOF.Scatter.ForegroundCompositing:1    ; additive foreground scattering]]
[2020.02.28-10.24.36:363][  0]LogConfig: Setting CVar [[r.DOF.Scatter.BackgroundCompositing:2    ; additive background scattering]]
[2020.02.28-10.24.36:363][  0]LogConfig: Setting CVar [[r.DOF.Scatter.EnableBokehSettings:1      ; bokeh simulation when scattering]]
[2020.02.28-10.24.36:363][  0]LogConfig: Setting CVar [[r.DOF.Scatter.MaxSpriteRatio:0.1         ; only a maximum of 10% of scattered bokeh]]
[2020.02.28-10.24.36:363][  0]LogConfig: Setting CVar [[r.DOF.Recombine.Quality:1                ; cheap slight out of focus]]
[2020.02.28-10.24.36:363][  0]LogConfig: Setting CVar [[r.DOF.Recombine.EnableBokehSettings:0    ; no bokeh simulation on slight out of focus]]
[2020.02.28-10.24.36:363][  0]LogConfig: Setting CVar [[r.DOF.TemporalAAQuality:1                ; more stable temporal accumulation]]
[2020.02.28-10.24.36:363][  0]LogConfig: Setting CVar [[r.DOF.Kernel.MaxForegroundRadius:0.025]]
[2020.02.28-10.24.36:363][  0]LogConfig: Setting CVar [[r.DOF.Kernel.MaxBackgroundRadius:0.025]]
[2020.02.28-10.24.36:363][  0]LogConfig: Applying CVar settings from Section [TextureQuality@3] File [D:/Uni Work/Game Jam/Hybrid-Games---Untitled-cybersled-game/Example project/Saved/Config/Windows/Scalability.ini]
[2020.02.28-10.24.36:363][  0]LogConfig: Setting CVar [[r.Streaming.MipBias:0]]
[2020.02.28-10.24.36:363][  0]LogConfig: Setting CVar [[r.Streaming.AmortizeCPUToGPUCopy:0]]
[2020.02.28-10.24.36:363][  0]LogConfig: Setting CVar [[r.Streaming.MaxNumTexturesToStreamPerFrame:0]]
[2020.02.28-10.24.36:363][  0]LogConfig: Setting CVar [[r.Streaming.Boost:1]]
[2020.02.28-10.24.36:363][  0]LogConfig: Setting CVar [[r.MaxAnisotropy:8]]
[2020.02.28-10.24.36:363][  0]LogConfig: Setting CVar [[r.Streaming.LimitPoolSizeToVRAM:0]]
[2020.02.28-10.24.36:363][  0]LogConfig: Setting CVar [[r.Streaming.PoolSize:1000]]
[2020.02.28-10.24.36:363][  0]LogConfig: Setting CVar [[r.Streaming.MaxEffectiveScreenSize:0]]
[2020.02.28-10.24.36:363][  0]LogConfig: Applying CVar settings from Section [EffectsQuality@3] File [D:/Uni Work/Game Jam/Hybrid-Games---Untitled-cybersled-game/Example project/Saved/Config/Windows/Scalability.ini]
[2020.02.28-10.24.36:363][  0]LogConfig: Setting CVar [[r.TranslucencyLightingVolumeDim:64]]
[2020.02.28-10.24.36:363][  0]LogConfig: Setting CVar [[r.RefractionQuality:2]]
[2020.02.28-10.24.36:363][  0]LogConfig: Setting CVar [[r.SSR.Quality:3]]
[2020.02.28-10.24.36:363][  0]LogConfig: Setting CVar [[r.SceneColorFormat:4]]
[2020.02.28-10.24.36:363][  0]LogConfig: Setting CVar [[r.DetailMode:2]]
[2020.02.28-10.24.36:363][  0]LogConfig: Setting CVar [[r.TranslucencyVolumeBlur:1]]
[2020.02.28-10.24.36:363][  0]LogConfig: Setting CVar [[r.MaterialQualityLevel:1 ; High quality]]
[2020.02.28-10.24.36:363][  0]LogConfig: Setting CVar [[r.SSS.Scale:1]]
[2020.02.28-10.24.36:363][  0]LogConfig: Setting CVar [[r.SSS.SampleSet:2]]
[2020.02.28-10.24.36:363][  0]LogConfig: Setting CVar [[r.SSS.Quality:1]]
[2020.02.28-10.24.36:363][  0]LogConfig: Setting CVar [[r.SSS.HalfRes:1]]
[2020.02.28-10.24.36:363][  0]LogConfig: Setting CVar [[r.EmitterSpawnRateScale:1.0]]
[2020.02.28-10.24.36:363][  0]LogConfig: Setting CVar [[r.ParticleLightQuality:2]]
[2020.02.28-10.24.36:363][  0]LogConfig: Applying CVar settings from Section [FoliageQuality@3] File [D:/Uni Work/Game Jam/Hybrid-Games---Untitled-cybersled-game/Example project/Saved/Config/Windows/Scalability.ini]
[2020.02.28-10.24.36:363][  0]LogConfig: Setting CVar [[foliage.DensityScale:1.0]]
[2020.02.28-10.24.36:363][  0]LogConfig: Setting CVar [[grass.DensityScale:1.0]]
[2020.02.28-10.24.36:363][  0]LogConfig: Applying CVar settings from Section [Startup] File [../../../Engine/Config/ConsoleVariables.ini]
[2020.02.28-10.24.36:363][  0]LogConfig: Setting CVar [[net.UseAdaptiveNetUpdateFrequency:0]]
[2020.02.28-10.24.36:363][  0]LogConfig: Applying CVar settings from Section [ConsoleVariables] File [D:/Uni Work/Game Jam/Hybrid-Games---Untitled-cybersled-game/Example project/Saved/Config/Windows/Engine.ini]
[2020.02.28-10.24.36:364][  0]LogInit: Computer: RINGO
[2020.02.28-10.24.36:364][  0]LogInit: User: Shtrs
[2020.02.28-10.24.36:364][  0]LogInit: CPU Page size=4096, Cores=8
[2020.02.28-10.24.36:364][  0]LogInit: High frequency timer resolution =10.000000 MHz
[2020.02.28-10.24.36:364][  0]LogMemory: Memory total: Physical=15.9GB (16GB approx)
[2020.02.28-10.24.36:364][  0]LogMemory: Platform Memory Stats for Windows
[2020.02.28-10.24.36:364][  0]LogMemory: Process Physical Memory: 104.61 MB used, 104.61 MB peak
[2020.02.28-10.24.36:364][  0]LogMemory: Process Virtual Memory: 90.07 MB used, 90.07 MB peak
[2020.02.28-10.24.36:364][  0]LogMemory: Physical Memory: 6999.18 MB used,  9323.29 MB free, 16322.47 MB total
[2020.02.28-10.24.36:364][  0]LogMemory: Virtual Memory: 4638.25 MB used,  134213088.00 MB free, 134217728.00 MB total
[2020.02.28-10.24.36:376][  0]LogInit: Using OS detected language (en-GB).
[2020.02.28-10.24.36:376][  0]LogInit: Using OS detected locale (en-GB).
[2020.02.28-10.24.36:376][  0]LogTextLocalizationManager: No specific localization for 'en-GB' exists, so the 'en' localization will be used.
[2020.02.28-10.24.36:639][  0]LogStreaming: Display: Took  0.263s to InitEngineTextLocalization.
[2020.02.28-10.24.36:650][  0]LogSlate: New Slate User Created.  User Index 0, Is Virtual User: 0
[2020.02.28-10.24.36:650][  0]LogSlate: Slate User Registered.  User Index 0, Is Virtual User: 0
[2020.02.28-10.24.36:653][  0]LogD3D11RHI: D3D11 adapters:
[2020.02.28-10.24.36:699][  0]LogD3D11RHI:    0. 'NVIDIA GeForce RTX 2080' (Feature Level 11_0)
[2020.02.28-10.24.36:699][  0]LogD3D11RHI:       8010/0/8161 MB DedicatedVideo/DedicatedSystem/SharedSystem, Outputs:1, VendorId:0x10de
[2020.02.28-10.24.36:701][  0]LogD3D11RHI:    1. 'Microsoft Basic Render Driver' (Feature Level 11_0)
[2020.02.28-10.24.36:701][  0]LogD3D11RHI:       0/0/8161 MB DedicatedVideo/DedicatedSystem/SharedSystem, Outputs:0, VendorId:0x1414
[2020.02.28-10.24.36:701][  0]LogD3D11RHI: Chosen D3D11 Adapter: 0
[2020.02.28-10.24.36:707][  0]LogD3D11RHI: Creating new Direct3DDevice
[2020.02.28-10.24.36:707][  0]LogD3D11RHI:     GPU DeviceId: 0x1e87 (for the marketing name, search the web for "GPU Device Id")
[2020.02.28-10.24.36:707][  0]LogWindows: EnumDisplayDevices:
[2020.02.28-10.24.36:707][  0]LogWindows:    0. 'NVIDIA GeForce RTX 2080' (P:1 D:1)
[2020.02.28-10.24.36:707][  0]LogWindows:    1. 'NVIDIA GeForce RTX 2080' (P:0 D:0)
[2020.02.28-10.24.36:707][  0]LogWindows:    2. 'NVIDIA GeForce RTX 2080' (P:0 D:0)
[2020.02.28-10.24.36:708][  0]LogWindows:    3. 'NVIDIA GeForce RTX 2080' (P:0 D:0)
[2020.02.28-10.24.36:708][  0]LogWindows: DebugString: FoundDriverCount:4 
[2020.02.28-10.24.36:708][  0]LogD3D11RHI:     Adapter Name: NVIDIA GeForce RTX 2080
[2020.02.28-10.24.36:708][  0]LogD3D11RHI:   Driver Version: 441.20 (internal:26.21.14.4120, unified:441.20)
[2020.02.28-10.24.36:708][  0]LogD3D11RHI:      Driver Date: 11-6-2019
[2020.02.28-10.24.36:708][  0]LogRHI: Texture pool is 5607 MB (70% of 8010 MB)
[2020.02.28-10.24.36:744][  0]LogD3D11RHI: Async texture creation enabled
[2020.02.28-10.24.36:754][  0]LogD3D11RHI: GPU Timing Frequency: 1000.000000 (Debug: 2 1)
[2020.02.28-10.24.36:937][  0]LogTemp: Display: Loaded TP WindowsClientTargetPlatform
[2020.02.28-10.24.36:946][  0]LogTemp: Display: Loaded TP WindowsNoEditorTargetPlatform
[2020.02.28-10.24.36:954][  0]LogTemp: Display: Loaded TP WindowsServerTargetPlatform
[2020.02.28-10.24.36:958][  0]LogTemp: Display: Loaded TP WindowsTargetPlatform
[2020.02.28-10.24.36:958][  0]LogTargetPlatformManager: Display: Building Assets For Windows
[2020.02.28-10.24.36:987][  0]LogShaderCompilers: Guid format shader working directory is -29 characters bigger than the processId version (D:/Uni Work/Game Jam/Hybrid-Games---Untitled-cybersled-game/Example project/Intermediate/Shaders/WorkingDirectory/3540/).
[2020.02.28-10.24.36:987][  0]LogShaderCompilers: Cleaned the shader compiler working directory 'C:/Users/Shtrs/AppData/Local/Temp/UnrealShaderWorkingDir/55D73BE148B2B8298A524C84C17D3EDC/'.
[2020.02.28-10.24.36:988][  0]LogXGEController: Cannot use XGE Controller as Incredibuild is not installed on this machine.
[2020.02.28-10.24.36:988][  0]LogShaderCompilers: Cannot use XGE Shader Compiler as Incredibuild is not installed on this machine.
[2020.02.28-10.24.36:988][  0]LogShaderCompilers: Display: Using Local Shader Compiler.
[2020.02.28-10.24.37:378][  0]LogDerivedDataCache: Display: Max Cache Size: 512 MB
[2020.02.28-10.24.37:416][  0]LogDerivedDataCache: Loaded boot cache 0.04s 71MB C:/Users/Shtrs/AppData/Local/UnrealEngine/4.21/DerivedDataCache/Boot.ddc.
[2020.02.28-10.24.37:416][  0]LogDerivedDataCache: Display: Loaded Boot cache: C:/Users/Shtrs/AppData/Local/UnrealEngine/4.21/DerivedDataCache/Boot.ddc
[2020.02.28-10.24.37:416][  0]LogDerivedDataCache: FDerivedDataBackendGraph:  Pak pak cache file D:/Uni Work/Game Jam/Hybrid-Games---Untitled-cybersled-game/Example project/DerivedDataCache/DDC.ddp not found, will not use a pak cache.
[2020.02.28-10.24.37:416][  0]LogDerivedDataCache: Unable to find inner node Pak for hierarchical cache Hierarchy.
[2020.02.28-10.24.37:416][  0]LogDerivedDataCache: FDerivedDataBackendGraph:  CompressedPak pak cache file D:/Uni Work/Game Jam/Hybrid-Games---Untitled-cybersled-game/Example project/DerivedDataCache/Compressed.ddp not found, will not use a pak cache.
[2020.02.28-10.24.37:416][  0]LogDerivedDataCache: Unable to find inner node CompressedPak for hierarchical cache Hierarchy.
[2020.02.28-10.24.37:427][  0]LogDerivedDataCache: Display: Pak cache opened for reading ../../../Engine/DerivedDataCache/Compressed.ddp.
[2020.02.28-10.24.37:427][  0]LogDerivedDataCache: FDerivedDataBackendGraph:  EnterprisePak pak cache file ../../../Enterprise/DerivedDataCache/Compressed.ddp not found, will not use a pak cache.
[2020.02.28-10.24.37:427][  0]LogDerivedDataCache: Unable to find inner node EnterprisePak for hierarchical cache Hierarchy.
[2020.02.28-10.24.37:439][  0]LogDerivedDataCache: Using Local data cache path C:/Users/Shtrs/AppData/Local/UnrealEngine/Common/DerivedDataCache: Writable
[2020.02.28-10.24.37:439][  0]LogDerivedDataCache: Shared data cache path not found in *engine.ini, will not use an Shared cache.
[2020.02.28-10.24.37:439][  0]LogDerivedDataCache: Unable to find inner node Shared for hierarchical cache Hierarchy.
[2020.02.28-10.24.37:453][  0]LogMaterial: Verifying Global Shaders for PCD3D_SM5
[2020.02.28-10.24.37:454][  0]LogSlate: Using FreeType 2.6.0
[2020.02.28-10.24.37:455][  0]LogSlate: SlateFontServices - WITH_FREETYPE: 1, WITH_HARFBUZZ: 1
[2020.02.28-10.24.37:531][  0]LogInit: Using OS detected language (en-GB).
[2020.02.28-10.24.37:531][  0]LogInit: Using OS detected locale (en-GB).
[2020.02.28-10.24.37:531][  0]LogTextLocalizationManager: No localization for 'en-GB' exists, so 'en' will be used for the language.
[2020.02.28-10.24.37:531][  0]LogTextLocalizationManager: No localization for 'en-GB' exists, so 'en' will be used for the locale.
[2020.02.28-10.24.37:532][  0]LogSlate: FontCache flush requested. Reason: Culture for localization was changed
[2020.02.28-10.24.37:532][  0]LogSlate: FontCache flush requested. Reason: Culture for localization was changed
[2020.02.28-10.24.37:750][  0]LogStreaming: Display: Took  0.219s to InitGameTextLocalization.
[2020.02.28-10.24.37:754][  0]LogAssetRegistry: FAssetRegistry took 0.0027 seconds to start up
[2020.02.28-10.24.37:887][  0]LogPackageLocalizationCache: Processed 11 localized package path(s) for 1 prioritized culture(s) in 0.008587 seconds
[2020.02.28-10.24.37:962][  0]LogInit: Selected Device Profile: [Windows]
[2020.02.28-10.24.38:054][  0]LogSimplygon: Simplygon DLL not present - disabling.
[2020.02.28-10.24.38:056][  0]LogMeshReduction: Using SimplygonSwarm for distributed automatic mesh merging
[2020.02.28-10.24.38:056][  0]LogMeshReduction: Using ProxyLODMeshReduction for automatic mesh merging
[2020.02.28-10.24.38:056][  0]LogMeshReduction: Using QuadricMeshReduction for automatic static mesh reduction
[2020.02.28-10.24.38:056][  0]LogMeshReduction: No automatic skeletal mesh reduction module available
[2020.02.28-10.24.38:063][  0]LogNetVersion: MyProject2 1.0.0, NetCL: 4541578, EngineNetVer: 5, GameNetVer: 0 (Checksum: 2078931443)
[2020.02.28-10.24.38:433][  0]LogMoviePlayer: Initializing movie player
[2020.02.28-10.24.38:520][  0]LogTcpMessaging: Initializing TcpMessaging bridge
[2020.02.28-10.24.38:531][  0]LogUdpMessaging: Initializing bridge on interface 0.0.0.0:0 to multicast group 230.0.0.1:6666.
[2020.02.28-10.24.38:604][  0]SourceControl: Source control is disabled
[2020.02.28-10.24.38:605][  0]SourceControl: Source control is disabled
[2020.02.28-10.24.38:605][  0]SourceControl: Source control is disabled
[2020.02.28-10.24.38:715][  0]LogAndroidPermission: UAndroidPermissionCallbackProxy::GetInstance
[2020.02.28-10.24.38:811][  0]LogOcInput: OculusInput pre-init called
[2020.02.28-10.24.38:818][  0]LogUObjectArray: 43226 objects as part of root set at end of initial load.
[2020.02.28-10.24.38:818][  0]LogUObjectAllocator: 7590216 out of 0 bytes used by permanent object pool.
[2020.02.28-10.24.38:818][  0]LogUObjectArray: CloseDisregardForGC: 0/0 objects in disregard for GC pool
[2020.02.28-10.24.38:925][  0]LogEngine: Initializing Engine...
[2020.02.28-10.24.38:937][  0]LogStats: UGameplayTagsManager::ConstructGameplayTagTree: ImportINI prefixes -  0.000 s
[2020.02.28-10.24.38:937][  0]LogStats: UGameplayTagsManager::ConstructGameplayTagTree: Construct from data asset -  0.000 s
[2020.02.28-10.24.38:938][  0]LogStats: UGameplayTagsManager::ConstructGameplayTagTree: ImportINI -  0.000 s
[2020.02.28-10.24.38:938][  0]LogStats: UGameplayTagsManager::ConstructGameplayTagTree: GameplayTagTreeChangedEvent.Broadcast -  0.000 s
[2020.02.28-10.24.39:058][  0]LogInit: Initializing FReadOnlyCVARCache
[2020.02.28-10.24.39:088][  0]LogInit: XAudio2 using 'Speakers (Realtek(R) Audio)' : 2 channels at 48 kHz using 32 bits per sample (channel mask 0x3)
[2020.02.28-10.24.39:096][  0]LogInit: FAudioDevice initialized.
[2020.02.28-10.24.39:107][  0]LogNetVersion: Set ProjectVersion to 1.0.0.0. Version Checksum will be recalculated on next use.
[2020.02.28-10.24.39:111][  0]LogInit: Texture streaming: Enabled
[2020.02.28-10.24.39:206][  0]LogSlate: Updating window title bar state: overlay mode, drag disabled, window buttons hidden, title bar hidden
[2020.02.28-10.24.39:206][  0]LogInit: Display: Game Engine Initialized.
[2020.02.28-10.24.39:206][  0]LogGameplayTags: Display: UGameplayTagsManager::DoneAddingNativeTags. DelegateIsBound: 0
[2020.02.28-10.24.39:206][  0]LogStats: UGameplayTagsManager::ConstructGameplayTagTree: ImportINI prefixes -  0.000 s
[2020.02.28-10.24.39:206][  0]LogStats: UGameplayTagsManager::ConstructGameplayTagTree: Construct from data asset -  0.000 s
[2020.02.28-10.24.39:206][  0]LogStats: UGameplayTagsManager::ConstructGameplayTagTree: ImportINI -  0.000 s
[2020.02.28-10.24.39:207][  0]LogStats: UGameplayTagsManager::ConstructGameplayTagTree: GameplayTagTreeChangedEvent.Broadcast -  0.000 s
[2020.02.28-10.24.39:216][  0]LogInit: Display: Starting Game.
[2020.02.28-10.24.39:216][  0]LogNet: Browse: /Game/MainMenu?Name=Player
[2020.02.28-10.24.39:216][  0]LogLoad: LoadMap: /Game/MainMenu?Name=Player
[2020.02.28-10.24.39:294][  0]LogAIModule: Creating AISystem for world MainMenu
[2020.02.28-10.24.39:495][  0]LogLoad: Game class is 'ThirdPersonGameMode_C'
[2020.02.28-10.24.39:496][  0]LogWorld: Bringing World /Game/MainMenu.MainMenu up for play (max tick rate 0) at 2020.02.28-10.24.39
[2020.02.28-10.24.39:496][  0]LogWorld: Bringing up level for play took: 0.000506
[2020.02.28-10.24.39:496][  0]LogGameMode: FindPlayerStart: PATHS NOT DEFINED or NO PLAYERSTART with positive rating
[2020.02.28-10.24.39:499][  0]LogSlate: Updating window title bar state: overlay mode, drag disabled, window buttons hidden, title bar hidden
[2020.02.28-10.24.39:500][  0]LogLoad: Took 0.283649 seconds to LoadMap(/Game/MainMenu)
[2020.02.28-10.24.39:542][  0]LogRenderer: Reallocating scene render targets to support 1280x720 Format 10 NumSamples 1 (Frame:1).
[2020.02.28-10.24.39:542][  0]LogLoad: (Engine Initialization) Total time: 4.51 seconds
[2020.02.28-10.24.39:542][  0]LogLoad: (Engine Initialization) Total Blueprint compile time: 0.00 seconds
[2020.02.28-10.24.39:599][  0]LogOcInput: OculusInput is initialized
[2020.02.28-10.24.39:601][  0]LogContentStreaming: Texture pool size now 1000 MB
[2020.02.28-10.25.29:418][ 89]LogSlate: FSceneViewport::OnFocusLost() reason 0
[2020.02.28-10.25.33:152][316]LogPackageName: SearchForPackageOnDisk took   0.073s to resolve Arena.umap.
[2020.02.28-10.25.33:228][316]LogPackageName: SearchForPackageOnDisk took   0.075s to resolve Arena.umap.
[2020.02.28-10.25.33:228][316]LogNet: Browse: /Game/Prototype/Arena
[2020.02.28-10.25.33:228][316]LogLoad: LoadMap: /Game/Prototype/Arena
[2020.02.28-10.25.33:651][316]LogAIModule: Creating AISystem for world Arena
[2020.02.28-10.25.33:656][316]LogLoad: Game class is 'ThirdPersonGameMode_C'
[2020.02.28-10.25.33:663][316]LogWorld: Bringing World /Game/Prototype/Arena.Arena up for play (max tick rate 0) at 2020.02.28-10.25.33
[2020.02.28-10.25.33:664][316]LogWorld: Bringing up level for play took: 0.006762
[2020.02.28-10.25.33:667][316]LogLoad: Took 0.439017 seconds to LoadMap(/Game/Prototype/Arena)
[2020.02.28-10.25.46:034][ 83]LogCharacterMovement: ENEMY_AI_5 is stuck and failed to move! Velocity: X=329.08 Y=-1462.60 Z=0.00 Location: X=8456.30 Y=3309.42 Z=601.36 Normal: X=-0.70 Y=-0.08 Z=-0.71 PenetrationDepth:1.903 Actor:ENEMY_AI3 Component:StaticMesh BoneName:None (0 other events since notify)
[2020.02.28-10.25.46:534][114]LogCharacterMovement: ENEMY_AI3 is stuck and failed to move! Velocity: X=1.56 Y=-33.00 Z=0.00 Location: X=8617.70 Y=3372.63 Z=601.29 Normal: X=0.71 Y=0.05 Z=-0.71 PenetrationDepth:0.885 Actor:ENEMY_AI_5 Component:StaticMesh BoneName:None (0 other events since notify)
[2020.02.28-10.25.47:034][145]LogCharacterMovement: ENEMY_AI_5 is stuck and failed to move! Velocity: X=-9.32 Y=-231.04 Z=0.00 Location: X=8449.33 Y=3247.27 Z=601.21 Normal: X=-0.71 Y=0.05 Z=-0.71 PenetrationDepth:1.337 Actor:ENEMY_AI3 Component:StaticMesh BoneName:None (22 other events since notify)
[2020.02.28-10.25.48:034][207]LogCharacterMovement: ENEMY_AI_5 is stuck and failed to move! Velocity: X=-99.36 Y=-1496.71 Z=0.00 Location: X=8446.30 Y=3228.97 Z=601.21 Normal: X=-0.70 Y=0.06 Z=-0.71 PenetrationDepth:0.181 Actor:ENEMY_AI3 Component:StaticMesh BoneName:None (57 other events since notify)
[2020.02.28-10.25.49:034][269]LogCharacterMovement: ENEMY_AI3 is stuck and failed to move! Velocity: X=-3.25 Y=-32.87 Z=0.00 Location: X=8614.96 Y=3228.14 Z=601.21 Normal: X=0.71 Y=-0.05 Z=-0.71 PenetrationDepth:0.070 Actor:ENEMY_AI_5 Component:StaticMesh BoneName:None (21 other events since notify)
[2020.02.28-10.25.49:034][269]LogCharacterMovement: ENEMY_AI_5 is stuck and failed to move! Velocity: X=-112.96 Y=-1495.74 Z=0.00 Location: X=8446.30 Y=3228.97 Z=601.21 Normal: X=-0.70 Y=0.07 Z=-0.71 PenetrationDepth:0.302 Actor:ENEMY_AI3 Component:StaticMesh BoneName:None (61 other events since notify)
[2020.02.28-10.25.50:033][331]LogCharacterMovement: ENEMY_AI3 is stuck and failed to move! Velocity: X=-302.31 Y=-1467.27 Z=0.00 Location: X=8613.80 Y=3213.14 Z=601.21 Normal: X=0.70 Y=-0.13 Z=-0.71 PenetrationDepth:0.504 Actor:ENEMY_AI_5 Component:StaticMesh BoneName:None (60 other events since notify)
[2020.02.28-10.25.50:034][331]LogCharacterMovement: ENEMY_AI_5 is stuck and failed to move! Velocity: X=-233.91 Y=-1481.14 Z=0.00 Location: X=8446.30 Y=3228.97 Z=601.21 Normal: X=-0.68 Y=0.19 Z=-0.71 PenetrationDepth:2.004 Actor:ENEMY_AI3 Component:StaticMesh BoneName:None (61 other events since notify)
[2020.02.28-10.25.51:824][442]LogCharacterMovement: ENEMY_AI3 is stuck and failed to move! Velocity: X=-8.97 Y=-31.79 Z=0.00 Location: X=8607.95 Y=3188.81 Z=601.21 Normal: X=-0.00 Y=-0.00 Z=-1.00 PenetrationDepth:32.989 Actor:ENEMY_AI_5 Component:StaticMesh BoneName:None (0 other events since notify)
[2020.02.28-10.25.55:179][650]LogCharacterMovement: ENEMY_AI4 is stuck and failed to move! Velocity: X=-147.52 Y=-6.55 Z=0.00 Location: X=2901.86 Y=-3360.88 Z=601.24 Normal: X=0.05 Y=-0.71 Z=-0.71 PenetrationDepth:0.017 Actor:ENEMY_AI6 Component:StaticMesh BoneName:None (0 other events since notify)
[2020.02.28-10.25.55:292][657]LogCharacterMovement: ENEMY_AI6 is stuck and failed to move! Velocity: X=-32.89 Y=-3.08 Z=0.00 Location: X=2893.37 Y=-3192.72 Z=601.24 Normal: X=-0.05 Y=0.71 Z=-0.71 PenetrationDepth:0.003 Actor:ENEMY_AI4 Component:StaticMesh BoneName:None (0 other events since notify)
[2020.02.28-10.25.57:535][796]LogCharacterMovement: ENEMY_AI4 is stuck and failed to move! Velocity: X=-30.61 Y=-12.42 Z=0.00 Location: X=2802.25 Y=-3378.49 Z=601.30 Normal: X=0.28 Y=-0.65 Z=-0.71 PenetrationDepth:0.383 Actor:ENEMY_AI6 Component:StaticMesh BoneName:None (47 other events since notify)
[2020.02.28-10.25.57:615][801]LogCharacterMovement: ENEMY_AI6 is stuck and failed to move! Velocity: X=-181.74 Y=-79.05 Z=0.00 Location: X=2765.36 Y=-3211.67 Z=601.24 Normal: X=-0.27 Y=0.65 Z=-0.71 PenetrationDepth:0.027 Actor:ENEMY_AI4 Component:StaticMesh BoneName:None (43 other events since notify)
[2020.02.28-10.25.58:534][858]LogCharacterMovement: ENEMY_AI4 is stuck and failed to move! Velocity: X=-720.87 Y=-402.36 Z=0.00 Location: X=2786.86 Y=-3387.85 Z=601.23 Normal: X=0.38 Y=-0.60 Z=-0.71 PenetrationDepth:1.331 Actor:ENEMY_AI6 Component:StaticMesh BoneName:None (51 other events since notify)
[2020.02.28-10.25.58:615][863]LogCharacterMovement: ENEMY_AI6 is stuck and failed to move! Velocity: X=-820.64 Y=-506.53 Z=0.00 Location: X=2721.25 Y=-3232.50 Z=601.24 Normal: X=-0.37 Y=0.60 Z=-0.71 PenetrationDepth:1.050 Actor:ENEMY_AI4 Component:StaticMesh BoneName:None (46 other events since notify)
[2020.02.28-10.25.59:534][920]LogCharacterMovement: ENEMY_AI4 is stuck and failed to move! Velocity: X=-973.51 Y=-1039.67 Z=0.00 Location: X=2177.45 Y=-3888.73 Z=601.54 Normal: X=0.65 Y=-0.28 Z=-0.71 PenetrationDepth:4.081 Actor:ENEMY_AI6 Component:StaticMesh BoneName:None (22 other events since notify)
[2020.02.28-10.25.59:680][929]LogCharacterMovement: ENEMY_AI6 is stuck and failed to move! Velocity: X=-193.45 Y=-473.38 Z=0.00 Location: X=2038.81 Y=-3792.68 Z=601.26 Normal: X=-0.66 Y=0.26 Z=-0.71 PenetrationDepth:0.779 Actor:ENEMY_AI4 Component:StaticMesh BoneName:None (9 other events since notify)
[2020.02.28-10.26.02:583][109]LogCharacterMovement: ENEMY_AI_5 is stuck and failed to move! Velocity: X=172.59 Y=-280.35 Z=0.00 Location: X=1390.60 Y=-5839.32 Z=601.25 Normal: X=-0.63 Y=-0.32 Z=-0.71 PenetrationDepth:0.102 Actor:ENEMY_AI3 Component:StaticMesh BoneName:None (0 other events since notify)
[2020.02.28-10.26.02:663][114]LogCharacterMovement: ENEMY_AI3 is stuck and failed to move! Velocity: X=129.94 Y=-267.35 Z=0.00 Location: X=1531.69 Y=-5745.57 Z=601.25 Normal: X=0.63 Y=0.32 Z=-0.71 PenetrationDepth:0.017 Actor:ENEMY_AI_5 Component:StaticMesh BoneName:None (28 other events since notify)
[2020.02.28-10.26.03:583][171]LogCharacterMovement: ENEMY_AI_5 is stuck and failed to move! Velocity: X=1.68 Y=-132.11 Z=0.00 Location: X=1399.19 Y=-5885.71 Z=601.27 Normal: X=-0.71 Y=0.02 Z=-0.71 PenetrationDepth:9.244 Actor:ENEMY_AI3 Component:StaticMesh BoneName:None (40 other events since notify)
[2020.02.28-10.26.03:663][176]LogCharacterMovement: ENEMY_AI3 is stuck and failed to move! Velocity: X=-14.59 Y=-296.85 Z=0.00 Location: X=1555.92 Y=-5812.81 Z=601.63 Normal: X=0.71 Y=-0.03 Z=-0.71 PenetrationDepth:10.419 Actor:ENEMY_AI_5 Component:StaticMesh BoneName:None (19 other events since notify)
[2020.02.28-10.26.04:583][233]LogCharacterMovement: ENEMY_AI_5 is stuck and failed to move! Velocity: X=-574.39 Y=-1330.30 Z=0.00 Location: X=1399.19 Y=-5885.71 Z=601.27 Normal: X=-0.00 Y=-0.00 Z=-1.00 PenetrationDepth:32.684 Actor:ENEMY_AI3 Component:StaticMesh BoneName:None (61 other events since notify)
[2020.02.28-10.26.04:663][238]LogCharacterMovement: ENEMY_AI3 is stuck and failed to move! Velocity: X=-874.27 Y=-1207.55 Z=0.00 Location: X=1555.92 Y=-5812.81 Z=601.63 Normal: X=-0.00 Y=-0.00 Z=-1.00 PenetrationDepth:33.401 Actor:ENEMY_AI_5 Component:StaticMesh BoneName:None (61 other events since notify)
[2020.02.28-10.26.05:599][296]LogCharacterMovement: ENEMY_AI_5 is stuck and failed to move! Velocity: X=-1207.87 Y=-889.41 Z=0.00 Location: X=1399.19 Y=-5885.71 Z=601.27 Normal: X=-0.00 Y=-0.00 Z=-1.00 PenetrationDepth:32.684 Actor:ENEMY_AI3 Component:StaticMesh BoneName:None (62 other events since notify)
[2020.02.28-10.26.05:680][301]LogCharacterMovement: ENEMY_AI3 is stuck and failed to move! Velocity: X=-1223.64 Y=-867.59 Z=0.00 Location: X=1555.92 Y=-5812.81 Z=601.63 Normal: X=-0.00 Y=0.00 Z=-1.00 PenetrationDepth:33.401 Actor:ENEMY_AI_5 Component:StaticMesh BoneName:None (62 other events since notify)
[2020.02.28-10.26.06:615][359]LogCharacterMovement: ENEMY_AI_5 is stuck and failed to move! Velocity: X=-1491.59 Y=-158.59 Z=0.00 Location: X=1399.19 Y=-5885.71 Z=601.27 Normal: X=-0.00 Y=-0.00 Z=-1.00 PenetrationDepth:32.684 Actor:ENEMY_AI3 Component:StaticMesh BoneName:None (62 other events since notify)
[2020.02.28-10.26.06:680][363]LogCharacterMovement: ENEMY_AI3 is stuck and failed to move! Velocity: X=-1470.07 Y=-298.17 Z=0.00 Location: X=1555.92 Y=-5812.81 Z=601.63 Normal: X=-0.00 Y=0.00 Z=-1.00 PenetrationDepth:33.401 Actor:ENEMY_AI_5 Component:StaticMesh BoneName:None (61 other events since notify)
[2020.02.28-10.26.07:616][421]LogCharacterMovement: ENEMY_AI_5 is stuck and failed to move! Velocity: X=-1497.86 Y=80.18 Z=0.00 Location: X=1399.19 Y=-5885.71 Z=601.27 Normal: X=-0.00 Y=-0.00 Z=-1.00 PenetrationDepth:32.684 Actor:ENEMY_AI3 Component:StaticMesh BoneName:None (61 other events since notify)
[2020.02.28-10.26.07:680][425]LogCharacterMovement: ENEMY_AI3 is stuck and failed to move! Velocity: X=-1497.78 Y=81.61 Z=0.00 Location: X=1555.92 Y=-5812.81 Z=601.63 Normal: X=0.00 Y=0.00 Z=-1.00 PenetrationDepth:33.401 Actor:ENEMY_AI_5 Component:StaticMesh BoneName:None (61 other events since notify)
[2020.02.28-10.26.08:632][484]LogCharacterMovement: ENEMY_AI_5 is stuck and failed to move! Velocity: X=-918.67 Y=106.98 Z=0.00 Location: X=1399.19 Y=-5885.71 Z=601.27 Normal: X=-0.00 Y=0.00 Z=-1.00 PenetrationDepth:32.684 Actor:ENEMY_AI3 Component:StaticMesh BoneName:None (60 other events since notify)
[2020.02.28-10.26.08:696][488]LogCharacterMovement: ENEMY_AI3 is stuck and failed to move! Velocity: X=-1117.03 Y=116.26 Z=0.00 Location: X=1555.92 Y=-5812.81 Z=601.63 Normal: X=0.00 Y=0.00 Z=-1.00 PenetrationDepth:33.401 Actor:ENEMY_AI_5 Component:StaticMesh BoneName:None (60 other events since notify)
[2020.02.28-10.26.09:647][547]LogCharacterMovement: ENEMY_AI_5 is stuck and failed to move! Velocity: X=-1491.75 Y=157.11 Z=0.00 Location: X=1399.19 Y=-5885.71 Z=601.27 Normal: X=-0.00 Y=-0.00 Z=-1.00 PenetrationDepth:32.684 Actor:ENEMY_AI3 Component:StaticMesh BoneName:None (62 other events since notify)
[2020.02.28-10.26.09:712][551]LogCharacterMovement: ENEMY_AI3 is stuck and failed to move! Velocity: X=-1494.29 Y=130.74 Z=0.00 Location: X=1555.92 Y=-5812.81 Z=601.63 Normal: X=0.00 Y=0.00 Z=-1.00 PenetrationDepth:33.401 Actor:ENEMY_AI_5 Component:StaticMesh BoneName:None (62 other events since notify)
[2020.02.28-10.26.10:647][609]LogCharacterMovement: ENEMY_AI_5 is stuck and failed to move! Velocity: X=-1499.88 Y=-18.79 Z=0.00 Location: X=1399.19 Y=-5885.71 Z=601.27 Normal: X=-0.00 Y=-0.00 Z=-1.00 PenetrationDepth:32.684 Actor:ENEMY_AI3 Component:StaticMesh BoneName:None (61 other events since notify)
[2020.02.28-10.26.10:713][613]LogCharacterMovement: ENEMY_AI3 is stuck and failed to move! Velocity: X=-1499.20 Y=-48.89 Z=0.00 Location: X=1555.92 Y=-5812.81 Z=601.63 Normal: X=0.00 Y=0.00 Z=-1.00 PenetrationDepth:33.401 Actor:ENEMY_AI_5 Component:StaticMesh BoneName:None (61 other events since notify)
[2020.02.28-10.26.31:936][927]LogSlate: Window 'MyProject2 (64-bit Development PCD3D_SM5) ' being destroyed
[2020.02.28-10.26.31:936][927]LogWindowsTextInputMethodSystem: Display: IME system now deactivated.
[2020.02.28-10.26.31:938][927]LogSlate: Updating window title bar state: overlay mode, drag disabled, window buttons hidden, title bar hidden
[2020.02.28-10.26.31:938][927]LogEngine: All Windows Closed
[2020.02.28-10.26.31:938][927]LogWindows: FPlatformMisc::RequestExit(0)
[2020.02.28-10.26.31:992][928]LogExit: Preparing to exit.
[2020.02.28-10.26.31:992][928]LogMoviePlayer: Shutting down movie player
[2020.02.28-10.26.32:611][928]LogSlate: Updating window title bar state: overlay mode, drag disabled, window buttons hidden, title bar hidden
[2020.02.28-10.26.32:620][928]LogExit: Game engine shut down
[2020.02.28-10.26.32:663][928]LogExit: Object subsystem successfully closed.
[2020.02.28-10.26.32:671][928]LogShaderCompilers: Display: Shaders left to compile 0
[2020.02.28-10.26.32:673][928]LogD3D11RHI: Shutdown
[2020.02.28-10.26.32:673][928]LogD3D11RHI: CleanupD3DDevice
[2020.02.28-10.26.32:674][928]LogD3D11RHI: ~FD3D11DynamicRHI
[2020.02.28-10.26.32:679][928]LogModuleManager: Shutting down and abandoning module SequenceRecorderSections (382)
[2020.02.28-10.26.32:679][928]LogModuleManager: Shutting down and abandoning module SequenceRecorder (380)
[2020.02.28-10.26.32:679][928]LogModuleManager: Shutting down and abandoning module AutomationController (378)
[2020.02.28-10.26.32:679][928]LogModuleManager: Shutting down and abandoning module AutomationWorker (376)
[2020.02.28-10.26.32:679][928]LogModuleManager: Shutting down and abandoning module Voice (374)
[2020.02.28-10.26.32:679][928]LogModuleManager: Shutting down and abandoning module AIModule (372)
[2020.02.28-10.26.32:679][928]LogModuleManager: Shutting down and abandoning module GameplayDebugger (371)
[2020.02.28-10.26.32:679][928]LogModuleManager: Shutting down and abandoning module AITestSuite (369)
[2020.02.28-10.26.32:679][928]LogModuleManager: Shutting down and abandoning module NavigationSystem (367)
[2020.02.28-10.26.32:679][928]LogModuleManager: Shutting down and abandoning module WmfMediaFactory (364)
[2020.02.28-10.26.32:679][928]LogModuleManager: Shutting down and abandoning module WebMMediaFactory (362)
[2020.02.28-10.26.32:679][928]LogModuleManager: Shutting down and abandoning module WebMMedia (360)
[2020.02.28-10.26.32:679][928]LogModuleManager: Shutting down and abandoning module OpenExrWrapper (358)
[2020.02.28-10.26.32:679][928]LogModuleManager: Shutting down and abandoning module ImgMediaFactory (356)
[2020.02.28-10.26.32:679][928]LogModuleManager: Shutting down and abandoning module AvfMediaFactory (354)
[2020.02.28-10.26.32:679][928]LogModuleManager: Shutting down and abandoning module MagicLeapCameraPreviewFactory (352)
[2020.02.28-10.26.32:679][928]LogModuleManager: Shutting down and abandoning module MagicLeapMediaFactory (350)
[2020.02.28-10.26.32:679][928]LogModuleManager: Shutting down and abandoning module CharacterAI (348)
[2020.02.28-10.26.32:679][928]LogModuleManager: Shutting down and abandoning module SessionServices (346)
[2020.02.28-10.26.32:679][928]LogModuleManager: Shutting down and abandoning module MovieSceneCapture (344)
[2020.02.28-10.26.32:679][928]LogModuleManager: Shutting down and abandoning module MovieSceneTracks (342)
[2020.02.28-10.26.32:679][928]LogModuleManager: Shutting down and abandoning module MovieScene (340)
[2020.02.28-10.26.32:679][928]LogModuleManager: Shutting down and abandoning module StreamingPauseRendering (338)
[2020.02.28-10.26.32:679][928]LogModuleManager: Shutting down and abandoning module PortalServices (336)
[2020.02.28-10.26.32:679][928]LogModuleManager: Shutting down and abandoning module PortalRpc (334)
[2020.02.28-10.26.32:679][928]LogModuleManager: Shutting down and abandoning module MessagingRpc (332)
[2020.02.28-10.26.32:679][928]LogModuleManager: Shutting down and abandoning module ImageWriteQueue (330)
[2020.02.28-10.26.32:680][928]LogModuleManager: Shutting down and abandoning module ProfilerService (328)
[2020.02.28-10.26.32:820][928]LogModuleManager: Shutting down and abandoning module TaskGraph (326)
[2020.02.28-10.26.32:820][928]LogModuleManager: Shutting down and abandoning module SteamVRController (324)
[2020.02.28-10.26.32:820][928]LogModuleManager: Shutting down and abandoning module ProceduralMeshComponent (322)
[2020.02.28-10.26.32:820][928]LogModuleManager: Shutting down and abandoning module OculusInput (320)
[2020.02.28-10.26.32:820][928]LogModuleManager: Shutting down and abandoning module MobilePatchingUtils (318)
[2020.02.28-10.26.32:820][928]LogModuleManager: Shutting down and abandoning module EditableMesh (316)
[2020.02.28-10.26.32:820][928]LogModuleManager: Shutting down and abandoning module CustomMeshComponent (314)
[2020.02.28-10.26.32:820][928]LogModuleManager: Shutting down and abandoning module CableComponent (312)
[2020.02.28-10.26.32:820][928]LogModuleManager: Shutting down and abandoning module AudioCapture (310)
[2020.02.28-10.26.32:820][928]LogModuleManager: Shutting down and abandoning module ArchVisCharacter (308)
[2020.02.28-10.26.32:820][928]LogModuleManager: Shutting down and abandoning module AndroidPermission (306)
[2020.02.28-10.26.32:820][928]LogModuleManager: Shutting down and abandoning module NUTUnrealEngine4 (304)
[2020.02.28-10.26.32:820][928]LogModuleManager: Shutting down and abandoning module NetcodeUnitTest (302)
[2020.02.28-10.26.32:820][928]LogModuleManager: Shutting down and abandoning module MediaCompositing (300)
[2020.02.28-10.26.32:820][928]LogModuleManager: Shutting down and abandoning module LinearTimecode (298)
[2020.02.28-10.26.32:820][928]LogModuleManager: Shutting down and abandoning module ImgMedia (296)
[2020.02.28-10.26.32:822][928]LogModuleManager: Shutting down and abandoning module HTML5Networking (294)
[2020.02.28-10.26.32:822][928]LogModuleManager: Shutting down and abandoning module GeometryCacheTracks (292)
[2020.02.28-10.26.32:822][928]LogModuleManager: Shutting down and abandoning module GeometryCacheSequencer (291)
[2020.02.28-10.26.32:822][928]LogModuleManager: Shutting down and abandoning module GeometryCache (288)
[2020.02.28-10.26.32:822][928]LogModuleManager: Shutting down and abandoning module GeometryCacheEd (287)
[2020.02.28-10.26.32:822][928]LogModuleManager: Shutting down and abandoning module BackChannel (284)
[2020.02.28-10.26.32:822][928]LogModuleManager: Shutting down and abandoning module AppleVision (282)
[2020.02.28-10.26.32:822][928]LogModuleManager: Shutting down and abandoning module AppleImageUtilsBlueprintSupport (280)
[2020.02.28-10.26.32:822][928]LogModuleManager: Shutting down and abandoning module AppleImageUtils (278)
[2020.02.28-10.26.32:822][928]LogModuleManager: Shutting down and abandoning module VariantManagerContent (276)
[2020.02.28-10.26.32:822][928]LogModuleManager: Shutting down and abandoning module CryptoKeysOpenSSL (274)
[2020.02.28-10.26.32:822][928]LogModuleManager: Shutting down and abandoning module CryptoKeys (272)
[2020.02.28-10.26.32:822][928]LogModuleManager: Shutting down and abandoning module VisualStudioSourceCodeAccess (270)
[2020.02.28-10.26.32:822][928]LogModuleManager: Shutting down and abandoning module HotReload (269)
[2020.02.28-10.26.32:822][928]LogModuleManager: Shutting down and abandoning module DirectoryWatcher (268)
[2020.02.28-10.26.32:822][928]LogModuleManager: Shutting down and abandoning module VisualStudioCodeSourceCodeAccess (264)
[2020.02.28-10.26.32:822][928]LogModuleManager: Shutting down and abandoning module UObjectPlugin (262)
[2020.02.28-10.26.32:822][928]LogModuleManager: Shutting down and abandoning module SubversionSourceControl (260)
[2020.02.28-10.26.32:822][928]LogModuleManager: Shutting down and abandoning module PerforceSourceControl (258)
[2020.02.28-10.26.32:822][928]LogModuleManager: Shutting down and abandoning module SourceControl (257)
[2020.02.28-10.26.32:822][928]LogModuleManager: Shutting down and abandoning module CLionSourceCodeAccess (254)
[2020.02.28-10.26.32:822][928]LogModuleManager: Shutting down and abandoning module ActorLayerUtilities (252)
[2020.02.28-10.26.32:822][928]LogModuleManager: Shutting down and abandoning module RuntimePhysXCooking (250)
[2020.02.28-10.26.32:822][928]LogModuleManager: Shutting down and abandoning module PhysXVehiclesEditor (248)
[2020.02.28-10.26.32:822][928]LogModuleManager: Shutting down and abandoning module PhysXVehicles (246)
[2020.02.28-10.26.32:822][928]LogModuleManager: Shutting down and abandoning module LocationServicesBPLibrary (244)
[2020.02.28-10.26.32:822][928]LogModuleManager: Shutting down and abandoning module ActorSequence (242)
[2020.02.28-10.26.32:822][928]LogModuleManager: Shutting down and abandoning module UdpMessaging (240)
[2020.02.28-10.26.32:923][928]LogModuleManager: Shutting down and abandoning module TcpMessaging (238)
