Log file open, 05/02/20 19:14:05
LogWindows: Failed to load 'aqProf.dll' (GetLastError=126)
LogWindows: File 'aqProf.dll' does not exist
LogWindows: Failed to load 'VtuneApi.dll' (GetLastError=126)
LogWindows: File 'VtuneApi.dll' does not exist
LogWindows: Failed to load 'VtuneApi32e.dll' (GetLastError=126)
LogWindows: File 'VtuneApi32e.dll' does not exist
LogConsoleResponse: Display: Failed to find resolution value strings in scalability ini. Falling back to default.
LogInit: Display: Running engine for game: MyProject2
LogPakFile: Registered encryption key '00000000000000000000000000000000': 0 pak files mounted, 0 remain pending
LogPlatformFile: Not using cached read wrapper
LogTaskGraph: Started task graph with 5 named threads and 20 total threads with 3 sets of task threads.
LogStats: Stats thread started at 0.226198
LogD3D11RHI: Loaded GFSDK_Aftermath_Lib.x64.dll
LogICUInternationalization: ICU TimeZone Detection - Raw Offset: +0:00, Platform Override: ''
LogPluginManager: Mounting plugin Paper2D
LogPluginManager: Mounting plugin AISupport
LogPluginManager: Mounting plugin LightPropagationVolume
LogPluginManager: Mounting plugin ActorLayerUtilities
LogPluginManager: Mounting plugin CLionSourceCodeAccess
LogPluginManager: Mounting plugin CodeLiteSourceCodeAccess
LogPluginManager: Mounting plugin GitSourceControl
LogPluginManager: Mounting plugin KDevelopSourceCodeAccess
LogPluginManager: Mounting plugin NullSourceCodeAccess
LogPluginManager: Mounting plugin PerforceSourceControl
LogPluginManager: Mounting plugin SubversionSourceControl
LogPluginManager: Mounting plugin UObjectPlugin
LogPluginManager: Mounting plugin VisualStudioCodeSourceCodeAccess
LogPluginManager: Mounting plugin VisualStudioSourceCodeAccess
LogPluginManager: Mounting plugin XCodeSourceCodeAccess
LogPluginManager: Mounting plugin AssetManagerEditor
LogPluginManager: Mounting plugin CryptoKeys
LogPluginManager: Mounting plugin DataValidation
LogPluginManager: Mounting plugin FacialAnimation
LogPluginManager: Mounting plugin GameplayTagsEditor
LogPluginManager: Mounting plugin MacGraphicsSwitching
LogPluginManager: Mounting plugin MeshEditor
LogPluginManager: Mounting plugin MobileLauncherProfileWizard
LogPluginManager: Mounting plugin PluginBrowser
LogPluginManager: Mounting plugin SpeedTreeImporter
LogPluginManager: Mounting plugin DatasmithContent
LogPluginManager: Mounting plugin VariantManagerContent
LogPluginManager: Mounting plugin AlembicImporter
LogPluginManager: Mounting plugin AppleImageUtils
LogPluginManager: Mounting plugin AppleVision
LogPluginManager: Mounting plugin BackChannel
LogPluginManager: Mounting plugin CharacterAI
LogPluginManager: Mounting plugin GeometryCache
LogPluginManager: Mounting plugin HTML5Networking
LogPluginManager: Mounting plugin ProxyLODPlugin
LogPluginManager: Mounting plugin MagicLeap
LogPluginManager: Mounting plugin MagicLeapMedia
LogPluginManager: Mounting plugin Substance
LogPluginManager: Mounting plugin AndroidMedia
LogPluginManager: Mounting plugin AvfMedia
LogPluginManager: Mounting plugin ImgMedia
LogPluginManager: Mounting plugin LinearTimecode
LogPluginManager: Mounting plugin MediaCompositing
LogPluginManager: Mounting plugin MediaPlayerEditor
LogPluginManager: Mounting plugin WebMMedia
LogPluginManager: Mounting plugin WmfMedia
LogPluginManager: Mounting plugin TcpMessaging
LogPluginManager: Mounting plugin UdpMessaging
LogPluginManager: Mounting plugin ActorSequence
LogPluginManager: Mounting plugin LevelSequenceEditor
LogPluginManager: Mounting plugin MatineeToLevelSequence
LogPluginManager: Mounting plugin NetcodeUnitTest
LogPluginManager: Mounting plugin NUTUnrealEngine4
LogPluginManager: Mounting plugin OnlineSubsystemGooglePlay
LogPluginManager: Mounting plugin OnlineSubsystemIOS
LogPluginManager: Mounting plugin OnlineSubsystem
LogPluginManager: Mounting plugin OnlineSubsystemNull
LogPluginManager: Mounting plugin OnlineSubsystemUtils
LogPluginManager: Mounting plugin LauncherChunkInstaller
LogPluginManager: Mounting plugin AndroidDeviceProfileSelector
LogPluginManager: Mounting plugin AndroidMoviePlayer
LogPluginManager: Mounting plugin AndroidPermission
LogPluginManager: Mounting plugin ApexDestruction
LogPluginManager: Mounting plugin AppleMoviePlayer
LogPluginManager: Mounting plugin ArchVisCharacter
LogPluginManager: Mounting plugin AudioCapture
LogPluginManager: Mounting plugin CableComponent
LogPluginManager: Mounting plugin CustomMeshComponent
LogPluginManager: Mounting plugin EditableMesh
LogPluginManager: Mounting plugin ExampleDeviceProfileSelector
LogPluginManager: Mounting plugin Firebase
LogPluginManager: Mounting plugin GoogleCloudMessaging
LogPluginManager: Mounting plugin IOSDeviceProfileSelector
LogPluginManager: Mounting plugin LinuxDeviceProfileSelector
LogPluginManager: Mounting plugin LocationServicesBPLibrary
LogPluginManager: Mounting plugin MobilePatchingUtils
LogPluginManager: Mounting plugin OculusVR
LogPluginManager: Mounting plugin PhysXVehicles
LogPluginManager: Mounting plugin ProceduralMeshComponent
LogPluginManager: Mounting plugin RuntimePhysXCooking
LogPluginManager: Mounting plugin SteamVR
LogPluginManager: Mounting plugin WebMMoviePlayer
LogPluginManager: Mounting plugin WindowsMoviePlayer
LogStreaming: Display: Took  0.149s to configure plugins.
LogInit: Using libcurl 7.55.1-DEV
LogInit:  - built for x86_64-pc-win32
LogInit:  - supports SSL with OpenSSL/1.0.2h
LogInit:  - supports HTTP deflate (compression) using libz 1.2.8
LogInit:  - other features:
LogInit:      CURL_VERSION_SSL
LogInit:      CURL_VERSION_LIBZ
LogInit:      CURL_VERSION_IPV6
LogInit:      CURL_VERSION_ASYNCHDNS
LogInit:      CURL_VERSION_LARGEFILE
LogInit:      CURL_VERSION_IDN
LogInit:  CurlRequestOptions (configurable via config and command line):
LogInit:  - bVerifyPeer = true  - Libcurl will verify peer certificate
LogInit:  - bUseHttpProxy = false  - Libcurl will NOT use HTTP proxy
LogInit:  - bDontReuseConnections = false  - Libcurl will reuse connections
LogInit:  - MaxHostConnections = 16  - Libcurl will limit the number of connections to a host
LogInit:  - LocalHostAddr = Default
LogInit:  - BufferSize = 65536
LogInit: WinSock: version 1.1 (2.2), MaxSocks=32767, MaxUdp=65467
LogInit: Build: ++UE4+Release-4.21-CL-4753647
LogInit: Engine Version: 4.21.2-4753647+++UE4+Release-4.21
LogInit: Compatible Engine Version: 4.21.0-4541578+++UE4+Release-4.21
LogInit: Net CL: 4541578
LogInit: OS: Windows 10 (), CPU: Intel(R) Core(TM) i5-9400F CPU @ 2.90GHz, GPU: NVIDIA GeForce RTX 2060
LogInit: Compiled (64-bit): Jan 19 2019 02:07:31
LogInit: Compiled with Visual C++: 19.13.26129.00
LogInit: Build Configuration: Development
LogInit: Branch Name: ++UE4+Release-4.21
LogInit: Command Line: 
LogInit: Base Directory: D:/Games/UE_4.21/Engine/Binaries/Win64/
LogInit: Installed Engine Build: 1
LogDevObjectVersion: Number of dev versions registered: 22
LogDevObjectVersion:   Dev-Blueprints (B0D832E4-1F89-4F0D-ACCF-7EB736FD4AA2): 10
LogDevObjectVersion:   Dev-Build (E1C64328-A22C-4D53-A36C-8E866417BD8C): 0
LogDevObjectVersion:   Dev-Core (375EC13C-06E4-48FB-B500-84F0262A717E): 2
LogDevObjectVersion:   Dev-Editor (E4B068ED-F494-42E9-A231-DA0B2E46BB41): 26
LogDevObjectVersion:   Dev-Framework (CFFC743F-43B0-4480-9391-14DF171D2073): 34
LogDevObjectVersion:   Dev-Mobile (B02B49B5-BB20-44E9-A304-32B752E40360): 2
LogDevObjectVersion:   Dev-Networking (A4E4105C-59A1-49B5-A7C5-40C4547EDFEE): 0
LogDevObjectVersion:   Dev-Online (39C831C9-5AE6-47DC-9A44-9C173E1C8E7C): 0
LogDevObjectVersion:   Dev-Physics (78F01B33-EBEA-4F98-B9B4-84EACCB95AA2): 0
LogDevObjectVersion:   Dev-Platform (6631380F-2D4D-43E0-8009-CF276956A95A): 0
LogDevObjectVersion:   Dev-Rendering (12F88B9F-8875-4AFC-A67C-D90C383ABD29): 27
LogDevObjectVersion:   Dev-Sequencer (7B5AE74C-D270-4C10-A958-57980B212A5A): 9
LogDevObjectVersion:   Dev-VR (D7296918-1DD6-4BDD-9DE2-64A83CC13884): 2
LogDevObjectVersion:   Dev-LoadTimes (C2A15278-BFE7-4AFE-6C17-90FF531DF755): 1
LogDevObjectVersion:   Private-Geometry (6EACA3D4-40EC-4CC1-B786-8BED09428FC5): 3
LogDevObjectVersion:   Dev-AnimPhys (29E575DD-E0A3-4627-9D10-D276232CDCEA): 17
LogDevObjectVersion:   Dev-Anim (AF43A65D-7FD3-4947-9873-3E8ED9C1BB05): 2
LogDevObjectVersion:   Dev-ReflectionCapture (6B266CEC-1EC7-4B8F-A30B-E4D90942FC07): 1
LogDevObjectVersion:   Dev-Automation (0DF73D61-A23F-47EA-B727-89E90C41499A): 1
LogDevObjectVersion:   FortniteMain (601D1886-AC64-4F84-AA16-D3DE0DEAC7D6): 17
LogDevObjectVersion:   Dev-Enterprise (9DFFBCD6-494F-0158-E221-12823C92A888): 4
LogDevObjectVersion:   Dev-Niagara (F2AED0AC-9AFE-416F-8664-AA7FFA26D6FC): 1
LogStreaming: Display: Took  0.004s to delete old logs.
LogInit: Presizing for max 8388607 objects, including 0 objects not considered by GC, pre-allocating 0 bytes for permanent pool.
LogInit: Object subsystem initialized
LogConfig: Setting CVar [[con.DebugEarlyDefault:1]]
LogConfig: Setting CVar [[r.setres:1280x720]]
[2020.05.02-18.14.08:196][  0]LogConfig: Setting CVar [[r.VSync:0]]
[2020.05.02-18.14.08:196][  0]LogConfig: Setting CVar [[r.RHICmdBypass:0]]
[2020.05.02-18.14.08:196][  0]LogConfig: Applying CVar settings from Section [/Script/Engine.RendererSettings] File [C:/Users/mosne/Desktop/game jam/Hybrid-Games---Untitled-cybersled-game/Example project/Saved/Config/Windows/Engine.ini]
[2020.05.02-18.14.08:196][  0]LogConfig: Setting CVar [[r.GPUCrashDebugging:0]]
[2020.05.02-18.14.08:196][  0]LogConfig: Applying CVar settings from Section [/Script/Engine.RendererOverrideSettings] File [C:/Users/mosne/Desktop/game jam/Hybrid-Games---Untitled-cybersled-game/Example project/Saved/Config/Windows/Engine.ini]
[2020.05.02-18.14.08:196][  0]LogConfig: Applying CVar settings from Section [/Script/Engine.StreamingSettings] File [C:/Users/mosne/Desktop/game jam/Hybrid-Games---Untitled-cybersled-game/Example project/Saved/Config/Windows/Engine.ini]
[2020.05.02-18.14.08:196][  0]LogConfig: Setting CVar [[s.MinBulkDataSizeForAsyncLoading:131072]]
[2020.05.02-18.14.08:196][  0]LogConfig: Setting CVar [[s.AsyncLoadingThreadEnabled:0]]
[2020.05.02-18.14.08:196][  0]LogConfig: Setting CVar [[s.EventDrivenLoaderEnabled:1]]
[2020.05.02-18.14.08:196][  0]LogConfig: Setting CVar [[s.WarnIfTimeLimitExceeded:0]]
[2020.05.02-18.14.08:196][  0]LogConfig: Setting CVar [[s.TimeLimitExceededMultiplier:1.5]]
[2020.05.02-18.14.08:196][  0]LogConfig: Setting CVar [[s.TimeLimitExceededMinTime:0.005]]
[2020.05.02-18.14.08:196][  0]LogConfig: Setting CVar [[s.UseBackgroundLevelStreaming:1]]
[2020.05.02-18.14.08:196][  0]LogConfig: Setting CVar [[s.PriorityAsyncLoadingExtraTime:15.0]]
[2020.05.02-18.14.08:196][  0]LogConfig: Setting CVar [[s.LevelStreamingActorsUpdateTimeLimit:5.0]]
[2020.05.02-18.14.08:196][  0]LogConfig: Setting CVar [[s.PriorityLevelStreamingActorsUpdateExtraTime:5.0]]
[2020.05.02-18.14.08:196][  0]LogConfig: Setting CVar [[s.LevelStreamingComponentsRegistrationGranularity:10]]
[2020.05.02-18.14.08:196][  0]LogConfig: Setting CVar [[s.UnregisterComponentsTimeLimit:1.0]]
[2020.05.02-18.14.08:196][  0]LogConfig: Setting CVar [[s.LevelStreamingComponentsUnregistrationGranularity:5]]
[2020.05.02-18.14.08:196][  0]LogConfig: Applying CVar settings from Section [/Script/Engine.GarbageCollectionSettings] File [C:/Users/mosne/Desktop/game jam/Hybrid-Games---Untitled-cybersled-game/Example project/Saved/Config/Windows/Engine.ini]
[2020.05.02-18.14.08:196][  0]LogConfig: Setting CVar [[gc.MaxObjectsNotConsideredByGC:1]]
[2020.05.02-18.14.08:196][  0]LogConfig: Setting CVar [[gc.SizeOfPermanentObjectPool:0]]
[2020.05.02-18.14.08:197][  0]LogConfig: Setting CVar [[gc.FlushStreamingOnGC:0]]
[2020.05.02-18.14.08:197][  0]LogConfig: Setting CVar [[gc.NumRetriesBeforeForcingGC:10]]
[2020.05.02-18.14.08:197][  0]LogConfig: Setting CVar [[gc.AllowParallelGC:1]]
[2020.05.02-18.14.08:197][  0]LogConfig: Setting CVar [[gc.TimeBetweenPurgingPendingKillObjects:61.1]]
[2020.05.02-18.14.08:197][  0]LogConfig: Setting CVar [[gc.MaxObjectsInEditor:8388607]]
[2020.05.02-18.14.08:197][  0]LogConfig: Setting CVar [[gc.IncrementalBeginDestroyEnabled:1]]
[2020.05.02-18.14.08:197][  0]LogConfig: Setting CVar [[gc.CreateGCClusters:1]]
[2020.05.02-18.14.08:197][  0]LogConfig: Setting CVar [[gc.MergeGCClusters:0]]
[2020.05.02-18.14.08:197][  0]LogConfig: Setting CVar [[gc.MinGCClusterSize:5]]
[2020.05.02-18.14.08:197][  0]LogConfig: Setting CVar [[gc.ActorClusteringEnabled:0]]
[2020.05.02-18.14.08:197][  0]LogConfig: Setting CVar [[gc.BlueprintClusteringEnabled:0]]
[2020.05.02-18.14.08:197][  0]LogConfig: Setting CVar [[gc.UseDisregardForGCOnDedicatedServers:0]]
[2020.05.02-18.14.08:197][  0]LogConfig: Applying CVar settings from Section [/Script/Engine.NetworkSettings] File [C:/Users/mosne/Desktop/game jam/Hybrid-Games---Untitled-cybersled-game/Example project/Saved/Config/Windows/Engine.ini]
[2020.05.02-18.14.08:197][  0]LogConfig: Applying CVar settings from Section [/Script/UnrealEd.CookerSettings] File [C:/Users/mosne/Desktop/game jam/Hybrid-Games---Untitled-cybersled-game/Example project/Saved/Config/Windows/Engine.ini]
[2020.05.02-18.14.08:247][  0]LogConfig: Applying CVar settings from Section [ViewDistanceQuality@3] File [C:/Users/mosne/Desktop/game jam/Hybrid-Games---Untitled-cybersled-game/Example project/Saved/Config/Windows/Scalability.ini]
[2020.05.02-18.14.08:247][  0]LogConfig: Setting CVar [[r.SkeletalMeshLODBias:0]]
[2020.05.02-18.14.08:247][  0]LogConfig: Setting CVar [[r.ViewDistanceScale:1.0]]
[2020.05.02-18.14.08:247][  0]LogConfig: Applying CVar settings from Section [AntiAliasingQuality@3] File [C:/Users/mosne/Desktop/game jam/Hybrid-Games---Untitled-cybersled-game/Example project/Saved/Config/Windows/Scalability.ini]
[2020.05.02-18.14.08:247][  0]LogConfig: Setting CVar [[r.PostProcessAAQuality:4]]
[2020.05.02-18.14.08:247][  0]LogConfig: Applying CVar settings from Section [ShadowQuality@3] File [C:/Users/mosne/Desktop/game jam/Hybrid-Games---Untitled-cybersled-game/Example project/Saved/Config/Windows/Scalability.ini]
[2020.05.02-18.14.08:247][  0]LogConfig: Setting CVar [[r.LightFunctionQuality:1]]
[2020.05.02-18.14.08:247][  0]LogConfig: Setting CVar [[r.ShadowQuality:5]]
[2020.05.02-18.14.08:247][  0]LogConfig: Setting CVar [[r.Shadow.CSM.MaxCascades:10]]
[2020.05.02-18.14.08:247][  0]LogConfig: Setting CVar [[r.Shadow.MaxResolution:2048]]
[2020.05.02-18.14.08:247][  0]LogConfig: Setting CVar [[r.Shadow.MaxCSMResolution:2048]]
[2020.05.02-18.14.08:247][  0]LogConfig: Setting CVar [[r.Shadow.RadiusThreshold:0.01]]
[2020.05.02-18.14.08:247][  0]LogConfig: Setting CVar [[r.Shadow.DistanceScale:1.0]]
[2020.05.02-18.14.08:247][  0]LogConfig: Setting CVar [[r.Shadow.CSM.TransitionScale:1.0]]
[2020.05.02-18.14.08:247][  0]LogConfig: Setting CVar [[r.Shadow.PreShadowResolutionFactor:1.0]]
[2020.05.02-18.14.08:247][  0]LogConfig: Setting CVar [[r.DistanceFieldShadowing:1]]
[2020.05.02-18.14.08:247][  0]LogConfig: Setting CVar [[r.DistanceFieldAO:1]]
[2020.05.02-18.14.08:247][  0]LogConfig: Setting CVar [[r.AOQuality:2]]
[2020.05.02-18.14.08:247][  0]LogConfig: Setting CVar [[r.VolumetricFog:1]]
[2020.05.02-18.14.08:247][  0]LogConfig: Setting CVar [[r.VolumetricFog.GridPixelSize:8]]
[2020.05.02-18.14.08:247][  0]LogConfig: Setting CVar [[r.VolumetricFog.GridSizeZ:128]]
[2020.05.02-18.14.08:247][  0]LogConfig: Setting CVar [[r.VolumetricFog.HistoryMissSupersampleCount:4]]
[2020.05.02-18.14.08:247][  0]LogConfig: Setting CVar [[r.LightMaxDrawDistanceScale:1]]
[2020.05.02-18.14.08:247][  0]LogConfig: Setting CVar [[r.CapsuleShadows:1]]
[2020.05.02-18.14.08:247][  0]LogConfig: Applying CVar settings from Section [PostProcessQuality@3] File [C:/Users/mosne/Desktop/game jam/Hybrid-Games---Untitled-cybersled-game/Example project/Saved/Config/Windows/Scalability.ini]
[2020.05.02-18.14.08:247][  0]LogConfig: Setting CVar [[r.MotionBlurQuality:4]]
[2020.05.02-18.14.08:247][  0]LogConfig: Setting CVar [[r.AmbientOcclusionMipLevelFactor:0.4]]
[2020.05.02-18.14.08:247][  0]LogConfig: Setting CVar [[r.AmbientOcclusionMaxQuality:100]]
[2020.05.02-18.14.08:247][  0]LogConfig: Setting CVar [[r.AmbientOcclusionLevels:-1]]
[2020.05.02-18.14.08:247][  0]LogConfig: Setting CVar [[r.AmbientOcclusionRadiusScale:1.0]]
[2020.05.02-18.14.08:247][  0]LogConfig: Setting CVar [[r.DepthOfFieldQuality:2]]
[2020.05.02-18.14.08:247][  0]LogConfig: Setting CVar [[r.RenderTargetPoolMin:400]]
[2020.05.02-18.14.08:247][  0]LogConfig: Setting CVar [[r.LensFlareQuality:2]]
[2020.05.02-18.14.08:247][  0]LogConfig: Setting CVar [[r.SceneColorFringeQuality:1]]
[2020.05.02-18.14.08:247][  0]LogConfig: Setting CVar [[r.EyeAdaptationQuality:2]]
[2020.05.02-18.14.08:247][  0]LogConfig: Setting CVar [[r.BloomQuality:5]]
[2020.05.02-18.14.08:247][  0]LogConfig: Setting CVar [[r.FastBlurThreshold:100]]
[2020.05.02-18.14.08:247][  0]LogConfig: Setting CVar [[r.Upscale.Quality:3]]
[2020.05.02-18.14.08:247][  0]LogConfig: Setting CVar [[r.Tonemapper.GrainQuantization:1]]
[2020.05.02-18.14.08:247][  0]LogConfig: Setting CVar [[r.LightShaftQuality:1]]
[2020.05.02-18.14.08:247][  0]LogConfig: Setting CVar [[r.Filter.SizeScale:1]]
[2020.05.02-18.14.08:247][  0]LogConfig: Setting CVar [[r.Tonemapper.Quality:5]]
[2020.05.02-18.14.08:247][  0]LogConfig: Setting CVar [[r.DOF.Gather.AccumulatorQuality:1        ; higher gathering accumulator quality]]
[2020.05.02-18.14.08:247][  0]LogConfig: Setting CVar [[r.DOF.Gather.PostfilterMethod:1          ; Median3x3 postfilering method]]
[2020.05.02-18.14.08:247][  0]LogConfig: Setting CVar [[r.DOF.Gather.EnableBokehSettings:0       ; no bokeh simulation when gathering]]
[2020.05.02-18.14.08:247][  0]LogConfig: Setting CVar [[r.DOF.Gather.RingCount:4                 ; medium number of samples when gathering]]
[2020.05.02-18.14.08:247][  0]LogConfig: Setting CVar [[r.DOF.Scatter.ForegroundCompositing:1    ; additive foreground scattering]]
[2020.05.02-18.14.08:247][  0]LogConfig: Setting CVar [[r.DOF.Scatter.BackgroundCompositing:2    ; additive background scattering]]
[2020.05.02-18.14.08:247][  0]LogConfig: Setting CVar [[r.DOF.Scatter.EnableBokehSettings:1      ; bokeh simulation when scattering]]
[2020.05.02-18.14.08:247][  0]LogConfig: Setting CVar [[r.DOF.Scatter.MaxSpriteRatio:0.1         ; only a maximum of 10% of scattered bokeh]]
[2020.05.02-18.14.08:247][  0]LogConfig: Setting CVar [[r.DOF.Recombine.Quality:1                ; cheap slight out of focus]]
[2020.05.02-18.14.08:247][  0]LogConfig: Setting CVar [[r.DOF.Recombine.EnableBokehSettings:0    ; no bokeh simulation on slight out of focus]]
[2020.05.02-18.14.08:247][  0]LogConfig: Setting CVar [[r.DOF.TemporalAAQuality:1                ; more stable temporal accumulation]]
[2020.05.02-18.14.08:247][  0]LogConfig: Setting CVar [[r.DOF.Kernel.MaxForegroundRadius:0.025]]
[2020.05.02-18.14.08:247][  0]LogConfig: Setting CVar [[r.DOF.Kernel.MaxBackgroundRadius:0.025]]
[2020.05.02-18.14.08:247][  0]LogConfig: Applying CVar settings from Section [TextureQuality@3] File [C:/Users/mosne/Desktop/game jam/Hybrid-Games---Untitled-cybersled-game/Example project/Saved/Config/Windows/Scalability.ini]
[2020.05.02-18.14.08:247][  0]LogConfig: Setting CVar [[r.Streaming.MipBias:0]]
[2020.05.02-18.14.08:247][  0]LogConfig: Setting CVar [[r.Streaming.AmortizeCPUToGPUCopy:0]]
[2020.05.02-18.14.08:247][  0]LogConfig: Setting CVar [[r.Streaming.MaxNumTexturesToStreamPerFrame:0]]
[2020.05.02-18.14.08:247][  0]LogConfig: Setting CVar [[r.Streaming.Boost:1]]
[2020.05.02-18.14.08:247][  0]LogConfig: Setting CVar [[r.MaxAnisotropy:8]]
[2020.05.02-18.14.08:247][  0]LogConfig: Setting CVar [[r.Streaming.LimitPoolSizeToVRAM:0]]
[2020.05.02-18.14.08:247][  0]LogConfig: Setting CVar [[r.Streaming.PoolSize:1000]]
[2020.05.02-18.14.08:247][  0]LogConfig: Setting CVar [[r.Streaming.MaxEffectiveScreenSize:0]]
[2020.05.02-18.14.08:247][  0]LogConfig: Applying CVar settings from Section [EffectsQuality@3] File [C:/Users/mosne/Desktop/game jam/Hybrid-Games---Untitled-cybersled-game/Example project/Saved/Config/Windows/Scalability.ini]
[2020.05.02-18.14.08:247][  0]LogConfig: Setting CVar [[r.TranslucencyLightingVolumeDim:64]]
[2020.05.02-18.14.08:247][  0]LogConfig: Setting CVar [[r.RefractionQuality:2]]
[2020.05.02-18.14.08:247][  0]LogConfig: Setting CVar [[r.SSR.Quality:3]]
[2020.05.02-18.14.08:247][  0]LogConfig: Setting CVar [[r.SceneColorFormat:4]]
[2020.05.02-18.14.08:247][  0]LogConfig: Setting CVar [[r.DetailMode:2]]
[2020.05.02-18.14.08:247][  0]LogConfig: Setting CVar [[r.TranslucencyVolumeBlur:1]]
[2020.05.02-18.14.08:247][  0]LogConfig: Setting CVar [[r.MaterialQualityLevel:1 ; High quality]]
[2020.05.02-18.14.08:247][  0]LogConfig: Setting CVar [[r.SSS.Scale:1]]
[2020.05.02-18.14.08:247][  0]LogConfig: Setting CVar [[r.SSS.SampleSet:2]]
[2020.05.02-18.14.08:247][  0]LogConfig: Setting CVar [[r.SSS.Quality:1]]
[2020.05.02-18.14.08:247][  0]LogConfig: Setting CVar [[r.SSS.HalfRes:1]]
[2020.05.02-18.14.08:247][  0]LogConfig: Setting CVar [[r.EmitterSpawnRateScale:1.0]]
[2020.05.02-18.14.08:247][  0]LogConfig: Setting CVar [[r.ParticleLightQuality:2]]
[2020.05.02-18.14.08:247][  0]LogConfig: Applying CVar settings from Section [FoliageQuality@3] File [C:/Users/mosne/Desktop/game jam/Hybrid-Games---Untitled-cybersled-game/Example project/Saved/Config/Windows/Scalability.ini]
[2020.05.02-18.14.08:247][  0]LogConfig: Setting CVar [[foliage.DensityScale:1.0]]
[2020.05.02-18.14.08:247][  0]LogConfig: Setting CVar [[grass.DensityScale:1.0]]
[2020.05.02-18.14.08:254][  0]LogInit: Selected Device Profile: [Windows]
[2020.05.02-18.14.08:254][  0]LogInit: Applying CVar settings loaded from the selected device profile: [Windows]
[2020.05.02-18.14.08:279][  0]LogHAL: Display: Platform has ~ 16 GB [17125564416 / 17179869184 / 16], which maps to Larger [LargestMinGB=32, LargerMinGB=12, DefaultMinGB=8, SmallerMinGB=6, SmallestMinGB=0)
[2020.05.02-18.14.08:303][  0]LogConfig: Setting CVar [[r.Vulkan.UseRealUBs:1]]
[2020.05.02-18.14.08:303][  0]LogInit: Going up to parent DeviceProfile []
[2020.05.02-18.14.08:303][  0]LogConfig: Applying CVar settings from Section [ViewDistanceQuality@3] File [C:/Users/mosne/Desktop/game jam/Hybrid-Games---Untitled-cybersled-game/Example project/Saved/Config/Windows/Scalability.ini]
[2020.05.02-18.14.08:303][  0]LogConfig: Setting CVar [[r.SkeletalMeshLODBias:0]]
[2020.05.02-18.14.08:303][  0]LogConfig: Setting CVar [[r.ViewDistanceScale:1.0]]
[2020.05.02-18.14.08:303][  0]LogConfig: Applying CVar settings from Section [AntiAliasingQuality@3] File [C:/Users/mosne/Desktop/game jam/Hybrid-Games---Untitled-cybersled-game/Example project/Saved/Config/Windows/Scalability.ini]
[2020.05.02-18.14.08:303][  0]LogConfig: Setting CVar [[r.PostProcessAAQuality:4]]
[2020.05.02-18.14.08:303][  0]LogConfig: Applying CVar settings from Section [ShadowQuality@3] File [C:/Users/mosne/Desktop/game jam/Hybrid-Games---Untitled-cybersled-game/Example project/Saved/Config/Windows/Scalability.ini]
[2020.05.02-18.14.08:303][  0]LogConfig: Setting CVar [[r.LightFunctionQuality:1]]
[2020.05.02-18.14.08:303][  0]LogConfig: Setting CVar [[r.ShadowQuality:5]]
[2020.05.02-18.14.08:303][  0]LogConfig: Setting CVar [[r.Shadow.CSM.MaxCascades:10]]
[2020.05.02-18.14.08:303][  0]LogConfig: Setting CVar [[r.Shadow.MaxResolution:2048]]
[2020.05.02-18.14.08:303][  0]LogConfig: Setting CVar [[r.Shadow.MaxCSMResolution:2048]]
[2020.05.02-18.14.08:303][  0]LogConfig: Setting CVar [[r.Shadow.RadiusThreshold:0.01]]
[2020.05.02-18.14.08:303][  0]LogConfig: Setting CVar [[r.Shadow.DistanceScale:1.0]]
[2020.05.02-18.14.08:303][  0]LogConfig: Setting CVar [[r.Shadow.CSM.TransitionScale:1.0]]
[2020.05.02-18.14.08:303][  0]LogConfig: Setting CVar [[r.Shadow.PreShadowResolutionFactor:1.0]]
[2020.05.02-18.14.08:303][  0]LogConfig: Setting CVar [[r.DistanceFieldShadowing:1]]
[2020.05.02-18.14.08:303][  0]LogConfig: Setting CVar [[r.DistanceFieldAO:1]]
[2020.05.02-18.14.08:303][  0]LogConfig: Setting CVar [[r.AOQuality:2]]
[2020.05.02-18.14.08:303][  0]LogConfig: Setting CVar [[r.VolumetricFog:1]]
[2020.05.02-18.14.08:303][  0]LogConfig: Setting CVar [[r.VolumetricFog.GridPixelSize:8]]
[2020.05.02-18.14.08:303][  0]LogConfig: Setting CVar [[r.VolumetricFog.GridSizeZ:128]]
[2020.05.02-18.14.08:303][  0]LogConfig: Setting CVar [[r.VolumetricFog.HistoryMissSupersampleCount:4]]
[2020.05.02-18.14.08:303][  0]LogConfig: Setting CVar [[r.LightMaxDrawDistanceScale:1]]
[2020.05.02-18.14.08:303][  0]LogConfig: Setting CVar [[r.CapsuleShadows:1]]
[2020.05.02-18.14.08:303][  0]LogConfig: Applying CVar settings from Section [PostProcessQuality@3] File [C:/Users/mosne/Desktop/game jam/Hybrid-Games---Untitled-cybersled-game/Example project/Saved/Config/Windows/Scalability.ini]
[2020.05.02-18.14.08:303][  0]LogConfig: Setting CVar [[r.MotionBlurQuality:4]]
[2020.05.02-18.14.08:303][  0]LogConfig: Setting CVar [[r.AmbientOcclusionMipLevelFactor:0.4]]
[2020.05.02-18.14.08:303][  0]LogConfig: Setting CVar [[r.AmbientOcclusionMaxQuality:100]]
[2020.05.02-18.14.08:303][  0]LogConfig: Setting CVar [[r.AmbientOcclusionLevels:-1]]
[2020.05.02-18.14.08:303][  0]LogConfig: Setting CVar [[r.AmbientOcclusionRadiusScale:1.0]]
[2020.05.02-18.14.08:303][  0]LogConfig: Setting CVar [[r.DepthOfFieldQuality:2]]
[2020.05.02-18.14.08:303][  0]LogConfig: Setting CVar [[r.RenderTargetPoolMin:400]]
[2020.05.02-18.14.08:303][  0]LogConfig: Setting CVar [[r.LensFlareQuality:2]]
[2020.05.02-18.14.08:303][  0]LogConfig: Setting CVar [[r.SceneColorFringeQuality:1]]
[2020.05.02-18.14.08:304][  0]LogConfig: Setting CVar [[r.EyeAdaptationQuality:2]]
[2020.05.02-18.14.08:304][  0]LogConfig: Setting CVar [[r.BloomQuality:5]]
[2020.05.02-18.14.08:304][  0]LogConfig: Setting CVar [[r.FastBlurThreshold:100]]
[2020.05.02-18.14.08:304][  0]LogConfig: Setting CVar [[r.Upscale.Quality:3]]
[2020.05.02-18.14.08:304][  0]LogConfig: Setting CVar [[r.Tonemapper.GrainQuantization:1]]
[2020.05.02-18.14.08:304][  0]LogConfig: Setting CVar [[r.LightShaftQuality:1]]
[2020.05.02-18.14.08:304][  0]LogConfig: Setting CVar [[r.Filter.SizeScale:1]]
[2020.05.02-18.14.08:304][  0]LogConfig: Setting CVar [[r.Tonemapper.Quality:5]]
[2020.05.02-18.14.08:304][  0]LogConfig: Setting CVar [[r.DOF.Gather.AccumulatorQuality:1        ; higher gathering accumulator quality]]
[2020.05.02-18.14.08:304][  0]LogConfig: Setting CVar [[r.DOF.Gather.PostfilterMethod:1          ; Median3x3 postfilering method]]
[2020.05.02-18.14.08:304][  0]LogConfig: Setting CVar [[r.DOF.Gather.EnableBokehSettings:0       ; no bokeh simulation when gathering]]
[2020.05.02-18.14.08:304][  0]LogConfig: Setting CVar [[r.DOF.Gather.RingCount:4                 ; medium number of samples when gathering]]
[2020.05.02-18.14.08:304][  0]LogConfig: Setting CVar [[r.DOF.Scatter.ForegroundCompositing:1    ; additive foreground scattering]]
[2020.05.02-18.14.08:304][  0]LogConfig: Setting CVar [[r.DOF.Scatter.BackgroundCompositing:2    ; additive background scattering]]
[2020.05.02-18.14.08:304][  0]LogConfig: Setting CVar [[r.DOF.Scatter.EnableBokehSettings:1      ; bokeh simulation when scattering]]
[2020.05.02-18.14.08:304][  0]LogConfig: Setting CVar [[r.DOF.Scatter.MaxSpriteRatio:0.1         ; only a maximum of 10% of scattered bokeh]]
[2020.05.02-18.14.08:304][  0]LogConfig: Setting CVar [[r.DOF.Recombine.Quality:1                ; cheap slight out of focus]]
[2020.05.02-18.14.08:304][  0]LogConfig: Setting CVar [[r.DOF.Recombine.EnableBokehSettings:0    ; no bokeh simulation on slight out of focus]]
[2020.05.02-18.14.08:304][  0]LogConfig: Setting CVar [[r.DOF.TemporalAAQuality:1                ; more stable temporal accumulation]]
[2020.05.02-18.14.08:304][  0]LogConfig: Setting CVar [[r.DOF.Kernel.MaxForegroundRadius:0.025]]
[2020.05.02-18.14.08:304][  0]LogConfig: Setting CVar [[r.DOF.Kernel.MaxBackgroundRadius:0.025]]
[2020.05.02-18.14.08:304][  0]LogConfig: Applying CVar settings from Section [TextureQuality@3] File [C:/Users/mosne/Desktop/game jam/Hybrid-Games---Untitled-cybersled-game/Example project/Saved/Config/Windows/Scalability.ini]
[2020.05.02-18.14.08:304][  0]LogConfig: Setting CVar [[r.Streaming.MipBias:0]]
[2020.05.02-18.14.08:304][  0]LogConfig: Setting CVar [[r.Streaming.AmortizeCPUToGPUCopy:0]]
[2020.05.02-18.14.08:304][  0]LogConfig: Setting CVar [[r.Streaming.MaxNumTexturesToStreamPerFrame:0]]
[2020.05.02-18.14.08:304][  0]LogConfig: Setting CVar [[r.Streaming.Boost:1]]
[2020.05.02-18.14.08:304][  0]LogConfig: Setting CVar [[r.MaxAnisotropy:8]]
[2020.05.02-18.14.08:304][  0]LogConfig: Setting CVar [[r.Streaming.LimitPoolSizeToVRAM:0]]
[2020.05.02-18.14.08:304][  0]LogConfig: Setting CVar [[r.Streaming.PoolSize:1000]]
[2020.05.02-18.14.08:304][  0]LogConfig: Setting CVar [[r.Streaming.MaxEffectiveScreenSize:0]]
[2020.05.02-18.14.08:304][  0]LogConfig: Applying CVar settings from Section [EffectsQuality@3] File [C:/Users/mosne/Desktop/game jam/Hybrid-Games---Untitled-cybersled-game/Example project/Saved/Config/Windows/Scalability.ini]
[2020.05.02-18.14.08:304][  0]LogConfig: Setting CVar [[r.TranslucencyLightingVolumeDim:64]]
[2020.05.02-18.14.08:304][  0]LogConfig: Setting CVar [[r.RefractionQuality:2]]
[2020.05.02-18.14.08:304][  0]LogConfig: Setting CVar [[r.SSR.Quality:3]]
[2020.05.02-18.14.08:304][  0]LogConfig: Setting CVar [[r.SceneColorFormat:4]]
[2020.05.02-18.14.08:304][  0]LogConfig: Setting CVar [[r.DetailMode:2]]
[2020.05.02-18.14.08:304][  0]LogConfig: Setting CVar [[r.TranslucencyVolumeBlur:1]]
[2020.05.02-18.14.08:304][  0]LogConfig: Setting CVar [[r.MaterialQualityLevel:1 ; High quality]]
[2020.05.02-18.14.08:304][  0]LogConfig: Setting CVar [[r.SSS.Scale:1]]
[2020.05.02-18.14.08:304][  0]LogConfig: Setting CVar [[r.SSS.SampleSet:2]]
[2020.05.02-18.14.08:304][  0]LogConfig: Setting CVar [[r.SSS.Quality:1]]
[2020.05.02-18.14.08:304][  0]LogConfig: Setting CVar [[r.SSS.HalfRes:1]]
[2020.05.02-18.14.08:304][  0]LogConfig: Setting CVar [[r.EmitterSpawnRateScale:1.0]]
[2020.05.02-18.14.08:304][  0]LogConfig: Setting CVar [[r.ParticleLightQuality:2]]
[2020.05.02-18.14.08:304][  0]LogConfig: Applying CVar settings from Section [FoliageQuality@3] File [C:/Users/mosne/Desktop/game jam/Hybrid-Games---Untitled-cybersled-game/Example project/Saved/Config/Windows/Scalability.ini]
[2020.05.02-18.14.08:304][  0]LogConfig: Setting CVar [[foliage.DensityScale:1.0]]
[2020.05.02-18.14.08:304][  0]LogConfig: Setting CVar [[grass.DensityScale:1.0]]
[2020.05.02-18.14.08:304][  0]LogConfig: Applying CVar settings from Section [Startup] File [../../../Engine/Config/ConsoleVariables.ini]
[2020.05.02-18.14.08:309][  0]LogConfig: Setting CVar [[net.UseAdaptiveNetUpdateFrequency:0]]
[2020.05.02-18.14.08:309][  0]LogConfig: Applying CVar settings from Section [ConsoleVariables] File [C:/Users/mosne/Desktop/game jam/Hybrid-Games---Untitled-cybersled-game/Example project/Saved/Config/Windows/Engine.ini]
[2020.05.02-18.14.08:345][  0]LogInit: Computer: DESKTOP-70DPEE6
[2020.05.02-18.14.08:345][  0]LogInit: User: mosne
[2020.05.02-18.14.08:345][  0]LogInit: CPU Page size=4096, Cores=6
[2020.05.02-18.14.08:345][  0]LogInit: High frequency timer resolution =10.000000 MHz
[2020.05.02-18.14.08:345][  0]LogMemory: Memory total: Physical=15.9GB (16GB approx)
[2020.05.02-18.14.08:346][  0]LogMemory: Platform Memory Stats for Windows
[2020.05.02-18.14.08:346][  0]LogMemory: Process Physical Memory: 105.01 MB used, 105.02 MB peak
[2020.05.02-18.14.08:346][  0]LogMemory: Process Virtual Memory: 98.36 MB used, 98.36 MB peak
[2020.05.02-18.14.08:346][  0]LogMemory: Physical Memory: 6524.89 MB used,  9807.32 MB free, 16332.21 MB total
[2020.05.02-18.14.08:346][  0]LogMemory: Virtual Memory: 4639.15 MB used,  134213088.00 MB free, 134217728.00 MB total
[2020.05.02-18.14.09:213][  0]LogInit: Using OS detected language (en-GB).
[2020.05.02-18.14.09:213][  0]LogInit: Using OS detected locale (en-GB).
[2020.05.02-18.14.09:244][  0]LogTextLocalizationManager: No specific localization for 'en-GB' exists, so the 'en' localization will be used.
[2020.05.02-18.14.10:031][  0]LogStreaming: Display: Took  0.792s to InitEngineTextLocalization.
[2020.05.02-18.14.10:055][  0]LogInit: Setting process to per monitor DPI aware
[2020.05.02-18.14.10:470][  0]LogSlate: New Slate User Created.  User Index 0, Is Virtual User: 0
[2020.05.02-18.14.10:470][  0]LogSlate: Slate User Registered.  User Index 0, Is Virtual User: 0
[2020.05.02-18.14.12:647][  0]LogHMD: Failed to initialize OpenVR with code 110
[2020.05.02-18.14.12:647][  0]LogD3D11RHI: D3D11 adapters:
[2020.05.02-18.14.12:758][  0]LogD3D11RHI:    0. 'NVIDIA GeForce RTX 2060' (Feature Level 11_0)
[2020.05.02-18.14.12:759][  0]LogD3D11RHI:       5980/0/8166 MB DedicatedVideo/DedicatedSystem/SharedSystem, Outputs:1, VendorId:0x10de
[2020.05.02-18.14.12:761][  0]LogD3D11RHI:    1. 'Microsoft Basic Render Driver' (Feature Level 11_0)
[2020.05.02-18.14.12:761][  0]LogD3D11RHI:       0/0/8166 MB DedicatedVideo/DedicatedSystem/SharedSystem, Outputs:0, VendorId:0x1414
[2020.05.02-18.14.12:761][  0]LogD3D11RHI: Chosen D3D11 Adapter: 0
[2020.05.02-18.14.12:768][  0]LogD3D11RHI: Creating new Direct3DDevice
[2020.05.02-18.14.12:769][  0]LogD3D11RHI:     GPU DeviceId: 0x1f08 (for the marketing name, search the web for "GPU Device Id")
[2020.05.02-18.14.12:769][  0]LogWindows: EnumDisplayDevices:
[2020.05.02-18.14.12:769][  0]LogWindows:    0. 'NVIDIA GeForce RTX 2060' (P:1 D:1)
[2020.05.02-18.14.12:769][  0]LogWindows:    1. 'NVIDIA GeForce RTX 2060' (P:0 D:0)
[2020.05.02-18.14.12:769][  0]LogWindows:    2. 'NVIDIA GeForce RTX 2060' (P:0 D:0)
[2020.05.02-18.14.12:770][  0]LogWindows:    3. 'NVIDIA GeForce RTX 2060' (P:0 D:0)
[2020.05.02-18.14.12:770][  0]LogWindows: DebugString: FoundDriverCount:4 
[2020.05.02-18.14.12:770][  0]LogD3D11RHI:     Adapter Name: NVIDIA GeForce RTX 2060
[2020.05.02-18.14.12:770][  0]LogD3D11RHI:   Driver Version: 445.87 (internal:26.21.14.4587, unified:445.87)
[2020.05.02-18.14.12:770][  0]LogD3D11RHI:      Driver Date: 4-3-2020
[2020.05.02-18.14.12:770][  0]LogRHI: Texture pool is 4186 MB (70% of 5980 MB)
[2020.05.02-18.14.12:827][  0]LogD3D11RHI: Async texture creation enabled
[2020.05.02-18.14.13:081][  0]LogD3D11RHI: GPU Timing Frequency: 1000.000000 (Debug: 2 1)
[2020.05.02-18.14.13:914][  0]LogTemp: Display: Loaded TP AllDesktopTargetPlatform
[2020.05.02-18.14.13:948][  0]LogTemp: Display: Loaded TP MacClientTargetPlatform
[2020.05.02-18.14.13:970][  0]LogTemp: Display: Loaded TP MacNoEditorTargetPlatform
[2020.05.02-18.14.13:991][  0]LogTemp: Display: Loaded TP MacServerTargetPlatform
[2020.05.02-18.14.14:024][  0]LogTemp: Display: Loaded TP MacTargetPlatform
[2020.05.02-18.14.14:072][  0]LogTemp: Display: Loaded TP WindowsClientTargetPlatform
[2020.05.02-18.14.14:094][  0]LogTemp: Display: Loaded TP WindowsNoEditorTargetPlatform
[2020.05.02-18.14.14:116][  0]LogTemp: Display: Loaded TP WindowsServerTargetPlatform
[2020.05.02-18.14.14:132][  0]LogTemp: Display: Loaded TP WindowsTargetPlatform
[2020.05.02-18.14.14:238][  0]LogTemp: Display: Loaded TP AndroidTargetPlatform
[2020.05.02-18.14.14:238][  0]LogTemp: Display: Loaded TP AndroidTargetPlatform
[2020.05.02-18.14.14:238][  0]LogTemp: Display: Loaded TP AndroidTargetPlatform
[2020.05.02-18.14.14:238][  0]LogTemp: Display: Loaded TP AndroidTargetPlatform
[2020.05.02-18.14.14:238][  0]LogTemp: Display: Loaded TP AndroidTargetPlatform
[2020.05.02-18.14.14:239][  0]LogTemp: Display: Loaded TP AndroidTargetPlatform
[2020.05.02-18.14.14:239][  0]LogTemp: Display: Loaded TP AndroidTargetPlatform
[2020.05.02-18.14.14:239][  0]LogTemp: Display: Loaded TP AndroidTargetPlatform
[2020.05.02-18.14.14:239][  0]LogTemp: Display: Loaded TP AndroidTargetPlatform
[2020.05.02-18.14.14:239][  0]LogTemp: Display: Loaded TP AndroidTargetPlatform
[2020.05.02-18.14.14:239][  0]LogTemp: Display: Loaded TP AndroidTargetPlatform
[2020.05.02-18.14.14:239][  0]LogTemp: Display: Loaded TP AndroidTargetPlatform
[2020.05.02-18.14.14:239][  0]LogTemp: Display: Loaded TP AndroidTargetPlatform
[2020.05.02-18.14.14:239][  0]LogTemp: Display: Loaded TP AndroidTargetPlatform
[2020.05.02-18.14.14:239][  0]LogTemp: Display: Loaded TP AndroidTargetPlatform
[2020.05.02-18.14.14:239][  0]LogTemp: Display: Loaded TP AndroidTargetPlatform
[2020.05.02-18.14.14:239][  0]LogTemp: Display: Loaded TP AndroidTargetPlatform
[2020.05.02-18.14.14:239][  0]LogTemp: Display: Loaded TP AndroidTargetPlatform
[2020.05.02-18.14.14:271][  0]LogTemp: Display: Loaded TP HTML5TargetPlatform
[2020.05.02-18.14.14:412][  0]LogTemp: Display: Loaded TP IOSTargetPlatform
[2020.05.02-18.14.14:412][  0]LogTemp: Display: Loaded TP IOSTargetPlatform
[2020.05.02-18.14.14:454][  0]LogTemp: Display: Loaded TP TVOSTargetPlatform
[2020.05.02-18.14.14:454][  0]LogTemp: Display: Loaded TP TVOSTargetPlatform
[2020.05.02-18.14.14:484][  0]LogTemp: Display: Loaded TP LinuxClientTargetPlatform
[2020.05.02-18.14.14:506][  0]LogTemp: Display: Loaded TP LinuxNoEditorTargetPlatform
[2020.05.02-18.14.14:528][  0]LogTemp: Display: Loaded TP LinuxServerTargetPlatform
[2020.05.02-18.14.14:557][  0]LogTemp: Display: Loaded TP LinuxTargetPlatform
[2020.05.02-18.14.14:623][  0]LogTemp: Display: Loaded TP LuminTargetPlatform
[2020.05.02-18.14.14:623][  0]LogTemp: Display: Loaded TP LuminTargetPlatform
[2020.05.02-18.14.14:623][  0]LogTargetPlatformManager: Display: Building Assets For Windows
[2020.05.02-18.14.15:348][  0]LogShaderCompilers: Guid format shader working directory is -41 characters bigger than the processId version (C:/Users/mosne/Desktop/game jam/Hybrid-Games---Untitled-cybersled-game/Example project/Intermediate/Shaders/WorkingDirectory/10460/).
[2020.05.02-18.14.15:348][  0]LogShaderCompilers: Cleaned the shader compiler working directory 'C:/Users/mosne/AppData/Local/Temp/UnrealShaderWorkingDir/C77550594892F9BF1331538BEC2CF2FB/'.
[2020.05.02-18.14.15:385][  0]LogXGEController: Cleaning working directory: C:/Users/mosne/AppData/Local/Temp/UnrealXGEWorkingDir/
[2020.05.02-18.14.15:385][  0]LogXGEController: Cannot use XGE Controller as Incredibuild is not installed on this machine.
[2020.05.02-18.14.15:385][  0]LogShaderCompilers: Cannot use XGE Shader Compiler as Incredibuild is not installed on this machine.
[2020.05.02-18.14.15:385][  0]LogShaderCompilers: Display: Using Local Shader Compiler.
[2020.05.02-18.14.18:022][  0]LogDerivedDataCache: Display: Max Cache Size: 512 MB
[2020.05.02-18.14.18:388][  0]LogDerivedDataCache: Loaded boot cache 0.36s 71MB C:/Users/mosne/AppData/Local/UnrealEngine/4.21/DerivedDataCache/Boot.ddc.
[2020.05.02-18.14.18:388][  0]LogDerivedDataCache: Display: Loaded Boot cache: C:/Users/mosne/AppData/Local/UnrealEngine/4.21/DerivedDataCache/Boot.ddc
[2020.05.02-18.14.18:388][  0]LogDerivedDataCache: FDerivedDataBackendGraph:  Pak pak cache file C:/Users/mosne/Desktop/game jam/Hybrid-Games---Untitled-cybersled-game/Example project/DerivedDataCache/DDC.ddp not found, will not use a pak cache.
[2020.05.02-18.14.18:388][  0]LogDerivedDataCache: Unable to find inner node Pak for hierarchical cache Hierarchy.
[2020.05.02-18.14.18:388][  0]LogDerivedDataCache: FDerivedDataBackendGraph:  CompressedPak pak cache file C:/Users/mosne/Desktop/game jam/Hybrid-Games---Untitled-cybersled-game/Example project/DerivedDataCache/Compressed.ddp not found, will not use a pak cache.
[2020.05.02-18.14.18:388][  0]LogDerivedDataCache: Unable to find inner node CompressedPak for hierarchical cache Hierarchy.
[2020.05.02-18.14.18:481][  0]LogDerivedDataCache: Display: Pak cache opened for reading ../../../Engine/DerivedDataCache/Compressed.ddp.
[2020.05.02-18.14.18:481][  0]LogDerivedDataCache: FDerivedDataBackendGraph:  EnterprisePak pak cache file ../../../Enterprise/DerivedDataCache/Compressed.ddp not found, will not use a pak cache.
[2020.05.02-18.14.18:481][  0]LogDerivedDataCache: Unable to find inner node EnterprisePak for hierarchical cache Hierarchy.
[2020.05.02-18.14.18:494][  0]LogDerivedDataCache: Using Local data cache path C:/Users/mosne/AppData/Local/UnrealEngine/Common/DerivedDataCache: Writable
[2020.05.02-18.14.18:494][  0]LogDerivedDataCache: Shared data cache path not found in *engine.ini, will not use an Shared cache.
[2020.05.02-18.14.18:494][  0]LogDerivedDataCache: Unable to find inner node Shared for hierarchical cache Hierarchy.
[2020.05.02-18.14.18:552][  0]LogMaterial: Verifying Global Shaders for PCD3D_SM5
[2020.05.02-18.14.18:642][  0]LogSlate: Using FreeType 2.6.0
[2020.05.02-18.14.18:744][  0]LogSlate: SlateFontServices - WITH_FREETYPE: 1, WITH_HARFBUZZ: 1
[2020.05.02-18.14.19:227][  0]LogAssetRegistry: FAssetRegistry took 0.0402 seconds to start up
[2020.05.02-18.14.23:188][  0]LogInit: Selected Device Profile: [Windows]
[2020.05.02-18.14.25:771][  0]LogSimplygon: Simplygon DLL not present - disabling.
[2020.05.02-18.14.26:213][  0]LogMeshReduction: Using SimplygonSwarm for distributed automatic mesh merging
[2020.05.02-18.14.26:213][  0]LogMeshReduction: Using ProxyLODMeshReduction for automatic mesh merging
[2020.05.02-18.14.26:225][  0]LogMeshReduction: Using QuadricMeshReduction for automatic static mesh reduction
[2020.05.02-18.14.26:225][  0]LogMeshReduction: No automatic skeletal mesh reduction module available
[2020.05.02-18.14.26:933][  0]LogNetVersion: MyProject2 1.0.0, NetCL: 4541578, EngineNetVer: 5, GameNetVer: 0 (Checksum: 2078931443)
[2020.05.02-18.14.34:520][  0]LogPackageLocalizationCache: Processed 11 localized package path(s) for 2 prioritized culture(s) in 0.243179 seconds
[2020.05.02-18.14.34:609][  0]LogUObjectArray: 39775 objects as part of root set at end of initial load.
[2020.05.02-18.14.34:609][  0]LogUObjectAllocator: 6914656 out of 0 bytes used by permanent object pool.
[2020.05.02-18.14.34:609][  0]LogUObjectArray: CloseDisregardForGC: 0/0 objects in disregard for GC pool
[2020.05.02-18.14.55:104][  0]LogSubstanceCoreModule: Substance [CPU] Engine Loaded, Max Texture Size = 2048
[2020.05.02-18.14.55:211][  0]LogTcpMessaging: Initializing TcpMessaging bridge
[2020.05.02-18.14.55:255][  0]LogUdpMessaging: Initializing bridge on interface 0.0.0.0:0 to multicast group 230.0.0.1:6666.
[2020.05.02-18.14.57:801][  0]SourceControl: Source control is disabled
[2020.05.02-18.14.57:815][  0]SourceControl: Source control is disabled
[2020.05.02-18.14.57:937][  0]SourceControl: Source control is disabled
[2020.05.02-18.14.57:961][  0]SourceControl: Source control is disabled
[2020.05.02-18.14.59:337][  0]LogAndroidPermission: UAndroidPermissionCallbackProxy::GetInstance
[2020.05.02-18.14.59:586][  0]LogOcInput: OculusInput pre-init called
[2020.05.02-18.15.01:679][  0]LogEngine: Initializing Engine...
[2020.05.02-18.15.01:753][  0]LogHMD: Failed to initialize OpenVR with code 110
[2020.05.02-18.15.01:814][  0]LogStats: UGameplayTagsManager::ConstructGameplayTagTree: ImportINI prefixes -  0.000 s
[2020.05.02-18.15.01:814][  0]LogStats: UGameplayTagsManager::ConstructGameplayTagTree: Construct from data asset -  0.000 s
[2020.05.02-18.15.01:814][  0]LogStats: UGameplayTagsManager::ConstructGameplayTagTree: ImportINI -  0.000 s
[2020.05.02-18.15.01:814][  0]LogStats: UGameplayTagsManager::ConstructGameplayTagTree: GameplayTagTreeChangedEvent.Broadcast -  0.000 s
[2020.05.02-18.15.02:441][  0]LogInit: Initializing FReadOnlyCVARCache
[2020.05.02-18.15.03:534][  0]LogAIModule: Creating AISystem for world Untitled
[2020.05.02-18.15.03:891][  0]LogInit: XAudio2 using 'Speakers (Realtek(R) Audio)' : 6 channels at 48 kHz using 32 bits per sample (channel mask 0x3f)
[2020.05.02-18.15.03:967][  0]LogInit: FAudioDevice initialized.
[2020.05.02-18.15.03:967][  0]LogNetVersion: Set ProjectVersion to 1.0.0.0. Version Checksum will be recalculated on next use.
[2020.05.02-18.15.04:107][  0]LogDerivedDataCache: Saved boot cache 0.14s 71MB C:/Users/mosne/AppData/Local/UnrealEngine/4.21/DerivedDataCache/Boot.ddc.
[2020.05.02-18.15.04:120][  0]LogInit: Texture streaming: Enabled
[2020.05.02-18.15.04:351][  0]LogEngineSessionManager: EngineSessionManager initialized
[2020.05.02-18.15.04:637][  0]LogInit: Transaction tracking system initialized
[2020.05.02-18.15.05:142][  0]BlueprintLog: New page: Editor Load
[2020.05.02-18.15.06:714][  0]LocalizationService: Localization service is disabled
[2020.05.02-18.15.09:116][  0]LogFileCache: Scanning file cache for directory 'C:/Users/mosne/Desktop/game jam/Hybrid-Games---Untitled-cybersled-game/Example project/Content/' took 0.02s
[2020.05.02-18.15.09:116][  0]LogCook: Display: Max memory allowance for cook 16384mb min free memory 0mb
[2020.05.02-18.15.09:117][  0]LogCook: Display: Mobile HDR setting 1
[2020.05.02-18.15.09:117][  0]LogGameplayTags: Display: UGameplayTagsManager::DoneAddingNativeTags. DelegateIsBound: 0
[2020.05.02-18.15.09:117][  0]LogStats: UGameplayTagsManager::ConstructGameplayTagTree: ImportINI prefixes -  0.000 s
[2020.05.02-18.15.09:117][  0]LogStats: UGameplayTagsManager::ConstructGameplayTagTree: Construct from data asset -  0.000 s
[2020.05.02-18.15.09:117][  0]LogStats: UGameplayTagsManager::ConstructGameplayTagTree: ImportINI -  0.000 s
[2020.05.02-18.15.09:117][  0]LogStats: UGameplayTagsManager::ConstructGameplayTagTree: GameplayTagTreeChangedEvent.Broadcast -  0.000 s
[2020.05.02-18.15.11:107][  0]SourceControl: Source control is disabled
[2020.05.02-18.15.11:149][  0]Cmd: MAP LOAD FILE="C:/Users/mosne/Desktop/game jam/Hybrid-Games---Untitled-cybersled-game/Example project/Content/Prototype/Arena.umap" TEMPLATE=0 SHOWPROGRESS=1 FEATURELEVEL=3
[2020.05.02-18.15.11:172][  0]LightingResults: New page: Lighting Build
[2020.05.02-18.15.11:417][  0]MapCheck: New page: Map Check
[2020.05.02-18.15.11:417][  0]LightingResults: New page: Lighting Build
[2020.05.02-18.15.15:573][  0]LogAIModule: Creating AISystem for world Arena
[2020.05.02-18.15.16:916][  0]LogEditorServer: Finished looking for orphan Actors (0.001 secs)
[2020.05.02-18.15.17:185][  0]Cmd: MAP CHECKDEP NOCLEARLOG
[2020.05.02-18.15.17:191][  0]MapCheck: Map check complete: 0 Error(s), 0 Warning(s), took 0.502ms to complete.
[2020.05.02-18.15.17:200][  0]LogFileHelpers: Loading map 'Arena' took 6.082
[2020.05.02-18.15.19:865][  0]LogSlate: Updating window title bar state: overlay mode, drag disabled, window buttons hidden, title bar hidden
[2020.05.02-18.15.19:872][  0]LogSlate: Updating window title bar state: overlay mode, drag disabled, window buttons hidden, title bar hidden
[2020.05.02-18.15.19:878][  0]LogSlate: Updating window title bar state: overlay mode, drag disabled, window buttons hidden, title bar hidden
[2020.05.02-18.15.19:883][  0]LogSlate: Updating window title bar state: overlay mode, drag disabled, window buttons hidden, title bar hidden
[2020.05.02-18.15.20:018][  0]LogCollectionManager: Loaded 0 collections in 0.000697 seconds
[2020.05.02-18.15.20:208][  0]LogFileCache: Scanning file cache for directory 'C:/Users/mosne/Desktop/game jam/Hybrid-Games---Untitled-cybersled-game/Example project/Saved/Collections/' took 0.01s
[2020.05.02-18.15.20:208][  0]LogFileCache: Scanning file cache for directory 'C:/Users/mosne/Desktop/game jam/Hybrid-Games---Untitled-cybersled-game/Example project/Content/Developers/mosne/Collections/' took 0.00s
[2020.05.02-18.15.20:208][  0]LogFileCache: Scanning file cache for directory 'C:/Users/mosne/Desktop/game jam/Hybrid-Games---Untitled-cybersled-game/Example project/Content/Collections/' took 0.00s
[2020.05.02-18.15.20:208][  0]LogCollectionManager: Rebuilt the GUID cache for 0 collections in 0.000000 seconds
[2020.05.02-18.15.20:235][  0]LogContentBrowser: Native class hierarchy populated in 0.0081 seconds. Added 2674 classes and 631 folders.
[2020.05.02-18.15.20:465][  0]LogContentBrowser: Native class hierarchy updated for 'WidgetCarousel' in 0.0003 seconds. Added 0 classes and 0 folders.
[2020.05.02-18.15.20:505][  0]LogPakFile: Registered encryption key '00000000000000000000000000000000': 0 pak files mounted, 0 remain pending
[2020.05.02-18.15.20:517][  0]LogPakFile: Registered encryption key '00000000000000000000000000000000': 0 pak files mounted, 0 remain pending
[2020.05.02-18.15.20:518][  0]LogPakFile: Registered encryption key '00000000000000000000000000000000': 0 pak files mounted, 0 remain pending
[2020.05.02-18.15.20:518][  0]LogPakFile: Registered encryption key '00000000000000000000000000000000': 0 pak files mounted, 0 remain pending
[2020.05.02-18.15.20:518][  0]LogPakFile: Registered encryption key '00000000000000000000000000000000': 0 pak files mounted, 0 remain pending
[2020.05.02-18.15.20:518][  0]LogPakFile: Registered encryption key '00000000000000000000000000000000': 0 pak files mounted, 0 remain pending
[2020.05.02-18.15.20:519][  0]LogPakFile: Registered encryption key '00000000000000000000000000000000': 0 pak files mounted, 0 remain pending
[2020.05.02-18.15.20:519][  0]LogPakFile: Registered encryption key '00000000000000000000000000000000': 0 pak files mounted, 0 remain pending
[2020.05.02-18.15.20:519][  0]LogPakFile: Registered encryption key '00000000000000000000000000000000': 0 pak files mounted, 0 remain pending
[2020.05.02-18.15.20:520][  0]LogPakFile: Registered encryption key '00000000000000000000000000000000': 0 pak files mounted, 0 remain pending
[2020.05.02-18.15.20:520][  0]LogPakFile: Registered encryption key '00000000000000000000000000000000': 0 pak files mounted, 0 remain pending
[2020.05.02-18.15.20:520][  0]LogPakFile: Registered encryption key '00000000000000000000000000000000': 0 pak files mounted, 0 remain pending
[2020.05.02-18.15.20:521][  0]LogPakFile: Registered encryption key '00000000000000000000000000000000': 0 pak files mounted, 0 remain pending
[2020.05.02-18.15.20:521][  0]LogPakFile: Registered encryption key '00000000000000000000000000000000': 0 pak files mounted, 0 remain pending
[2020.05.02-18.15.20:521][  0]LogPakFile: Registered encryption key '00000000000000000000000000000000': 0 pak files mounted, 0 remain pending
[2020.05.02-18.15.20:522][  0]LogPakFile: Registered encryption key '00000000000000000000000000000000': 0 pak files mounted, 0 remain pending
[2020.05.02-18.15.20:522][  0]LogPakFile: Registered encryption key '00000000000000000000000000000000': 0 pak files mounted, 0 remain pending
[2020.05.02-18.15.20:522][  0]LogPakFile: Registered encryption key '00000000000000000000000000000000': 0 pak files mounted, 0 remain pending
[2020.05.02-18.15.20:523][  0]LogPakFile: Registered encryption key '00000000000000000000000000000000': 0 pak files mounted, 0 remain pending
[2020.05.02-18.15.20:523][  0]LogPakFile: Registered encryption key '00000000000000000000000000000000': 0 pak files mounted, 0 remain pending
[2020.05.02-18.15.20:523][  0]LogPakFile: Registered encryption key '00000000000000000000000000000000': 0 pak files mounted, 0 remain pending
[2020.05.02-18.15.20:524][  0]LogPakFile: Registered encryption key '00000000000000000000000000000000': 0 pak files mounted, 0 remain pending
[2020.05.02-18.15.20:524][  0]LogPakFile: Registered encryption key '00000000000000000000000000000000': 0 pak files mounted, 0 remain pending
[2020.05.02-18.15.20:524][  0]LogPakFile: Registered encryption key '00000000000000000000000000000000': 0 pak files mounted, 0 remain pending
[2020.05.02-18.15.20:525][  0]LogPakFile: Registered encryption key '00000000000000000000000000000000': 0 pak files mounted, 0 remain pending
[2020.05.02-18.15.20:525][  0]LogPakFile: Registered encryption key '00000000000000000000000000000000': 0 pak files mounted, 0 remain pending
[2020.05.02-18.15.20:563][  0]LogContentBrowser: Native class hierarchy updated for 'AddContentDialog' in 0.0002 seconds. Added 0 classes and 0 folders.
[2020.05.02-18.15.20:599][  0]LogContentBrowser: Native class hierarchy updated for 'SceneOutliner' in 0.0002 seconds. Added 1 classes and 2 folders.
[2020.05.02-18.15.21:340][  0]LogSlate: Took 0.019911 seconds to synchronously load lazily loaded font '../../../Engine/Content/Slate/Fonts/Roboto-Regular.ttf' (155K)
[2020.05.02-18.15.21:388][  0]LogSlate: Took 0.032164 seconds to synchronously load lazily loaded font '../../../Engine/Content/Slate/Fonts/Roboto-Bold.ttf' (160K)
[2020.05.02-18.15.21:456][  0]LogSlate: Took 0.015320 seconds to synchronously load lazily loaded font '../../../Engine/Content/Editor/Slate/Fonts/FontAwesome.ttf' (139K)
[2020.05.02-18.15.22:119][  0]LogRenderer: Reallocating scene render targets to support 1208x564 Format 10 NumSamples 1 (Frame:1).
[2020.05.02-18.15.22:855][  0]LogSlate: Took 0.022855 seconds to synchronously load lazily loaded font '../../../Engine/Content/Slate/Fonts/Roboto-Light.ttf' (167K)
[2020.05.02-18.15.23:217][  0]LogContentBrowser: Native class hierarchy updated for 'HierarchicalLODOutliner' in 0.0009 seconds. Added 0 classes and 0 folders.
[2020.05.02-18.15.23:218][  0]LogLoad: (Engine Initialization) Total time: 78.37 seconds
[2020.05.02-18.15.23:218][  0]LogLoad: (Engine Initialization) Total Blueprint compile time: 0.00 seconds
[2020.05.02-18.15.24:225][  0]LogContentStreaming: Texture pool size now 1000 MB
[2020.05.02-18.15.24:663][  1]LogRenderer: Reallocating scene render targets to support 1208x580 Format 10 NumSamples 1 (Frame:3).
[2020.05.02-18.15.24:684][  1]LogSubstanceLiveLink: Warning: Unable to send data along socket, closing connection
[2020.05.02-18.15.25:083][  2]LogSlate: Took 0.000141 seconds to synchronously load lazily loaded font '../../../Engine/Content/Slate/Fonts/Roboto-Light.ttf' (167K)
[2020.05.02-18.15.25:184][  4]LogAssetRegistry: Asset discovery search completed in 65.9793 seconds
[2020.05.02-18.15.25:198][  4]LogCollectionManager: Rebuilt the object cache for 0 collections in 0.000000 seconds (found 0 objects)
[2020.05.02-18.15.25:198][  4]LogCollectionManager: Fixed up redirectors for 0 collections in 0.000065 seconds (updated 0 objects)
[2020.05.02-18.15.30:285][442]LogSlate: FSceneViewport::OnFocusLost() reason 0
[2020.05.02-18.15.30:370][451]LogTemp: Repeating last play command: Selected Viewport
[2020.05.02-18.15.30:462][451]LogBlueprintUserMessages: Early PlayInEditor Detection: Level '/Game/Prototype/Arena.Arena:PersistentLevel' has LevelScriptBlueprint '/Game/Prototype/Arena.Arena:PersistentLevel.Arena' with GeneratedClass '/Game/Prototype/Arena.Arena_C' with ClassGeneratedBy '/Game/Prototype/Arena.Arena:PersistentLevel.Arena'
[2020.05.02-18.15.30:497][451]LogPlayLevel: PlayLevel: No blueprints needed recompiling
[2020.05.02-18.15.30:551][451]PIE: New page: PIE session: Arena (2 May 2020 20:15:30)
[2020.05.02-18.15.30:723][451]LogPlayLevel: Creating play world package: /Game/Prototype/UEDPIE_0_Arena
[2020.05.02-18.15.30:779][451]LogPlayLevel: PIE: StaticDuplicateObject took: (0.055984s)
[2020.05.02-18.15.30:779][451]LogAIModule: Creating AISystem for world Arena
[2020.05.02-18.15.30:792][451]LogPlayLevel: PIE: World Init took: (0.013196s)
[2020.05.02-18.15.30:792][451]LogPlayLevel: PIE: Created PIE world by copying editor world from /Game/Prototype/Arena.Arena to /Game/Prototype/UEDPIE_0_Arena.Arena (0.069475s)
[2020.05.02-18.15.30:880][451]LogInit: XAudio2 using 'Speakers (Realtek(R) Audio)' : 6 channels at 48 kHz using 32 bits per sample (channel mask 0x3f)
[2020.05.02-18.15.30:896][451]LogInit: FAudioDevice initialized.
[2020.05.02-18.15.31:861][451]LogLoad: Game class is 'ThirdPersonGameMode_C'
[2020.05.02-18.15.32:021][451]LogWorld: Bringing World /Game/Prototype/UEDPIE_0_Arena.Arena up for play (max tick rate 0) at 2020.05.02-19.15.32
[2020.05.02-18.15.32:234][451]LogWorld: Bringing up level for play took: 0.269698
[2020.05.02-18.15.32:425][451]LogContentBrowser: Native class hierarchy updated for 'MovieSceneCapture' in 0.0179 seconds. Added 20 classes and 0 folders.
[2020.05.02-18.15.32:638][451]PIE: Play in editor start time for /Game/Prototype/UEDPIE_0_Arena 1.794
[2020.05.02-18.15.32:639][451]LogBlueprintUserMessages: Late PlayInEditor Detection: Level '/Game/Prototype/Arena.Arena:PersistentLevel' has LevelScriptBlueprint '/Game/Prototype/Arena.Arena:PersistentLevel.Arena' with GeneratedClass '/Game/Prototype/Arena.Arena_C' with ClassGeneratedBy '/Game/Prototype/Arena.Arena:PersistentLevel.Arena'
[2020.05.02-18.15.34:318][516]LogCharacterMovement: NewPawn_C_0 is stuck and failed to move! Velocity: X=-280.25 Y=0.00 Z=0.00 Location: X=-1101.66 Y=-7111.01 Z=622.98 Normal: X=-0.21 Y=0.67 Z=-0.71 PenetrationDepth:4.208 Actor:Aggressive_AI_2 Component:StaticMesh BoneName:None (0 other events since notify)
[2020.05.02-18.16.05:058][307]LogBlueprintUserMessages: [NewPawn_C_0] DEADDEADDEADDEAD
[2020.05.02-18.16.07:996][588]LogBlueprintUserMessages: Early EndPlayMap Detection: Level '/Game/Prototype/Arena.Arena:PersistentLevel' has LevelScriptBlueprint '/Game/Prototype/Arena.Arena:PersistentLevel.Arena' with GeneratedClass '/Game/Prototype/Arena.Arena_C' with ClassGeneratedBy '/Game/Prototype/Arena.Arena:PersistentLevel.Arena'
[2020.05.02-18.16.08:053][588]LogSlate: Updating window title bar state: overlay mode, drag disabled, window buttons hidden, title bar hidden
[2020.05.02-18.16.08:309][588]LogPlayLevel: Display: Shutting down PIE online subsystems
[2020.05.02-18.16.08:309][588]LogBlueprintUserMessages: Late EndPlayMap Detection: Level '/Game/Prototype/Arena.Arena:PersistentLevel' has LevelScriptBlueprint '/Game/Prototype/Arena.Arena:PersistentLevel.Arena' with GeneratedClass '/Game/Prototype/Arena.Arena_C' with ClassGeneratedBy '/Game/Prototype/Arena.Arena:PersistentLevel.Arena'
[2020.05.02-18.16.08:487][588]LogSlate: Updating window title bar state: overlay mode, drag disabled, window buttons hidden, title bar hidden
[2020.05.02-18.16.08:715][589]LogPlayLevel: Display: Destroying online subsystem :Context_3
[2020.05.02-18.16.27:076][740]LogSlate: FSceneViewport::OnFocusLost() reason 0
[2020.05.02-18.16.27:342][757]LogAIModule: Creating AISystem for world NextLevel
[2020.05.02-18.16.27:350][757]LogAssetEditorManager: Opening Asset editor for World /Game/NextLevel.NextLevel
[2020.05.02-18.16.27:422][757]Cmd: MAP LOAD FILE="C:/Users/mosne/Desktop/game jam/Hybrid-Games---Untitled-cybersled-game/Example project/Content/NextLevel.umap" TEMPLATE=0 SHOWPROGRESS=1 FEATURELEVEL=3
[2020.05.02-18.16.27:422][757]LightingResults: New page: Lighting Build
[2020.05.02-18.16.27:422][757]LoadErrors: New page: Loading map: NextLevel.umap
[2020.05.02-18.16.27:423][757]MapCheck: New page: Map Check
[2020.05.02-18.16.27:423][757]LightingResults: New page: Lighting Build
[2020.05.02-18.16.27:505][757]LogEditorServer: Finished looking for orphan Actors (0.000 secs)
[2020.05.02-18.16.27:571][757]Cmd: MAP CHECKDEP NOCLEARLOG
[2020.05.02-18.16.27:587][757]MapCheck: Map check complete: 0 Error(s), 0 Warning(s), took 15.312ms to complete.
[2020.05.02-18.16.27:587][757]LogFileHelpers: Loading map 'NextLevel' took 0.201
[2020.05.02-18.16.29:780][897]LogTemp: Repeating last play command: Selected Viewport
[2020.05.02-18.16.29:804][897]LogBlueprintUserMessages: Early PlayInEditor Detection: Level '/Game/NextLevel.NextLevel:PersistentLevel' has LevelScriptBlueprint '/Game/NextLevel.NextLevel:PersistentLevel.NextLevel' with GeneratedClass '/Game/NextLevel.NextLevel_C' with ClassGeneratedBy '/Game/NextLevel.NextLevel:PersistentLevel.NextLevel'
[2020.05.02-18.16.29:804][897]LogPlayLevel: PlayLevel: No blueprints needed recompiling
[2020.05.02-18.16.29:804][897]PIE: New page: PIE session: NextLevel (2 May 2020 20:16:29)
[2020.05.02-18.16.29:804][897]LogPlayLevel: Creating play world package: /Game/UEDPIE_0_NextLevel
[2020.05.02-18.16.29:812][897]LogPlayLevel: PIE: StaticDuplicateObject took: (0.007901s)
[2020.05.02-18.16.29:813][897]LogAIModule: Creating AISystem for world NextLevel
[2020.05.02-18.16.29:813][897]LogPlayLevel: PIE: World Init took: (0.000531s)
[2020.05.02-18.16.29:813][897]LogPlayLevel: PIE: Created PIE world by copying editor world from /Game/NextLevel.NextLevel to /Game/UEDPIE_0_NextLevel.NextLevel (0.008667s)
[2020.05.02-18.16.29:843][897]LogInit: XAudio2 using 'Speakers (Realtek(R) Audio)' : 6 channels at 48 kHz using 32 bits per sample (channel mask 0x3f)
[2020.05.02-18.16.29:858][897]LogInit: FAudioDevice initialized.
[2020.05.02-18.16.29:886][897]LogLoad: Game class is 'ThirdPersonGameMode_C'
[2020.05.02-18.16.29:888][897]LogWorld: Bringing World /Game/UEDPIE_0_NextLevel.NextLevel up for play (max tick rate 0) at 2020.05.02-19.16.29
[2020.05.02-18.16.29:902][897]LogWorld: Bringing up level for play took: 0.014672
[2020.05.02-18.16.29:928][897]PIE: Play in editor start time for /Game/UEDPIE_0_NextLevel 1.085
[2020.05.02-18.16.29:928][897]LogBlueprintUserMessages: Late PlayInEditor Detection: Level '/Game/NextLevel.NextLevel:PersistentLevel' has LevelScriptBlueprint '/Game/NextLevel.NextLevel:PersistentLevel.NextLevel' with GeneratedClass '/Game/NextLevel.NextLevel_C' with ClassGeneratedBy '/Game/NextLevel.NextLevel:PersistentLevel.NextLevel'
[2020.05.02-18.16.33:676][153]LogBlueprintUserMessages: [ENEMY_AI2_8] 1
[2020.05.02-18.16.33:676][153]LogBlueprintUserMessages: [NewPawn_C_0] You have progresed to next level!
[2020.05.02-18.16.33:699][154]LogNet: Browse: /Game/NextLevel
[2020.05.02-18.16.33:700][154]LogLoad: LoadMap: /Game/NextLevel
[2020.05.02-18.16.33:811][154]LogPlayLevel: Creating play world package: /Game/UEDPIE_0_NextLevel
[2020.05.02-18.16.33:819][154]LogPlayLevel: PIE: StaticDuplicateObject took: (0.008197s)
[2020.05.02-18.16.33:820][154]LogAIModule: Creating AISystem for world NextLevel
[2020.05.02-18.16.33:820][154]LogPlayLevel: PIE: World Init took: (0.000638s)
[2020.05.02-18.16.33:820][154]LogPlayLevel: PIE: Created PIE world by copying editor world from /Game/NextLevel.NextLevel to /Game/UEDPIE_0_NextLevel.NextLevel (0.009009s)
[2020.05.02-18.16.33:820][154]LogLoad: Game class is 'ThirdPersonGameMode_C'
[2020.05.02-18.16.33:822][154]LogWorld: Bringing World /Game/UEDPIE_0_NextLevel.NextLevel up for play (max tick rate 0) at 2020.05.02-19.16.33
[2020.05.02-18.16.33:823][154]LogWorld: Bringing up level for play took: 0.002129
[2020.05.02-18.16.33:856][154]LogLoad: Took 0.155912 seconds to LoadMap(/Game/UEDPIE_0_NextLevel)
[2020.05.02-18.16.35:855][301]LogBlueprintUserMessages: Early EndPlayMap Detection: Level '/Game/NextLevel.NextLevel:PersistentLevel' has LevelScriptBlueprint '/Game/NextLevel.NextLevel:PersistentLevel.NextLevel' with GeneratedClass '/Game/NextLevel.NextLevel_C' with ClassGeneratedBy '/Game/NextLevel.NextLevel:PersistentLevel.NextLevel'
[2020.05.02-18.16.35:856][301]LogSlate: Updating window title bar state: overlay mode, drag disabled, window buttons hidden, title bar hidden
[2020.05.02-18.16.35:890][301]LogPlayLevel: Display: Shutting down PIE online subsystems
[2020.05.02-18.16.35:890][301]LogBlueprintUserMessages: Late EndPlayMap Detection: Level '/Game/NextLevel.NextLevel:PersistentLevel' has LevelScriptBlueprint '/Game/NextLevel.NextLevel:PersistentLevel.NextLevel' with GeneratedClass '/Game/NextLevel.NextLevel_C' with ClassGeneratedBy '/Game/NextLevel.NextLevel:PersistentLevel.NextLevel'
[2020.05.02-18.16.35:911][301]LogSlate: Updating window title bar state: overlay mode, drag disabled, window buttons hidden, title bar hidden
[2020.05.02-18.16.35:951][303]LogPlayLevel: Display: Destroying online subsystem :Context_5
[2020.05.02-18.16.37:762][514]LogSlate: FSceneViewport::OnFocusLost() reason 0
[2020.05.02-18.16.41:773][967]LogAIModule: Creating AISystem for world Arena
[2020.05.02-18.16.41:779][967]LogAssetEditorManager: Opening Asset editor for World /Game/Prototype/Arena.Arena
[2020.05.02-18.16.41:798][967]Cmd: MAP LOAD FILE="C:/Users/mosne/Desktop/game jam/Hybrid-Games---Untitled-cybersled-game/Example project/Content/Prototype/Arena.umap" TEMPLATE=0 SHOWPROGRESS=1 FEATURELEVEL=3
[2020.05.02-18.16.41:798][967]LightingResults: New page: Lighting Build
[2020.05.02-18.16.41:799][967]LoadErrors: New page: Loading map: Arena.umap
[2020.05.02-18.16.41:799][967]MapCheck: New page: Map Check
[2020.05.02-18.16.41:799][967]LightingResults: New page: Lighting Build
[2020.05.02-18.16.41:832][967]LogEditorServer: Finished looking for orphan Actors (0.000 secs)
[2020.05.02-18.16.41:895][967]Cmd: MAP CHECKDEP NOCLEARLOG
[2020.05.02-18.16.41:895][967]MapCheck: Map check complete: 0 Error(s), 0 Warning(s), took 0.12ms to complete.
[2020.05.02-18.16.41:895][967]LogFileHelpers: Loading map 'Arena' took 0.098
[2020.05.02-18.16.48:831][703]LogTemp: Repeating last play command: Selected Viewport
[2020.05.02-18.16.48:848][703]LogBlueprintUserMessages: Early PlayInEditor Detection: Level '/Game/Prototype/Arena.Arena:PersistentLevel' has LevelScriptBlueprint '/Game/Prototype/Arena.Arena:PersistentLevel.Arena' with GeneratedClass '/Game/Prototype/Arena.Arena_C' with ClassGeneratedBy '/Game/Prototype/Arena.Arena:PersistentLevel.Arena'
[2020.05.02-18.16.48:848][703]LogPlayLevel: PlayLevel: No blueprints needed recompiling
[2020.05.02-18.16.48:848][703]PIE: New page: PIE session: Arena (2 May 2020 20:16:48)
[2020.05.02-18.16.48:849][703]LogPlayLevel: Creating play world package: /Game/Prototype/UEDPIE_0_Arena
[2020.05.02-18.16.48:857][703]LogPlayLevel: PIE: StaticDuplicateObject took: (0.008433s)
[2020.05.02-18.16.48:857][703]LogAIModule: Creating AISystem for world Arena
[2020.05.02-18.16.48:858][703]LogPlayLevel: PIE: World Init took: (0.000526s)
[2020.05.02-18.16.48:858][703]LogPlayLevel: PIE: Created PIE world by copying editor world from /Game/Prototype/Arena.Arena to /Game/Prototype/UEDPIE_0_Arena.Arena (0.009100s)
[2020.05.02-18.16.48:887][703]LogInit: XAudio2 using 'Speakers (Realtek(R) Audio)' : 6 channels at 48 kHz using 32 bits per sample (channel mask 0x3f)
[2020.05.02-18.16.48:903][703]LogInit: FAudioDevice initialized.
[2020.05.02-18.16.48:931][703]LogLoad: Game class is 'ThirdPersonGameMode_C'
[2020.05.02-18.16.48:933][703]LogWorld: Bringing World /Game/Prototype/UEDPIE_0_Arena.Arena up for play (max tick rate 0) at 2020.05.02-19.16.48
[2020.05.02-18.16.48:933][703]LogWorld: Bringing up level for play took: 0.001103
[2020.05.02-18.16.48:962][703]PIE: Play in editor start time for /Game/Prototype/UEDPIE_0_Arena 0.118
[2020.05.02-18.16.48:962][703]LogBlueprintUserMessages: Late PlayInEditor Detection: Level '/Game/Prototype/Arena.Arena:PersistentLevel' has LevelScriptBlueprint '/Game/Prototype/Arena.Arena:PersistentLevel.Arena' with GeneratedClass '/Game/Prototype/Arena.Arena_C' with ClassGeneratedBy '/Game/Prototype/Arena.Arena:PersistentLevel.Arena'
[2020.05.02-18.17.11:337][261]LogBlueprintUserMessages: Early EndPlayMap Detection: Level '/Game/Prototype/Arena.Arena:PersistentLevel' has LevelScriptBlueprint '/Game/Prototype/Arena.Arena:PersistentLevel.Arena' with GeneratedClass '/Game/Prototype/Arena.Arena_C' with ClassGeneratedBy '/Game/Prototype/Arena.Arena:PersistentLevel.Arena'
[2020.05.02-18.17.11:337][261]LogSlate: Updating window title bar state: overlay mode, drag disabled, window buttons hidden, title bar hidden
[2020.05.02-18.17.11:383][261]LogPlayLevel: Display: Shutting down PIE online subsystems
[2020.05.02-18.17.11:383][261]LogBlueprintUserMessages: Late EndPlayMap Detection: Level '/Game/Prototype/Arena.Arena:PersistentLevel' has LevelScriptBlueprint '/Game/Prototype/Arena.Arena:PersistentLevel.Arena' with GeneratedClass '/Game/Prototype/Arena.Arena_C' with ClassGeneratedBy '/Game/Prototype/Arena.Arena:PersistentLevel.Arena'
[2020.05.02-18.17.11:448][261]LogSlate: Updating window title bar state: overlay mode, drag disabled, window buttons hidden, title bar hidden
[2020.05.02-18.17.11:470][262]LogPlayLevel: Display: Destroying online subsystem :Context_6
[2020.05.02-18.17.17:728][ 10]LogSlate: FSceneViewport::OnFocusLost() reason 0
[2020.05.02-18.17.43:410][ 71]LogAssetEditorManager: Opening Asset editor for BehaviorTree /Game/Lennon/Enemy/enemyAI.enemyAI
[2020.05.02-18.17.44:322][ 71]LogSlate: Took 0.005192 seconds to synchronously load lazily loaded font '../../../Engine/Content/Slate/Fonts/Roboto-BoldCondensed.ttf' (158K)
[2020.05.02-18.17.50:318][744]LogEditorViewport: Clicking on Actor (LMB): Aggressive_AI_C (Aggressive_AI)
[2020.05.02-18.17.53:546][ 28]LogSlate: FSceneViewport::OnFocusLost() reason 0
[2020.05.02-18.17.58:771][630]LogMaterial: Display: Missing cached shader map for material Material_0, compiling. 
[2020.05.02-18.17.58:985][630]LogShaderCompilers: Display: Shaders left to compile 44
[2020.05.02-18.17.59:004][631]LogShaderCompilers: Display: Shaders left to compile 34
[2020.05.02-18.18.01:370][913]LogShaderCompilers: Display: Shaders left to compile 24
[2020.05.02-18.18.01:420][919]LogShaderCompilers: Display: Shaders left to compile 14
[2020.05.02-18.18.02:696][ 72]LogShaderCompilers: Display: Shaders left to compile 4
[2020.05.02-18.18.07:052][554]LogAssetEditorManager: Opening Asset editor for Blueprint /Game/AI/Aggressive_AI.Aggressive_AI
[2020.05.02-18.18.07:819][554]LogContentBrowser: Native class hierarchy updated for 'BlueprintGraph' in 0.0005 seconds. Added 117 classes and 0 folders.
[2020.05.02-18.18.09:945][555]LogSlate: Took 0.016098 seconds to synchronously load lazily loaded font '../../../Engine/Content/Slate/Fonts/Roboto-Italic.ttf' (157K)
[2020.05.02-18.19.20:506][658]LogRenderer: Reallocating scene render targets to support 1208x744 Format 10 NumSamples 1 (Frame:1).
[2020.05.02-18.19.29:231][347]LogSlate: FSceneViewport::OnFocusLost() reason 0
[2020.05.02-18.19.30:006][411]LogSlate: Window 'Aggressive_AI' being destroyed
[2020.05.02-18.19.31:917][640]LogTemp: Repeating last play command: Selected Viewport
[2020.05.02-18.19.31:936][640]LogBlueprintUserMessages: Early PlayInEditor Detection: Level '/Game/Prototype/Arena.Arena:PersistentLevel' has LevelScriptBlueprint '/Game/Prototype/Arena.Arena:PersistentLevel.Arena' with GeneratedClass '/Game/Prototype/Arena.Arena_C' with ClassGeneratedBy '/Game/Prototype/Arena.Arena:PersistentLevel.Arena'
[2020.05.02-18.19.31:937][640]LogPlayLevel: PlayLevel: No blueprints needed recompiling
[2020.05.02-18.19.31:937][640]PIE: New page: PIE session: Arena (2 May 2020 20:19:31)
[2020.05.02-18.19.31:945][640]LogPlayLevel: Creating play world package: /Game/Prototype/UEDPIE_0_Arena
[2020.05.02-18.19.31:952][640]LogPlayLevel: PIE: StaticDuplicateObject took: (0.007165s)
[2020.05.02-18.19.31:953][640]LogAIModule: Creating AISystem for world Arena
[2020.05.02-18.19.31:953][640]LogPlayLevel: PIE: World Init took: (0.000825s)
[2020.05.02-18.19.31:953][640]LogPlayLevel: PIE: Created PIE world by copying editor world from /Game/Prototype/Arena.Arena to /Game/Prototype/UEDPIE_0_Arena.Arena (0.008150s)
[2020.05.02-18.19.32:074][640]LogInit: XAudio2 using 'Speakers (Realtek(R) Audio)' : 6 channels at 48 kHz using 32 bits per sample (channel mask 0x3f)
[2020.05.02-18.19.32:090][640]LogInit: FAudioDevice initialized.
[2020.05.02-18.19.32:123][640]LogLoad: Game class is 'ThirdPersonGameMode_C'
[2020.05.02-18.19.32:124][640]LogWorld: Bringing World /Game/Prototype/UEDPIE_0_Arena.Arena up for play (max tick rate 0) at 2020.05.02-19.19.32
[2020.05.02-18.19.32:125][640]LogWorld: Bringing up level for play took: 0.001328
[2020.05.02-18.19.32:154][640]PIE: Play in editor start time for /Game/Prototype/UEDPIE_0_Arena -0.69
[2020.05.02-18.19.32:154][640]LogBlueprintUserMessages: Late PlayInEditor Detection: Level '/Game/Prototype/Arena.Arena:PersistentLevel' has LevelScriptBlueprint '/Game/Prototype/Arena.Arena:PersistentLevel.Arena' with GeneratedClass '/Game/Prototype/Arena.Arena_C' with ClassGeneratedBy '/Game/Prototype/Arena.Arena:PersistentLevel.Arena'
[2020.05.02-18.19.51:319][993]LogBlueprintUserMessages: [NewPawn_C_0] DEADDEADDEADDEAD
[2020.05.02-18.19.52:057][ 57]LogBlueprintUserMessages: Early EndPlayMap Detection: Level '/Game/Prototype/Arena.Arena:PersistentLevel' has LevelScriptBlueprint '/Game/Prototype/Arena.Arena:PersistentLevel.Arena' with GeneratedClass '/Game/Prototype/Arena.Arena_C' with ClassGeneratedBy '/Game/Prototype/Arena.Arena:PersistentLevel.Arena'
[2020.05.02-18.19.52:057][ 57]LogSlate: Updating window title bar state: overlay mode, drag disabled, window buttons hidden, title bar hidden
[2020.05.02-18.19.52:101][ 57]LogPlayLevel: Display: Shutting down PIE online subsystems
[2020.05.02-18.19.52:101][ 57]LogBlueprintUserMessages: Late EndPlayMap Detection: Level '/Game/Prototype/Arena.Arena:PersistentLevel' has LevelScriptBlueprint '/Game/Prototype/Arena.Arena:PersistentLevel.Arena' with GeneratedClass '/Game/Prototype/Arena.Arena_C' with ClassGeneratedBy '/Game/Prototype/Arena.Arena:PersistentLevel.Arena'
[2020.05.02-18.19.52:147][ 57]LogSlate: Updating window title bar state: overlay mode, drag disabled, window buttons hidden, title bar hidden
[2020.05.02-18.19.52:166][ 58]LogPlayLevel: Display: Destroying online subsystem :Context_13
[2020.05.02-18.21.15:659][343]LogSlate: FSceneViewport::OnFocusLost() reason 2
[2020.05.02-18.21.19:375][739]LogSlate: FSceneViewport::OnFocusLost() reason 0
[2020.05.02-18.27.25:609][910]LogSavePackage: Moving 'C:/Users/mosne/Desktop/game jam/Hybrid-Games---Untitled-cybersled-game/Example project/Saved/Arena_Auto12ED51A9A4C9AF8985401B197E3F20D8E.tmp' to 'C:/Users/mosne/Desktop/game jam/Hybrid-Games---Untitled-cybersled-game/Example project/Saved/Autosaves/Game/Prototype/Arena_Auto1.umap'
[2020.05.02-18.27.25:661][910]LogFileHelpers: Editor autosave (incl. sublevels) for '/Game/Prototype/Arena' took 0.964
[2020.05.02-18.27.25:662][910]LogFileHelpers: Editor autosave (incl. sublevels) for all levels took 0.964
[2020.05.02-18.27.25:664][910]OBJ SavePackage: Generating thumbnails for [1] asset(s) in package [/Game/AI/Aggressive_AI] ([1] browsable assets)...
[2020.05.02-18.27.25:703][910]OBJ SavePackage:     Rendered thumbnail for [Blueprint /Game/AI/Aggressive_AI.Aggressive_AI]
[2020.05.02-18.27.25:703][910]OBJ SavePackage: Finished generating thumbnails for package [/Game/AI/Aggressive_AI]
[2020.05.02-18.27.25:819][910]LogSavePackage: Moving 'C:/Users/mosne/Desktop/game jam/Hybrid-Games---Untitled-cybersled-game/Example project/Saved/Aggressive_AI_Auto1EC5D0D1B4ECEF42B7256319AF59BEF49.tmp' to 'C:/Users/mosne/Desktop/game jam/Hybrid-Games---Untitled-cybersled-game/Example project/Saved/Autosaves/Game/AI/Aggressive_AI_Auto1.uasset'
[2020.05.02-18.27.25:820][910]LogFileHelpers: Auto-saving content packages took 0.156
[2020.05.02-18.28.26:751][549]BlueprintLog: New page: Compile Aggressive_AI
[2020.05.02-18.28.27:972][641]Cmd: OBJ SAVEPACKAGE PACKAGE="/Game/AI/Aggressive_AI" FILE="C:/Users/mosne/Desktop/game jam/Hybrid-Games---Untitled-cybersled-game/Example project/Content/AI/Aggressive_AI.uasset" SILENT=true
[2020.05.02-18.28.28:036][641]LogSavePackage: Moving 'C:/Users/mosne/Desktop/game jam/Hybrid-Games---Untitled-cybersled-game/Example project/Saved/Aggressive_AI5CC20E2841DCB1DFFED3B1A86BCB74E7.tmp' to 'C:/Users/mosne/Desktop/game jam/Hybrid-Games---Untitled-cybersled-game/Example project/Content/AI/Aggressive_AI.uasset'
[2020.05.02-18.28.32:089][ 85]LogSavePackage: Moving 'C:/Users/mosne/Desktop/game jam/Hybrid-Games---Untitled-cybersled-game/Example project/Saved/ArenaE3A9723748801FF7DE8B56B70588DA44.tmp' to 'C:/Users/mosne/Desktop/game jam/Hybrid-Games---Untitled-cybersled-game/Example project/Content/Prototype/Arena.umap'
[2020.05.02-18.28.32:190][ 85]LogSavePackage: Moving 'C:/Users/mosne/Desktop/game jam/Hybrid-Games---Untitled-cybersled-game/Example project/Saved/Arena_BuiltData09E473304FCB0F886E89CD9CDBD958D8.tmp' to 'C:/Users/mosne/Desktop/game jam/Hybrid-Games---Untitled-cybersled-game/Example project/Content/Prototype/Arena_BuiltData.uasset'
[2020.05.02-18.28.32:719][147]LogTemp: Repeating last play command: Selected Viewport
[2020.05.02-18.28.32:745][147]LogBlueprintUserMessages: Early PlayInEditor Detection: Level '/Game/Prototype/Arena.Arena:PersistentLevel' has LevelScriptBlueprint '/Game/Prototype/Arena.Arena:PersistentLevel.Arena' with GeneratedClass '/Game/Prototype/Arena.Arena_C' with ClassGeneratedBy '/Game/Prototype/Arena.Arena:PersistentLevel.Arena'
[2020.05.02-18.28.32:745][147]LogPlayLevel: PlayLevel: No blueprints needed recompiling
[2020.05.02-18.28.32:745][147]PIE: New page: PIE session: Arena (2 May 2020 20:28:32)
[2020.05.02-18.28.32:746][147]LogPlayLevel: Creating play world package: /Game/Prototype/UEDPIE_0_Arena
[2020.05.02-18.28.32:753][147]LogPlayLevel: PIE: StaticDuplicateObject took: (0.007045s)
[2020.05.02-18.28.32:753][147]LogAIModule: Creating AISystem for world Arena
[2020.05.02-18.28.32:753][147]LogPlayLevel: PIE: World Init took: (0.000610s)
[2020.05.02-18.28.32:753][147]LogPlayLevel: PIE: Created PIE world by copying editor world from /Game/Prototype/Arena.Arena to /Game/Prototype/UEDPIE_0_Arena.Arena (0.007789s)
[2020.05.02-18.28.32:789][147]LogInit: XAudio2 using 'Speakers (Realtek(R) Audio)' : 6 channels at 48 kHz using 32 bits per sample (channel mask 0x3f)
[2020.05.02-18.28.32:805][147]LogInit: FAudioDevice initialized.
[2020.05.02-18.28.32:836][147]LogLoad: Game class is 'ThirdPersonGameMode_C'
[2020.05.02-18.28.32:838][147]LogWorld: Bringing World /Game/Prototype/UEDPIE_0_Arena.Arena up for play (max tick rate 0) at 2020.05.02-19.28.32
[2020.05.02-18.28.32:838][147]LogWorld: Bringing up level for play took: 0.001175
[2020.05.02-18.28.32:882][147]PIE: Play in editor start time for /Game/Prototype/UEDPIE_0_Arena 0.039
[2020.05.02-18.28.32:883][147]LogBlueprintUserMessages: Late PlayInEditor Detection: Level '/Game/Prototype/Arena.Arena:PersistentLevel' has LevelScriptBlueprint '/Game/Prototype/Arena.Arena:PersistentLevel.Arena' with GeneratedClass '/Game/Prototype/Arena.Arena_C' with ClassGeneratedBy '/Game/Prototype/Arena.Arena:PersistentLevel.Arena'
[2020.05.02-18.28.54:360][600]LogCharacterMovement: NewPawn_C_0 is stuck and failed to move! Velocity: X=-21.79 Y=44.92 Z=0.00 Location: X=-1687.58 Y=-11498.26 Z=625.08 Normal: X=-0.65 Y=-0.76 Z=-0.00 PenetrationDepth:4.165 Actor:Ramp_C_3 Component:NODE_AddDestructibleComponent-0 BoneName:Part10 (0 other events since notify)
[2020.05.02-18.29.07:320][549]LogBlueprintUserMessages: Early EndPlayMap Detection: Level '/Game/Prototype/Arena.Arena:PersistentLevel' has LevelScriptBlueprint '/Game/Prototype/Arena.Arena:PersistentLevel.Arena' with GeneratedClass '/Game/Prototype/Arena.Arena_C' with ClassGeneratedBy '/Game/Prototype/Arena.Arena:PersistentLevel.Arena'
[2020.05.02-18.29.07:321][549]LogSlate: Updating window title bar state: overlay mode, drag disabled, window buttons hidden, title bar hidden
[2020.05.02-18.29.07:365][549]LogPlayLevel: Display: Shutting down PIE online subsystems
[2020.05.02-18.29.07:366][549]LogBlueprintUserMessages: Late EndPlayMap Detection: Level '/Game/Prototype/Arena.Arena:PersistentLevel' has LevelScriptBlueprint '/Game/Prototype/Arena.Arena:PersistentLevel.Arena' with GeneratedClass '/Game/Prototype/Arena.Arena_C' with ClassGeneratedBy '/Game/Prototype/Arena.Arena:PersistentLevel.Arena'
[2020.05.02-18.29.07:450][549]LogSlate: Updating window title bar state: overlay mode, drag disabled, window buttons hidden, title bar hidden
[2020.05.02-18.29.07:482][550]LogPlayLevel: Display: Destroying online subsystem :Context_14
[2020.05.02-18.29.08:101][623]LogSlate: FSceneViewport::OnFocusLost() reason 0
[2020.05.02-18.29.16:488][233]BlueprintLog: New page: Compile Aggressive_AI
[2020.05.02-18.29.17:313][306]Cmd: OBJ SAVEPACKAGE PACKAGE="/Game/AI/Aggressive_AI" FILE="C:/Users/mosne/Desktop/game jam/Hybrid-Games---Untitled-cybersled-game/Example project/Content/AI/Aggressive_AI.uasset" SILENT=true
[2020.05.02-18.29.17:369][306]LogSavePackage: Moving 'C:/Users/mosne/Desktop/game jam/Hybrid-Games---Untitled-cybersled-game/Example project/Saved/Aggressive_AI4C879D6649CC7E03AAD467803BCD9643.tmp' to 'C:/Users/mosne/Desktop/game jam/Hybrid-Games---Untitled-cybersled-game/Example project/Content/AI/Aggressive_AI.uasset'
[2020.05.02-18.29.18:545][421]LogSavePackage: Moving 'C:/Users/mosne/Desktop/game jam/Hybrid-Games---Untitled-cybersled-game/Example project/Saved/Arena7D7E160B4A63422A7C58A4A4917955DA.tmp' to 'C:/Users/mosne/Desktop/game jam/Hybrid-Games---Untitled-cybersled-game/Example project/Content/Prototype/Arena.umap'
[2020.05.02-18.29.18:618][421]LogSavePackage: Moving 'C:/Users/mosne/Desktop/game jam/Hybrid-Games---Untitled-cybersled-game/Example project/Saved/Arena_BuiltData8B28C0F54CDF86B417CC04AB2E25F1A6.tmp' to 'C:/Users/mosne/Desktop/game jam/Hybrid-Games---Untitled-cybersled-game/Example project/Content/Prototype/Arena_BuiltData.uasset'
[2020.05.02-18.29.19:130][481]LogTemp: Repeating last play command: Selected Viewport
[2020.05.02-18.29.19:155][481]LogBlueprintUserMessages: Early PlayInEditor Detection: Level '/Game/Prototype/Arena.Arena:PersistentLevel' has LevelScriptBlueprint '/Game/Prototype/Arena.Arena:PersistentLevel.Arena' with GeneratedClass '/Game/Prototype/Arena.Arena_C' with ClassGeneratedBy '/Game/Prototype/Arena.Arena:PersistentLevel.Arena'
[2020.05.02-18.29.19:155][481]LogPlayLevel: PlayLevel: No blueprints needed recompiling
[2020.05.02-18.29.19:155][481]PIE: New page: PIE session: Arena (2 May 2020 20:29:19)
[2020.05.02-18.29.19:155][481]LogPlayLevel: Creating play world package: /Game/Prototype/UEDPIE_0_Arena
[2020.05.02-18.29.19:162][481]LogPlayLevel: PIE: StaticDuplicateObject took: (0.006863s)
[2020.05.02-18.29.19:163][481]LogAIModule: Creating AISystem for world Arena
[2020.05.02-18.29.19:163][481]LogPlayLevel: PIE: World Init took: (0.000540s)
[2020.05.02-18.29.19:163][481]LogPlayLevel: PIE: Created PIE world by copying editor world from /Game/Prototype/Arena.Arena to /Game/Prototype/UEDPIE_0_Arena.Arena (0.007534s)
[2020.05.02-18.29.19:198][481]LogInit: XAudio2 using 'Speakers (Realtek(R) Audio)' : 6 channels at 48 kHz using 32 bits per sample (channel mask 0x3f)
[2020.05.02-18.29.19:213][481]LogInit: FAudioDevice initialized.
[2020.05.02-18.29.19:245][481]LogLoad: Game class is 'ThirdPersonGameMode_C'
[2020.05.02-18.29.19:246][481]LogWorld: Bringing World /Game/Prototype/UEDPIE_0_Arena.Arena up for play (max tick rate 0) at 2020.05.02-19.29.19
[2020.05.02-18.29.19:247][481]LogWorld: Bringing up level for play took: 0.001152
[2020.05.02-18.29.19:275][481]PIE: Play in editor start time for /Game/Prototype/UEDPIE_0_Arena 0.432
[2020.05.02-18.29.19:276][481]LogBlueprintUserMessages: Late PlayInEditor Detection: Level '/Game/Prototype/Arena.Arena:PersistentLevel' has LevelScriptBlueprint '/Game/Prototype/Arena.Arena:PersistentLevel.Arena' with GeneratedClass '/Game/Prototype/Arena.Arena_C' with ClassGeneratedBy '/Game/Prototype/Arena.Arena:PersistentLevel.Arena'
[2020.05.02-18.29.22:486][716]LogBlueprintUserMessages: Early EndPlayMap Detection: Level '/Game/Prototype/Arena.Arena:PersistentLevel' has LevelScriptBlueprint '/Game/Prototype/Arena.Arena:PersistentLevel.Arena' with GeneratedClass '/Game/Prototype/Arena.Arena_C' with ClassGeneratedBy '/Game/Prototype/Arena.Arena:PersistentLevel.Arena'
[2020.05.02-18.29.22:486][716]LogSlate: Updating window title bar state: overlay mode, drag disabled, window buttons hidden, title bar hidden
[2020.05.02-18.29.22:528][716]LogPlayLevel: Display: Shutting down PIE online subsystems
[2020.05.02-18.29.22:528][716]LogBlueprintUserMessages: Late EndPlayMap Detection: Level '/Game/Prototype/Arena.Arena:PersistentLevel' has LevelScriptBlueprint '/Game/Prototype/Arena.Arena:PersistentLevel.Arena' with GeneratedClass '/Game/Prototype/Arena.Arena_C' with ClassGeneratedBy '/Game/Prototype/Arena.Arena:PersistentLevel.Arena'
[2020.05.02-18.29.22:609][716]LogSlate: Updating window title bar state: overlay mode, drag disabled, window buttons hidden, title bar hidden
[2020.05.02-18.29.22:634][717]LogPlayLevel: Display: Destroying online subsystem :Context_15
[2020.05.02-18.29.36:307][159]LogSlate: FSceneViewport::OnFocusLost() reason 0
[2020.05.02-18.29.42:846][506]BlueprintLog: New page: Compile Aggressive_AI
[2020.05.02-18.29.43:513][559]Cmd: OBJ SAVEPACKAGE PACKAGE="/Game/AI/Aggressive_AI" FILE="C:/Users/mosne/Desktop/game jam/Hybrid-Games---Untitled-cybersled-game/Example project/Content/AI/Aggressive_AI.uasset" SILENT=true
[2020.05.02-18.29.43:567][559]LogSavePackage: Moving 'C:/Users/mosne/Desktop/game jam/Hybrid-Games---Untitled-cybersled-game/Example project/Saved/Aggressive_AI5105555449C5C7A9565583B5DCB27BF2.tmp' to 'C:/Users/mosne/Desktop/game jam/Hybrid-Games---Untitled-cybersled-game/Example project/Content/AI/Aggressive_AI.uasset'
[2020.05.02-18.29.44:882][686]LogSavePackage: Moving 'C:/Users/mosne/Desktop/game jam/Hybrid-Games---Untitled-cybersled-game/Example project/Saved/ArenaA29FAC1F43EA5871E4F1FC9A95B83863.tmp' to 'C:/Users/mosne/Desktop/game jam/Hybrid-Games---Untitled-cybersled-game/Example project/Content/Prototype/Arena.umap'
[2020.05.02-18.29.44:953][686]LogSavePackage: Moving 'C:/Users/mosne/Desktop/game jam/Hybrid-Games---Untitled-cybersled-game/Example project/Saved/Arena_BuiltDataABC215AA4F79E46BFF28C2A7BC5DE788.tmp' to 'C:/Users/mosne/Desktop/game jam/Hybrid-Games---Untitled-cybersled-game/Example project/Content/Prototype/Arena_BuiltData.uasset'
