Log file open, 02/28/20 10:23:35
LogWindows: Failed to load 'aqProf.dll' (GetLastError=126)
LogWindows: File 'aqProf.dll' does not exist
LogWindows: Failed to load 'VtuneApi.dll' (GetLastError=126)
LogWindows: File 'VtuneApi.dll' does not exist
LogWindows: Failed to load 'VtuneApi32e.dll' (GetLastError=126)
LogWindows: File 'VtuneApi32e.dll' does not exist
LogConsoleResponse: Display: Failed to find resolution value strings in scalability ini. Falling back to default.
LogInit: Display: Running engine for game: MyProject2
LogPakFile: Registered encryption key '00000000000000000000000000000000': 0 pak files mounted, 0 remain pending
LogPlatformFile: Not using cached read wrapper
LogTaskGraph: Started task graph with 5 named threads and 26 total threads with 3 sets of task threads.
LogStats: Stats thread started at 0.285229
LogD3D11RHI: Loaded GFSDK_Aftermath_Lib.x64.dll
LogICUInternationalization: ICU TimeZone Detection - Raw Offset: +0:00, Platform Override: ''
LogPluginManager: Mounting plugin Paper2D
LogPluginManager: Mounting plugin AISupport
LogPluginManager: Mounting plugin LightPropagationVolume
LogPluginManager: Mounting plugin ActorLayerUtilities
LogPluginManager: Mounting plugin CLionSourceCodeAccess
LogPluginManager: Mounting plugin CodeLiteSourceCodeAccess
LogPluginManager: Mounting plugin GitSourceControl
LogPluginManager: Mounting plugin KDevelopSourceCodeAccess
LogPluginManager: Mounting plugin NullSourceCodeAccess
LogPluginManager: Mounting plugin PerforceSourceControl
LogPluginManager: Mounting plugin SubversionSourceControl
LogPluginManager: Mounting plugin UObjectPlugin
LogPluginManager: Mounting plugin VisualStudioCodeSourceCodeAccess
LogPluginManager: Mounting plugin VisualStudioSourceCodeAccess
LogPluginManager: Mounting plugin XCodeSourceCodeAccess
LogPluginManager: Mounting plugin AssetManagerEditor
LogPluginManager: Mounting plugin CryptoKeys
LogPluginManager: Mounting plugin DataValidation
LogPluginManager: Mounting plugin FacialAnimation
LogPluginManager: Mounting plugin GameplayTagsEditor
LogPluginManager: Mounting plugin MacGraphicsSwitching
LogPluginManager: Mounting plugin MeshEditor
LogPluginManager: Mounting plugin MobileLauncherProfileWizard
LogPluginManager: Mounting plugin PluginBrowser
LogPluginManager: Mounting plugin SpeedTreeImporter
LogPluginManager: Mounting plugin DatasmithContent
LogPluginManager: Mounting plugin VariantManagerContent
LogPluginManager: Mounting plugin AlembicImporter
LogPluginManager: Mounting plugin AppleImageUtils
LogPluginManager: Mounting plugin AppleVision
LogPluginManager: Mounting plugin BackChannel
LogPluginManager: Mounting plugin CharacterAI
LogPluginManager: Mounting plugin GeometryCache
LogPluginManager: Mounting plugin HTML5Networking
LogPluginManager: Mounting plugin ProxyLODPlugin
LogPluginManager: Mounting plugin MagicLeap
LogPluginManager: Mounting plugin MagicLeapMedia
LogPluginManager: Mounting plugin AndroidMedia
LogPluginManager: Mounting plugin AvfMedia
LogPluginManager: Mounting plugin ImgMedia
LogPluginManager: Mounting plugin LinearTimecode
LogPluginManager: Mounting plugin MediaCompositing
LogPluginManager: Mounting plugin MediaPlayerEditor
LogPluginManager: Mounting plugin WebMMedia
LogPluginManager: Mounting plugin WmfMedia
LogPluginManager: Mounting plugin TcpMessaging
LogPluginManager: Mounting plugin UdpMessaging
LogPluginManager: Mounting plugin ActorSequence
LogPluginManager: Mounting plugin LevelSequenceEditor
LogPluginManager: Mounting plugin MatineeToLevelSequence
LogPluginManager: Mounting plugin NetcodeUnitTest
LogPluginManager: Mounting plugin NUTUnrealEngine4
LogPluginManager: Mounting plugin OnlineSubsystemGooglePlay
LogPluginManager: Mounting plugin OnlineSubsystemIOS
LogPluginManager: Mounting plugin OnlineSubsystem
LogPluginManager: Mounting plugin OnlineSubsystemNull
LogPluginManager: Mounting plugin OnlineSubsystemUtils
LogPluginManager: Mounting plugin LauncherChunkInstaller
LogPluginManager: Mounting plugin AndroidDeviceProfileSelector
LogPluginManager: Mounting plugin AndroidMoviePlayer
LogPluginManager: Mounting plugin AndroidPermission
LogPluginManager: Mounting plugin AppleMoviePlayer
LogPluginManager: Mounting plugin ArchVisCharacter
LogPluginManager: Mounting plugin AudioCapture
LogPluginManager: Mounting plugin CableComponent
LogPluginManager: Mounting plugin CustomMeshComponent
LogPluginManager: Mounting plugin EditableMesh
LogPluginManager: Mounting plugin ExampleDeviceProfileSelector
LogPluginManager: Mounting plugin Firebase
LogPluginManager: Mounting plugin GoogleCloudMessaging
LogPluginManager: Mounting plugin IOSDeviceProfileSelector
LogPluginManager: Mounting plugin LinuxDeviceProfileSelector
LogPluginManager: Mounting plugin LocationServicesBPLibrary
LogPluginManager: Mounting plugin MobilePatchingUtils
LogPluginManager: Mounting plugin OculusVR
LogPluginManager: Mounting plugin PhysXVehicles
LogPluginManager: Mounting plugin ProceduralMeshComponent
LogPluginManager: Mounting plugin RuntimePhysXCooking
LogPluginManager: Mounting plugin SteamVR
LogPluginManager: Mounting plugin WebMMoviePlayer
LogPluginManager: Mounting plugin WindowsMoviePlayer
LogStreaming: Display: Took  0.043s to configure plugins.
LogInit: Using libcurl 7.55.1-DEV
LogInit:  - built for x86_64-pc-win32
LogInit:  - supports SSL with OpenSSL/1.0.2h
LogInit:  - supports HTTP deflate (compression) using libz 1.2.8
LogInit:  - other features:
LogInit:      CURL_VERSION_SSL
LogInit:      CURL_VERSION_LIBZ
LogInit:      CURL_VERSION_IPV6
LogInit:      CURL_VERSION_ASYNCHDNS
LogInit:      CURL_VERSION_LARGEFILE
LogInit:      CURL_VERSION_IDN
LogInit:  CurlRequestOptions (configurable via config and command line):
LogInit:  - bVerifyPeer = true  - Libcurl will verify peer certificate
LogInit:  - bUseHttpProxy = false  - Libcurl will NOT use HTTP proxy
LogInit:  - bDontReuseConnections = false  - Libcurl will reuse connections
LogInit:  - MaxHostConnections = 16  - Libcurl will limit the number of connections to a host
LogInit:  - LocalHostAddr = Default
LogInit:  - BufferSize = 65536
LogInit: WinSock: version 1.1 (2.2), MaxSocks=32767, MaxUdp=65467
LogInit: Build: ++UE4+Release-4.21-CL-4753647
LogInit: Engine Version: 4.21.2-4753647+++UE4+Release-4.21
LogInit: Compatible Engine Version: 4.21.0-4541578+++UE4+Release-4.21
LogInit: Net CL: 4541578
LogInit: OS: Windows 10 (), CPU: Intel(R) Core(TM) i7-9700K CPU @ 3.60GHz, GPU: NVIDIA GeForce RTX 2080
LogInit: Compiled (64-bit): Jan 19 2019 02:07:31
LogInit: Compiled with Visual C++: 19.13.26129.00
LogInit: Build Configuration: Development
LogInit: Branch Name: ++UE4+Release-4.21
LogInit: Command Line:  /Game/MainMenu -game -PIEVIACONSOLE -ResX=1280 -ResY=720 -Multiprocess -messaging -SessionName="Play in Standalone Game" -nohmd -windowed
LogInit: Base Directory: G:/UE_4.21/Engine/Binaries/Win64/
LogInit: Installed Engine Build: 1
LogDevObjectVersion: Number of dev versions registered: 22
LogDevObjectVersion:   Dev-Blueprints (B0D832E4-1F89-4F0D-ACCF-7EB736FD4AA2): 10
LogDevObjectVersion:   Dev-Build (E1C64328-A22C-4D53-A36C-8E866417BD8C): 0
LogDevObjectVersion:   Dev-Core (375EC13C-06E4-48FB-B500-84F0262A717E): 2
LogDevObjectVersion:   Dev-Editor (E4B068ED-F494-42E9-A231-DA0B2E46BB41): 26
LogDevObjectVersion:   Dev-Framework (CFFC743F-43B0-4480-9391-14DF171D2073): 34
LogDevObjectVersion:   Dev-Mobile (B02B49B5-BB20-44E9-A304-32B752E40360): 2
LogDevObjectVersion:   Dev-Networking (A4E4105C-59A1-49B5-A7C5-40C4547EDFEE): 0
LogDevObjectVersion:   Dev-Online (39C831C9-5AE6-47DC-9A44-9C173E1C8E7C): 0
LogDevObjectVersion:   Dev-Physics (78F01B33-EBEA-4F98-B9B4-84EACCB95AA2): 0
LogDevObjectVersion:   Dev-Platform (6631380F-2D4D-43E0-8009-CF276956A95A): 0
LogDevObjectVersion:   Dev-Rendering (12F88B9F-8875-4AFC-A67C-D90C383ABD29): 27
LogDevObjectVersion:   Dev-Sequencer (7B5AE74C-D270-4C10-A958-57980B212A5A): 9
LogDevObjectVersion:   Dev-VR (D7296918-1DD6-4BDD-9DE2-64A83CC13884): 2
LogDevObjectVersion:   Dev-LoadTimes (C2A15278-BFE7-4AFE-6C17-90FF531DF755): 1
LogDevObjectVersion:   Private-Geometry (6EACA3D4-40EC-4CC1-B786-8BED09428FC5): 3
LogDevObjectVersion:   Dev-AnimPhys (29E575DD-E0A3-4627-9D10-D276232CDCEA): 17
LogDevObjectVersion:   Dev-Anim (AF43A65D-7FD3-4947-9873-3E8ED9C1BB05): 2
LogDevObjectVersion:   Dev-ReflectionCapture (6B266CEC-1EC7-4B8F-A30B-E4D90942FC07): 1
LogDevObjectVersion:   Dev-Automation (0DF73D61-A23F-47EA-B727-89E90C41499A): 1
LogDevObjectVersion:   FortniteMain (601D1886-AC64-4F84-AA16-D3DE0DEAC7D6): 17
LogDevObjectVersion:   Dev-Enterprise (9DFFBCD6-494F-0158-E221-12823C92A888): 4
LogDevObjectVersion:   Dev-Niagara (F2AED0AC-9AFE-416F-8664-AA7FFA26D6FC): 1
LogStreaming: Display: Took  0.001s to delete old logs.
LogInit: Presizing for max 8388607 objects, including 0 objects not considered by GC, pre-allocating 0 bytes for permanent pool.
LogInit: Object subsystem initialized
LogConfig: Setting CVar [[con.DebugEarlyDefault:1]]
LogConfig: Setting CVar [[r.setres:1280x720]]
[2020.02.28-10.23.35:577][  0]LogConfig: Setting CVar [[con.DebugEarlyDefault:1]]
[2020.02.28-10.23.35:577][  0]LogConfig: Setting CVar [[r.setres:1280x720]]
[2020.02.28-10.23.35:577][  0]LogConfig: Applying CVar settings from Section [/Script/Engine.RendererSettings] File [D:/Uni Work/Game Jam/Hybrid-Games---Untitled-cybersled-game/Example project/Saved/Config/Windows/Engine.ini]
[2020.02.28-10.23.35:577][  0]LogConfig: Setting CVar [[r.GPUCrashDebugging:0]]
[2020.02.28-10.23.35:577][  0]LogConfig: Applying CVar settings from Section [/Script/Engine.RendererOverrideSettings] File [D:/Uni Work/Game Jam/Hybrid-Games---Untitled-cybersled-game/Example project/Saved/Config/Windows/Engine.ini]
[2020.02.28-10.23.35:577][  0]LogConfig: Applying CVar settings from Section [/Script/Engine.StreamingSettings] File [D:/Uni Work/Game Jam/Hybrid-Games---Untitled-cybersled-game/Example project/Saved/Config/Windows/Engine.ini]
[2020.02.28-10.23.35:577][  0]LogConfig: Setting CVar [[s.MinBulkDataSizeForAsyncLoading:131072]]
[2020.02.28-10.23.35:577][  0]LogConfig: Setting CVar [[s.AsyncLoadingThreadEnabled:0]]
[2020.02.28-10.23.35:577][  0]LogConfig: Setting CVar [[s.EventDrivenLoaderEnabled:1]]
[2020.02.28-10.23.35:577][  0]LogConfig: Setting CVar [[s.WarnIfTimeLimitExceeded:0]]
[2020.02.28-10.23.35:577][  0]LogConfig: Setting CVar [[s.TimeLimitExceededMultiplier:1.5]]
[2020.02.28-10.23.35:577][  0]LogConfig: Setting CVar [[s.TimeLimitExceededMinTime:0.005]]
[2020.02.28-10.23.35:577][  0]LogConfig: Setting CVar [[s.UseBackgroundLevelStreaming:1]]
[2020.02.28-10.23.35:577][  0]LogConfig: Setting CVar [[s.PriorityAsyncLoadingExtraTime:15.0]]
[2020.02.28-10.23.35:577][  0]LogConfig: Setting CVar [[s.LevelStreamingActorsUpdateTimeLimit:5.0]]
[2020.02.28-10.23.35:577][  0]LogConfig: Setting CVar [[s.PriorityLevelStreamingActorsUpdateExtraTime:5.0]]
[2020.02.28-10.23.35:577][  0]LogConfig: Setting CVar [[s.LevelStreamingComponentsRegistrationGranularity:10]]
[2020.02.28-10.23.35:577][  0]LogConfig: Setting CVar [[s.UnregisterComponentsTimeLimit:1.0]]
[2020.02.28-10.23.35:577][  0]LogConfig: Setting CVar [[s.LevelStreamingComponentsUnregistrationGranularity:5]]
[2020.02.28-10.23.35:577][  0]LogConfig: Applying CVar settings from Section [/Script/Engine.GarbageCollectionSettings] File [D:/Uni Work/Game Jam/Hybrid-Games---Untitled-cybersled-game/Example project/Saved/Config/Windows/Engine.ini]
[2020.02.28-10.23.35:577][  0]LogConfig: Setting CVar [[gc.MaxObjectsNotConsideredByGC:1]]
[2020.02.28-10.23.35:577][  0]LogConfig: Setting CVar [[gc.SizeOfPermanentObjectPool:0]]
[2020.02.28-10.23.35:577][  0]LogConfig: Setting CVar [[gc.FlushStreamingOnGC:0]]
[2020.02.28-10.23.35:577][  0]LogConfig: Setting CVar [[gc.NumRetriesBeforeForcingGC:10]]
[2020.02.28-10.23.35:577][  0]LogConfig: Setting CVar [[gc.AllowParallelGC:1]]
[2020.02.28-10.23.35:577][  0]LogConfig: Setting CVar [[gc.TimeBetweenPurgingPendingKillObjects:61.1]]
[2020.02.28-10.23.35:577][  0]LogConfig: Setting CVar [[gc.MaxObjectsInEditor:8388607]]
[2020.02.28-10.23.35:577][  0]LogConfig: Setting CVar [[gc.IncrementalBeginDestroyEnabled:1]]
[2020.02.28-10.23.35:577][  0]LogConfig: Setting CVar [[gc.CreateGCClusters:1]]
[2020.02.28-10.23.35:577][  0]LogConfig: Setting CVar [[gc.MergeGCClusters:0]]
[2020.02.28-10.23.35:577][  0]LogConfig: Setting CVar [[gc.MinGCClusterSize:5]]
[2020.02.28-10.23.35:577][  0]LogConfig: Setting CVar [[gc.ActorClusteringEnabled:0]]
[2020.02.28-10.23.35:577][  0]LogConfig: Setting CVar [[gc.BlueprintClusteringEnabled:0]]
[2020.02.28-10.23.35:577][  0]LogConfig: Setting CVar [[gc.UseDisregardForGCOnDedicatedServers:0]]
[2020.02.28-10.23.35:577][  0]LogConfig: Applying CVar settings from Section [/Script/Engine.NetworkSettings] File [D:/Uni Work/Game Jam/Hybrid-Games---Untitled-cybersled-game/Example project/Saved/Config/Windows/Engine.ini]
[2020.02.28-10.23.35:577][  0]LogConfig: Applying CVar settings from Section [/Script/UnrealEd.CookerSettings] File [D:/Uni Work/Game Jam/Hybrid-Games---Untitled-cybersled-game/Example project/Saved/Config/Windows/Engine.ini]
[2020.02.28-10.23.35:579][  0]LogConfig: Applying CVar settings from Section [ViewDistanceQuality@3] File [D:/Uni Work/Game Jam/Hybrid-Games---Untitled-cybersled-game/Example project/Saved/Config/Windows/Scalability.ini]
[2020.02.28-10.23.35:579][  0]LogConfig: Setting CVar [[r.SkeletalMeshLODBias:0]]
[2020.02.28-10.23.35:579][  0]LogConfig: Setting CVar [[r.ViewDistanceScale:1.0]]
[2020.02.28-10.23.35:579][  0]LogConfig: Applying CVar settings from Section [AntiAliasingQuality@3] File [D:/Uni Work/Game Jam/Hybrid-Games---Untitled-cybersled-game/Example project/Saved/Config/Windows/Scalability.ini]
[2020.02.28-10.23.35:579][  0]LogConfig: Setting CVar [[r.PostProcessAAQuality:4]]
[2020.02.28-10.23.35:579][  0]LogConfig: Applying CVar settings from Section [ShadowQuality@3] File [D:/Uni Work/Game Jam/Hybrid-Games---Untitled-cybersled-game/Example project/Saved/Config/Windows/Scalability.ini]
[2020.02.28-10.23.35:579][  0]LogConfig: Setting CVar [[r.LightFunctionQuality:1]]
[2020.02.28-10.23.35:579][  0]LogConfig: Setting CVar [[r.ShadowQuality:5]]
[2020.02.28-10.23.35:579][  0]LogConfig: Setting CVar [[r.Shadow.CSM.MaxCascades:10]]
[2020.02.28-10.23.35:579][  0]LogConfig: Setting CVar [[r.Shadow.MaxResolution:2048]]
[2020.02.28-10.23.35:579][  0]LogConfig: Setting CVar [[r.Shadow.MaxCSMResolution:2048]]
[2020.02.28-10.23.35:579][  0]LogConfig: Setting CVar [[r.Shadow.RadiusThreshold:0.01]]
[2020.02.28-10.23.35:579][  0]LogConfig: Setting CVar [[r.Shadow.DistanceScale:1.0]]
[2020.02.28-10.23.35:579][  0]LogConfig: Setting CVar [[r.Shadow.CSM.TransitionScale:1.0]]
[2020.02.28-10.23.35:579][  0]LogConfig: Setting CVar [[r.Shadow.PreShadowResolutionFactor:1.0]]
[2020.02.28-10.23.35:579][  0]LogConfig: Setting CVar [[r.DistanceFieldShadowing:1]]
[2020.02.28-10.23.35:579][  0]LogConfig: Setting CVar [[r.DistanceFieldAO:1]]
[2020.02.28-10.23.35:579][  0]LogConfig: Setting CVar [[r.AOQuality:2]]
[2020.02.28-10.23.35:579][  0]LogConfig: Setting CVar [[r.VolumetricFog:1]]
[2020.02.28-10.23.35:579][  0]LogConfig: Setting CVar [[r.VolumetricFog.GridPixelSize:8]]
[2020.02.28-10.23.35:579][  0]LogConfig: Setting CVar [[r.VolumetricFog.GridSizeZ:128]]
[2020.02.28-10.23.35:579][  0]LogConfig: Setting CVar [[r.VolumetricFog.HistoryMissSupersampleCount:4]]
[2020.02.28-10.23.35:579][  0]LogConfig: Setting CVar [[r.LightMaxDrawDistanceScale:1]]
[2020.02.28-10.23.35:579][  0]LogConfig: Setting CVar [[r.CapsuleShadows:1]]
[2020.02.28-10.23.35:579][  0]LogConfig: Applying CVar settings from Section [PostProcessQuality@3] File [D:/Uni Work/Game Jam/Hybrid-Games---Untitled-cybersled-game/Example project/Saved/Config/Windows/Scalability.ini]
[2020.02.28-10.23.35:579][  0]LogConfig: Setting CVar [[r.MotionBlurQuality:4]]
[2020.02.28-10.23.35:579][  0]LogConfig: Setting CVar [[r.AmbientOcclusionMipLevelFactor:0.4]]
[2020.02.28-10.23.35:579][  0]LogConfig: Setting CVar [[r.AmbientOcclusionMaxQuality:100]]
[2020.02.28-10.23.35:579][  0]LogConfig: Setting CVar [[r.AmbientOcclusionLevels:-1]]
[2020.02.28-10.23.35:579][  0]LogConfig: Setting CVar [[r.AmbientOcclusionRadiusScale:1.0]]
[2020.02.28-10.23.35:579][  0]LogConfig: Setting CVar [[r.DepthOfFieldQuality:2]]
[2020.02.28-10.23.35:579][  0]LogConfig: Setting CVar [[r.RenderTargetPoolMin:400]]
[2020.02.28-10.23.35:579][  0]LogConfig: Setting CVar [[r.LensFlareQuality:2]]
[2020.02.28-10.23.35:579][  0]LogConfig: Setting CVar [[r.SceneColorFringeQuality:1]]
[2020.02.28-10.23.35:579][  0]LogConfig: Setting CVar [[r.EyeAdaptationQuality:2]]
[2020.02.28-10.23.35:579][  0]LogConfig: Setting CVar [[r.BloomQuality:5]]
[2020.02.28-10.23.35:579][  0]LogConfig: Setting CVar [[r.FastBlurThreshold:100]]
[2020.02.28-10.23.35:579][  0]LogConfig: Setting CVar [[r.Upscale.Quality:3]]
[2020.02.28-10.23.35:579][  0]LogConfig: Setting CVar [[r.Tonemapper.GrainQuantization:1]]
[2020.02.28-10.23.35:579][  0]LogConfig: Setting CVar [[r.LightShaftQuality:1]]
[2020.02.28-10.23.35:579][  0]LogConfig: Setting CVar [[r.Filter.SizeScale:1]]
[2020.02.28-10.23.35:579][  0]LogConfig: Setting CVar [[r.Tonemapper.Quality:5]]
[2020.02.28-10.23.35:579][  0]LogConfig: Setting CVar [[r.DOF.Gather.AccumulatorQuality:1        ; higher gathering accumulator quality]]
[2020.02.28-10.23.35:579][  0]LogConfig: Setting CVar [[r.DOF.Gather.PostfilterMethod:1          ; Median3x3 postfilering method]]
[2020.02.28-10.23.35:579][  0]LogConfig: Setting CVar [[r.DOF.Gather.EnableBokehSettings:0       ; no bokeh simulation when gathering]]
[2020.02.28-10.23.35:579][  0]LogConfig: Setting CVar [[r.DOF.Gather.RingCount:4                 ; medium number of samples when gathering]]
[2020.02.28-10.23.35:579][  0]LogConfig: Setting CVar [[r.DOF.Scatter.ForegroundCompositing:1    ; additive foreground scattering]]
[2020.02.28-10.23.35:579][  0]LogConfig: Setting CVar [[r.DOF.Scatter.BackgroundCompositing:2    ; additive background scattering]]
[2020.02.28-10.23.35:579][  0]LogConfig: Setting CVar [[r.DOF.Scatter.EnableBokehSettings:1      ; bokeh simulation when scattering]]
[2020.02.28-10.23.35:579][  0]LogConfig: Setting CVar [[r.DOF.Scatter.MaxSpriteRatio:0.1         ; only a maximum of 10% of scattered bokeh]]
[2020.02.28-10.23.35:579][  0]LogConfig: Setting CVar [[r.DOF.Recombine.Quality:1                ; cheap slight out of focus]]
[2020.02.28-10.23.35:579][  0]LogConfig: Setting CVar [[r.DOF.Recombine.EnableBokehSettings:0    ; no bokeh simulation on slight out of focus]]
[2020.02.28-10.23.35:579][  0]LogConfig: Setting CVar [[r.DOF.TemporalAAQuality:1                ; more stable temporal accumulation]]
[2020.02.28-10.23.35:579][  0]LogConfig: Setting CVar [[r.DOF.Kernel.MaxForegroundRadius:0.025]]
[2020.02.28-10.23.35:579][  0]LogConfig: Setting CVar [[r.DOF.Kernel.MaxBackgroundRadius:0.025]]
[2020.02.28-10.23.35:580][  0]LogConfig: Applying CVar settings from Section [TextureQuality@3] File [D:/Uni Work/Game Jam/Hybrid-Games---Untitled-cybersled-game/Example project/Saved/Config/Windows/Scalability.ini]
[2020.02.28-10.23.35:580][  0]LogConfig: Setting CVar [[r.Streaming.MipBias:0]]
[2020.02.28-10.23.35:580][  0]LogConfig: Setting CVar [[r.Streaming.AmortizeCPUToGPUCopy:0]]
[2020.02.28-10.23.35:580][  0]LogConfig: Setting CVar [[r.Streaming.MaxNumTexturesToStreamPerFrame:0]]
[2020.02.28-10.23.35:580][  0]LogConfig: Setting CVar [[r.Streaming.Boost:1]]
[2020.02.28-10.23.35:580][  0]LogConfig: Setting CVar [[r.MaxAnisotropy:8]]
[2020.02.28-10.23.35:580][  0]LogConfig: Setting CVar [[r.Streaming.LimitPoolSizeToVRAM:0]]
[2020.02.28-10.23.35:580][  0]LogConfig: Setting CVar [[r.Streaming.PoolSize:1000]]
[2020.02.28-10.23.35:580][  0]LogConfig: Setting CVar [[r.Streaming.MaxEffectiveScreenSize:0]]
[2020.02.28-10.23.35:580][  0]LogConfig: Applying CVar settings from Section [EffectsQuality@3] File [D:/Uni Work/Game Jam/Hybrid-Games---Untitled-cybersled-game/Example project/Saved/Config/Windows/Scalability.ini]
[2020.02.28-10.23.35:580][  0]LogConfig: Setting CVar [[r.TranslucencyLightingVolumeDim:64]]
[2020.02.28-10.23.35:580][  0]LogConfig: Setting CVar [[r.RefractionQuality:2]]
[2020.02.28-10.23.35:580][  0]LogConfig: Setting CVar [[r.SSR.Quality:3]]
[2020.02.28-10.23.35:580][  0]LogConfig: Setting CVar [[r.SceneColorFormat:4]]
[2020.02.28-10.23.35:580][  0]LogConfig: Setting CVar [[r.DetailMode:2]]
[2020.02.28-10.23.35:580][  0]LogConfig: Setting CVar [[r.TranslucencyVolumeBlur:1]]
[2020.02.28-10.23.35:580][  0]LogConfig: Setting CVar [[r.MaterialQualityLevel:1 ; High quality]]
[2020.02.28-10.23.35:580][  0]LogConfig: Setting CVar [[r.SSS.Scale:1]]
[2020.02.28-10.23.35:580][  0]LogConfig: Setting CVar [[r.SSS.SampleSet:2]]
[2020.02.28-10.23.35:580][  0]LogConfig: Setting CVar [[r.SSS.Quality:1]]
[2020.02.28-10.23.35:580][  0]LogConfig: Setting CVar [[r.SSS.HalfRes:1]]
[2020.02.28-10.23.35:580][  0]LogConfig: Setting CVar [[r.EmitterSpawnRateScale:1.0]]
[2020.02.28-10.23.35:580][  0]LogConfig: Setting CVar [[r.ParticleLightQuality:2]]
[2020.02.28-10.23.35:580][  0]LogConfig: Applying CVar settings from Section [FoliageQuality@3] File [D:/Uni Work/Game Jam/Hybrid-Games---Untitled-cybersled-game/Example project/Saved/Config/Windows/Scalability.ini]
[2020.02.28-10.23.35:580][  0]LogConfig: Setting CVar [[foliage.DensityScale:1.0]]
[2020.02.28-10.23.35:580][  0]LogConfig: Setting CVar [[grass.DensityScale:1.0]]
[2020.02.28-10.23.35:580][  0]LogInit: Selected Device Profile: [Windows]
[2020.02.28-10.23.35:580][  0]LogInit: Applying CVar settings loaded from the selected device profile: [Windows]
[2020.02.28-10.23.35:583][  0]LogHAL: Display: Platform has ~ 16 GB [17115348992 / 17179869184 / 16], which maps to Larger [LargestMinGB=32, LargerMinGB=12, DefaultMinGB=8, SmallerMinGB=6, SmallestMinGB=0)
[2020.02.28-10.23.35:583][  0]LogConfig: Setting CVar [[r.Vulkan.UseRealUBs:1]]
[2020.02.28-10.23.35:583][  0]LogInit: Going up to parent DeviceProfile []
[2020.02.28-10.23.35:583][  0]LogConfig: Applying CVar settings from Section [ViewDistanceQuality@3] File [D:/Uni Work/Game Jam/Hybrid-Games---Untitled-cybersled-game/Example project/Saved/Config/Windows/Scalability.ini]
[2020.02.28-10.23.35:583][  0]LogConfig: Setting CVar [[r.SkeletalMeshLODBias:0]]
[2020.02.28-10.23.35:583][  0]LogConfig: Setting CVar [[r.ViewDistanceScale:1.0]]
[2020.02.28-10.23.35:583][  0]LogConfig: Applying CVar settings from Section [AntiAliasingQuality@3] File [D:/Uni Work/Game Jam/Hybrid-Games---Untitled-cybersled-game/Example project/Saved/Config/Windows/Scalability.ini]
[2020.02.28-10.23.35:583][  0]LogConfig: Setting CVar [[r.PostProcessAAQuality:4]]
[2020.02.28-10.23.35:583][  0]LogConfig: Applying CVar settings from Section [ShadowQuality@3] File [D:/Uni Work/Game Jam/Hybrid-Games---Untitled-cybersled-game/Example project/Saved/Config/Windows/Scalability.ini]
[2020.02.28-10.23.35:583][  0]LogConfig: Setting CVar [[r.LightFunctionQuality:1]]
[2020.02.28-10.23.35:583][  0]LogConfig: Setting CVar [[r.ShadowQuality:5]]
[2020.02.28-10.23.35:583][  0]LogConfig: Setting CVar [[r.Shadow.CSM.MaxCascades:10]]
[2020.02.28-10.23.35:583][  0]LogConfig: Setting CVar [[r.Shadow.MaxResolution:2048]]
[2020.02.28-10.23.35:583][  0]LogConfig: Setting CVar [[r.Shadow.MaxCSMResolution:2048]]
[2020.02.28-10.23.35:583][  0]LogConfig: Setting CVar [[r.Shadow.RadiusThreshold:0.01]]
[2020.02.28-10.23.35:583][  0]LogConfig: Setting CVar [[r.Shadow.DistanceScale:1.0]]
[2020.02.28-10.23.35:583][  0]LogConfig: Setting CVar [[r.Shadow.CSM.TransitionScale:1.0]]
[2020.02.28-10.23.35:583][  0]LogConfig: Setting CVar [[r.Shadow.PreShadowResolutionFactor:1.0]]
[2020.02.28-10.23.35:583][  0]LogConfig: Setting CVar [[r.DistanceFieldShadowing:1]]
[2020.02.28-10.23.35:583][  0]LogConfig: Setting CVar [[r.DistanceFieldAO:1]]
[2020.02.28-10.23.35:583][  0]LogConfig: Setting CVar [[r.AOQuality:2]]
[2020.02.28-10.23.35:583][  0]LogConfig: Setting CVar [[r.VolumetricFog:1]]
[2020.02.28-10.23.35:583][  0]LogConfig: Setting CVar [[r.VolumetricFog.GridPixelSize:8]]
[2020.02.28-10.23.35:583][  0]LogConfig: Setting CVar [[r.VolumetricFog.GridSizeZ:128]]
[2020.02.28-10.23.35:583][  0]LogConfig: Setting CVar [[r.VolumetricFog.HistoryMissSupersampleCount:4]]
[2020.02.28-10.23.35:583][  0]LogConfig: Setting CVar [[r.LightMaxDrawDistanceScale:1]]
[2020.02.28-10.23.35:583][  0]LogConfig: Setting CVar [[r.CapsuleShadows:1]]
[2020.02.28-10.23.35:583][  0]LogConfig: Applying CVar settings from Section [PostProcessQuality@3] File [D:/Uni Work/Game Jam/Hybrid-Games---Untitled-cybersled-game/Example project/Saved/Config/Windows/Scalability.ini]
[2020.02.28-10.23.35:583][  0]LogConfig: Setting CVar [[r.MotionBlurQuality:4]]
[2020.02.28-10.23.35:583][  0]LogConfig: Setting CVar [[r.AmbientOcclusionMipLevelFactor:0.4]]
[2020.02.28-10.23.35:583][  0]LogConfig: Setting CVar [[r.AmbientOcclusionMaxQuality:100]]
[2020.02.28-10.23.35:583][  0]LogConfig: Setting CVar [[r.AmbientOcclusionLevels:-1]]
[2020.02.28-10.23.35:583][  0]LogConfig: Setting CVar [[r.AmbientOcclusionRadiusScale:1.0]]
[2020.02.28-10.23.35:583][  0]LogConfig: Setting CVar [[r.DepthOfFieldQuality:2]]
[2020.02.28-10.23.35:583][  0]LogConfig: Setting CVar [[r.RenderTargetPoolMin:400]]
[2020.02.28-10.23.35:583][  0]LogConfig: Setting CVar [[r.LensFlareQuality:2]]
[2020.02.28-10.23.35:583][  0]LogConfig: Setting CVar [[r.SceneColorFringeQuality:1]]
[2020.02.28-10.23.35:583][  0]LogConfig: Setting CVar [[r.EyeAdaptationQuality:2]]
[2020.02.28-10.23.35:583][  0]LogConfig: Setting CVar [[r.BloomQuality:5]]
[2020.02.28-10.23.35:583][  0]LogConfig: Setting CVar [[r.FastBlurThreshold:100]]
[2020.02.28-10.23.35:583][  0]LogConfig: Setting CVar [[r.Upscale.Quality:3]]
[2020.02.28-10.23.35:583][  0]LogConfig: Setting CVar [[r.Tonemapper.GrainQuantization:1]]
[2020.02.28-10.23.35:583][  0]LogConfig: Setting CVar [[r.LightShaftQuality:1]]
[2020.02.28-10.23.35:583][  0]LogConfig: Setting CVar [[r.Filter.SizeScale:1]]
[2020.02.28-10.23.35:583][  0]LogConfig: Setting CVar [[r.Tonemapper.Quality:5]]
[2020.02.28-10.23.35:583][  0]LogConfig: Setting CVar [[r.DOF.Gather.AccumulatorQuality:1        ; higher gathering accumulator quality]]
[2020.02.28-10.23.35:583][  0]LogConfig: Setting CVar [[r.DOF.Gather.PostfilterMethod:1          ; Median3x3 postfilering method]]
[2020.02.28-10.23.35:583][  0]LogConfig: Setting CVar [[r.DOF.Gather.EnableBokehSettings:0       ; no bokeh simulation when gathering]]
[2020.02.28-10.23.35:583][  0]LogConfig: Setting CVar [[r.DOF.Gather.RingCount:4                 ; medium number of samples when gathering]]
[2020.02.28-10.23.35:583][  0]LogConfig: Setting CVar [[r.DOF.Scatter.ForegroundCompositing:1    ; additive foreground scattering]]
[2020.02.28-10.23.35:583][  0]LogConfig: Setting CVar [[r.DOF.Scatter.BackgroundCompositing:2    ; additive background scattering]]
[2020.02.28-10.23.35:583][  0]LogConfig: Setting CVar [[r.DOF.Scatter.EnableBokehSettings:1      ; bokeh simulation when scattering]]
[2020.02.28-10.23.35:583][  0]LogConfig: Setting CVar [[r.DOF.Scatter.MaxSpriteRatio:0.1         ; only a maximum of 10% of scattered bokeh]]
[2020.02.28-10.23.35:583][  0]LogConfig: Setting CVar [[r.DOF.Recombine.Quality:1                ; cheap slight out of focus]]
[2020.02.28-10.23.35:583][  0]LogConfig: Setting CVar [[r.DOF.Recombine.EnableBokehSettings:0    ; no bokeh simulation on slight out of focus]]
[2020.02.28-10.23.35:583][  0]LogConfig: Setting CVar [[r.DOF.TemporalAAQuality:1                ; more stable temporal accumulation]]
[2020.02.28-10.23.35:583][  0]LogConfig: Setting CVar [[r.DOF.Kernel.MaxForegroundRadius:0.025]]
[2020.02.28-10.23.35:583][  0]LogConfig: Setting CVar [[r.DOF.Kernel.MaxBackgroundRadius:0.025]]
[2020.02.28-10.23.35:583][  0]LogConfig: Applying CVar settings from Section [TextureQuality@3] File [D:/Uni Work/Game Jam/Hybrid-Games---Untitled-cybersled-game/Example project/Saved/Config/Windows/Scalability.ini]
[2020.02.28-10.23.35:583][  0]LogConfig: Setting CVar [[r.Streaming.MipBias:0]]
[2020.02.28-10.23.35:583][  0]LogConfig: Setting CVar [[r.Streaming.AmortizeCPUToGPUCopy:0]]
[2020.02.28-10.23.35:583][  0]LogConfig: Setting CVar [[r.Streaming.MaxNumTexturesToStreamPerFrame:0]]
[2020.02.28-10.23.35:583][  0]LogConfig: Setting CVar [[r.Streaming.Boost:1]]
[2020.02.28-10.23.35:583][  0]LogConfig: Setting CVar [[r.MaxAnisotropy:8]]
[2020.02.28-10.23.35:583][  0]LogConfig: Setting CVar [[r.Streaming.LimitPoolSizeToVRAM:0]]
[2020.02.28-10.23.35:583][  0]LogConfig: Setting CVar [[r.Streaming.PoolSize:1000]]
[2020.02.28-10.23.35:583][  0]LogConfig: Setting CVar [[r.Streaming.MaxEffectiveScreenSize:0]]
[2020.02.28-10.23.35:583][  0]LogConfig: Applying CVar settings from Section [EffectsQuality@3] File [D:/Uni Work/Game Jam/Hybrid-Games---Untitled-cybersled-game/Example project/Saved/Config/Windows/Scalability.ini]
[2020.02.28-10.23.35:583][  0]LogConfig: Setting CVar [[r.TranslucencyLightingVolumeDim:64]]
[2020.02.28-10.23.35:583][  0]LogConfig: Setting CVar [[r.RefractionQuality:2]]
[2020.02.28-10.23.35:583][  0]LogConfig: Setting CVar [[r.SSR.Quality:3]]
[2020.02.28-10.23.35:583][  0]LogConfig: Setting CVar [[r.SceneColorFormat:4]]
[2020.02.28-10.23.35:583][  0]LogConfig: Setting CVar [[r.DetailMode:2]]
[2020.02.28-10.23.35:583][  0]LogConfig: Setting CVar [[r.TranslucencyVolumeBlur:1]]
[2020.02.28-10.23.35:583][  0]LogConfig: Setting CVar [[r.MaterialQualityLevel:1 ; High quality]]
[2020.02.28-10.23.35:583][  0]LogConfig: Setting CVar [[r.SSS.Scale:1]]
[2020.02.28-10.23.35:583][  0]LogConfig: Setting CVar [[r.SSS.SampleSet:2]]
[2020.02.28-10.23.35:583][  0]LogConfig: Setting CVar [[r.SSS.Quality:1]]
[2020.02.28-10.23.35:583][  0]LogConfig: Setting CVar [[r.SSS.HalfRes:1]]
[2020.02.28-10.23.35:583][  0]LogConfig: Setting CVar [[r.EmitterSpawnRateScale:1.0]]
[2020.02.28-10.23.35:583][  0]LogConfig: Setting CVar [[r.ParticleLightQuality:2]]
[2020.02.28-10.23.35:583][  0]LogConfig: Applying CVar settings from Section [FoliageQuality@3] File [D:/Uni Work/Game Jam/Hybrid-Games---Untitled-cybersled-game/Example project/Saved/Config/Windows/Scalability.ini]
[2020.02.28-10.23.35:583][  0]LogConfig: Setting CVar [[foliage.DensityScale:1.0]]
[2020.02.28-10.23.35:583][  0]LogConfig: Setting CVar [[grass.DensityScale:1.0]]
[2020.02.28-10.23.35:583][  0]LogConfig: Applying CVar settings from Section [Startup] File [../../../Engine/Config/ConsoleVariables.ini]
[2020.02.28-10.23.35:584][  0]LogConfig: Setting CVar [[net.UseAdaptiveNetUpdateFrequency:0]]
[2020.02.28-10.23.35:584][  0]LogConfig: Applying CVar settings from Section [ConsoleVariables] File [D:/Uni Work/Game Jam/Hybrid-Games---Untitled-cybersled-game/Example project/Saved/Config/Windows/Engine.ini]
[2020.02.28-10.23.35:584][  0]LogInit: Computer: RINGO
[2020.02.28-10.23.35:584][  0]LogInit: User: Shtrs
[2020.02.28-10.23.35:584][  0]LogInit: CPU Page size=4096, Cores=8
[2020.02.28-10.23.35:584][  0]LogInit: High frequency timer resolution =10.000000 MHz
[2020.02.28-10.23.35:584][  0]LogMemory: Memory total: Physical=15.9GB (16GB approx)
[2020.02.28-10.23.35:584][  0]LogMemory: Platform Memory Stats for Windows
[2020.02.28-10.23.35:584][  0]LogMemory: Process Physical Memory: 104.65 MB used, 104.65 MB peak
[2020.02.28-10.23.35:584][  0]LogMemory: Process Virtual Memory: 94.08 MB used, 94.08 MB peak
[2020.02.28-10.23.35:584][  0]LogMemory: Physical Memory: 6884.39 MB used,  9438.08 MB free, 16322.47 MB total
[2020.02.28-10.23.35:584][  0]LogMemory: Virtual Memory: 4642.37 MB used,  134213088.00 MB free, 134217728.00 MB total
[2020.02.28-10.23.35:596][  0]LogInit: Using OS detected language (en-GB).
[2020.02.28-10.23.35:596][  0]LogInit: Using OS detected locale (en-GB).
[2020.02.28-10.23.35:596][  0]LogTextLocalizationManager: No specific localization for 'en-GB' exists, so the 'en' localization will be used.
[2020.02.28-10.23.35:860][  0]LogStreaming: Display: Took  0.264s to InitEngineTextLocalization.
[2020.02.28-10.23.35:873][  0]LogSlate: New Slate User Created.  User Index 0, Is Virtual User: 0
[2020.02.28-10.23.35:873][  0]LogSlate: Slate User Registered.  User Index 0, Is Virtual User: 0
[2020.02.28-10.23.35:876][  0]LogD3D11RHI: D3D11 adapters:
[2020.02.28-10.23.35:934][  0]LogD3D11RHI:    0. 'NVIDIA GeForce RTX 2080' (Feature Level 11_0)
[2020.02.28-10.23.35:934][  0]LogD3D11RHI:       8010/0/8161 MB DedicatedVideo/DedicatedSystem/SharedSystem, Outputs:1, VendorId:0x10de
[2020.02.28-10.23.35:936][  0]LogD3D11RHI:    1. 'Microsoft Basic Render Driver' (Feature Level 11_0)
[2020.02.28-10.23.35:936][  0]LogD3D11RHI:       0/0/8161 MB DedicatedVideo/DedicatedSystem/SharedSystem, Outputs:0, VendorId:0x1414
[2020.02.28-10.23.35:936][  0]LogD3D11RHI: Chosen D3D11 Adapter: 0
[2020.02.28-10.23.35:942][  0]LogD3D11RHI: Creating new Direct3DDevice
[2020.02.28-10.23.35:942][  0]LogD3D11RHI:     GPU DeviceId: 0x1e87 (for the marketing name, search the web for "GPU Device Id")
[2020.02.28-10.23.35:942][  0]LogWindows: EnumDisplayDevices:
[2020.02.28-10.23.35:942][  0]LogWindows:    0. 'NVIDIA GeForce RTX 2080' (P:1 D:1)
[2020.02.28-10.23.35:942][  0]LogWindows:    1. 'NVIDIA GeForce RTX 2080' (P:0 D:0)
[2020.02.28-10.23.35:942][  0]LogWindows:    2. 'NVIDIA GeForce RTX 2080' (P:0 D:0)
[2020.02.28-10.23.35:943][  0]LogWindows:    3. 'NVIDIA GeForce RTX 2080' (P:0 D:0)
[2020.02.28-10.23.35:943][  0]LogWindows: DebugString: FoundDriverCount:4 
[2020.02.28-10.23.35:943][  0]LogD3D11RHI:     Adapter Name: NVIDIA GeForce RTX 2080
[2020.02.28-10.23.35:943][  0]LogD3D11RHI:   Driver Version: 441.20 (internal:26.21.14.4120, unified:441.20)
[2020.02.28-10.23.35:943][  0]LogD3D11RHI:      Driver Date: 11-6-2019
[2020.02.28-10.23.35:943][  0]LogRHI: Texture pool is 5607 MB (70% of 8010 MB)
[2020.02.28-10.23.35:974][  0]LogD3D11RHI: Async texture creation enabled
[2020.02.28-10.23.35:989][  0]LogD3D11RHI: GPU Timing Frequency: 1000.000000 (Debug: 2 2)
[2020.02.28-10.23.36:173][  0]LogTemp: Display: Loaded TP WindowsClientTargetPlatform
[2020.02.28-10.23.36:181][  0]LogTemp: Display: Loaded TP WindowsNoEditorTargetPlatform
[2020.02.28-10.23.36:190][  0]LogTemp: Display: Loaded TP WindowsServerTargetPlatform
[2020.02.28-10.23.36:193][  0]LogTemp: Display: Loaded TP WindowsTargetPlatform
[2020.02.28-10.23.36:193][  0]LogTargetPlatformManager: Display: Building Assets For Windows
[2020.02.28-10.23.36:222][  0]LogShaderCompilers: Guid format shader working directory is -30 characters bigger than the processId version (D:/Uni Work/Game Jam/Hybrid-Games---Untitled-cybersled-game/Example project/Intermediate/Shaders/WorkingDirectory/18724/).
[2020.02.28-10.23.36:222][  0]LogShaderCompilers: Cleaned the shader compiler working directory 'C:/Users/Shtrs/AppData/Local/Temp/UnrealShaderWorkingDir/A95AAF404792F3DB4930E3882BE9B7B4/'.
[2020.02.28-10.23.36:223][  0]LogXGEController: Cannot use XGE Controller as Incredibuild is not installed on this machine.
[2020.02.28-10.23.36:223][  0]LogShaderCompilers: Cannot use XGE Shader Compiler as Incredibuild is not installed on this machine.
[2020.02.28-10.23.36:223][  0]LogShaderCompilers: Display: Using Local Shader Compiler.
[2020.02.28-10.23.36:614][  0]LogDerivedDataCache: Display: Max Cache Size: 512 MB
[2020.02.28-10.23.36:651][  0]LogDerivedDataCache: Loaded boot cache 0.04s 71MB C:/Users/Shtrs/AppData/Local/UnrealEngine/4.21/DerivedDataCache/Boot.ddc.
[2020.02.28-10.23.36:651][  0]LogDerivedDataCache: Display: Loaded Boot cache: C:/Users/Shtrs/AppData/Local/UnrealEngine/4.21/DerivedDataCache/Boot.ddc
[2020.02.28-10.23.36:651][  0]LogDerivedDataCache: FDerivedDataBackendGraph:  Pak pak cache file D:/Uni Work/Game Jam/Hybrid-Games---Untitled-cybersled-game/Example project/DerivedDataCache/DDC.ddp not found, will not use a pak cache.
[2020.02.28-10.23.36:651][  0]LogDerivedDataCache: Unable to find inner node Pak for hierarchical cache Hierarchy.
[2020.02.28-10.23.36:651][  0]LogDerivedDataCache: FDerivedDataBackendGraph:  CompressedPak pak cache file D:/Uni Work/Game Jam/Hybrid-Games---Untitled-cybersled-game/Example project/DerivedDataCache/Compressed.ddp not found, will not use a pak cache.
[2020.02.28-10.23.36:651][  0]LogDerivedDataCache: Unable to find inner node CompressedPak for hierarchical cache Hierarchy.
[2020.02.28-10.23.36:662][  0]LogDerivedDataCache: Display: Pak cache opened for reading ../../../Engine/DerivedDataCache/Compressed.ddp.
[2020.02.28-10.23.36:662][  0]LogDerivedDataCache: FDerivedDataBackendGraph:  EnterprisePak pak cache file ../../../Enterprise/DerivedDataCache/Compressed.ddp not found, will not use a pak cache.
[2020.02.28-10.23.36:662][  0]LogDerivedDataCache: Unable to find inner node EnterprisePak for hierarchical cache Hierarchy.
[2020.02.28-10.23.36:674][  0]LogDerivedDataCache: Using Local data cache path C:/Users/Shtrs/AppData/Local/UnrealEngine/Common/DerivedDataCache: Writable
[2020.02.28-10.23.36:674][  0]LogDerivedDataCache: Shared data cache path not found in *engine.ini, will not use an Shared cache.
[2020.02.28-10.23.36:674][  0]LogDerivedDataCache: Unable to find inner node Shared for hierarchical cache Hierarchy.
[2020.02.28-10.23.36:690][  0]LogMaterial: Verifying Global Shaders for PCD3D_SM5
[2020.02.28-10.23.36:691][  0]LogSlate: Using FreeType 2.6.0
[2020.02.28-10.23.36:691][  0]LogSlate: SlateFontServices - WITH_FREETYPE: 1, WITH_HARFBUZZ: 1
[2020.02.28-10.23.36:768][  0]LogInit: Using OS detected language (en-GB).
[2020.02.28-10.23.36:768][  0]LogInit: Using OS detected locale (en-GB).
[2020.02.28-10.23.36:769][  0]LogTextLocalizationManager: No localization for 'en-GB' exists, so 'en' will be used for the language.
[2020.02.28-10.23.36:769][  0]LogTextLocalizationManager: No localization for 'en-GB' exists, so 'en' will be used for the locale.
[2020.02.28-10.23.36:769][  0]LogSlate: FontCache flush requested. Reason: Culture for localization was changed
[2020.02.28-10.23.36:769][  0]LogSlate: FontCache flush requested. Reason: Culture for localization was changed
[2020.02.28-10.23.36:986][  0]LogStreaming: Display: Took  0.217s to InitGameTextLocalization.
[2020.02.28-10.23.36:990][  0]LogAssetRegistry: FAssetRegistry took 0.0027 seconds to start up
[2020.02.28-10.23.37:122][  0]LogPackageLocalizationCache: Processed 11 localized package path(s) for 1 prioritized culture(s) in 0.010264 seconds
[2020.02.28-10.23.37:196][  0]LogInit: Selected Device Profile: [Windows]
[2020.02.28-10.23.37:232][  0]LogSimplygon: Simplygon DLL not present - disabling.
[2020.02.28-10.23.37:234][  0]LogMeshReduction: Using SimplygonSwarm for distributed automatic mesh merging
[2020.02.28-10.23.37:234][  0]LogMeshReduction: Using ProxyLODMeshReduction for automatic mesh merging
[2020.02.28-10.23.37:234][  0]LogMeshReduction: Using QuadricMeshReduction for automatic static mesh reduction
[2020.02.28-10.23.37:234][  0]LogMeshReduction: No automatic skeletal mesh reduction module available
[2020.02.28-10.23.37:299][  0]LogNetVersion: MyProject2 1.0.0, NetCL: 4541578, EngineNetVer: 5, GameNetVer: 0 (Checksum: 2078931443)
[2020.02.28-10.23.37:677][  0]LogMoviePlayer: Initializing movie player
[2020.02.28-10.23.37:760][  0]LogTcpMessaging: Initializing TcpMessaging bridge
[2020.02.28-10.23.37:772][  0]LogUdpMessaging: Initializing bridge on interface 0.0.0.0:0 to multicast group 230.0.0.1:6666.
[2020.02.28-10.23.37:845][  0]SourceControl: Source control is disabled
[2020.02.28-10.23.37:846][  0]SourceControl: Source control is disabled
[2020.02.28-10.23.37:846][  0]SourceControl: Source control is disabled
[2020.02.28-10.23.37:954][  0]LogAndroidPermission: UAndroidPermissionCallbackProxy::GetInstance
[2020.02.28-10.23.38:053][  0]LogOcInput: OculusInput pre-init called
[2020.02.28-10.23.38:059][  0]LogUObjectArray: 43226 objects as part of root set at end of initial load.
[2020.02.28-10.23.38:059][  0]LogUObjectAllocator: 7590216 out of 0 bytes used by permanent object pool.
[2020.02.28-10.23.38:059][  0]LogUObjectArray: CloseDisregardForGC: 0/0 objects in disregard for GC pool
[2020.02.28-10.23.38:168][  0]LogEngine: Initializing Engine...
[2020.02.28-10.23.38:180][  0]LogStats: UGameplayTagsManager::ConstructGameplayTagTree: ImportINI prefixes -  0.000 s
[2020.02.28-10.23.38:180][  0]LogStats: UGameplayTagsManager::ConstructGameplayTagTree: Construct from data asset -  0.000 s
[2020.02.28-10.23.38:181][  0]LogStats: UGameplayTagsManager::ConstructGameplayTagTree: ImportINI -  0.000 s
[2020.02.28-10.23.38:181][  0]LogStats: UGameplayTagsManager::ConstructGameplayTagTree: GameplayTagTreeChangedEvent.Broadcast -  0.000 s
[2020.02.28-10.23.38:300][  0]LogInit: Initializing FReadOnlyCVARCache
[2020.02.28-10.23.38:330][  0]LogInit: XAudio2 using 'Speakers (Realtek(R) Audio)' : 2 channels at 48 kHz using 32 bits per sample (channel mask 0x3)
[2020.02.28-10.23.38:338][  0]LogInit: FAudioDevice initialized.
[2020.02.28-10.23.38:350][  0]LogNetVersion: Set ProjectVersion to 1.0.0.0. Version Checksum will be recalculated on next use.
[2020.02.28-10.23.38:355][  0]LogInit: Texture streaming: Enabled
[2020.02.28-10.23.38:453][  0]LogSlate: Updating window title bar state: overlay mode, drag disabled, window buttons hidden, title bar hidden
[2020.02.28-10.23.38:453][  0]LogInit: Display: Game Engine Initialized.
[2020.02.28-10.23.38:453][  0]LogGameplayTags: Display: UGameplayTagsManager::DoneAddingNativeTags. DelegateIsBound: 0
[2020.02.28-10.23.38:453][  0]LogStats: UGameplayTagsManager::ConstructGameplayTagTree: ImportINI prefixes -  0.000 s
[2020.02.28-10.23.38:453][  0]LogStats: UGameplayTagsManager::ConstructGameplayTagTree: Construct from data asset -  0.000 s
[2020.02.28-10.23.38:453][  0]LogStats: UGameplayTagsManager::ConstructGameplayTagTree: ImportINI -  0.000 s
[2020.02.28-10.23.38:453][  0]LogStats: UGameplayTagsManager::ConstructGameplayTagTree: GameplayTagTreeChangedEvent.Broadcast -  0.000 s
[2020.02.28-10.23.38:462][  0]LogInit: Display: Starting Game.
[2020.02.28-10.23.38:463][  0]LogNet: Browse: /Game/MainMenu?Name=Player
[2020.02.28-10.23.38:463][  0]LogLoad: LoadMap: /Game/MainMenu?Name=Player
[2020.02.28-10.23.38:541][  0]LogAIModule: Creating AISystem for world MainMenu
[2020.02.28-10.23.38:739][  0]LogLoad: Game class is 'ThirdPersonGameMode_C'
[2020.02.28-10.23.38:740][  0]LogWorld: Bringing World /Game/MainMenu.MainMenu up for play (max tick rate 0) at 2020.02.28-10.23.38
[2020.02.28-10.23.38:740][  0]LogWorld: Bringing up level for play took: 0.000426
[2020.02.28-10.23.38:740][  0]LogGameMode: FindPlayerStart: PATHS NOT DEFINED or NO PLAYERSTART with positive rating
[2020.02.28-10.23.38:743][  0]LogSlate: Updating window title bar state: overlay mode, drag disabled, window buttons hidden, title bar hidden
[2020.02.28-10.23.38:743][  0]LogLoad: Took 0.280324 seconds to LoadMap(/Game/MainMenu)
[2020.02.28-10.23.38:789][  0]LogRenderer: Reallocating scene render targets to support 1280x720 Format 10 NumSamples 1 (Frame:1).
[2020.02.28-10.23.38:789][  0]LogLoad: (Engine Initialization) Total time: 4.53 seconds
[2020.02.28-10.23.38:789][  0]LogLoad: (Engine Initialization) Total Blueprint compile time: 0.00 seconds
[2020.02.28-10.23.38:849][  0]LogOcInput: OculusInput is initialized
[2020.02.28-10.23.38:851][  0]LogContentStreaming: Texture pool size now 1000 MB
[2020.02.28-10.23.55:983][ 61]LogSlate: FSceneViewport::OnFocusLost() reason 0
[2020.02.28-10.23.59:782][292]LogPackageName: SearchForPackageOnDisk took   0.072s to resolve Arena.umap.
[2020.02.28-10.23.59:858][292]LogPackageName: SearchForPackageOnDisk took   0.076s to resolve Arena.umap.
[2020.02.28-10.23.59:858][292]LogNet: Browse: /Game/Prototype/Arena
[2020.02.28-10.23.59:858][292]LogLoad: LoadMap: /Game/Prototype/Arena
[2020.02.28-10.24.00:275][292]LogAIModule: Creating AISystem for world Arena
[2020.02.28-10.24.00:280][292]LogLoad: Game class is 'ThirdPersonGameMode_C'
[2020.02.28-10.24.00:286][292]LogWorld: Bringing World /Game/Prototype/Arena.Arena up for play (max tick rate 0) at 2020.02.28-10.24.00
[2020.02.28-10.24.00:287][292]LogWorld: Bringing up level for play took: 0.006546
[2020.02.28-10.24.00:290][292]LogLoad: Took 0.431817 seconds to LoadMap(/Game/Prototype/Arena)
[2020.02.28-10.24.07:220][722]LogCharacterMovement: ENEMY_AI4 is stuck and failed to move! Velocity: X=-985.59 Y=465.72 Z=0.00 Location: X=3652.67 Y=-875.79 Z=717.60 Normal: X=-0.00 Y=0.00 Z=-1.00 PenetrationDepth:26.530 Actor:ENEMY_AI2_8 Component:StaticMesh BoneName:None (0 other events since notify)
[2020.02.28-10.24.07:299][727]LogCharacterMovement: ENEMY_AI2_8 is stuck and failed to move! Velocity: X=-1066.97 Y=661.23 Z=0.00 Location: X=3704.43 Y=-961.69 Z=707.31 Normal: X=-0.00 Y=0.00 Z=-1.00 PenetrationDepth:22.756 Actor:ENEMY_AI4 Component:StaticMesh BoneName:None (0 other events since notify)
[2020.02.28-10.24.08:220][784]LogCharacterMovement: ENEMY_AI4 is stuck and failed to move! Velocity: X=-1356.21 Y=640.85 Z=0.00 Location: X=3652.67 Y=-875.79 Z=717.60 Normal: X=-0.00 Y=0.00 Z=-1.00 PenetrationDepth:43.329 Actor:ENEMY_AI2_8 Component:StaticMesh BoneName:None (61 other events since notify)
[2020.02.28-10.24.08:300][789]LogCharacterMovement: ENEMY_AI2_8 is stuck and failed to move! Velocity: X=-1275.01 Y=790.16 Z=0.00 Location: X=3704.43 Y=-961.69 Z=707.31 Normal: X=-0.00 Y=0.00 Z=-1.00 PenetrationDepth:22.756 Actor:ENEMY_AI4 Component:StaticMesh BoneName:None (61 other events since notify)
[2020.02.28-10.24.09:219][846]LogCharacterMovement: ENEMY_AI4 is stuck and failed to move! Velocity: X=-1356.21 Y=640.85 Z=0.00 Location: X=3652.67 Y=-875.79 Z=717.60 Normal: X=-0.00 Y=0.00 Z=-1.00 PenetrationDepth:43.329 Actor:ENEMY_AI2_8 Component:StaticMesh BoneName:None (61 other events since notify)
[2020.02.28-10.24.09:300][851]LogCharacterMovement: ENEMY_AI2_8 is stuck and failed to move! Velocity: X=-1275.01 Y=790.16 Z=0.00 Location: X=3704.43 Y=-961.69 Z=707.31 Normal: X=-0.00 Y=0.00 Z=-1.00 PenetrationDepth:22.756 Actor:ENEMY_AI4 Component:StaticMesh BoneName:None (61 other events since notify)
[2020.02.28-10.24.10:220][908]LogCharacterMovement: ENEMY_AI4 is stuck and failed to move! Velocity: X=-1356.21 Y=640.85 Z=0.00 Location: X=3652.67 Y=-875.79 Z=717.60 Normal: X=-0.00 Y=0.00 Z=-1.00 PenetrationDepth:43.329 Actor:ENEMY_AI2_8 Component:StaticMesh BoneName:None (61 other events since notify)
[2020.02.28-10.24.10:299][913]LogCharacterMovement: ENEMY_AI2_8 is stuck and failed to move! Velocity: X=-1275.01 Y=790.16 Z=0.00 Location: X=3704.43 Y=-961.69 Z=707.31 Normal: X=-0.00 Y=0.00 Z=-1.00 PenetrationDepth:22.756 Actor:ENEMY_AI4 Component:StaticMesh BoneName:None (61 other events since notify)
[2020.02.28-10.24.11:010][957]LogCharacterMovement: ENEMY_AI5 is stuck and failed to move! Velocity: X=952.60 Y=1158.69 Z=0.00 Location: X=7268.77 Y=2644.22 Z=601.43 Normal: X=0.66 Y=0.26 Z=-0.71 PenetrationDepth:23.697 Actor:ENEMY_AI6 Component:StaticMesh BoneName:None (0 other events since notify)
[2020.02.28-10.24.11:219][970]LogCharacterMovement: ENEMY_AI4 is stuck and failed to move! Velocity: X=493.19 Y=-972.61 Z=0.00 Location: X=3652.67 Y=-875.79 Z=717.60 Normal: X=-0.00 Y=-0.00 Z=-1.00 PenetrationDepth:43.329 Actor:ENEMY_AI2_8 Component:StaticMesh BoneName:None (61 other events since notify)
[2020.02.28-10.24.11:300][975]LogCharacterMovement: ENEMY_AI2_8 is stuck and failed to move! Velocity: X=530.92 Y=-1076.66 Z=0.00 Location: X=3704.43 Y=-961.69 Z=707.31 Normal: X=0.00 Y=0.00 Z=-1.00 PenetrationDepth:22.756 Actor:ENEMY_AI4 Component:StaticMesh BoneName:None (61 other events since notify)
[2020.02.28-10.24.12:236][ 33]LogCharacterMovement: ENEMY_AI4 is stuck and failed to move! Velocity: X=15.00 Y=-29.43 Z=0.00 Location: X=3652.67 Y=-875.79 Z=717.60 Normal: X=-0.00 Y=-0.00 Z=-1.00 PenetrationDepth:43.329 Actor:ENEMY_AI2_8 Component:StaticMesh BoneName:None (60 other events since notify)
[2020.02.28-10.24.12:300][ 37]LogCharacterMovement: ENEMY_AI2_8 is stuck and failed to move! Velocity: X=73.13 Y=-148.09 Z=0.00 Location: X=3704.43 Y=-961.69 Z=707.31 Normal: X=0.00 Y=0.00 Z=-1.00 PenetrationDepth:22.756 Actor:ENEMY_AI4 Component:StaticMesh BoneName:None (59 other events since notify)
[2020.02.28-10.24.13:236][ 95]LogCharacterMovement: ENEMY_AI4 is stuck and failed to move! Velocity: X=681.23 Y=-1336.39 Z=0.00 Location: X=3652.67 Y=-875.79 Z=717.60 Normal: X=-0.00 Y=-0.00 Z=-1.00 PenetrationDepth:43.329 Actor:ENEMY_AI2_8 Component:StaticMesh BoneName:None (61 other events since notify)
[2020.02.28-10.24.13:300][ 99]LogCharacterMovement: ENEMY_AI2_8 is stuck and failed to move! Velocity: X=664.19 Y=-1344.93 Z=0.00 Location: X=3704.43 Y=-961.69 Z=707.31 Normal: X=0.00 Y=0.00 Z=-1.00 PenetrationDepth:22.756 Actor:ENEMY_AI4 Component:StaticMesh BoneName:None (61 other events since notify)
[2020.02.28-10.24.14:236][157]LogCharacterMovement: ENEMY_AI4 is stuck and failed to move! Velocity: X=681.23 Y=-1336.39 Z=0.00 Location: X=3652.67 Y=-875.79 Z=717.60 Normal: X=-0.00 Y=-0.00 Z=-1.00 PenetrationDepth:43.329 Actor:ENEMY_AI2_8 Component:StaticMesh BoneName:None (61 other events since notify)
[2020.02.28-10.24.14:300][161]LogCharacterMovement: ENEMY_AI2_8 is stuck and failed to move! Velocity: X=664.19 Y=-1344.93 Z=0.00 Location: X=3704.43 Y=-961.69 Z=707.31 Normal: X=0.00 Y=0.00 Z=-1.00 PenetrationDepth:22.756 Actor:ENEMY_AI4 Component:StaticMesh BoneName:None (61 other events since notify)
[2020.02.28-10.24.15:235][219]LogCharacterMovement: ENEMY_AI4 is stuck and failed to move! Velocity: X=681.23 Y=-1336.39 Z=0.00 Location: X=3652.67 Y=-875.79 Z=717.60 Normal: X=-0.00 Y=-0.00 Z=-1.00 PenetrationDepth:43.329 Actor:ENEMY_AI2_8 Component:StaticMesh BoneName:None (61 other events since notify)
[2020.02.28-10.24.15:300][223]LogCharacterMovement: ENEMY_AI2_8 is stuck and failed to move! Velocity: X=664.19 Y=-1344.93 Z=0.00 Location: X=3704.43 Y=-961.69 Z=707.31 Normal: X=0.00 Y=0.00 Z=-1.00 PenetrationDepth:22.756 Actor:ENEMY_AI4 Component:StaticMesh BoneName:None (61 other events since notify)
[2020.02.28-10.24.15:704][248]LogCharacterMovement: ENEMY_AI6 is stuck and failed to move! Velocity: X=9.02 Y=-65.45 Z=0.00 Location: X=7151.61 Y=2492.68 Z=601.22 Normal: X=-0.71 Y=0.02 Z=-0.71 PenetrationDepth:0.023 Actor:ENEMY_AI5 Component:StaticMesh BoneName:None (0 other events since notify)
[2020.02.28-10.24.16:235][281]LogCharacterMovement: ENEMY_AI4 is stuck and failed to move! Velocity: X=681.23 Y=-1336.39 Z=0.00 Location: X=3652.67 Y=-875.79 Z=717.60 Normal: X=-0.00 Y=-0.00 Z=-1.00 PenetrationDepth:43.329 Actor:ENEMY_AI2_8 Component:StaticMesh BoneName:None (61 other events since notify)
[2020.02.28-10.24.16:284][284]LogCharacterMovement: ENEMY_AI5 is stuck and failed to move! Velocity: X=-7.07 Y=-231.11 Z=0.00 Location: X=7320.78 Y=2517.34 Z=601.24 Normal: X=0.71 Y=-0.01 Z=-0.71 PenetrationDepth:0.190 Actor:ENEMY_AI6 Component:StaticMesh BoneName:None (41 other events since notify)
[2020.02.28-10.24.16:300][285]LogCharacterMovement: ENEMY_AI2_8 is stuck and failed to move! Velocity: X=664.19 Y=-1344.93 Z=0.00 Location: X=3704.43 Y=-961.69 Z=707.31 Normal: X=0.00 Y=0.00 Z=-1.00 PenetrationDepth:22.756 Actor:ENEMY_AI4 Component:StaticMesh BoneName:None (61 other events since notify)
[2020.02.28-10.24.17:203][341]LogCharacterMovement: ENEMY_AI6 is stuck and failed to move! Velocity: X=-18.94 Y=-63.29 Z=0.00 Location: X=7138.41 Y=2380.13 Z=601.79 Normal: X=-0.67 Y=0.22 Z=-0.71 PenetrationDepth:10.125 Actor:ENEMY_AI5 Component:StaticMesh BoneName:None (57 other events since notify)
[2020.02.28-10.24.17:236][343]LogCharacterMovement: ENEMY_AI4 is stuck and failed to move! Velocity: X=435.07 Y=-853.50 Z=0.00 Location: X=3652.67 Y=-875.79 Z=717.60 Normal: X=-0.00 Y=-0.00 Z=-1.00 PenetrationDepth:43.329 Actor:ENEMY_AI2_8 Component:StaticMesh BoneName:None (59 other events since notify)
[2020.02.28-10.24.17:284][346]LogCharacterMovement: ENEMY_AI5 is stuck and failed to move! Velocity: X=-76.68 Y=-218.13 Z=0.00 Location: X=7311.97 Y=2412.74 Z=601.64 Normal: X=0.67 Y=-0.22 Z=-0.71 PenetrationDepth:9.242 Actor:ENEMY_AI6 Component:StaticMesh BoneName:None (22 other events since notify)
[2020.02.28-10.24.17:300][347]LogCharacterMovement: ENEMY_AI2_8 is stuck and failed to move! Velocity: X=482.70 Y=-977.43 Z=0.00 Location: X=3704.43 Y=-961.69 Z=707.31 Normal: X=0.00 Y=0.00 Z=-1.00 PenetrationDepth:22.756 Actor:ENEMY_AI4 Component:StaticMesh BoneName:None (59 other events since notify)
[2020.02.28-10.24.18:236][405]LogCharacterMovement: ENEMY_AI4 is stuck and failed to move! Velocity: X=-67.12 Y=-515.41 Z=0.00 Location: X=3652.67 Y=-875.79 Z=717.60 Normal: X=-0.00 Y=0.00 Z=-1.00 PenetrationDepth:43.329 Actor:ENEMY_AI2_8 Component:StaticMesh BoneName:None (61 other events since notify)
[2020.02.28-10.24.18:300][409]LogCharacterMovement: ENEMY_AI2_8 is stuck and failed to move! Velocity: X=-230.21 Y=-123.07 Z=0.00 Location: X=3704.43 Y=-961.69 Z=707.31 Normal: X=-0.00 Y=0.00 Z=-1.00 PenetrationDepth:22.756 Actor:ENEMY_AI4 Component:StaticMesh BoneName:None (61 other events since notify)
[2020.02.28-10.24.19:252][468]LogCharacterMovement: ENEMY_AI4 is stuck and failed to move! Velocity: X=-1356.21 Y=640.85 Z=0.00 Location: X=3652.67 Y=-875.79 Z=717.60 Normal: X=-0.00 Y=0.00 Z=-1.00 PenetrationDepth:43.329 Actor:ENEMY_AI2_8 Component:StaticMesh BoneName:None (62 other events since notify)
[2020.02.28-10.24.19:316][472]LogCharacterMovement: ENEMY_AI2_8 is stuck and failed to move! Velocity: X=-1275.01 Y=790.16 Z=0.00 Location: X=3704.43 Y=-961.69 Z=707.31 Normal: X=-0.00 Y=0.00 Z=-1.00 PenetrationDepth:22.756 Actor:ENEMY_AI4 Component:StaticMesh BoneName:None (62 other events since notify)
[2020.02.28-10.24.20:268][531]LogCharacterMovement: ENEMY_AI4 is stuck and failed to move! Velocity: X=-1356.21 Y=640.85 Z=0.00 Location: X=3652.67 Y=-875.79 Z=717.60 Normal: X=-0.00 Y=0.00 Z=-1.00 PenetrationDepth:43.329 Actor:ENEMY_AI2_8 Component:StaticMesh BoneName:None (62 other events since notify)
[2020.02.28-10.24.20:332][535]LogCharacterMovement: ENEMY_AI2_8 is stuck and failed to move! Velocity: X=-1275.01 Y=790.16 Z=0.00 Location: X=3704.43 Y=-961.69 Z=707.31 Normal: X=-0.00 Y=0.00 Z=-1.00 PenetrationDepth:22.756 Actor:ENEMY_AI4 Component:StaticMesh BoneName:None (62 other events since notify)
[2020.02.28-10.24.21:090][582]LogCharacterMovement: NewPawn_C_0 is stuck and failed to move! Velocity: X=-15.30 Y=59.09 Z=0.00 Location: X=6382.77 Y=4698.10 Z=623.95 Normal: X=-0.00 Y=-0.00 Z=-1.00 PenetrationDepth:75.321 Actor:ENEMY_AI6 Component:StaticMesh BoneName:None (0 other events since notify)
[2020.02.28-10.24.21:284][594]LogCharacterMovement: ENEMY_AI4 is stuck and failed to move! Velocity: X=-1356.21 Y=640.85 Z=0.00 Location: X=3652.67 Y=-875.79 Z=717.60 Normal: X=-0.00 Y=0.00 Z=-1.00 PenetrationDepth:43.329 Actor:ENEMY_AI2_8 Component:StaticMesh BoneName:None (62 other events since notify)
[2020.02.28-10.24.21:333][597]LogCharacterMovement: ENEMY_AI2_8 is stuck and failed to move! Velocity: X=-1275.01 Y=790.16 Z=0.00 Location: X=3704.43 Y=-961.69 Z=707.31 Normal: X=-0.00 Y=0.00 Z=-1.00 PenetrationDepth:22.756 Actor:ENEMY_AI4 Component:StaticMesh BoneName:None (61 other events since notify)
[2020.02.28-10.24.22:285][656]LogCharacterMovement: ENEMY_AI4 is stuck and failed to move! Velocity: X=-1356.21 Y=640.85 Z=0.00 Location: X=3652.67 Y=-875.79 Z=717.60 Normal: X=-0.00 Y=0.00 Z=-1.00 PenetrationDepth:43.329 Actor:ENEMY_AI2_8 Component:StaticMesh BoneName:None (59 other events since notify)
[2020.02.28-10.24.22:350][660]LogCharacterMovement: ENEMY_AI2_8 is stuck and failed to move! Velocity: X=-1275.01 Y=790.16 Z=0.00 Location: X=3704.43 Y=-961.69 Z=707.31 Normal: X=-0.00 Y=0.00 Z=-1.00 PenetrationDepth:22.756 Actor:ENEMY_AI4 Component:StaticMesh BoneName:None (60 other events since notify)
[2020.02.28-10.24.23:284][718]LogCharacterMovement: ENEMY_AI4 is stuck and failed to move! Velocity: X=-1356.21 Y=640.85 Z=0.00 Location: X=3652.67 Y=-875.79 Z=717.60 Normal: X=-0.00 Y=0.00 Z=-1.00 PenetrationDepth:43.329 Actor:ENEMY_AI2_8 Component:StaticMesh BoneName:None (61 other events since notify)
[2020.02.28-10.24.23:349][722]LogCharacterMovement: ENEMY_AI2_8 is stuck and failed to move! Velocity: X=-1275.01 Y=790.16 Z=0.00 Location: X=3704.43 Y=-961.69 Z=707.31 Normal: X=-0.00 Y=0.00 Z=-1.00 PenetrationDepth:22.756 Actor:ENEMY_AI4 Component:StaticMesh BoneName:None (61 other events since notify)
[2020.02.28-10.24.24:284][780]LogCharacterMovement: ENEMY_AI4 is stuck and failed to move! Velocity: X=-1356.21 Y=640.85 Z=0.00 Location: X=3652.67 Y=-875.79 Z=717.60 Normal: X=-0.00 Y=0.00 Z=-1.00 PenetrationDepth:43.329 Actor:ENEMY_AI2_8 Component:StaticMesh BoneName:None (61 other events since notify)
[2020.02.28-10.24.24:349][784]LogCharacterMovement: ENEMY_AI2_8 is stuck and failed to move! Velocity: X=-1275.01 Y=790.16 Z=0.00 Location: X=3704.43 Y=-961.69 Z=707.31 Normal: X=-0.00 Y=0.00 Z=-1.00 PenetrationDepth:22.756 Actor:ENEMY_AI4 Component:StaticMesh BoneName:None (61 other events since notify)
[2020.02.28-10.24.25:301][843]LogCharacterMovement: ENEMY_AI4 is stuck and failed to move! Velocity: X=-1356.21 Y=640.85 Z=0.00 Location: X=3652.67 Y=-875.79 Z=717.60 Normal: X=-0.00 Y=0.00 Z=-1.00 PenetrationDepth:43.329 Actor:ENEMY_AI2_8 Component:StaticMesh BoneName:None (62 other events since notify)
[2020.02.28-10.24.25:365][847]LogCharacterMovement: ENEMY_AI2_8 is stuck and failed to move! Velocity: X=-1275.01 Y=790.16 Z=0.00 Location: X=3704.43 Y=-961.69 Z=707.31 Normal: X=-0.00 Y=0.00 Z=-1.00 PenetrationDepth:22.756 Actor:ENEMY_AI4 Component:StaticMesh BoneName:None (62 other events since notify)
[2020.02.28-10.24.26:300][905]LogCharacterMovement: ENEMY_AI4 is stuck and failed to move! Velocity: X=-567.46 Y=268.14 Z=0.00 Location: X=3652.67 Y=-875.79 Z=717.60 Normal: X=-0.00 Y=0.00 Z=-1.00 PenetrationDepth:43.329 Actor:ENEMY_AI2_8 Component:StaticMesh BoneName:None (59 other events since notify)
[2020.02.28-10.24.26:365][909]LogCharacterMovement: ENEMY_AI2_8 is stuck and failed to move! Velocity: X=-645.80 Y=400.22 Z=0.00 Location: X=3704.43 Y=-961.69 Z=707.31 Normal: X=-0.00 Y=0.00 Z=-1.00 PenetrationDepth:22.756 Actor:ENEMY_AI4 Component:StaticMesh BoneName:None (59 other events since notify)
[2020.02.28-10.24.27:316][968]LogCharacterMovement: ENEMY_AI4 is stuck and failed to move! Velocity: X=-1356.21 Y=640.85 Z=0.00 Location: X=3652.67 Y=-875.79 Z=717.60 Normal: X=-0.00 Y=0.00 Z=-1.00 PenetrationDepth:43.329 Actor:ENEMY_AI2_8 Component:StaticMesh BoneName:None (62 other events since notify)
[2020.02.28-10.24.27:381][972]LogCharacterMovement: ENEMY_AI2_8 is stuck and failed to move! Velocity: X=-1275.01 Y=790.16 Z=0.00 Location: X=3704.43 Y=-961.69 Z=707.31 Normal: X=-0.00 Y=0.00 Z=-1.00 PenetrationDepth:22.756 Actor:ENEMY_AI4 Component:StaticMesh BoneName:None (62 other events since notify)
[2020.02.28-10.24.28:333][ 31]LogCharacterMovement: ENEMY_AI4 is stuck and failed to move! Velocity: X=-1356.21 Y=640.85 Z=0.00 Location: X=3652.67 Y=-875.79 Z=717.60 Normal: X=-0.00 Y=0.00 Z=-1.00 PenetrationDepth:43.329 Actor:ENEMY_AI2_8 Component:StaticMesh BoneName:None (62 other events since notify)
[2020.02.28-10.24.28:397][ 35]LogCharacterMovement: ENEMY_AI2_8 is stuck and failed to move! Velocity: X=-1275.01 Y=790.16 Z=0.00 Location: X=3704.43 Y=-961.69 Z=707.31 Normal: X=-0.00 Y=0.00 Z=-1.00 PenetrationDepth:22.756 Actor:ENEMY_AI4 Component:StaticMesh BoneName:None (62 other events since notify)
[2020.02.28-10.24.29:333][ 93]LogCharacterMovement: ENEMY_AI4 is stuck and failed to move! Velocity: X=-1356.21 Y=640.85 Z=0.00 Location: X=3652.67 Y=-875.79 Z=717.60 Normal: X=-0.00 Y=0.00 Z=-1.00 PenetrationDepth:43.329 Actor:ENEMY_AI2_8 Component:StaticMesh BoneName:None (61 other events since notify)
[2020.02.28-10.24.29:397][ 97]LogCharacterMovement: ENEMY_AI2_8 is stuck and failed to move! Velocity: X=-1275.01 Y=790.16 Z=0.00 Location: X=3704.43 Y=-961.69 Z=707.31 Normal: X=-0.00 Y=0.00 Z=-1.00 PenetrationDepth:22.756 Actor:ENEMY_AI4 Component:StaticMesh BoneName:None (61 other events since notify)
[2020.02.28-10.24.30:312][152]LogSlate: Window 'MyProject2 (64-bit Development PCD3D_SM5) ' being destroyed
[2020.02.28-10.24.30:312][152]LogWindowsTextInputMethodSystem: Display: IME system now deactivated.
[2020.02.28-10.24.30:314][152]LogSlate: Updating window title bar state: overlay mode, drag disabled, window buttons hidden, title bar hidden
[2020.02.28-10.24.30:314][152]LogEngine: All Windows Closed
[2020.02.28-10.24.30:314][152]LogWindows: FPlatformMisc::RequestExit(0)
[2020.02.28-10.24.31:202][153]LogExit: Preparing to exit.
[2020.02.28-10.24.31:202][153]LogMoviePlayer: Shutting down movie player
[2020.02.28-10.24.31:812][153]LogSlate: Updating window title bar state: overlay mode, drag disabled, window buttons hidden, title bar hidden
[2020.02.28-10.24.31:821][153]LogExit: Game engine shut down
[2020.02.28-10.24.31:859][153]LogExit: Object subsystem successfully closed.
[2020.02.28-10.24.31:883][153]LogShaderCompilers: Display: Shaders left to compile 0
[2020.02.28-10.24.31:885][153]LogD3D11RHI: Shutdown
[2020.02.28-10.24.31:885][153]LogD3D11RHI: CleanupD3DDevice
[2020.02.28-10.24.31:886][153]LogD3D11RHI: ~FD3D11DynamicRHI
[2020.02.28-10.24.31:891][153]LogModuleManager: Shutting down and abandoning module SequenceRecorderSections (382)
[2020.02.28-10.24.31:891][153]LogModuleManager: Shutting down and abandoning module SequenceRecorder (380)
[2020.02.28-10.24.31:891][153]LogModuleManager: Shutting down and abandoning module AutomationController (378)
[2020.02.28-10.24.31:891][153]LogModuleManager: Shutting down and abandoning module AutomationWorker (376)
[2020.02.28-10.24.31:891][153]LogModuleManager: Shutting down and abandoning module Voice (374)
[2020.02.28-10.24.31:891][153]LogModuleManager: Shutting down and abandoning module AIModule (372)
[2020.02.28-10.24.31:891][153]LogModuleManager: Shutting down and abandoning module GameplayDebugger (371)
[2020.02.28-10.24.31:891][153]LogModuleManager: Shutting down and abandoning module AITestSuite (369)
[2020.02.28-10.24.31:891][153]LogModuleManager: Shutting down and abandoning module NavigationSystem (367)
[2020.02.28-10.24.31:891][153]LogModuleManager: Shutting down and abandoning module WmfMediaFactory (364)
[2020.02.28-10.24.31:891][153]LogModuleManager: Shutting down and abandoning module WebMMediaFactory (362)
[2020.02.28-10.24.31:891][153]LogModuleManager: Shutting down and abandoning module WebMMedia (360)
[2020.02.28-10.24.31:891][153]LogModuleManager: Shutting down and abandoning module OpenExrWrapper (358)
[2020.02.28-10.24.31:891][153]LogModuleManager: Shutting down and abandoning module ImgMediaFactory (356)
[2020.02.28-10.24.31:891][153]LogModuleManager: Shutting down and abandoning module AvfMediaFactory (354)
[2020.02.28-10.24.31:891][153]LogModuleManager: Shutting down and abandoning module MagicLeapCameraPreviewFactory (352)
[2020.02.28-10.24.31:891][153]LogModuleManager: Shutting down and abandoning module MagicLeapMediaFactory (350)
[2020.02.28-10.24.31:891][153]LogModuleManager: Shutting down and abandoning module CharacterAI (348)
[2020.02.28-10.24.31:891][153]LogModuleManager: Shutting down and abandoning module SessionServices (346)
[2020.02.28-10.24.31:891][153]LogModuleManager: Shutting down and abandoning module MovieSceneCapture (344)
[2020.02.28-10.24.31:891][153]LogModuleManager: Shutting down and abandoning module MovieSceneTracks (342)
[2020.02.28-10.24.31:891][153]LogModuleManager: Shutting down and abandoning module MovieScene (340)
[2020.02.28-10.24.31:891][153]LogModuleManager: Shutting down and abandoning module StreamingPauseRendering (338)
[2020.02.28-10.24.31:891][153]LogModuleManager: Shutting down and abandoning module PortalServices (336)
[2020.02.28-10.24.31:891][153]LogModuleManager: Shutting down and abandoning module PortalRpc (334)
[2020.02.28-10.24.31:891][153]LogModuleManager: Shutting down and abandoning module MessagingRpc (332)
[2020.02.28-10.24.31:891][153]LogModuleManager: Shutting down and abandoning module ImageWriteQueue (330)
[2020.02.28-10.24.31:892][153]LogModuleManager: Shutting down and abandoning module ProfilerService (328)
[2020.02.28-10.24.31:928][153]LogModuleManager: Shutting down and abandoning module TaskGraph (326)
[2020.02.28-10.24.31:928][153]LogModuleManager: Shutting down and abandoning module SteamVRController (324)
[2020.02.28-10.24.31:928][153]LogModuleManager: Shutting down and abandoning module ProceduralMeshComponent (322)
[2020.02.28-10.24.31:928][153]LogModuleManager: Shutting down and abandoning module OculusInput (320)
[2020.02.28-10.24.31:928][153]LogModuleManager: Shutting down and abandoning module MobilePatchingUtils (318)
[2020.02.28-10.24.31:928][153]LogModuleManager: Shutting down and abandoning module EditableMesh (316)
[2020.02.28-10.24.31:928][153]LogModuleManager: Shutting down and abandoning module CustomMeshComponent (314)
[2020.02.28-10.24.31:928][153]LogModuleManager: Shutting down and abandoning module CableComponent (312)
[2020.02.28-10.24.31:928][153]LogModuleManager: Shutting down and abandoning module AudioCapture (310)
[2020.02.28-10.24.31:928][153]LogModuleManager: Shutting down and abandoning module ArchVisCharacter (308)
[2020.02.28-10.24.31:928][153]LogModuleManager: Shutting down and abandoning module AndroidPermission (306)
[2020.02.28-10.24.31:928][153]LogModuleManager: Shutting down and abandoning module NUTUnrealEngine4 (304)
[2020.02.28-10.24.31:928][153]LogModuleManager: Shutting down and abandoning module NetcodeUnitTest (302)
[2020.02.28-10.24.31:928][153]LogModuleManager: Shutting down and abandoning module MediaCompositing (300)
[2020.02.28-10.24.31:928][153]LogModuleManager: Shutting down and abandoning module LinearTimecode (298)
[2020.02.28-10.24.31:928][153]LogModuleManager: Shutting down and abandoning module ImgMedia (296)
[2020.02.28-10.24.31:929][153]LogModuleManager: Shutting down and abandoning module HTML5Networking (294)
[2020.02.28-10.24.31:929][153]LogModuleManager: Shutting down and abandoning module GeometryCacheTracks (292)
[2020.02.28-10.24.31:929][153]LogModuleManager: Shutting down and abandoning module GeometryCacheSequencer (291)
[2020.02.28-10.24.31:929][153]LogModuleManager: Shutting down and abandoning module GeometryCache (288)
[2020.02.28-10.24.31:929][153]LogModuleManager: Shutting down and abandoning module GeometryCacheEd (287)
[2020.02.28-10.24.31:929][153]LogModuleManager: Shutting down and abandoning module BackChannel (284)
[2020.02.28-10.24.31:929][153]LogModuleManager: Shutting down and abandoning module AppleVision (282)
[2020.02.28-10.24.31:929][153]LogModuleManager: Shutting down and abandoning module AppleImageUtilsBlueprintSupport (280)
[2020.02.28-10.24.31:929][153]LogModuleManager: Shutting down and abandoning module AppleImageUtils (278)
[2020.02.28-10.24.31:929][153]LogModuleManager: Shutting down and abandoning module VariantManagerContent (276)
[2020.02.28-10.24.31:929][153]LogModuleManager: Shutting down and abandoning module CryptoKeysOpenSSL (274)
[2020.02.28-10.24.31:929][153]LogModuleManager: Shutting down and abandoning module CryptoKeys (272)
[2020.02.28-10.24.31:930][153]LogModuleManager: Shutting down and abandoning module VisualStudioSourceCodeAccess (270)
[2020.02.28-10.24.31:930][153]LogModuleManager: Shutting down and abandoning module HotReload (269)
[2020.02.28-10.24.31:930][153]LogModuleManager: Shutting down and abandoning module DirectoryWatcher (268)
[2020.02.28-10.24.31:930][153]LogModuleManager: Shutting down and abandoning module VisualStudioCodeSourceCodeAccess (264)
[2020.02.28-10.24.31:930][153]LogModuleManager: Shutting down and abandoning module UObjectPlugin (262)
[2020.02.28-10.24.31:930][153]LogModuleManager: Shutting down and abandoning module SubversionSourceControl (260)
[2020.02.28-10.24.31:930][153]LogModuleManager: Shutting down and abandoning module PerforceSourceControl (258)
[2020.02.28-10.24.31:930][153]LogModuleManager: Shutting down and abandoning module SourceControl (257)
[2020.02.28-10.24.31:930][153]LogModuleManager: Shutting down and abandoning module CLionSourceCodeAccess (254)
[2020.02.28-10.24.31:930][153]LogModuleManager: Shutting down and abandoning module ActorLayerUtilities (252)
[2020.02.28-10.24.31:930][153]LogModuleManager: Shutting down and abandoning module RuntimePhysXCooking (250)
[2020.02.28-10.24.31:930][153]LogModuleManager: Shutting down and abandoning module PhysXVehiclesEditor (248)
[2020.02.28-10.24.31:930][153]LogModuleManager: Shutting down and abandoning module PhysXVehicles (246)
[2020.02.28-10.24.31:930][153]LogModuleManager: Shutting down and abandoning module LocationServicesBPLibrary (244)
[2020.02.28-10.24.31:930][153]LogModuleManager: Shutting down and abandoning module ActorSequence (242)
[2020.02.28-10.24.31:930][153]LogModuleManager: Shutting down and abandoning module UdpMessaging (240)
[2020.02.28-10.24.32:031][153]LogModuleManager: Shutting down and abandoning module TcpMessaging (238)
[2020.02.28-10.24.32:792][153]LogModuleManager: Shutting down and abandoning module MagicLeapAudio (236)
[2020.02.28-10.24.32:792][153]LogModuleManager: Shutting down and abandoning module GameplayTagsEditor (234)
[2020.02.28-10.24.32:792][153]LogModuleManager: Shutting down and abandoning module FacialAnimation (232)
[2020.02.28-10.24.32:792][153]LogModuleManager: Shutting down and abandoning module DataValidation (230)
[2020.02.28-10.24.32:792][153]LogModuleManager: Shutting down and abandoning module AssetManagerEditor (228)
[2020.02.28-10.24.32:792][153]LogModuleManager: Shutting down and abandoning module TreeMap (227)
[2020.02.28-10.24.32:792][153]LogModuleManager: Shutting down and abandoning module LightPropagationVolumeRuntime (224)
[2020.02.28-10.24.32:792][153]LogModuleManager: Shutting down and abandoning module AISupportModule (222)
[2020.02.28-10.24.32:792][153]LogModuleManager: Shutting down and abandoning module Paper2D (220)
[2020.02.28-10.24.32:792][153]LogModuleManager: Shutting down and abandoning module WindowsMoviePlayer (218)
[2020.02.28-10.24.32:792][153]LogModuleManager: Shutting down and abandoning module WebMMoviePlayer (216)
[2020.02.28-10.24.32:792][153]LogModuleManager: Shutting down and abandoning module WmfMedia (214)
[2020.02.28-10.24.32:793][153]LogModuleManager: Shutting down and abandoning module Media (213)
[2020.02.28-10.24.32:799][153]LogModuleManager: Shutting down and abandoning module PacketHandler (210)
[2020.02.28-10.24.32:799][153]LogModuleManager: Shutting down and abandoning module ClothingSystemEditor (208)
[2020.02.28-10.24.32:799][153]LogModuleManager: Shutting down and abandoning module ClothingSystemRuntime (206)
[2020.02.28-10.24.32:799][153]LogModuleManager: Shutting down and abandoning module MediaAssets (204)
[2020.02.28-10.24.32:799][153]LogModuleManager: Shutting down and abandoning module Overlay (202)
[2020.02.28-10.24.32:799][153]LogModuleManager: Shutting down and abandoning module OverlayEditor (201)
[2020.02.28-10.24.32:799][153]LogModuleManager: Shutting down and abandoning module VREditor (198)
[2020.02.28-10.24.32:799][153]LogModuleManager: Shutting down and abandoning module StringTableEditor (196)
[2020.02.28-10.24.32:799][153]LogModuleManager: Shutting down and abandoning module GameplayTasksEditor (194)
[2020.02.28-10.24.32:799][153]LogModuleManager: Shutting down and abandoning module BehaviorTreeEditor (192)
[2020.02.28-10.24.32:799][153]LogModuleManager: Shutting down and abandoning module FunctionalTesting (190)
[2020.02.28-10.24.32:799][153]LogModuleManager: Shutting down and abandoning module CollisionAnalyzer (188)
[2020.02.28-10.24.32:799][153]LogModuleManager: Shutting down and abandoning module WorkspaceMenuStructure (187)
[2020.02.28-10.24.32:799][153]LogModuleManager: Shutting down and abandoning module UMG (184)
[2020.02.28-10.24.32:799][153]LogModuleManager: Shutting down and abandoning module UMGEditor (183)
[2020.02.28-10.24.32:799][153]LogModuleManager: Shutting down and abandoning module Sequencer (182)
[2020.02.28-10.24.32:799][153]LogModuleManager: Shutting down and abandoning module MessageLog (179)
[2020.02.28-10.24.32:799][153]LogModuleManager: Shutting down and abandoning module SlateReflector (174)
[2020.02.28-10.24.32:799][153]LogModuleManager: Shutting down and abandoning module Slate (172)
[2020.02.28-10.24.32:799][153]LogModuleManager: Shutting down and abandoning module EditorStyle (170)
[2020.02.28-10.24.32:800][153]LogModuleManager: Shutting down and abandoning module MRMesh (168)
[2020.02.28-10.24.32:800][153]LogModuleManager: Shutting down and abandoning module Messaging (166)
[2020.02.28-10.24.32:800][153]LogModuleManager: Shutting down and abandoning module SourceCodeAccess (164)
[2020.02.28-10.24.32:800][153]LogModuleManager: Shutting down and abandoning module HeadMountedDisplay (162)
[2020.02.28-10.24.32:800][153]LogModuleManager: Shutting down and abandoning module XAudio2 (160)
[2020.02.28-10.24.32:800][153]LogModuleManager: Shutting down and abandoning module Networking (158)
[2020.02.28-10.24.32:800][153]LogModuleManager: Shutting down and abandoning module Core (156)
[2020.02.28-10.24.32:800][153]LogModuleManager: Shutting down and abandoning module LevelSequence (154)
[2020.02.28-10.24.32:800][153]LogModuleManager: Shutting down and abandoning module KismetCompiler (152)
[2020.02.28-10.24.32:800][153]LogModuleManager: Shutting down and abandoning module MeshUtilities (150)
[2020.02.28-10.24.32:800][153]LogModuleManager: Shutting down and abandoning module MeshMergeUtilities (149)
[2020.02.28-10.24.32:800][153]LogModuleManager: Shutting down and abandoning module MeshReductionInterface (148)
[2020.02.28-10.24.32:800][153]LogModuleManager: Shutting down and abandoning module SimplygonSwarm (147)
[2020.02.28-10.24.32:800][153]LogModuleManager: Shutting down and abandoning module ProxyLODMeshReduction (145)
[2020.02.28-10.24.32:800][153]LogModuleManager: Shutting down and abandoning module SimplygonMeshReduction (143)
[2020.02.28-10.24.32:800][153]LogModuleManager: Shutting down and abandoning module QuadricMeshReduction (141)
[2020.02.28-10.24.32:800][153]LogModuleManager: Shutting down and abandoning module MaterialBaking (137)
[2020.02.28-10.24.32:800][153]LogModuleManager: Shutting down and abandoning module PIEPreviewDeviceProfileSelector (132)
[2020.02.28-10.24.32:800][153]LogModuleManager: Shutting down and abandoning module DerivedDataCache (130)
[2020.02.28-10.24.33:208][153]LogDerivedDataCache: Shutdown
[2020.02.28-10.24.33:208][153]LogModuleManager: Shutting down and abandoning module XGEController (128)
[2020.02.28-10.24.33:208][153]LogModuleManager: Shutting down and abandoning module TargetPlatform (126)
[2020.02.28-10.24.33:208][153]LogModuleManager: Shutting down and abandoning module VulkanShaderFormat (125)
[2020.02.28-10.24.33:208][153]LogModuleManager: Shutting down and abandoning module ShaderFormatVectorVM (123)
[2020.02.28-10.24.33:208][153]LogModuleManager: Shutting down and abandoning module ShaderFormatOpenGL (121)
[2020.02.28-10.24.33:208][153]LogModuleManager: Shutting down and abandoning module ShaderFormatD3D (119)
[2020.02.28-10.24.33:208][153]LogModuleManager: Shutting down and abandoning module MetalShaderFormat (117)
[2020.02.28-10.24.33:208][153]LogModuleManager: Shutting down and abandoning module TextureFormatUncompressed (115)
[2020.02.28-10.24.33:208][153]LogModuleManager: Shutting down and abandoning module TextureFormatPVR (113)
[2020.02.28-10.24.33:208][153]LogModuleManager: Shutting down and abandoning module TextureFormatDXT (111)
[2020.02.28-10.24.33:208][153]LogModuleManager: Shutting down and abandoning module TextureFormatIntelISPCTexComp (109)
[2020.02.28-10.24.33:208][153]LogModuleManager: Shutting down and abandoning module TextureFormatASTC (107)
[2020.02.28-10.24.33:208][153]LogModuleManager: Shutting down and abandoning module ImageWrapper (106)
[2020.02.28-10.24.33:208][153]LogModuleManager: Shutting down and abandoning module TextureFormatAndroid (103)
[2020.02.28-10.24.33:208][153]LogModuleManager: Shutting down and abandoning module AudioFormatOpus (101)
[2020.02.28-10.24.33:208][153]LogModuleManager: Shutting down and abandoning module AudioFormatOgg (99)
[2020.02.28-10.24.33:208][153]LogModuleManager: Shutting down and abandoning module AudioFormatADPCM (97)
[2020.02.28-10.24.33:208][153]LogModuleManager: Shutting down and abandoning module WindowsTargetPlatform (95)
[2020.02.28-10.24.33:208][153]LogModuleManager: Shutting down and abandoning module WindowsServerTargetPlatform (93)
[2020.02.28-10.24.33:208][153]LogModuleManager: Shutting down and abandoning module WindowsNoEditorTargetPlatform (91)
[2020.02.28-10.24.33:208][153]LogModuleManager: Shutting down and abandoning module WindowsClientTargetPlatform (89)
[2020.02.28-10.24.33:208][153]LogModuleManager: Shutting down and abandoning module InputCore (86)
[2020.02.28-10.24.33:208][153]LogModuleManager: Shutting down and abandoning module Settings (84)
[2020.02.28-10.24.33:208][153]LogModuleManager: Shutting down and abandoning module PhysXCooking (82)
[2020.02.28-10.24.33:208][153]LogModuleManager: Shutting down and abandoning module SteamVR (80)
[2020.02.28-10.24.33:208][153]LogHMD: Freeing OpenVRDLLHandle.
[2020.02.28-10.24.33:208][153]LogModuleManager: Shutting down and abandoning module OculusHMD (78)
[2020.02.28-10.24.33:208][153]LogModuleManager: Shutting down and abandoning module ExampleDeviceProfileSelector (76)
[2020.02.28-10.24.33:208][153]LogModuleManager: Shutting down and abandoning module LauncherChunkInstaller (74)
[2020.02.28-10.24.33:208][153]LogModuleManager: Shutting down and abandoning module OnlineBlueprintSupport (72)
[2020.02.28-10.24.33:208][153]LogModuleManager: Shutting down and abandoning module OnlineSubsystem (68)
[2020.02.28-10.24.33:209][153]LogModuleManager: Shutting down and abandoning module XMPP (63)
[2020.02.28-10.24.33:209][153]LogModuleManager: Shutting down and abandoning module WebSockets (62)
[2020.02.28-10.24.33:225][153]LogModuleManager: Shutting down and abandoning module HTTP (59)
[2020.02.28-10.24.33:255][153]LogModuleManager: Shutting down and abandoning module SSL (58)
[2020.02.28-10.24.33:256][153]LogModuleManager: Shutting down and abandoning module MagicLeapIdentity (54)
[2020.02.28-10.24.33:256][153]LogModuleManager: Shutting down and abandoning module MagicLeapHelperVulkan (52)
[2020.02.28-10.24.33:256][153]LogModuleManager: Shutting down and abandoning module MagicLeapHelperOpenGL (50)
[2020.02.28-10.24.33:256][153]LogModuleManager: Shutting down and abandoning module MagicLeapSecureStorage (48)
[2020.02.28-10.24.33:256][153]LogModuleManager: Shutting down and abandoning module MagicLeapHandTracking (46)
[2020.02.28-10.24.33:256][153]LogModuleManager: Shutting down and abandoning module MagicLeapEyeTracker (44)
[2020.02.28-10.24.33:256][153]LogModuleManager: Shutting down and abandoning module MagicLeapController (42)
[2020.02.28-10.24.33:256][153]LogSlate: Slate User Destroyed.  User Index 0, Is Virtual User: 0
[2020.02.28-10.24.33:256][153]LogModuleManager: Shutting down and abandoning module MagicLeap (40)
[2020.02.28-10.24.33:256][153]LogModuleManager: Shutting down and abandoning module DatasmithContent (38)
[2020.02.28-10.24.33:256][153]LogModuleManager: Shutting down and abandoning module AnimationModifiers (36)
[2020.02.28-10.24.33:256][153]LogModuleManager: Shutting down and abandoning module PropertyEditor (35)
[2020.02.28-10.24.33:257][153]LogModuleManager: Shutting down and abandoning module AudioEditor (32)
[2020.02.28-10.24.33:257][153]LogModuleManager: Shutting down and abandoning module TextureCompressor (30)
[2020.02.28-10.24.33:257][153]LogModuleManager: Shutting down and abandoning module ShaderCore (28)
[2020.02.28-10.24.33:257][153]LogModuleManager: Shutting down and abandoning module Landscape (26)
[2020.02.28-10.24.33:257][153]LogModuleManager: Shutting down and abandoning module SlateRHIRenderer (24)
[2020.02.28-10.24.33:257][153]LogModuleManager: Shutting down and abandoning module OpenGLDrv (22)
[2020.02.28-10.24.33:257][153]LogModuleManager: Shutting down and abandoning module D3D11RHI (20)
[2020.02.28-10.24.33:257][153]LogModuleManager: Shutting down and abandoning module AnimGraphRuntime (18)
[2020.02.28-10.24.33:257][153]LogModuleManager: Shutting down and abandoning module Renderer (16)
[2020.02.28-10.24.33:257][153]LogModuleManager: Shutting down and abandoning module Engine (14)
[2020.02.28-10.24.33:257][153]LogModuleManager: Shutting down and abandoning module CoreUObject (12)
[2020.02.28-10.24.33:257][153]LogModuleManager: Shutting down and abandoning module NetworkFile (10)
[2020.02.28-10.24.33:257][153]LogModuleManager: Shutting down and abandoning module CookedIterativeFile (8)
[2020.02.28-10.24.33:257][153]LogModuleManager: Shutting down and abandoning module StreamingFile (6)
[2020.02.28-10.24.33:257][153]LogModuleManager: Shutting down and abandoning module SandboxFile (4)
[2020.02.28-10.24.33:257][153]LogModuleManager: Shutting down and abandoning module PakFile (2)
[2020.02.28-10.24.33:260][153]LogExit: Exiting.
[2020.02.28-10.24.33:264][153]Log file closed, 02/28/20 10:24:33
